[2016.05.08-07.01.06:174][  0]Log file open, 05/08/16 16:01:06
[2016.05.08-07.01.06:174][  0]LogInit:Display: Running engine for game: Cube
[2016.05.08-07.01.06:174][  0]LogPlatformFile: Not using cached read wrapper
[2016.05.08-07.01.06:174][  0]LogInit:Display: RandInit(411711327) SRandInit(411711328).
[2016.05.08-07.01.06:174][  0]LogTaskGraph: Started task graph with 4 named threads and 7 total threads.
[2016.05.08-07.01.06:174][  0]LogStats: Stats thread started at 0.076886
[2016.05.08-07.01.06:174][  0]LogInit: Version: 4.10.4-2872498+++depot+UE4-Releases+4.10
[2016.05.08-07.01.06:174][  0]LogInit: API Version: 2758231
[2016.05.08-07.01.06:174][  0]LogInit: Compiled (64-bit): Feb 18 2016 15:47:04
[2016.05.08-07.01.06:174][  0]LogInit: Compiled with Visual C++: 19.00.23026.00
[2016.05.08-07.01.06:174][  0]LogInit: Build Configuration: Development
[2016.05.08-07.01.06:174][  0]LogInit: Branch Name: ++depot+UE4-Releases+4.10
[2016.05.08-07.01.06:174][  0]LogInit: Command line: -EpicPortal 
[2016.05.08-07.01.06:174][  0]LogInit: Base directory: D:/unreal/Epic Games/4.10/Engine/Binaries/Win64/
[2016.05.08-07.01.06:174][  0]LogInit: Rocket: 1
[2016.05.08-07.01.06:181][  0]LogInit: Using libcurl 7.41.0
[2016.05.08-07.01.06:181][  0]LogInit:  - built for x86_64-pc-win32
[2016.05.08-07.01.06:181][  0]LogInit:  - supports SSL with WinSSL
[2016.05.08-07.01.06:181][  0]LogInit:  - other features:
[2016.05.08-07.01.06:181][  0]LogInit:      CURL_VERSION_SSL
[2016.05.08-07.01.06:181][  0]LogInit:      CURL_VERSION_IPV6
[2016.05.08-07.01.06:181][  0]LogInit:      CURL_VERSION_ASYNCHDNS
[2016.05.08-07.01.06:181][  0]LogInit:      CURL_VERSION_LARGEFILE
[2016.05.08-07.01.06:181][  0]LogInit:      CURL_VERSION_IDN
[2016.05.08-07.01.06:181][  0]LogInit:  CurlRequestOptions (configurable via config and command line):
[2016.05.08-07.01.06:181][  0]LogInit:  - bVerifyPeer = true  - Libcurl will verify peer certificate
[2016.05.08-07.01.06:181][  0]LogInit:  - bUseHttpProxy = false  - Libcurl will NOT use HTTP proxy
[2016.05.08-07.01.06:181][  0]LogInit:  - bDontReuseConnections = false  - Libcurl will reuse connections
[2016.05.08-07.01.06:181][  0]LogInit:  - CertBundlePath = nullptr  - Libcurl will use whatever was configured at build time.
[2016.05.08-07.01.06:188][  0]LogInit: Presizing for 0 objects not considered by GC, pre-allocating 0 bytes.
[2016.05.08-07.01.06:193][  0]LogInit: Object subsystem initialized
[2016.05.08-07.01.06:198][  0]LogInit: Selected Device Profile: [Windows]
[2016.05.08-07.01.06:198][  0]LogInit: Applying CVar settings loaded from the selected device profile: [Windows]
[2016.05.08-07.01.06:205][  0]LogInit: Computer: OWNER-PC
[2016.05.08-07.01.06:205][  0]LogInit: User: Owner
[2016.05.08-07.01.06:205][  0]LogInit: CPU Page size=4096, Cores=4
[2016.05.08-07.01.06:205][  0]LogInit: High frequency timer resolution =3.417978 MHz
[2016.05.08-07.01.06:205][  0]LogMemory: Memory total: Physical=15.9GB (16GB approx)
[2016.05.08-07.01.06:205][  0]LogMemory: Platform Memory Stats for Windows
[2016.05.08-07.01.06:205][  0]LogMemory: Process Physical Memory: 57.01 MB used, 57.01 MB peak
[2016.05.08-07.01.06:205][  0]LogMemory: Process Virtual Memory: 54.82 MB used, 54.82 MB peak
[2016.05.08-07.01.06:205][  0]LogMemory: Physical Memory: 4391.91 MB used, 16312.00 MB total
[2016.05.08-07.01.06:205][  0]LogMemory: Virtual Memory: 383.42 MB used, 134217728.00 MB total
[2016.05.08-07.01.06:241][  0]LogTextLocalizationManager: No specific translations for ('ko-KR') exist, so ('ko') translations will be used.
[2016.05.08-07.01.06:270][  0]LogTextLocalizationManager:Warning: Loaded localization resources contain conflicting entries for (Namespace:UObjectToolTips, Key:AnimNode_AssetPlayerBase:InternalTimeAccumulator):
Localization Resource: (D:/unreal/Epic Games/4.10/Engine/Content/Localization/EditorTutorials/ko/EditorTutorials.locres) Source String Hash: (502993589) Localized String: (이 노드에서 애셋을 레퍼런싱하는 데 사용되는 누적 시간입니다.)
Localization Resource: (D:/unreal/Epic Games/4.10/Engine/Content/Localization/Engine/ko/Engine.locres) Source String Hash: (502993589) Localized String: (이 노드에서 애셋을 레퍼런싱하는 데 사용된 누적 시간입니다.)
[2016.05.08-07.01.06:271][  0]LogTextLocalizationManager:Warning: Loaded localization resources contain conflicting entries for (Namespace:UObjectToolTips, Key:AnimNode_AssetPlayerBase:bIgnoreForRelevancyTest):
Localization Resource: (D:/unreal/Epic Games/4.10/Engine/Content/Localization/EditorTutorials/ko/EditorTutorials.locres) Source String Hash: (319969718) Localized String: (True 면, 스테이트에서 최고 가중치 애니메이션을 찾는 "Relevant anim" 노드는 이 노드를 무시합니다.
 )
Localization Resource: (D:/unreal/Epic Games/4.10/Engine/Content/Localization/Engine/ko/Engine.locres) Source String Hash: (319969718) Localized String: (True 면 스테이트 내 최고 웨이팅된 애니메이션을 찾는 "Relevant anim" 노드가 무시됩니다.
 )
[2016.05.08-07.01.06:271][  0]LogTextLocalizationManager:Warning: Loaded localization resources contain conflicting entries for (Namespace:UObjectToolTips, Key:AnimNode_AssetPlayerBase:BlendWeight):
Localization Resource: (D:/unreal/Epic Games/4.10/Engine/Content/Localization/EditorTutorials/ko/EditorTutorials.locres) Source String Hash: (-1232800293) Localized String: (이 노드에 마지막 걸린 블렌드웨이트 입니다.)
Localization Resource: (D:/unreal/Epic Games/4.10/Engine/Content/Localization/Engine/ko/Engine.locres) Source String Hash: (-1232800293) Localized String: (이 노드에 대해 마지막 접한 블렌드 웨이트)
[2016.05.08-07.01.06:402][  0]LogD3D11RHI: Found D3D11 adapter 0: NVIDIA GeForce GTX 960 (Feature Level 11_0)
[2016.05.08-07.01.06:402][  0]LogD3D11RHI: Adapter has 1969MB of dedicated video memory, 0MB of dedicated system memory, and 8155MB of shared system memory, 2 output[s]
[2016.05.08-07.01.06:404][  0]LogD3D11RHI: Found D3D11 adapter 1: Microsoft Basic Render Driver (Feature Level 11_0)
[2016.05.08-07.01.06:404][  0]LogD3D11RHI: Adapter has 0MB of dedicated video memory, 0MB of dedicated system memory, and 8155MB of shared system memory, 0 output[s]
[2016.05.08-07.01.06:404][  0]LogD3D11RHI: Chosen D3D11 Adapter Id = 0
[2016.05.08-07.01.06:407][  0]LogD3D11RHI: !Direct3DDevice
[2016.05.08-07.01.06:407][  0]LogRHI: Texture pool is 1361 MB (70% of 1945 MB)
[2016.05.08-07.01.06:421][  0]LogD3D11RHI: Async texture creation enabled
[2016.05.08-07.01.06:437][  0]LogShaderCompilers: Guid format shader working directory is 0 characters bigger than the processId version (../../../../../../Programming/unreal/Cube/Cube/Intermediate/Shaders/WorkingDirectory/7252/).
[2016.05.08-07.01.06:437][  0]LogShaderCompilers: Cleaned the shader compiler working directory 'C:/Users/Owner/AppData/Local/Temp/UnrealShaderWorkingDir/D108188D4F80A70019C0779939210DDD/'.
[2016.05.08-07.01.06:437][  0]LogShaderCompilers:Display: Using Local Shader Compiler.
[2016.05.08-07.01.07:147][  0]LogTemp:Display: Loaded TP AllDesktopTargetPlatform
[2016.05.08-07.01.07:151][  0]LogTemp:Display: Loaded TP WindowsClientTargetPlatform
[2016.05.08-07.01.07:155][  0]LogTemp:Display: Loaded TP WindowsNoEditorTargetPlatform
[2016.05.08-07.01.07:159][  0]LogTemp:Display: Loaded TP WindowsServerTargetPlatform
[2016.05.08-07.01.07:164][  0]LogTemp:Display: Loaded TP WindowsTargetPlatform
[2016.05.08-07.01.07:167][  0]LogTemp:Display: Loaded TP AndroidTargetPlatform
[2016.05.08-07.01.07:170][  0]LogTemp:Display: Loaded TP Android_ASTCTargetPlatform
[2016.05.08-07.01.07:173][  0]LogTemp:Display: Loaded TP Android_ATCTargetPlatform
[2016.05.08-07.01.07:175][  0]LogTemp:Display: Loaded TP Android_DXTTargetPlatform
[2016.05.08-07.01.07:180][  0]LogTemp:Display: Loaded TP Android_ETC1TargetPlatform
[2016.05.08-07.01.07:184][  0]LogTemp:Display: Loaded TP Android_ETC2TargetPlatform
[2016.05.08-07.01.07:191][  0]LogTemp:Display: Loaded TP Android_MultiTargetPlatform
[2016.05.08-07.01.07:191][  0]LogTemp:Display: Loaded TP Android_PVRTCTargetPlatform
[2016.05.08-07.01.07:192][  0]LogTemp:Display: Loaded TP HTML5TargetPlatform
[2016.05.08-07.01.07:209][  0]LogTemp:Display: Loaded TP IOSTargetPlatform
[2016.05.08-07.01.07:211][  0]LogTemp:Display: Loaded TP LinuxNoEditorTargetPlatform
[2016.05.08-07.01.07:213][  0]LogTemp:Display: Loaded TP LinuxServerTargetPlatform
[2016.05.08-07.01.07:216][  0]LogTemp:Display: Loaded TP LinuxTargetPlatform
[2016.05.08-07.01.07:216][  0]LogTargetPlatformManager:Display: Building Assets For Windows
[2016.05.08-07.01.07:295][  0]LogDerivedDataCache:Display: Max Cache Size: 512 MB
[2016.05.08-07.01.07:333][  0]LogDerivedDataCache: Loaded boot cache 0.04s 41MB C:/Users/Owner/AppData/Local/UnrealEngine/4.10/DerivedDataCache/Boot.ddc.
[2016.05.08-07.01.07:333][  0]LogDerivedDataCache:Display: Loaded Boot cache: C:/Users/Owner/AppData/Local/UnrealEngine/4.10/DerivedDataCache/Boot.ddc
[2016.05.08-07.01.07:333][  0]LogDerivedDataCache: FDerivedDataBackendGraph:  Pak pak cache file ../../../../../../Programming/unreal/Cube/Cube/DerivedDataCache/DDC.ddp not found, will not use a pak cache.
[2016.05.08-07.01.07:333][  0]LogDerivedDataCache: Unable to find inner node Pak for hierarchical cache Hierarchy.
[2016.05.08-07.01.07:333][  0]LogDerivedDataCache: FDerivedDataBackendGraph:  CompressedPak pak cache file ../../../../../../Programming/unreal/Cube/Cube/DerivedDataCache/Compressed.ddp not found, will not use a pak cache.
[2016.05.08-07.01.07:333][  0]LogDerivedDataCache: Unable to find inner node CompressedPak for hierarchical cache Hierarchy.
[2016.05.08-07.01.07:382][  0]LogDerivedDataCache:Display: Pak cache opened for reading ../../../Engine/DerivedDataCache/Compressed.ddp.
[2016.05.08-07.01.07:394][  0]LogDerivedDataCache: Using Local data cache path C:/Users/Owner/AppData/Local/UnrealEngine/Common/DerivedDataCache: Writable
[2016.05.08-07.01.07:553][  0]LogInit: Selected Device Profile: [Windows]
[2016.05.08-07.01.07:555][  0]LogContentStreaming: Texture pool size is 0.000000MB
[2016.05.08-07.01.07:647][  0]LogMeshUtilities: No automatic mesh reduction module available
[2016.05.08-07.01.07:647][  0]LogMeshUtilities: No automatic mesh merging module available
[2016.05.08-07.01.07:828][  0]LogInit: WinSock: version 1.1 (2.2), MaxSocks=32767, MaxUdp=65467
[2016.05.08-07.01.08:675][  0]UdpMessaging: Initializing bridge on interface 0.0.0.0:0 to multicast group 230.0.0.1:6666.
[2016.05.08-07.01.08:785][  0]LogAssetRegistry: FAssetRegistry took 0.0110 seconds to start up
[2016.05.08-07.01.08:932][  0]SourceControl: 정보 소스 콘트롤이 꺼졌습니다.
[2016.05.08-07.01.08:996][  0]SourceControl: 정보 소스 콘트롤이 꺼졌습니다.
[2016.05.08-07.01.09:008][  0]SourceControl: 정보 소스 콘트롤이 꺼졌습니다.
[2016.05.08-07.01.09:020][  0]SourceControl: 정보 소스 콘트롤이 꺼졌습니다.
[2016.05.08-07.01.09:279][  0]LogObj: 28633 objects as part of root set at end of initial load.
[2016.05.08-07.01.09:279][  0]LogUObjectAllocator: 6099744 out of 0 bytes used by permanent object pool.
[2016.05.08-07.01.09:329][  0]LogEngine: Initializing Engine...
[2016.05.08-07.01.09:331][  0]LogHMD: Can't find Oculus library dev build: is proper Runtime installed? Version: 0.8.0.0
[2016.05.08-07.01.09:332][  0]LogHMD: SteamVR failed to initialize.  Err: 110
[2016.05.08-07.01.09:445][  0]LogAIModule: Creating AISystem for world NewWorld
[2016.05.08-07.01.09:464][  0]LogInit: XAudio2 using '스피커(Realtek High Definition Audio)' : 2 channels at 48 kHz using 32 bits per sample (channel mask 0x3)
[2016.05.08-07.01.09:489][  0]LogInit: FAudioDevice initialized.
[2016.05.08-07.01.09:520][  0]LogDerivedDataCache: Saved boot cache 0.03s 41MB C:/Users/Owner/AppData/Local/UnrealEngine/4.10/DerivedDataCache/Boot.ddc.
[2016.05.08-07.01.09:523][  0]LogInit: Texture streaming: Enabled
[2016.05.08-07.01.09:528][  0]LogAnalytics: Creating configured Analytics provider AnalyticsET
[2016.05.08-07.01.09:528][  0]LogAnalytics: [UEEditor.Rocket.Release] APIServer = http://et2.epicgames.com/ET2/. AppVersion = 4.10.4-2872498+++depot+UE4-Releases+4.10
[2016.05.08-07.01.09:529][  0]LogAnalytics: [UEEditor.Rocket.Release] SetUserId 21d340464f5a0e663c335289d3284d81|f297ec04e09247fdb6017b25a3c484a7|c92d2da9-0d10-4f3f-b7e0-0cf9e2054bd7
[2016.05.08-07.01.09:529][  0]LogAnalytics: [UEEditor.Rocket.Release] AnalyticsET::StartSession
[2016.05.08-07.01.09:537][  0]LogInit: Transaction tracking system initialized
[2016.05.08-07.01.09:566][  0]BlueprintLog: New page: 에디터 로드
[2016.05.08-07.01.09:867][  0]LocalizationService: 정보 현지화 서비스가 비활성화되었습니다.
[2016.05.08-07.01.10:019][  0]LogConsoleResponse:Display: 
[2016.05.08-07.01.10:119][  0]LogFileCache: Scanning file cache for directory 'D:/Programming/unreal/Cube/Cube/Content/' took 0.01s
[2016.05.08-07.01.10:119][  0]LogCook:Display: Done creating registry. It took  0.00s.
[2016.05.08-07.01.10:210][  0]SourceControl: 정보 소스 콘트롤이 꺼졌습니다.
[2016.05.08-07.01.10:210][  0]Cmd: MAP LOAD FILE="../../../Engine/Content/Maps/Templates/Template_Default.umap" TEMPLATE=1 SHOWPROGRESS=1 FEATURELEVEL=3
[2016.05.08-07.01.10:211][  0]LightingResults: New page: 라이팅 빌드
[2016.05.08-07.01.10:214][  0]MapCheck: New page: 맵 체크
[2016.05.08-07.01.10:214][  0]LightingResults: New page: 라이팅 빌드
[2016.05.08-07.01.10:224][  0]LogParticles: Destroying 0 GPU particle simulations for FXSystem 0x0000026C7564F420
[2016.05.08-07.01.10:761][  0]LogAIModule: Creating AISystem for world Untitled_1
[2016.05.08-07.01.10:766][  0]LogEditorServer: Finished looking for orphan Actors (0.000 secs)
[2016.05.08-07.01.10:770][  0]Cmd: MAP CHECKDEP NOCLEARLOG
[2016.05.08-07.01.10:825][  0]MapCheck: 정보 맵 체크 완료: 오류 0 회, 경고 0 회, 소요 시간 55.003ms.
[2016.05.08-07.01.10:825][  0]LogFileHelpers: Loading map 'Template_Default' took 0.615
[2016.05.08-07.01.10:933][  0]LogCollectionManager: Loaded 0 collections in 0.001626 seconds
[2016.05.08-07.01.10:976][  0]LogFileCache: Scanning file cache for directory 'D:/Programming/unreal/Cube/Cube/Saved/Collections/' took 0.01s
[2016.05.08-07.01.10:976][  0]LogFileCache: Scanning file cache for directory 'D:/Programming/unreal/Cube/Cube/Content/Developers/Owner/Collections/' took 0.01s
[2016.05.08-07.01.10:976][  0]LogFileCache: Scanning file cache for directory 'D:/Programming/unreal/Cube/Cube/Content/Collections/' took 0.01s
[2016.05.08-07.01.10:976][  0]LogCollectionManager: Rebuilt the GUID cache for 0 collections in 0.000001 seconds
[2016.05.08-07.01.10:982][  0]LogContentBrowser: Native class hierarchy populated in 0.0062 seconds. Added 1893 classes and 338 folders.
[2016.05.08-07.01.10:988][  0]LogContentBrowser: Native class hierarchy updated for 'WidgetCarousel' in 0.0003 seconds. Added 0 classes and 0 folders.
[2016.05.08-07.01.11:032][  0]LogContentBrowser: Native class hierarchy updated for 'AddContentDialog' in 0.0003 seconds. Added 0 classes and 0 folders.
[2016.05.08-07.01.11:036][  0]LogContentBrowser: Native class hierarchy updated for 'SceneOutliner' in 0.0003 seconds. Added 1 classes and 2 folders.
[2016.05.08-07.01.11:052][  0]LogCrashTracker: Crashtracker disabled due to settings.
[2016.05.08-07.01.11:056][  0]LogUObjectGlobals:Warning: 'Class 없음.' 오브젝트를 찾는 데 실패했습니다.
[2016.05.08-07.01.11:078][  0]LogLoad: Full Startup: 5.23 seconds (BP compile: 0.03 seconds)
[2016.05.08-07.01.11:092][  0]LogWindowsTextInputMethodSystem:Display: IME system now activated using TSF (Microsoft 입력기).
[2016.05.08-07.01.11:096][  0]LogOcInput: Can't find Oculus library dev build: is proper Runtime installed? Version: 0.8.0.0
[2016.05.08-07.01.11:382][  0]LogContentStreaming: Texture pool size now 1000 MB
[2016.05.08-07.01.11:501][  0]LogRenderer: Reallocating scene render targets to support 1208x568 (Frame:2).
[2016.05.08-07.01.12:933][148]LogAssetRegistry: Asset discovery search completed in 4.1593 seconds
[2016.05.08-07.01.12:933][148]LogCollectionManager: Rebuilt the object cache for 0 collections in 0.000001 seconds (found 0 objects)
[2016.05.08-07.01.12:933][148]LogCollectionManager: Fixed up redirectors for 0 collections in 0.000093 seconds (updated 0 objects)
[2016.05.08-07.04.23:659][760]LogEditorViewport: Clicking on Actor (LMB): StaticMeshActor (Floor)
[2016.05.08-07.04.26:778][ 96]LogEditorViewport: Clicking on Actor (LMB): StaticMeshActor (Floor)
[2016.05.08-07.04.26:853][104]Cmd: DELETE
[2016.05.08-07.04.26:853][104]Cmd: ACTOR DELETE
[2016.05.08-07.04.26:885][104]LogEditorActor: Deleted Actor: StaticMeshActor
[2016.05.08-07.04.26:900][104]LogEditorActor: Deleted 1 Actors (0.016 secs)
[2016.05.08-07.04.33:303][864]LogPlayLevel: PlayLevel: No blueprints needed recompiling
[2016.05.08-07.04.33:325][864]PIE: New page: PIE 세션: Untitled_1 (2016. 5. 9. 오전 1:04:33)
[2016.05.08-07.04.33:325][864]LogPlayLevel: Creating play world package: /Temp/UEDPIE_0_Untitled_1
[2016.05.08-07.04.33:337][864]LogPlayLevel: PIE: StaticDuplicateObject took: (0.012367s)
[2016.05.08-07.04.33:338][864]LogAIModule: Creating AISystem for world Untitled_1
[2016.05.08-07.04.33:338][864]LogPlayLevel: PIE: World Init took: (0.000617s)
[2016.05.08-07.04.33:338][864]LogPlayLevel: PIE: Created PIE world by copying editor world from /Temp/Untitled_1.Untitled_1 to /Temp/UEDPIE_0_Untitled_1.Untitled_1 (0.013598s)
[2016.05.08-07.04.33:360][864]LogInit: XAudio2 using '스피커(Realtek High Definition Audio)' : 2 channels at 48 kHz using 32 bits per sample (channel mask 0x3)
[2016.05.08-07.04.33:377][864]LogInit: FAudioDevice initialized.
[2016.05.08-07.04.33:460][864]LogWorld: Game class is 'GameMode'
[2016.05.08-07.04.33:481][864]LogWorld: Bringing World /Temp/UEDPIE_0_Untitled_1.Untitled_1 up for play (max tick rate 0) at 2016.05.08-16.04.33
[2016.05.08-07.04.33:481][864]LogActor:Warning: GameSession /Temp/UEDPIE_0_Untitled_1.Untitled_1:PersistentLevel.GameSession_0 has natively added scene component(s), but none of them were set as the actor's RootComponent - picking one arbitrarily
[2016.05.08-07.04.33:492][864]LogActor:Warning: GameNetworkManager /Temp/UEDPIE_0_Untitled_1.Untitled_1:PersistentLevel.GameNetworkManager_0 has natively added scene component(s), but none of them were set as the actor's RootComponent - picking one arbitrarily
[2016.05.08-07.04.33:492][864]LogWorld: Bringing up level for play took: 0.011979
[2016.05.08-07.04.33:528][864]PIE: 정보 /Temp/UEDPIE_0_Untitled_1 에 대한 에디터에서 플레이 시작 시간: -0.735
[2016.05.08-07.04.38:850][485]LogParticles: Destroying 0 GPU particle simulations for FXSystem 0x0000026C59B1C220
[2016.05.08-07.04.40:080][632]Cmd: TRANSACTION UNDO
[2016.05.08-07.04.40:080][632]LogEditorTransaction: Undo 액터 삭제
[2016.05.08-07.04.40:318][651]Cmd: TRANSACTION UNDO
[2016.05.08-07.04.40:318][651]LogEditorTransaction: Undo 액터 클릭
[2016.05.08-07.04.40:709][682]Cmd: TRANSACTION UNDO
[2016.05.08-07.04.40:709][682]LogEditorTransaction: Undo 액터 클릭
[2016.05.08-07.04.43:266][982]LogPlayLevel: PlayLevel: No blueprints needed recompiling
[2016.05.08-07.04.43:266][982]PIE: New page: PIE 세션: Untitled_1 (2016. 5. 9. 오전 1:04:43)
[2016.05.08-07.04.43:266][982]LogPlayLevel: Creating play world package: /Temp/UEDPIE_0_Untitled_1
[2016.05.08-07.04.43:268][982]LogPlayLevel: PIE: StaticDuplicateObject took: (0.001395s)
[2016.05.08-07.04.43:269][982]LogAIModule: Creating AISystem for world Untitled_1
[2016.05.08-07.04.43:269][982]LogPlayLevel: PIE: World Init took: (0.001244s)
[2016.05.08-07.04.43:269][982]LogPlayLevel: PIE: Created PIE world by copying editor world from /Temp/Untitled_1.Untitled_1 to /Temp/UEDPIE_0_Untitled_1.Untitled_1 (0.002839s)
[2016.05.08-07.04.43:291][982]LogInit: XAudio2 using '스피커(Realtek High Definition Audio)' : 2 channels at 48 kHz using 32 bits per sample (channel mask 0x3)
[2016.05.08-07.04.43:308][982]LogInit: FAudioDevice initialized.
[2016.05.08-07.04.43:339][982]LogWorld: Game class is 'GameMode'
[2016.05.08-07.04.43:342][982]LogWorld: Bringing World /Temp/UEDPIE_0_Untitled_1.Untitled_1 up for play (max tick rate 0) at 2016.05.08-16.04.43
[2016.05.08-07.04.43:342][982]LogActor:Warning: GameSession /Temp/UEDPIE_0_Untitled_1.Untitled_1:PersistentLevel.GameSession_1 has natively added scene component(s), but none of them were set as the actor's RootComponent - picking one arbitrarily
[2016.05.08-07.04.43:342][982]LogActor:Warning: GameNetworkManager /Temp/UEDPIE_0_Untitled_1.Untitled_1:PersistentLevel.GameNetworkManager_1 has natively added scene component(s), but none of them were set as the actor's RootComponent - picking one arbitrarily
[2016.05.08-07.04.43:342][982]LogWorld: Bringing up level for play took: 0.001890
[2016.05.08-07.04.43:343][982]PIE: 정보 /Temp/UEDPIE_0_Untitled_1 에 대한 에디터에서 플레이 시작 시간: -0.92
[2016.05.08-07.04.45:454][230]LogParticles: Destroying 0 GPU particle simulations for FXSystem 0x0000026C149A02C0
[2016.05.08-07.04.50:289][808]LogEditorActor: Deleted Actor: PlayerStart
[2016.05.08-07.04.50:297][808]LogEditorActor: Deleted 1 Actors (0.009 secs)
[2016.05.08-07.04.58:913][793]LogEditorViewport: Clicking on Actor (LMB): BP_Sky_Sphere_C (Sky Sphere)
[2016.05.08-07.05.44:999][248]LogPlayLevel: PlayLevel: No blueprints needed recompiling
[2016.05.08-07.05.44:999][248]PIE: New page: PIE 세션: Untitled_1 (2016. 5. 9. 오전 1:05:44)
[2016.05.08-07.05.44:999][248]LogPlayLevel: Creating play world package: /Temp/UEDPIE_0_Untitled_1
[2016.05.08-07.05.45:000][248]LogPlayLevel: PIE: StaticDuplicateObject took: (0.001535s)
[2016.05.08-07.05.45:001][248]LogAIModule: Creating AISystem for world Untitled_1
[2016.05.08-07.05.45:001][248]LogPlayLevel: PIE: World Init took: (0.000705s)
[2016.05.08-07.05.45:001][248]LogPlayLevel: PIE: Created PIE world by copying editor world from /Temp/Untitled_1.Untitled_1 to /Temp/UEDPIE_0_Untitled_1.Untitled_1 (0.002431s)
[2016.05.08-07.05.45:052][248]LogInit: XAudio2 using '스피커(Realtek High Definition Audio)' : 2 channels at 48 kHz using 32 bits per sample (channel mask 0x3)
[2016.05.08-07.05.45:068][248]LogInit: FAudioDevice initialized.
[2016.05.08-07.05.45:106][248]LogWorld: Game class is 'GameMode'
[2016.05.08-07.05.45:109][248]LogWorld: Bringing World /Temp/UEDPIE_0_Untitled_1.Untitled_1 up for play (max tick rate 0) at 2016.05.08-16.05.45
[2016.05.08-07.05.45:109][248]LogActor:Warning: GameSession /Temp/UEDPIE_0_Untitled_1.Untitled_1:PersistentLevel.GameSession_2 has natively added scene component(s), but none of them were set as the actor's RootComponent - picking one arbitrarily
[2016.05.08-07.05.45:109][248]LogActor:Warning: GameNetworkManager /Temp/UEDPIE_0_Untitled_1.Untitled_1:PersistentLevel.GameNetworkManager_2 has natively added scene component(s), but none of them were set as the actor's RootComponent - picking one arbitrarily
[2016.05.08-07.05.45:109][248]LogWorld: Bringing up level for play took: 0.001657
[2016.05.08-07.05.45:110][248]PIE: 정보 /Temp/UEDPIE_0_Untitled_1 에 대한 에디터에서 플레이 시작 시간: 0.847
[2016.05.08-07.05.47:310][504]LogParticles: Destroying 0 GPU particle simulations for FXSystem 0x0000026C6886EA20
[2016.05.08-07.05.52:237][ 80]LogPlayLevel: PlayLevel: No blueprints needed recompiling
[2016.05.08-07.05.52:237][ 80]PIE: New page: PIE 세션: Untitled_1 (2016. 5. 9. 오전 1:05:52)
[2016.05.08-07.05.52:237][ 80]LogPlayLevel: Creating play world package: /Temp/UEDPIE_0_Untitled_1
[2016.05.08-07.05.52:238][ 80]LogPlayLevel: PIE: StaticDuplicateObject took: (0.001174s)
[2016.05.08-07.05.52:239][ 80]LogAIModule: Creating AISystem for world Untitled_1
[2016.05.08-07.05.52:239][ 80]LogPlayLevel: PIE: World Init took: (0.000682s)
[2016.05.08-07.05.52:239][ 80]LogPlayLevel: PIE: Created PIE world by copying editor world from /Temp/Untitled_1.Untitled_1 to /Temp/UEDPIE_0_Untitled_1.Untitled_1 (0.002055s)
[2016.05.08-07.05.52:287][ 80]LogInit: XAudio2 using '스피커(Realtek High Definition Audio)' : 2 channels at 48 kHz using 32 bits per sample (channel mask 0x3)
[2016.05.08-07.05.52:303][ 80]LogInit: FAudioDevice initialized.
[2016.05.08-07.05.52:340][ 80]LogWorld: Game class is 'GameMode'
[2016.05.08-07.05.52:343][ 80]LogWorld: Bringing World /Temp/UEDPIE_0_Untitled_1.Untitled_1 up for play (max tick rate 0) at 2016.05.08-16.05.52
[2016.05.08-07.05.52:343][ 80]LogActor:Warning: GameSession /Temp/UEDPIE_0_Untitled_1.Untitled_1:PersistentLevel.GameSession_3 has natively added scene component(s), but none of them were set as the actor's RootComponent - picking one arbitrarily
[2016.05.08-07.05.52:343][ 80]LogActor:Warning: GameNetworkManager /Temp/UEDPIE_0_Untitled_1.Untitled_1:PersistentLevel.GameNetworkManager_3 has natively added scene component(s), but none of them were set as the actor's RootComponent - picking one arbitrarily
[2016.05.08-07.05.52:343][ 80]LogWorld: Bringing up level for play took: 0.001558
[2016.05.08-07.05.52:344][ 80]PIE: 정보 /Temp/UEDPIE_0_Untitled_1 에 대한 에디터에서 플레이 시작 시간: 0.081
[2016.05.08-07.05.55:372][433]LogParticles: Destroying 0 GPU particle simulations for FXSystem 0x0000026C215825C0
[2016.05.08-07.06.36:052][208]LogEditorViewport: Clicking on Actor (LMB): BP_Sky_Sphere_C (Sky Sphere)
[2016.05.08-07.06.36:252][226]Cmd: TRANSACTION UNDO
[2016.05.08-07.06.36:252][226]LogEditorTransaction: Undo 액터 클릭
[2016.05.08-07.06.37:736][377]Cmd: TRANSACTION UNDO
[2016.05.08-07.06.37:736][377]LogEditorTransaction: Undo 액터 회전을 설정합니다.
[2016.05.08-07.07.08:096][974]LogPlayLevel: PlayLevel: No blueprints needed recompiling
[2016.05.08-07.07.08:097][974]PIE: New page: PIE 세션: Untitled_1 (2016. 5. 9. 오전 1:07:08)
[2016.05.08-07.07.08:097][974]LogPlayLevel: Creating play world package: /Temp/UEDPIE_0_Untitled_1
[2016.05.08-07.07.08:098][974]LogPlayLevel: PIE: StaticDuplicateObject took: (0.001738s)
[2016.05.08-07.07.08:099][974]LogAIModule: Creating AISystem for world Untitled_1
[2016.05.08-07.07.08:100][974]LogPlayLevel: PIE: World Init took: (0.001179s)
[2016.05.08-07.07.08:100][974]LogPlayLevel: PIE: Created PIE world by copying editor world from /Temp/Untitled_1.Untitled_1 to /Temp/UEDPIE_0_Untitled_1.Untitled_1 (0.003070s)
[2016.05.08-07.07.08:152][974]LogInit: XAudio2 using '스피커(Realtek High Definition Audio)' : 2 channels at 48 kHz using 32 bits per sample (channel mask 0x3)
[2016.05.08-07.07.08:169][974]LogInit: FAudioDevice initialized.
[2016.05.08-07.07.08:206][974]LogWorld: Game class is 'GameMode'
[2016.05.08-07.07.08:209][974]LogWorld: Bringing World /Temp/UEDPIE_0_Untitled_1.Untitled_1 up for play (max tick rate 0) at 2016.05.08-16.07.08
[2016.05.08-07.07.08:209][974]LogActor:Warning: GameSession /Temp/UEDPIE_0_Untitled_1.Untitled_1:PersistentLevel.GameSession_4 has natively added scene component(s), but none of them were set as the actor's RootComponent - picking one arbitrarily
[2016.05.08-07.07.08:209][974]LogActor:Warning: GameNetworkManager /Temp/UEDPIE_0_Untitled_1.Untitled_1:PersistentLevel.GameNetworkManager_4 has natively added scene component(s), but none of them were set as the actor's RootComponent - picking one arbitrarily
[2016.05.08-07.07.08:209][974]LogWorld: Bringing up level for play took: 0.001817
[2016.05.08-07.07.08:211][974]PIE: 정보 /Temp/UEDPIE_0_Untitled_1 에 대한 에디터에서 플레이 시작 시간: -0.052
[2016.05.08-07.07.12:711][506]LogParticles: Destroying 0 GPU particle simulations for FXSystem 0x0000026C21580EA0
[2016.05.08-07.07.19:587][314]LogEditorViewport: Clicking on Actor (LMB): BP_Sky_Sphere_C (Sky Sphere)
[2016.05.08-07.07.19:852][339]LogEditorViewport: Clicking on Actor (LMB): StaticMeshActor (Floor)
[2016.05.08-07.07.20:323][391]LogEditorViewport: Clicking on Actor (LMB): BP_Sky_Sphere_C (Sky Sphere)
[2016.05.08-07.07.21:885][575]LogEditorViewport: Clicking on Actor (LMB): CameraActor (CameraActor)
[2016.05.08-07.07.46:853][548]LogPlayLevel: PlayLevel: No blueprints needed recompiling
[2016.05.08-07.07.46:853][548]PIE: New page: PIE 세션: Untitled_1 (2016. 5. 9. 오전 1:07:46)
[2016.05.08-07.07.46:853][548]LogPlayLevel: Creating play world package: /Temp/UEDPIE_0_Untitled_1
[2016.05.08-07.07.46:855][548]LogPlayLevel: PIE: StaticDuplicateObject took: (0.001696s)
[2016.05.08-07.07.46:856][548]LogAIModule: Creating AISystem for world Untitled_1
[2016.05.08-07.07.46:856][548]LogPlayLevel: PIE: World Init took: (0.001165s)
[2016.05.08-07.07.46:856][548]LogPlayLevel: PIE: Created PIE world by copying editor world from /Temp/Untitled_1.Untitled_1 to /Temp/UEDPIE_0_Untitled_1.Untitled_1 (0.003079s)
[2016.05.08-07.07.46:907][548]LogInit: XAudio2 using '스피커(Realtek High Definition Audio)' : 2 channels at 48 kHz using 32 bits per sample (channel mask 0x3)
[2016.05.08-07.07.46:924][548]LogInit: FAudioDevice initialized.
[2016.05.08-07.07.46:963][548]LogWorld: Game class is 'GameMode'
[2016.05.08-07.07.46:965][548]LogWorld: Bringing World /Temp/UEDPIE_0_Untitled_1.Untitled_1 up for play (max tick rate 0) at 2016.05.08-16.07.46
[2016.05.08-07.07.46:965][548]LogActor:Warning: GameSession /Temp/UEDPIE_0_Untitled_1.Untitled_1:PersistentLevel.GameSession_5 has natively added scene component(s), but none of them were set as the actor's RootComponent - picking one arbitrarily
[2016.05.08-07.07.46:965][548]LogActor:Warning: GameNetworkManager /Temp/UEDPIE_0_Untitled_1.Untitled_1:PersistentLevel.GameNetworkManager_5 has natively added scene component(s), but none of them were set as the actor's RootComponent - picking one arbitrarily
[2016.05.08-07.07.46:965][548]LogWorld: Bringing up level for play took: 0.001686
[2016.05.08-07.07.46:967][548]PIE: 정보 /Temp/UEDPIE_0_Untitled_1 에 대한 에디터에서 플레이 시작 시간: 0.704
[2016.05.08-07.07.51:651][102]LogParticles: Destroying 0 GPU particle simulations for FXSystem 0x0000026C2359CF40
[2016.05.08-07.08.04:086][552]LogPlayLevel: PlayLevel: No blueprints needed recompiling
[2016.05.08-07.08.04:086][552]PIE: New page: PIE 세션: Untitled_1 (2016. 5. 9. 오전 1:08:04)
[2016.05.08-07.08.04:086][552]LogPlayLevel: Creating play world package: /Temp/UEDPIE_0_Untitled_1
[2016.05.08-07.08.04:088][552]LogPlayLevel: PIE: StaticDuplicateObject took: (0.001807s)
[2016.05.08-07.08.04:089][552]LogAIModule: Creating AISystem for world Untitled_1
[2016.05.08-07.08.04:089][552]LogPlayLevel: PIE: World Init took: (0.000948s)
[2016.05.08-07.08.04:090][552]LogPlayLevel: PIE: Created PIE world by copying editor world from /Temp/Untitled_1.Untitled_1 to /Temp/UEDPIE_0_Untitled_1.Untitled_1 (0.003055s)
[2016.05.08-07.08.04:137][552]LogInit: XAudio2 using '스피커(Realtek High Definition Audio)' : 2 channels at 48 kHz using 32 bits per sample (channel mask 0x3)
[2016.05.08-07.08.04:154][552]LogInit: FAudioDevice initialized.
[2016.05.08-07.08.04:192][552]LogWorld: Game class is 'GameMode'
[2016.05.08-07.08.04:194][552]LogWorld: Bringing World /Temp/UEDPIE_0_Untitled_1.Untitled_1 up for play (max tick rate 0) at 2016.05.08-16.08.04
[2016.05.08-07.08.04:194][552]LogActor:Warning: GameSession /Temp/UEDPIE_0_Untitled_1.Untitled_1:PersistentLevel.GameSession_6 has natively added scene component(s), but none of them were set as the actor's RootComponent - picking one arbitrarily
[2016.05.08-07.08.04:194][552]LogActor:Warning: GameNetworkManager /Temp/UEDPIE_0_Untitled_1.Untitled_1:PersistentLevel.GameNetworkManager_6 has natively added scene component(s), but none of them were set as the actor's RootComponent - picking one arbitrarily
[2016.05.08-07.08.04:194][552]LogWorld: Bringing up level for play took: 0.001480
[2016.05.08-07.08.04:196][552]PIE: 정보 /Temp/UEDPIE_0_Untitled_1 에 대한 에디터에서 플레이 시작 시간: -0.067
[2016.05.08-07.08.06:230][787]LogParticles: Destroying 0 GPU particle simulations for FXSystem 0x0000026C71A50220
[2016.05.08-07.08.17:720][ 69]LogPlayLevel: PlayLevel: No blueprints needed recompiling
[2016.05.08-07.08.17:720][ 69]PIE: New page: PIE 세션: Untitled_1 (2016. 5. 9. 오전 1:08:17)
[2016.05.08-07.08.17:720][ 69]LogPlayLevel: Creating play world package: /Temp/UEDPIE_0_Untitled_1
[2016.05.08-07.08.17:722][ 69]LogPlayLevel: PIE: StaticDuplicateObject took: (0.001756s)
[2016.05.08-07.08.17:722][ 69]LogAIModule: Creating AISystem for world Untitled_1
[2016.05.08-07.08.17:723][ 69]LogPlayLevel: PIE: World Init took: (0.000786s)
[2016.05.08-07.08.17:723][ 69]LogPlayLevel: PIE: Created PIE world by copying editor world from /Temp/Untitled_1.Untitled_1 to /Temp/UEDPIE_0_Untitled_1.Untitled_1 (0.002747s)
[2016.05.08-07.08.17:773][ 69]LogInit: XAudio2 using '스피커(Realtek High Definition Audio)' : 2 channels at 48 kHz using 32 bits per sample (channel mask 0x3)
[2016.05.08-07.08.17:790][ 69]LogInit: FAudioDevice initialized.
[2016.05.08-07.08.17:828][ 69]LogWorld: Game class is 'GameMode'
[2016.05.08-07.08.17:830][ 69]LogWorld: Bringing World /Temp/UEDPIE_0_Untitled_1.Untitled_1 up for play (max tick rate 0) at 2016.05.08-16.08.17
[2016.05.08-07.08.17:830][ 69]LogActor:Warning: GameSession /Temp/UEDPIE_0_Untitled_1.Untitled_1:PersistentLevel.GameSession_7 has natively added scene component(s), but none of them were set as the actor's RootComponent - picking one arbitrarily
[2016.05.08-07.08.17:830][ 69]LogActor:Warning: GameNetworkManager /Temp/UEDPIE_0_Untitled_1.Untitled_1:PersistentLevel.GameNetworkManager_7 has natively added scene component(s), but none of them were set as the actor's RootComponent - picking one arbitrarily
[2016.05.08-07.08.17:830][ 69]LogWorld: Bringing up level for play took: 0.001632
[2016.05.08-07.08.17:832][ 69]PIE: 정보 /Temp/UEDPIE_0_Untitled_1 에 대한 에디터에서 플레이 시작 시간: -0.431
[2016.05.08-07.08.22:475][616]LogParticles: Destroying 0 GPU particle simulations for FXSystem 0x0000026C2136FF60
[2016.05.08-07.08.33:127][863]LogActorFactory: Actor Factory created Cube
[2016.05.08-07.08.34:009][962]LogActorFactory: Actor Factory created Cube
[2016.05.08-07.08.34:944][ 65]LogPlayLevel: PlayLevel: No blueprints needed recompiling
[2016.05.08-07.08.34:944][ 65]PIE: New page: PIE 세션: Untitled_1 (2016. 5. 9. 오전 1:08:34)
[2016.05.08-07.08.34:944][ 65]LogPlayLevel: Creating play world package: /Temp/UEDPIE_0_Untitled_1
[2016.05.08-07.08.34:945][ 65]LogPlayLevel: PIE: StaticDuplicateObject took: (0.001470s)
[2016.05.08-07.08.34:946][ 65]LogAIModule: Creating AISystem for world Untitled_1
[2016.05.08-07.08.34:946][ 65]LogPlayLevel: PIE: World Init took: (0.000960s)
[2016.05.08-07.08.34:946][ 65]LogPlayLevel: PIE: Created PIE world by copying editor world from /Temp/Untitled_1.Untitled_1 to /Temp/UEDPIE_0_Untitled_1.Untitled_1 (0.002618s)
[2016.05.08-07.08.34:969][ 65]LogInit: XAudio2 using '스피커(Realtek High Definition Audio)' : 2 channels at 48 kHz using 32 bits per sample (channel mask 0x3)
[2016.05.08-07.08.34:986][ 65]LogInit: FAudioDevice initialized.
[2016.05.08-07.08.35:021][ 65]LogWorld: Game class is 'GameMode'
[2016.05.08-07.08.35:023][ 65]LogWorld: Bringing World /Temp/UEDPIE_0_Untitled_1.Untitled_1 up for play (max tick rate 0) at 2016.05.08-16.08.35
[2016.05.08-07.08.35:023][ 65]LogActor:Warning: GameSession /Temp/UEDPIE_0_Untitled_1.Untitled_1:PersistentLevel.GameSession_8 has natively added scene component(s), but none of them were set as the actor's RootComponent - picking one arbitrarily
[2016.05.08-07.08.35:023][ 65]LogActor:Warning: GameNetworkManager /Temp/UEDPIE_0_Untitled_1.Untitled_1:PersistentLevel.GameNetworkManager_8 has natively added scene component(s), but none of them were set as the actor's RootComponent - picking one arbitrarily
[2016.05.08-07.08.35:023][ 65]LogWorld: Bringing up level for play took: 0.001584
[2016.05.08-07.08.35:025][ 65]PIE: 정보 /Temp/UEDPIE_0_Untitled_1 에 대한 에디터에서 플레이 시작 시간: 0.762
[2016.05.08-07.08.36:460][228]LogParticles: Destroying 0 GPU particle simulations for FXSystem 0x0000026C6886EB60
[2016.05.08-07.08.37:837][388]LogEditorViewport: Clicking on Actor (LMB): BP_Sky_Sphere_C (Sky Sphere)
[2016.05.08-07.08.39:867][627]LogEditorViewport: Clicking on Actor (LMB): BP_Sky_Sphere_C (Sky Sphere)
[2016.05.08-07.08.41:322][798]Cmd: SELECT NONE
[2016.05.08-07.08.43:297][ 33]LogEditorViewport: Clicking on Actor (LMB): StaticMeshActor (Floor)
[2016.05.08-07.08.47:815][560]LogEditorViewport: Clicking on Actor (LMB): BP_Sky_Sphere_C (Sky Sphere)
[2016.05.08-07.08.48:772][668]LogEditorViewport: Clicking on Actor (LMB): CameraActor (CameraActor)
[2016.05.08-07.08.55:297][415]LogPlayLevel: PlayLevel: No blueprints needed recompiling
[2016.05.08-07.08.55:297][415]PIE: New page: PIE 세션: Untitled_1 (2016. 5. 9. 오전 1:08:55)
[2016.05.08-07.08.55:297][415]LogPlayLevel: Creating play world package: /Temp/UEDPIE_0_Untitled_1
[2016.05.08-07.08.55:298][415]LogPlayLevel: PIE: StaticDuplicateObject took: (0.001618s)
[2016.05.08-07.08.55:299][415]LogAIModule: Creating AISystem for world Untitled_1
[2016.05.08-07.08.55:300][415]LogPlayLevel: PIE: World Init took: (0.001215s)
[2016.05.08-07.08.55:300][415]LogPlayLevel: PIE: Created PIE world by copying editor world from /Temp/Untitled_1.Untitled_1 to /Temp/UEDPIE_0_Untitled_1.Untitled_1 (0.002972s)
[2016.05.08-07.08.55:348][415]LogInit: XAudio2 using '스피커(Realtek High Definition Audio)' : 2 channels at 48 kHz using 32 bits per sample (channel mask 0x3)
[2016.05.08-07.08.55:365][415]LogInit: FAudioDevice initialized.
[2016.05.08-07.08.55:400][415]LogWorld: Game class is 'GameMode'
[2016.05.08-07.08.55:402][415]LogWorld: Bringing World /Temp/UEDPIE_0_Untitled_1.Untitled_1 up for play (max tick rate 0) at 2016.05.08-16.08.55
[2016.05.08-07.08.55:402][415]LogActor:Warning: GameSession /Temp/UEDPIE_0_Untitled_1.Untitled_1:PersistentLevel.GameSession_9 has natively added scene component(s), but none of them were set as the actor's RootComponent - picking one arbitrarily
[2016.05.08-07.08.55:403][415]LogActor:Warning: GameNetworkManager /Temp/UEDPIE_0_Untitled_1.Untitled_1:PersistentLevel.GameNetworkManager_9 has natively added scene component(s), but none of them were set as the actor's RootComponent - picking one arbitrarily
[2016.05.08-07.08.55:403][415]LogWorld: Bringing up level for play took: 0.001730
[2016.05.08-07.08.55:404][415]PIE: 정보 /Temp/UEDPIE_0_Untitled_1 에 대한 에디터에서 플레이 시작 시간: -0.859
[2016.05.08-07.09.02:993][318]LogParticles: Destroying 0 GPU particle simulations for FXSystem 0x0000026C6611B560
[2016.05.08-07.09.03:986][432]LogEditorViewport: Clicking on Actor (LMB): StaticMeshActor (Floor)
[2016.05.08-07.09.04:773][519]Cmd: DELETE
[2016.05.08-07.09.04:773][519]Cmd: ACTOR DELETE
[2016.05.08-07.09.04:774][519]LogEditorActor: Deleted Actor: StaticMeshActor
[2016.05.08-07.09.04:783][519]LogEditorActor: Deleted 1 Actors (0.010 secs)
[2016.05.08-07.09.06:103][677]LogPlayLevel: PlayLevel: No blueprints needed recompiling
[2016.05.08-07.09.06:103][677]PIE: New page: PIE 세션: Untitled_1 (2016. 5. 9. 오전 1:09:06)
[2016.05.08-07.09.06:103][677]LogPlayLevel: Creating play world package: /Temp/UEDPIE_0_Untitled_1
[2016.05.08-07.09.06:104][677]LogPlayLevel: PIE: StaticDuplicateObject took: (0.001525s)
[2016.05.08-07.09.06:105][677]LogAIModule: Creating AISystem for world Untitled_1
[2016.05.08-07.09.06:105][677]LogPlayLevel: PIE: World Init took: (0.000682s)
[2016.05.08-07.09.06:105][677]LogPlayLevel: PIE: Created PIE world by copying editor world from /Temp/Untitled_1.Untitled_1 to /Temp/UEDPIE_0_Untitled_1.Untitled_1 (0.002353s)
[2016.05.08-07.09.06:128][677]LogInit: XAudio2 using '스피커(Realtek High Definition Audio)' : 2 channels at 48 kHz using 32 bits per sample (channel mask 0x3)
[2016.05.08-07.09.06:144][677]LogInit: FAudioDevice initialized.
[2016.05.08-07.09.06:176][677]LogWorld: Game class is 'GameMode'
[2016.05.08-07.09.06:179][677]LogWorld: Bringing World /Temp/UEDPIE_0_Untitled_1.Untitled_1 up for play (max tick rate 0) at 2016.05.08-16.09.06
[2016.05.08-07.09.06:179][677]LogActor:Warning: GameSession /Temp/UEDPIE_0_Untitled_1.Untitled_1:PersistentLevel.GameSession_10 has natively added scene component(s), but none of them were set as the actor's RootComponent - picking one arbitrarily
[2016.05.08-07.09.06:179][677]LogActor:Warning: GameNetworkManager /Temp/UEDPIE_0_Untitled_1.Untitled_1:PersistentLevel.GameNetworkManager_10 has natively added scene component(s), but none of them were set as the actor's RootComponent - picking one arbitrarily
[2016.05.08-07.09.06:179][677]LogWorld: Bringing up level for play took: 0.001918
[2016.05.08-07.09.06:181][677]PIE: 정보 /Temp/UEDPIE_0_Untitled_1 에 대한 에디터에서 플레이 시작 시간: -0.082
[2016.05.08-07.09.14:033][614]LogParticles: Destroying 0 GPU particle simulations for FXSystem 0x0000026C2136C860
[2016.05.08-07.09.15:464][781]LogEditorViewport: Clicking on Actor (LMB): CameraActor (CameraActor)
[2016.05.08-07.09.27:504][207]LogPlayLevel: PlayLevel: No blueprints needed recompiling
[2016.05.08-07.09.27:504][207]PIE: New page: PIE 세션: Untitled_1 (2016. 5. 9. 오전 1:09:27)
[2016.05.08-07.09.27:505][207]LogPlayLevel: Creating play world package: /Temp/UEDPIE_0_Untitled_1
[2016.05.08-07.09.27:506][207]LogPlayLevel: PIE: StaticDuplicateObject took: (0.001575s)
[2016.05.08-07.09.27:507][207]LogAIModule: Creating AISystem for world Untitled_1
[2016.05.08-07.09.27:507][207]LogPlayLevel: PIE: World Init took: (0.000833s)
[2016.05.08-07.09.27:507][207]LogPlayLevel: PIE: Created PIE world by copying editor world from /Temp/Untitled_1.Untitled_1 to /Temp/UEDPIE_0_Untitled_1.Untitled_1 (0.002588s)
[2016.05.08-07.09.27:555][207]LogInit: XAudio2 using '스피커(Realtek High Definition Audio)' : 2 channels at 48 kHz using 32 bits per sample (channel mask 0x3)
[2016.05.08-07.09.27:572][207]LogInit: FAudioDevice initialized.
[2016.05.08-07.09.27:606][207]LogWorld: Game class is 'GameMode'
[2016.05.08-07.09.27:608][207]LogWorld: Bringing World /Temp/UEDPIE_0_Untitled_1.Untitled_1 up for play (max tick rate 0) at 2016.05.08-16.09.27
[2016.05.08-07.09.27:608][207]LogActor:Warning: GameSession /Temp/UEDPIE_0_Untitled_1.Untitled_1:PersistentLevel.GameSession_11 has natively added scene component(s), but none of them were set as the actor's RootComponent - picking one arbitrarily
[2016.05.08-07.09.27:608][207]LogActor:Warning: GameNetworkManager /Temp/UEDPIE_0_Untitled_1.Untitled_1:PersistentLevel.GameNetworkManager_11 has natively added scene component(s), but none of them were set as the actor's RootComponent - picking one arbitrarily
[2016.05.08-07.09.27:608][207]LogWorld: Bringing up level for play took: 0.001626
[2016.05.08-07.09.27:610][207]PIE: 정보 /Temp/UEDPIE_0_Untitled_1 에 대한 에디터에서 플레이 시작 시간: -0.653
[2016.05.08-07.09.30:648][564]LogParticles: Destroying 0 GPU particle simulations for FXSystem 0x0000026C2A10FD80
[2016.05.08-07.09.31:663][680]LogEditorViewport: Clicking on Actor (LMB): BP_Sky_Sphere_C (Sky Sphere)
[2016.05.08-07.09.33:739][909]LogEditorViewport: Clicking on Actor (LMB): BP_Sky_Sphere_C (Sky Sphere)
[2016.05.08-07.09.34:284][968]LogEditorViewport: Clicking on Actor (LMB): CameraActor (CameraActor)
[2016.05.08-07.09.36:226][193]LogEditorViewport: Clicking on Actor (LMB): BP_Sky_Sphere_C (Sky Sphere)
[2016.05.08-07.09.37:966][393]LogEditorViewport: Clicking on Actor (LMB): BP_Sky_Sphere_C (Sky Sphere)
[2016.05.08-07.09.38:703][480]LogEditorViewport: Clicking on Actor (LMB): BP_Sky_Sphere_C (Sky Sphere)
[2016.05.08-07.10.24:080][837]LogEditorViewport: Clicking on Actor (LMB): BP_Sky_Sphere_C (Sky Sphere)
[2016.05.08-07.10.24:830][924]LogEditorViewport: Clicking on Actor (LMB): SpotLight (SpotLight)
[2016.05.08-07.10.59:875][ 71]LogEditorViewport: Clicking on Actor (LMB): BP_Sky_Sphere_C (Sky Sphere)
[2016.05.08-07.11.01:134][219]LogEditorViewport: Clicking on Actor (LMB): BP_Sky_Sphere_C (Sky Sphere)
[2016.05.08-07.11.02:320][358]LogEditorViewport: Clicking on Actor (LMB): BP_Sky_Sphere_C (Sky Sphere)
[2016.05.08-07.11.03:406][480]LogEditorViewport: Clicking on Actor (LMB): BP_Sky_Sphere_C (Sky Sphere)
[2016.05.08-07.11.04:098][562]LogEditorViewport: Clicking on Actor (LMB): BP_Sky_Sphere_C (Sky Sphere)
[2016.05.08-07.11.04:922][660]LogEditorViewport: Clicking on Actor (LMB): BP_Sky_Sphere_C (Sky Sphere)
[2016.05.08-07.11.05:333][708]LogEditorViewport: Clicking on Actor (LMB): SpotLight (SpotLight)
[2016.05.08-07.11.50:257][ 50]Cmd: TRANSACTION UNDO
[2016.05.08-07.11.50:257][ 50]LogEditorTransaction: Undo Source Radius 편집
[2016.05.08-07.11.50:793][ 93]Cmd: TRANSACTION UNDO
[2016.05.08-07.11.50:793][ 93]LogEditorTransaction: Undo Attenuation Radius 편집
[2016.05.08-07.12.20:181][578]Cmd: TRANSACTION UNDO
[2016.05.08-07.12.20:181][578]LogEditorTransaction: Undo Source Length 편집
[2016.05.08-07.12.23:568][941]LogEditorViewport: Clicking on Actor (LMB): BP_Sky_Sphere_C (Sky Sphere)
[2016.05.08-07.12.24:495][ 49]LogEditorViewport: Clicking on Actor (LMB): SpotLight (SpotLight)
[2016.05.08-07.12.30:957][820]Cmd: TRANSACTION UNDO
[2016.05.08-07.12.30:957][820]LogEditorTransaction: Undo Inner Cone Angle 편집
[2016.05.08-07.12.36:384][432]LogPlayLevel: PlayLevel: No blueprints needed recompiling
[2016.05.08-07.12.36:384][432]PIE: New page: PIE 세션: Untitled_1 (2016. 5. 9. 오전 1:12:36)
[2016.05.08-07.12.36:384][432]LogPlayLevel: Creating play world package: /Temp/UEDPIE_0_Untitled_1
[2016.05.08-07.12.36:386][432]LogPlayLevel: PIE: StaticDuplicateObject took: (0.002124s)
[2016.05.08-07.12.36:388][432]LogAIModule: Creating AISystem for world Untitled_1
[2016.05.08-07.12.36:388][432]LogPlayLevel: PIE: World Init took: (0.001318s)
[2016.05.08-07.12.36:388][432]LogPlayLevel: PIE: Created PIE world by copying editor world from /Temp/Untitled_1.Untitled_1 to /Temp/UEDPIE_0_Untitled_1.Untitled_1 (0.003628s)
[2016.05.08-07.12.36:411][432]LogInit: XAudio2 using '스피커(Realtek High Definition Audio)' : 2 channels at 48 kHz using 32 bits per sample (channel mask 0x3)
[2016.05.08-07.12.36:429][432]LogInit: FAudioDevice initialized.
[2016.05.08-07.12.36:460][432]LogWorld: Game class is 'GameMode'
[2016.05.08-07.12.36:463][432]LogWorld: Bringing World /Temp/UEDPIE_0_Untitled_1.Untitled_1 up for play (max tick rate 0) at 2016.05.08-16.12.36
[2016.05.08-07.12.36:463][432]LogActor:Warning: GameSession /Temp/UEDPIE_0_Untitled_1.Untitled_1:PersistentLevel.GameSession_12 has natively added scene component(s), but none of them were set as the actor's RootComponent - picking one arbitrarily
[2016.05.08-07.12.36:463][432]LogActor:Warning: GameNetworkManager /Temp/UEDPIE_0_Untitled_1.Untitled_1:PersistentLevel.GameNetworkManager_12 has natively added scene component(s), but none of them were set as the actor's RootComponent - picking one arbitrarily
[2016.05.08-07.12.36:463][432]LogWorld: Bringing up level for play took: 0.001640
[2016.05.08-07.12.36:464][432]PIE: 정보 /Temp/UEDPIE_0_Untitled_1 에 대한 에디터에서 플레이 시작 시간: 0.202
[2016.05.08-07.12.37:766][581]LogParticles: Destroying 0 GPU particle simulations for FXSystem 0x0000026C14949B20
[2016.05.08-07.12.44:808][392]LogEditorViewport: Clicking on Actor (LMB): StaticMeshActor (Cube)
[2016.05.08-07.13.16:085][ 31]LogEditorViewport: Clicking on Actor (LMB): CameraActor (CameraActor)
[2016.05.08-07.13.26:849][316]LogEditorViewport: Clicking on Actor (LMB): BP_Sky_Sphere_C (Sky Sphere)
[2016.05.08-07.13.27:887][423]LogEditorViewport: Clicking on Actor (LMB): BP_Sky_Sphere_C (Sky Sphere)
[2016.05.08-07.13.28:200][457]LogEditorViewport: Clicking on Actor (LMB): CameraActor (CameraActor)
[2016.05.08-07.13.34:121][159]LogPlayLevel: PlayLevel: No blueprints needed recompiling
[2016.05.08-07.13.34:121][159]PIE: New page: PIE 세션: Untitled_1 (2016. 5. 9. 오전 1:13:34)
[2016.05.08-07.13.34:121][159]LogPlayLevel: Creating play world package: /Temp/UEDPIE_0_Untitled_1
[2016.05.08-07.13.34:123][159]LogPlayLevel: PIE: StaticDuplicateObject took: (0.001652s)
[2016.05.08-07.13.34:123][159]LogAIModule: Creating AISystem for world Untitled_1
[2016.05.08-07.13.34:123][159]LogPlayLevel: PIE: World Init took: (0.000781s)
[2016.05.08-07.13.34:124][159]LogPlayLevel: PIE: Created PIE world by copying editor world from /Temp/Untitled_1.Untitled_1 to /Temp/UEDPIE_0_Untitled_1.Untitled_1 (0.002623s)
[2016.05.08-07.13.34:176][159]LogInit: XAudio2 using '스피커(Realtek High Definition Audio)' : 2 channels at 48 kHz using 32 bits per sample (channel mask 0x3)
[2016.05.08-07.13.34:193][159]LogInit: FAudioDevice initialized.
[2016.05.08-07.13.34:227][159]LogWorld: Game class is 'GameMode'
[2016.05.08-07.13.34:229][159]LogWorld: Bringing World /Temp/UEDPIE_0_Untitled_1.Untitled_1 up for play (max tick rate 0) at 2016.05.08-16.13.34
[2016.05.08-07.13.34:229][159]LogActor:Warning: GameSession /Temp/UEDPIE_0_Untitled_1.Untitled_1:PersistentLevel.GameSession_13 has natively added scene component(s), but none of them were set as the actor's RootComponent - picking one arbitrarily
[2016.05.08-07.13.34:229][159]LogActor:Warning: GameNetworkManager /Temp/UEDPIE_0_Untitled_1.Untitled_1:PersistentLevel.GameNetworkManager_13 has natively added scene component(s), but none of them were set as the actor's RootComponent - picking one arbitrarily
[2016.05.08-07.13.34:229][159]LogWorld: Bringing up level for play took: 0.001567
[2016.05.08-07.13.34:231][159]PIE: 정보 /Temp/UEDPIE_0_Untitled_1 에 대한 에디터에서 플레이 시작 시간: -0.032
[2016.05.08-07.13.47:304][720]LogParticles: Destroying 0 GPU particle simulations for FXSystem 0x0000026C14F9F1A0
[2016.05.08-07.13.56:502][800]LogPlayLevel: PlayLevel: No blueprints needed recompiling
[2016.05.08-07.13.56:502][800]PIE: New page: PIE 세션: Untitled_1 (2016. 5. 9. 오전 1:13:56)
[2016.05.08-07.13.56:502][800]LogPlayLevel: Creating play world package: /Temp/UEDPIE_0_Untitled_1
[2016.05.08-07.13.56:504][800]LogPlayLevel: PIE: StaticDuplicateObject took: (0.001718s)
[2016.05.08-07.13.56:505][800]LogAIModule: Creating AISystem for world Untitled_1
[2016.05.08-07.13.56:505][800]LogPlayLevel: PIE: World Init took: (0.000610s)
[2016.05.08-07.13.56:505][800]LogPlayLevel: PIE: Created PIE world by copying editor world from /Temp/Untitled_1.Untitled_1 to /Temp/UEDPIE_0_Untitled_1.Untitled_1 (0.002476s)
[2016.05.08-07.13.56:556][800]LogInit: XAudio2 using '스피커(Realtek High Definition Audio)' : 2 channels at 48 kHz using 32 bits per sample (channel mask 0x3)
[2016.05.08-07.13.56:573][800]LogInit: FAudioDevice initialized.
[2016.05.08-07.13.56:608][800]LogWorld: Game class is 'GameMode'
[2016.05.08-07.13.56:611][800]LogWorld: Bringing World /Temp/UEDPIE_0_Untitled_1.Untitled_1 up for play (max tick rate 0) at 2016.05.08-16.13.56
[2016.05.08-07.13.56:611][800]LogActor:Warning: GameSession /Temp/UEDPIE_0_Untitled_1.Untitled_1:PersistentLevel.GameSession_14 has natively added scene component(s), but none of them were set as the actor's RootComponent - picking one arbitrarily
[2016.05.08-07.13.56:611][800]LogActor:Warning: GameNetworkManager /Temp/UEDPIE_0_Untitled_1.Untitled_1:PersistentLevel.GameNetworkManager_14 has natively added scene component(s), but none of them were set as the actor's RootComponent - picking one arbitrarily
[2016.05.08-07.13.56:611][800]LogWorld: Bringing up level for play took: 0.001848
[2016.05.08-07.13.56:613][800]PIE: 정보 /Temp/UEDPIE_0_Untitled_1 에 대한 에디터에서 플레이 시작 시간: 0.35
[2016.05.08-07.13.58:319][996]LogParticles: Destroying 0 GPU particle simulations for FXSystem 0x0000026C32202E80
[2016.05.08-07.14.03:510][593]LogPlayLevel: PlayLevel: No blueprints needed recompiling
[2016.05.08-07.14.03:510][593]PIE: New page: PIE 세션: Untitled_1 (2016. 5. 9. 오전 1:14:03)
[2016.05.08-07.14.03:510][593]LogPlayLevel: Creating play world package: /Temp/UEDPIE_0_Untitled_1
[2016.05.08-07.14.03:512][593]LogPlayLevel: PIE: StaticDuplicateObject took: (0.001953s)
[2016.05.08-07.14.03:512][593]LogAIModule: Creating AISystem for world Untitled_1
[2016.05.08-07.14.03:513][593]LogPlayLevel: PIE: World Init took: (0.000782s)
[2016.05.08-07.14.03:513][593]LogPlayLevel: PIE: Created PIE world by copying editor world from /Temp/Untitled_1.Untitled_1 to /Temp/UEDPIE_0_Untitled_1.Untitled_1 (0.002902s)
[2016.05.08-07.14.03:565][593]LogInit: XAudio2 using '스피커(Realtek High Definition Audio)' : 2 channels at 48 kHz using 32 bits per sample (channel mask 0x3)
[2016.05.08-07.14.03:582][593]LogInit: FAudioDevice initialized.
[2016.05.08-07.14.03:616][593]LogWorld: Game class is 'GameMode'
[2016.05.08-07.14.03:618][593]LogWorld: Bringing World /Temp/UEDPIE_0_Untitled_1.Untitled_1 up for play (max tick rate 0) at 2016.05.08-16.14.03
[2016.05.08-07.14.03:618][593]LogActor:Warning: GameSession /Temp/UEDPIE_0_Untitled_1.Untitled_1:PersistentLevel.GameSession_15 has natively added scene component(s), but none of them were set as the actor's RootComponent - picking one arbitrarily
[2016.05.08-07.14.03:619][593]LogActor:Warning: GameNetworkManager /Temp/UEDPIE_0_Untitled_1.Untitled_1:PersistentLevel.GameNetworkManager_15 has natively added scene component(s), but none of them were set as the actor's RootComponent - picking one arbitrarily
[2016.05.08-07.14.03:619][593]LogWorld: Bringing up level for play took: 0.001877
[2016.05.08-07.14.03:620][593]PIE: 정보 /Temp/UEDPIE_0_Untitled_1 에 대한 에디터에서 플레이 시작 시간: -0.643
[2016.05.08-07.14.04:838][730]LogParticles: Destroying 0 GPU particle simulations for FXSystem 0x0000026C2359E980
[2016.05.08-07.15.50:544][924]Cmd: OBJ SAVEPACKAGE PACKAGE="/Temp/Untitled_1" FILE="../../../../../../Programming/unreal/Cube/Cube/Saved/Autosaves/Temp/Untitled_1_Auto1.umap" SILENT=true AUTOSAVING=true KEEPDIRTY=false
[2016.05.08-07.15.50:582][924]LogSavePackage: Save=27.860331ms
[2016.05.08-07.15.50:582][924]LogSavePackage: Moving '../../../../../../Programming/unreal/Cube/Cube/Saved/Untitled_1_Auto1E72A2F3C49678E1A2C1A76AD77A8FE24.tmp' to '../../../../../../Programming/unreal/Cube/Cube/Saved/Autosaves/Temp/Untitled_1_Auto1.umap'
[2016.05.08-07.15.50:583][924]LogSavePackage: Total save time: 39.292526ms
[2016.05.08-07.15.50:583][924]LogSavePackage:Display: Finished SavePackage ../../../../../../Programming/unreal/Cube/Cube/Saved/Autosaves/Temp/Untitled_1_Auto1.umap
[2016.05.08-07.15.50:589][924]LogFileHelpers: Editor autosave (incl. sublevels) for '/Temp/Untitled_1' took 0.066
[2016.05.08-07.15.50:589][924]LogFileHelpers: Editor autosave (incl. sublevels) for all levels took 0.066
[2016.05.08-07.15.59:427][983]LogEditorViewport: Clicking on Actor (context menu): BP_Sky_Sphere_C (Sky Sphere)
[2016.05.08-07.16.00:145][ 60]LogEditorViewport: Clicking on Actor (LMB): BP_Sky_Sphere_C (Sky Sphere)
[2016.05.08-07.16.23:467][684]LogLinker:Warning: Asset '../../../Engine/Content/ArtTools/RenderToTexture/Macros/RenderToTextureMacros.uasset' has been saved with empty engine version. The asset will be loaded but may be incompatible.
[2016.05.08-07.16.23:861][684]LogContentBrowser: Native class hierarchy updated for 'BlueprintGraph' in 0.0006 seconds. Added 107 classes and 0 folders.
[2016.05.08-07.16.24:185][684]LogRenderer: Reallocating scene render targets to support 1208x712 (Frame:114752).
[2016.05.08-07.17.33:964][974]LogEditorViewport: Clicking on Actor (LMB): StaticMeshActor (Cube2)
[2016.05.08-07.17.34:387][ 23]Cmd: DELETE
[2016.05.08-07.17.34:387][ 23]Cmd: ACTOR DELETE
[2016.05.08-07.17.34:387][ 23]LogEditorActor: Deleted Actor: StaticMeshActor
[2016.05.08-07.17.34:410][ 23]LogEditorActor: Deleted 1 Actors (0.023 secs)
[2016.05.08-07.18.25:932][351]Cmd: OBJ SAVEPACKAGE PACKAGE="/Game/cube" FILE="../../../../../../Programming/unreal/Cube/Cube/Content/cube.umap" SILENT=true AUTOSAVING=false KEEPDIRTY=false
[2016.05.08-07.18.25:971][351]LogSavePackage: Save=17.113041ms
[2016.05.08-07.18.25:971][351]LogSavePackage: Moving '../../../../../../Programming/unreal/Cube/Cube/Saved/cubeFA8A6F9A447FA9C5B021D0B5974FFD69.tmp' to '../../../../../../Programming/unreal/Cube/Cube/Content/cube.umap'
[2016.05.08-07.18.25:973][351]LogSavePackage: Total save time: 19.690294ms
[2016.05.08-07.18.25:973][351]LogSavePackage:Display: Finished SavePackage ../../../../../../Programming/unreal/Cube/Cube/Content/cube.umap
[2016.05.08-07.18.26:002][351]LogFileHelpers: Saving map 'cube' took 0.576
[2016.05.08-07.18.26:021][351]Cmd: OBJ SAVEPACKAGE PACKAGE="/Game/BaseCube" FILE="../../../../../../Programming/unreal/Cube/Cube/Content/BaseCube.uasset" SILENT=true
[2016.05.08-07.18.26:045][351]LogSavePackage: Save=22.089960ms
[2016.05.08-07.18.26:045][351]LogSavePackage: Moving '../../../../../../Programming/unreal/Cube/Cube/Saved/BaseCube6B8B1B4D4B708E1E2D3505AC91E0733F.tmp' to '../../../../../../Programming/unreal/Cube/Cube/Content/BaseCube.uasset'
[2016.05.08-07.18.26:047][351]LogSavePackage: Total save time: 24.571255ms
[2016.05.08-07.18.26:047][351]LogSavePackage:Display: Finished SavePackage ../../../../../../Programming/unreal/Cube/Cube/Content/BaseCube.uasset
[2016.05.08-07.18.29:134][719]LogEditorViewport: Clicking on Actor (LMB): StaticMeshActor (Cube)
[2016.05.08-07.18.29:628][771]Cmd: DELETE
[2016.05.08-07.18.29:628][771]Cmd: ACTOR DELETE
[2016.05.08-07.18.29:645][771]LogEditorActor: Deleted Actor: StaticMeshActor
[2016.05.08-07.18.29:666][771]LogEditorActor: Deleted 1 Actors (0.038 secs)
[2016.05.08-07.18.34:932][371]BlueprintLog: New page: 플레이 전 자동 컴파일
[2016.05.08-07.18.34:935][371]LogPlayLevel: [PlayLevel] Compiling BaseCube before play...
[2016.05.08-07.18.35:088][371]LogPlayLevel: PlayLevel: Blueprint regeneration took 156 ms (1 blueprints)
[2016.05.08-07.18.35:109][371]PIE: New page: PIE 세션: cube (2016. 5. 9. 오전 1:18:35)
[2016.05.08-07.18.35:109][371]LogPlayLevel: Creating play world package: /Game/UEDPIE_0_cube
[2016.05.08-07.18.35:110][371]LogPlayLevel: PIE: StaticDuplicateObject took: (0.001511s)
[2016.05.08-07.18.35:111][371]LogAIModule: Creating AISystem for world cube
[2016.05.08-07.18.35:111][371]LogPlayLevel: PIE: World Init took: (0.000711s)
[2016.05.08-07.18.35:111][371]LogPlayLevel: PIE: Created PIE world by copying editor world from /Game/cube.cube to /Game/UEDPIE_0_cube.cube (0.002398s)
[2016.05.08-07.18.35:144][371]LogInit: XAudio2 using '스피커(Realtek High Definition Audio)' : 2 channels at 48 kHz using 32 bits per sample (channel mask 0x3)
[2016.05.08-07.18.35:162][371]LogInit: FAudioDevice initialized.
[2016.05.08-07.18.35:193][371]LogWorld: Game class is 'GameMode'
[2016.05.08-07.18.35:195][371]LogWorld: Bringing World /Game/UEDPIE_0_cube.cube up for play (max tick rate 0) at 2016.05.08-16.18.35
[2016.05.08-07.18.35:195][371]LogActor:Warning: GameSession /Game/UEDPIE_0_cube.cube:PersistentLevel.GameSession_16 has natively added scene component(s), but none of them were set as the actor's RootComponent - picking one arbitrarily
[2016.05.08-07.18.35:195][371]LogActor:Warning: GameNetworkManager /Game/UEDPIE_0_cube.cube:PersistentLevel.GameNetworkManager_16 has natively added scene component(s), but none of them were set as the actor's RootComponent - picking one arbitrarily
[2016.05.08-07.18.35:196][371]LogWorld: Bringing up level for play took: 0.001831
[2016.05.08-07.18.35:197][371]PIE: 정보 /Game/UEDPIE_0_cube 에 대한 에디터에서 플레이 시작 시간: 0.934
[2016.05.08-07.18.38:817][789]LogParticles: Destroying 0 GPU particle simulations for FXSystem 0x0000026C934028E0
[2016.05.08-07.18.47:102][678]Cmd: OBJ SAVEPACKAGE PACKAGE="/Game/cube" FILE="../../../../../../Programming/unreal/Cube/Cube/Content/cube.umap" SILENT=true AUTOSAVING=false KEEPDIRTY=false
[2016.05.08-07.18.47:141][678]LogSavePackage: Save=15.292667ms
[2016.05.08-07.18.47:141][678]LogSavePackage: Moving '../../../../../../Programming/unreal/Cube/Cube/Saved/cube8B04012746A8E0CC9E7821AD28D11FDC.tmp' to '../../../../../../Programming/unreal/Cube/Cube/Content/cube.umap'
[2016.05.08-07.18.47:144][678]LogSavePackage: Total save time: 20.755839ms
[2016.05.08-07.18.47:144][678]LogSavePackage:Display: Finished SavePackage ../../../../../../Programming/unreal/Cube/Cube/Content/cube.umap
[2016.05.08-07.18.47:154][678]LogFileHelpers: Saving map 'cube' took 0.118
[2016.05.08-07.18.47:173][678]Cmd: OBJ SAVEPACKAGE PACKAGE="/Game/BaseCube" FILE="../../../../../../Programming/unreal/Cube/Cube/Content/BaseCube.uasset" SILENT=true
[2016.05.08-07.18.47:196][678]LogSavePackage: Save=20.685036ms
[2016.05.08-07.18.47:196][678]LogSavePackage: Moving '../../../../../../Programming/unreal/Cube/Cube/Saved/BaseCube51BC85184C6DA146B99A639335D22FD4.tmp' to '../../../../../../Programming/unreal/Cube/Cube/Content/BaseCube.uasset'
[2016.05.08-07.18.47:199][678]LogSavePackage: Total save time: 24.775177ms
[2016.05.08-07.18.47:199][678]LogSavePackage:Display: Finished SavePackage ../../../../../../Programming/unreal/Cube/Cube/Content/BaseCube.uasset
[2016.05.08-07.18.48:412][807]BlueprintLog: New page: BaseCube 컴파일
[2016.05.08-07.18.48:475][807]BlueprintEditorCompileResults: 정보 [1062.63] BaseCube 컴파일에 성공했습니다! [소요시간 62 ms]
[2016.05.08-07.18.49:517][917]LogPlayLevel: PlayLevel: No blueprints needed recompiling
[2016.05.08-07.18.49:517][917]PIE: New page: PIE 세션: cube (2016. 5. 9. 오전 1:18:49)
[2016.05.08-07.18.49:518][917]LogPlayLevel: Creating play world package: /Game/UEDPIE_0_cube
[2016.05.08-07.18.49:519][917]LogPlayLevel: PIE: StaticDuplicateObject took: (0.001529s)
[2016.05.08-07.18.49:520][917]LogAIModule: Creating AISystem for world cube
[2016.05.08-07.18.49:520][917]LogPlayLevel: PIE: World Init took: (0.000588s)
[2016.05.08-07.18.49:520][917]LogPlayLevel: PIE: Created PIE world by copying editor world from /Game/cube.cube to /Game/UEDPIE_0_cube.cube (0.002266s)
[2016.05.08-07.18.49:554][917]LogInit: XAudio2 using '스피커(Realtek High Definition Audio)' : 2 channels at 48 kHz using 32 bits per sample (channel mask 0x3)
[2016.05.08-07.18.49:571][917]LogInit: FAudioDevice initialized.
[2016.05.08-07.18.49:608][917]LogWorld: Game class is 'GameMode'
[2016.05.08-07.18.49:611][917]LogWorld: Bringing World /Game/UEDPIE_0_cube.cube up for play (max tick rate 0) at 2016.05.08-16.18.49
[2016.05.08-07.18.49:611][917]LogActor:Warning: GameSession /Game/UEDPIE_0_cube.cube:PersistentLevel.GameSession_17 has natively added scene component(s), but none of them were set as the actor's RootComponent - picking one arbitrarily
[2016.05.08-07.18.49:611][917]LogActor:Warning: GameNetworkManager /Game/UEDPIE_0_cube.cube:PersistentLevel.GameNetworkManager_17 has natively added scene component(s), but none of them were set as the actor's RootComponent - picking one arbitrarily
[2016.05.08-07.18.49:611][917]LogWorld: Bringing up level for play took: 0.001761
[2016.05.08-07.18.49:613][917]PIE: 정보 /Game/UEDPIE_0_cube 에 대한 에디터에서 플레이 시작 시간: -0.65
[2016.05.08-07.18.57:694][877]LogParticles: Destroying 0 GPU particle simulations for FXSystem 0x0000026C07B4CF40
[2016.05.08-07.18.58:774][990]LogPlayLevel: PlayLevel: No blueprints needed recompiling
[2016.05.08-07.18.58:774][990]PIE: New page: PIE 세션: cube (2016. 5. 9. 오전 1:18:58)
[2016.05.08-07.18.58:774][990]LogPlayLevel: Creating play world package: /Game/UEDPIE_0_cube
[2016.05.08-07.18.58:775][990]LogPlayLevel: PIE: StaticDuplicateObject took: (0.001649s)
[2016.05.08-07.18.58:776][990]LogAIModule: Creating AISystem for world cube
[2016.05.08-07.18.58:776][990]LogPlayLevel: PIE: World Init took: (0.000800s)
[2016.05.08-07.18.58:776][990]LogPlayLevel: PIE: Created PIE world by copying editor world from /Game/cube.cube to /Game/UEDPIE_0_cube.cube (0.002608s)
[2016.05.08-07.18.58:810][990]LogInit: XAudio2 using '스피커(Realtek High Definition Audio)' : 2 channels at 48 kHz using 32 bits per sample (channel mask 0x3)
[2016.05.08-07.18.58:826][990]LogInit: FAudioDevice initialized.
[2016.05.08-07.18.58:863][990]LogWorld: Game class is 'GameMode'
[2016.05.08-07.18.58:865][990]LogWorld: Bringing World /Game/UEDPIE_0_cube.cube up for play (max tick rate 0) at 2016.05.08-16.18.58
[2016.05.08-07.18.58:865][990]LogActor:Warning: GameSession /Game/UEDPIE_0_cube.cube:PersistentLevel.GameSession_18 has natively added scene component(s), but none of them were set as the actor's RootComponent - picking one arbitrarily
[2016.05.08-07.18.58:865][990]LogActor:Warning: GameNetworkManager /Game/UEDPIE_0_cube.cube:PersistentLevel.GameNetworkManager_18 has natively added scene component(s), but none of them were set as the actor's RootComponent - picking one arbitrarily
[2016.05.08-07.18.58:865][990]LogWorld: Bringing up level for play took: 0.001901
[2016.05.08-07.18.58:867][990]PIE: 정보 /Game/UEDPIE_0_cube 에 대한 에디터에서 플레이 시작 시간: 0.604
[2016.05.08-07.19.04:507][650]LogParticles: Destroying 0 GPU particle simulations for FXSystem 0x0000026C073CC680
[2016.05.08-07.19.38:984][413]Cmd: OBJ SAVEPACKAGE PACKAGE="/Game/cube" FILE="../../../../../../Programming/unreal/Cube/Cube/Content/cube.umap" SILENT=true AUTOSAVING=false KEEPDIRTY=false
[2016.05.08-07.19.39:081][413]LogSavePackage: Save=74.166069ms
[2016.05.08-07.19.39:081][413]LogSavePackage: Moving '../../../../../../Programming/unreal/Cube/Cube/Saved/cube150CF59244D1ECC262934CB0B7C5AA95.tmp' to '../../../../../../Programming/unreal/Cube/Cube/Content/cube.umap'
[2016.05.08-07.19.39:083][413]LogSavePackage: Total save time: 77.423844ms
[2016.05.08-07.19.39:083][413]LogSavePackage:Display: Finished SavePackage ../../../../../../Programming/unreal/Cube/Cube/Content/cube.umap
[2016.05.08-07.19.39:093][413]LogFileHelpers: Saving map 'cube' took 0.172
[2016.05.08-07.19.39:109][413]Cmd: OBJ SAVEPACKAGE PACKAGE="/Game/BaseCube" FILE="../../../../../../Programming/unreal/Cube/Cube/Content/BaseCube.uasset" SILENT=true
[2016.05.08-07.19.39:127][413]LogSavePackage: Save=15.944807ms
[2016.05.08-07.19.39:127][413]LogSavePackage: Moving '../../../../../../Programming/unreal/Cube/Cube/Saved/BaseCube3B8B306447918ECAEBEFAB852185CE16.tmp' to '../../../../../../Programming/unreal/Cube/Cube/Content/BaseCube.uasset'
[2016.05.08-07.19.39:129][413]LogSavePackage: Total save time: 18.842719ms
[2016.05.08-07.19.39:129][413]LogSavePackage:Display: Finished SavePackage ../../../../../../Programming/unreal/Cube/Cube/Content/BaseCube.uasset
[2016.05.08-07.19.41:377][678]LogBlueprintUserMessages: Early PlayInEditor Detection: Level '/Game/cube.cube:PersistentLevel' has LevelScriptBlueprint '/Game/cube.cube:PersistentLevel.cube' with GeneratedClass '/Game/cube.cube_C' with ClassGeneratedBy '/Game/cube.cube:PersistentLevel.cube'
[2016.05.08-07.19.41:378][678]BlueprintLog: New page: 플레이 전 자동 컴파일
[2016.05.08-07.19.41:381][678]LogPlayLevel: [PlayLevel] Compiling BaseCube before play...
[2016.05.08-07.19.41:426][678]LogPlayLevel: PlayLevel: Blueprint regeneration took 48 ms (1 blueprints)
[2016.05.08-07.19.41:446][678]PIE: New page: PIE 세션: cube (2016. 5. 9. 오전 1:19:41)
[2016.05.08-07.19.41:446][678]LogPlayLevel: Creating play world package: /Game/UEDPIE_0_cube
[2016.05.08-07.19.41:450][678]LogPlayLevel: PIE: StaticDuplicateObject took: (0.002489s)
[2016.05.08-07.19.41:450][678]LogAIModule: Creating AISystem for world cube
[2016.05.08-07.19.41:450][678]LogPlayLevel: PIE: World Init took: (0.000635s)
[2016.05.08-07.19.41:451][678]LogPlayLevel: PIE: Created PIE world by copying editor world from /Game/cube.cube to /Game/UEDPIE_0_cube.cube (0.003265s)
[2016.05.08-07.19.41:484][678]LogInit: XAudio2 using '스피커(Realtek High Definition Audio)' : 2 channels at 48 kHz using 32 bits per sample (channel mask 0x3)
[2016.05.08-07.19.41:500][678]LogInit: FAudioDevice initialized.
[2016.05.08-07.19.41:536][678]LogWorld: Game class is 'GameMode'
[2016.05.08-07.19.41:538][678]LogWorld: Bringing World /Game/UEDPIE_0_cube.cube up for play (max tick rate 0) at 2016.05.08-16.19.41
[2016.05.08-07.19.41:538][678]LogActor:Warning: GameSession /Game/UEDPIE_0_cube.cube:PersistentLevel.GameSession_19 has natively added scene component(s), but none of them were set as the actor's RootComponent - picking one arbitrarily
[2016.05.08-07.19.41:539][678]LogActor:Warning: GameNetworkManager /Game/UEDPIE_0_cube.cube:PersistentLevel.GameNetworkManager_19 has natively added scene component(s), but none of them were set as the actor's RootComponent - picking one arbitrarily
[2016.05.08-07.19.41:539][678]LogWorld: Bringing up level for play took: 0.001916
[2016.05.08-07.19.41:540][678]PIE: 정보 /Game/UEDPIE_0_cube 에 대한 에디터에서 플레이 시작 시간: -0.723
[2016.05.08-07.19.41:540][678]LogBlueprintUserMessages: Late PlayInEditor Detection: Level '/Game/cube.cube:PersistentLevel' has LevelScriptBlueprint '/Game/cube.cube:PersistentLevel.cube' with GeneratedClass '/Game/cube.cube_C' with ClassGeneratedBy '/Game/cube.cube:PersistentLevel.cube'
[2016.05.08-07.19.42:076][741]LogBlueprintUserMessages: [cube_C_0] Hello
[2016.05.08-07.19.42:426][783]LogBlueprintUserMessages: [cube_C_0] Hello
[2016.05.08-07.19.43:368][896]LogBlueprintUserMessages: [cube_C_0] Hello
[2016.05.08-07.19.43:560][919]LogBlueprintUserMessages: [cube_C_0] Hello
[2016.05.08-07.19.43:768][944]LogBlueprintUserMessages: [cube_C_0] Hello
[2016.05.08-07.19.43:968][968]LogBlueprintUserMessages: [cube_C_0] Hello
[2016.05.08-07.19.44:160][991]LogBlueprintUserMessages: [cube_C_0] Hello
[2016.05.08-07.19.44:968][ 88]LogBlueprintUserMessages: [cube_C_0] Hello
[2016.05.08-07.19.45:202][116]LogBlueprintUserMessages: [cube_C_0] Hello
[2016.05.08-07.19.45:385][138]LogBlueprintUserMessages: [cube_C_0] Hello
[2016.05.08-07.19.46:053][218]LogBlueprintUserMessages: Early EndPlayMap Detection: Level '/Game/cube.cube:PersistentLevel' has LevelScriptBlueprint '/Game/cube.cube:PersistentLevel.cube' with GeneratedClass '/Game/cube.cube_C' with ClassGeneratedBy '/Game/cube.cube:PersistentLevel.cube'
[2016.05.08-07.19.46:100][218]LogBlueprintUserMessages: Late EndPlayMap Detection: Level '/Game/cube.cube:PersistentLevel' has LevelScriptBlueprint '/Game/cube.cube:PersistentLevel.cube' with GeneratedClass '/Game/cube.cube_C' with ClassGeneratedBy '/Game/cube.cube:PersistentLevel.cube'
[2016.05.08-07.19.46:166][219]LogParticles: Destroying 0 GPU particle simulations for FXSystem 0x0000026CAE79C2C0
[2016.05.08-07.22.11:923][464]Cmd: TRANSACTION UNDO
[2016.05.08-07.22.11:923][464]LogEditorTransaction: Undo 액터 이동
[2016.05.08-07.22.13:825][637]Cmd: TRANSACTION UNDO
[2016.05.08-07.22.13:825][637]LogEditorTransaction: Undo 액터 이동
[2016.05.08-07.24.02:952][581]LogEditorViewport: Clicking on Actor (LMB): BaseCube_C (BaseCube)
[2016.05.08-07.24.03:793][666]LogEditorViewport: Clicking on Actor (LMB): BP_Sky_Sphere_C (Sky Sphere)
[2016.05.08-07.24.04:214][702]LogEditorViewport: Clicking on Actor (LMB): BP_Sky_Sphere_C (Sky Sphere)
[2016.05.08-07.24.04:822][761]LogEditorViewport: Clicking on Actor (LMB): BaseCube_C (BaseCube)
[2016.05.08-07.24.12:587][549]Cmd: TRANSACTION UNDO
[2016.05.08-07.24.12:587][549]LogEditorTransaction: Undo 액터 회전
[2016.05.08-07.24.13:789][650]LogEditorViewport: Clicking on Actor (LMB): BP_Sky_Sphere_C (Sky Sphere)
[2016.05.08-07.24.26:200][852]LogEditorViewport: Clicking on Actor (LMB): BP_Sky_Sphere_C (Sky Sphere)
[2016.05.08-07.24.31:905][410]Cmd: TRANSACTION UNDO
[2016.05.08-07.24.31:905][410]LogEditorTransaction: Undo 액터 회전
[2016.05.08-07.24.36:536][834]Cmd: TRANSACTION UNDO
[2016.05.08-07.24.36:536][834]LogEditorTransaction: Undo 액터 회전
[2016.05.08-07.29.29:832][264]Cmd: OBJ SAVEPACKAGE PACKAGE="/Game/cube" FILE="../../../../../../Programming/unreal/Cube/Cube/Content/cube.umap" SILENT=true AUTOSAVING=false KEEPDIRTY=false
[2016.05.08-07.29.29:917][264]LogSavePackage: Save=57.163620ms
[2016.05.08-07.29.29:917][264]LogSavePackage: Moving '../../../../../../Programming/unreal/Cube/Cube/Saved/cube99C1063945742136C77091A445F2E8B2.tmp' to '../../../../../../Programming/unreal/Cube/Cube/Content/cube.umap'
[2016.05.08-07.29.29:920][264]LogSavePackage: Total save time: 62.812284ms
[2016.05.08-07.29.29:920][264]LogSavePackage:Display: Finished SavePackage ../../../../../../Programming/unreal/Cube/Cube/Content/cube.umap
[2016.05.08-07.29.29:930][264]LogFileHelpers: Saving map 'cube' took 0.162
[2016.05.08-07.29.31:885][468]LogWindowsTextInputMethodSystem:Display: IME system now activated using TSF (Microsoft 입력기).
[2016.05.08-07.29.32:080][469]Cmd: QUIT_EDITOR
[2016.05.08-07.29.32:791][469]LogExit: Preparing to exit.
[2016.05.08-07.29.33:272][469]LogExit: Editor shut down
[2016.05.08-07.29.33:272][469]LogExit: Transaction tracking system shut down
[2016.05.08-07.29.33:273][469]LogParticles: Destroying 0 GPU particle simulations for FXSystem 0x0000026C14F9E480
[2016.05.08-07.29.33:274][469]LogParticles: Destroying 0 GPU particle simulations for FXSystem 0x0000026C71AF2A20
[2016.05.08-07.29.33:274][469]LogParticles: Destroying 0 GPU particle simulations for FXSystem 0x0000026C6859BA60
[2016.05.08-07.29.33:274][469]LogParticles: Destroying 0 GPU particle simulations for FXSystem 0x0000026C7201F880
[2016.05.08-07.29.33:274][469]LogParticles: Destroying 0 GPU particle simulations for FXSystem 0x0000026C14F9FEC0
[2016.05.08-07.29.33:274][469]LogParticles: Destroying 0 GPU particle simulations for FXSystem 0x0000026C14F9F380
[2016.05.08-07.29.33:278][469]LogParticles: Destroying 0 GPU particle simulations for FXSystem 0x0000026C9F4522A0
[2016.05.08-07.29.33:429][469]LogExit: Object subsystem successfully closed.
[2016.05.08-07.29.33:444][469]LogD3D11RHI: Shutdown
[2016.05.08-07.29.33:444][469]LogD3D11RHI: CleanupD3DDevice
[2016.05.08-07.29.33:490][469]LogD3D11RHI: ~FD3D11DynamicRHI
[2016.05.08-07.29.33:504][469]LogModuleManager: Shutting down and abandoning module ExternalImagePicker (201)
[2016.05.08-07.29.33:504][469]LogModuleManager: Shutting down and abandoning module BlueprintGraph (200)
[2016.05.08-07.29.33:504][469]LogModuleManager: Shutting down and abandoning module CookingStats (199)
[2016.05.08-07.29.33:504][469]LogModuleManager: Shutting down and abandoning module CrashTracker (198)
[2016.05.08-07.29.33:504][469]LogModuleManager: Shutting down and abandoning module SceneOutliner (197)
[2016.05.08-07.29.33:504][469]LogModuleManager: Shutting down and abandoning module SuperSearch (196)
[2016.05.08-07.29.33:504][469]LogModuleManager: Shutting down and abandoning module WidgetCarousel (195)
[2016.05.08-07.29.33:504][469]LogModuleManager: Shutting down and abandoning module AddContentDialog (194)
[2016.05.08-07.29.33:505][469]LogModuleManager: Shutting down and abandoning module EditorWidgets (193)
[2016.05.08-07.29.33:505][469]LogModuleManager: Shutting down and abandoning module CollectionManager (192)
[2016.05.08-07.29.33:505][469]LogModuleManager: Shutting down and abandoning module StatsViewer (191)
[2016.05.08-07.29.33:505][469]LogModuleManager: Shutting down and abandoning module FoliageEdit (190)
[2016.05.08-07.29.33:505][469]LogModuleManager: Shutting down and abandoning module LandscapeEditor (189)
[2016.05.08-07.29.33:506][469]LogModuleManager: Shutting down and abandoning module ActorPickerMode (188)
[2016.05.08-07.29.33:506][469]LogModuleManager: Shutting down and abandoning module GeometryMode (187)
[2016.05.08-07.29.33:506][469]LogModuleManager: Shutting down and abandoning module TextureAlignMode (186)
[2016.05.08-07.29.33:506][469]LogModuleManager: Shutting down and abandoning module BspMode (185)
[2016.05.08-07.29.33:506][469]LogModuleManager: Shutting down and abandoning module PlacementMode (184)
[2016.05.08-07.29.33:506][469]LogModuleManager: Shutting down and abandoning module AutomationWorker (183)
[2016.05.08-07.29.33:506][469]LogModuleManager: Shutting down and abandoning module CharacterAI (182)
[2016.05.08-07.29.33:506][469]LogModuleManager: Shutting down and abandoning module SmartSnapping (181)
[2016.05.08-07.29.33:506][469]LogModuleManager: Shutting down and abandoning module ViewportSnapping (180)
[2016.05.08-07.29.33:506][469]LogModuleManager: Shutting down and abandoning module LogVisualizer (179)
[2016.05.08-07.29.33:506][469]LogModuleManager: Shutting down and abandoning module GameProjectGeneration (178)
[2016.05.08-07.29.33:506][469]LogModuleManager: Shutting down and abandoning module IntroTutorials (177)
[2016.05.08-07.29.33:506][469]LogModuleManager: Shutting down and abandoning module EditorLiveStreaming (176)
[2016.05.08-07.29.33:506][469]LogModuleManager: Shutting down and abandoning module IOSPlatformEditor (175)
[2016.05.08-07.29.33:506][469]LogModuleManager: Shutting down and abandoning module HTML5PlatformEditor (174)
[2016.05.08-07.29.33:506][469]LogModuleManager: Shutting down and abandoning module AndroidDeviceDetection (173)
[2016.05.08-07.29.34:466][469]LogModuleManager: Shutting down and abandoning module AndroidPlatformEditor (172)
[2016.05.08-07.29.34:466][469]LogModuleManager: Shutting down and abandoning module IOSRuntimeSettings (171)
[2016.05.08-07.29.34:466][469]LogModuleManager: Shutting down and abandoning module AndroidRuntimeSettings (170)
[2016.05.08-07.29.34:466][469]LogModuleManager: Shutting down and abandoning module MergeActors (169)
[2016.05.08-07.29.34:467][469]LogModuleManager: Shutting down and abandoning module SizeMap (168)
[2016.05.08-07.29.34:467][469]LogModuleManager: Shutting down and abandoning module TreeMap (167)
[2016.05.08-07.29.34:467][469]LogModuleManager: Shutting down and abandoning module ReferenceViewer (166)
[2016.05.08-07.29.34:467][469]LogModuleManager: Shutting down and abandoning module LocalizationService (165)
[2016.05.08-07.29.34:467][469]LogModuleManager: Shutting down and abandoning module LocalizationDashboard (164)
[2016.05.08-07.29.34:467][469]LogModuleManager: Shutting down and abandoning module HardwareTargeting (163)
[2016.05.08-07.29.34:467][469]LogModuleManager: Shutting down and abandoning module DeviceProfileEditor (162)
[2016.05.08-07.29.34:467][469]LogModuleManager: Shutting down and abandoning module UndoHistory (161)
[2016.05.08-07.29.34:467][469]LogModuleManager: Shutting down and abandoning module GameplayTagsEditor (160)
[2016.05.08-07.29.34:467][469]LogModuleManager: Shutting down and abandoning module UserFeedback (159)
[2016.05.08-07.29.34:467][469]LogModuleManager: Shutting down and abandoning module XmlParser (158)
[2016.05.08-07.29.34:467][469]LogModuleManager: Shutting down and abandoning module Blutility (157)
[2016.05.08-07.29.34:467][469]LogModuleManager: Shutting down and abandoning module ProjectTargetPlatformEditor (156)
[2016.05.08-07.29.34:467][469]LogModuleManager: Shutting down and abandoning module ProjectSettingsViewer (155)
[2016.05.08-07.29.34:467][469]LogModuleManager: Shutting down and abandoning module InputBindingEditor (154)
[2016.05.08-07.29.34:467][469]LogModuleManager: Shutting down and abandoning module EditorSettingsViewer (153)
[2016.05.08-07.29.34:467][469]LogModuleManager: Shutting down and abandoning module SettingsEditor (152)
[2016.05.08-07.29.34:467][469]LogModuleManager: Shutting down and abandoning module ProjectLauncher (151)
[2016.05.08-07.29.34:467][469]LogModuleManager: Shutting down and abandoning module SessionFrontend (150)
[2016.05.08-07.29.34:467][469]LogModuleManager: Shutting down and abandoning module ProfilerClient (149)
[2016.05.08-07.29.34:467][469]LogModuleManager: Shutting down and abandoning module TargetDeviceServices (148)
[2016.05.08-07.29.34:467][469]LogModuleManager: Shutting down and abandoning module DeviceManager (147)
[2016.05.08-07.29.34:467][469]LogModuleManager: Shutting down and abandoning module AutomationController (146)
[2016.05.08-07.29.34:467][469]LogModuleManager: Shutting down and abandoning module AutomationWindow (145)
[2016.05.08-07.29.34:467][469]LogModuleManager: Shutting down and abandoning module Layers (144)
[2016.05.08-07.29.34:467][469]LogModuleManager: Shutting down and abandoning module ComponentVisualizers (143)
[2016.05.08-07.29.34:467][469]LogModuleManager: Shutting down and abandoning module DetailCustomizations (142)
[2016.05.08-07.29.34:467][469]LogModuleManager: Shutting down and abandoning module PackagesDialog (141)
[2016.05.08-07.29.34:467][469]LogModuleManager: Shutting down and abandoning module Persona (140)
[2016.05.08-07.29.34:467][469]LogModuleManager: Shutting down and abandoning module Kismet (139)
[2016.05.08-07.29.34:467][469]LogModuleManager: Shutting down and abandoning module GraphEditor (138)
[2016.05.08-07.29.34:467][469]LogModuleManager: Shutting down and abandoning module ClassViewer (137)
[2016.05.08-07.29.34:468][469]LogModuleManager: Shutting down and abandoning module Toolbox (136)
[2016.05.08-07.29.34:468][469]LogModuleManager: Shutting down and abandoning module ModuleUI (135)
[2016.05.08-07.29.34:468][469]LogModuleManager: Shutting down and abandoning module MovieSceneTools (134)
[2016.05.08-07.29.34:468][469]LogModuleManager: Shutting down and abandoning module OutputLog (133)
[2016.05.08-07.29.34:468][469]LogModuleManager: Shutting down and abandoning module GammaUI (132)
[2016.05.08-07.29.34:468][469]LogModuleManager: Shutting down and abandoning module Documentation (131)
[2016.05.08-07.29.34:468][469]LogModuleManager: Shutting down and abandoning module GameLiveStreaming (130)
[2016.05.08-07.29.34:468][469]LogModuleManager: Shutting down and abandoning module StreamingPauseRendering (129)
[2016.05.08-07.29.34:468][469]LogModuleManager: Shutting down and abandoning module AnalyticsET (128)
[2016.05.08-07.29.34:468][469]LogModuleManager: Shutting down and abandoning module Analytics (127)
[2016.05.08-07.29.34:468][469]LogModuleManager: Shutting down and abandoning module AITestSuite (126)
[2016.05.08-07.29.34:468][469]LogModuleManager: Shutting down and abandoning module GameplayDebugger (125)
[2016.05.08-07.29.34:469][469]LogModuleManager: Shutting down and abandoning module AIModule (124)
[2016.05.08-07.29.34:469][469]LogModuleManager: Shutting down and abandoning module ProfilerService (123)
[2016.05.08-07.29.34:672][469]LogModuleManager: Shutting down and abandoning module TaskGraph (122)
[2016.05.08-07.29.34:672][469]LogModuleManager: Shutting down and abandoning module SlateRemote (121)
[2016.05.08-07.29.34:673][469]LogModuleManager: Shutting down and abandoning module SteamVRController (120)
[2016.05.08-07.29.34:673][469]LogModuleManager: Shutting down and abandoning module SteamVR (119)
[2016.05.08-07.29.34:673][469]LogModuleManager: Shutting down and abandoning module ProceduralMeshComponent (118)
[2016.05.08-07.29.34:673][469]LogModuleManager: Shutting down and abandoning module OculusLibrary (117)
[2016.05.08-07.29.34:673][469]LogModuleManager: Shutting down and abandoning module OculusInput (116)
[2016.05.08-07.29.34:673][469]LogModuleManager: Shutting down and abandoning module LeapMotionController (115)
[2016.05.08-07.29.34:686][469]LogModuleManager: Shutting down and abandoning module CustomMeshComponent (114)
[2016.05.08-07.29.34:687][469]LogModuleManager: Shutting down and abandoning module CableComponent (113)
[2016.05.08-07.29.34:687][469]LogModuleManager: Shutting down and abandoning module ArchVisCharacter (112)
[2016.05.08-07.29.34:687][469]LogModuleManager: Shutting down and abandoning module MessagingDebugger (111)
[2016.05.08-07.29.34:687][469]LogModuleManager: Shutting down and abandoning module MediaPlayerEditor (110)
[2016.05.08-07.29.34:687][469]LogModuleManager: Shutting down and abandoning module HTML5Networking (109)
[2016.05.08-07.29.34:687][469]LogModuleManager: Shutting down and abandoning module SpeedTreeImporter (108)
[2016.05.08-07.29.34:687][469]LogModuleManager: Shutting down and abandoning module PluginBrowser (107)
[2016.05.08-07.29.34:687][469]LogModuleManager: Shutting down and abandoning module EpicSurvey (106)
[2016.05.08-07.29.34:687][469]LogModuleManager: Shutting down and abandoning module DesktopPlatform (105)
[2016.05.08-07.29.34:687][469]LogModuleManager: Shutting down and abandoning module VisualStudioSourceCodeAccess (104)
[2016.05.08-07.29.34:687][469]LogModuleManager: Shutting down and abandoning module UObjectPlugin (103)
[2016.05.08-07.29.34:687][469]LogModuleManager: Shutting down and abandoning module SubversionSourceControl (102)
[2016.05.08-07.29.34:687][469]LogModuleManager: Shutting down and abandoning module PerforceSourceControl (101)
[2016.05.08-07.29.34:687][469]LogModuleManager: Shutting down and abandoning module SourceControl (100)
[2016.05.08-07.29.34:687][469]LogModuleManager: Shutting down and abandoning module GitSourceControl (99)
[2016.05.08-07.29.34:687][469]LogModuleManager: Shutting down and abandoning module LightPropagationVolumeEditor (98)
[2016.05.08-07.29.34:687][469]LogModuleManager: Shutting down and abandoning module PaperTiledImporter (97)
[2016.05.08-07.29.34:687][469]LogModuleManager: Shutting down and abandoning module PaperSpriteSheetImporter (96)
[2016.05.08-07.29.34:687][469]LogModuleManager: Shutting down and abandoning module MeshPaint (95)
[2016.05.08-07.29.34:687][469]LogModuleManager: Shutting down and abandoning module SlateReflector (94)
[2016.05.08-07.29.34:687][469]LogModuleManager: Shutting down and abandoning module HotReload (93)
[2016.05.08-07.29.34:687][469]LogModuleManager: Shutting down and abandoning module MainFrame (92)
[2016.05.08-07.29.34:687][469]LogModuleManager: Shutting down and abandoning module LevelEditor (91)
[2016.05.08-07.29.34:688][469]LogModuleManager: Shutting down and abandoning module DirectoryWatcher (90)
[2016.05.08-07.29.34:689][469]LogModuleManager: Shutting down and abandoning module AssetRegistry (89)
[2016.05.08-07.29.34:754][469]LogModuleManager: Shutting down and abandoning module ContentBrowser (88)
[2016.05.08-07.29.34:754][469]LogModuleManager: Shutting down and abandoning module Paper2DEditor (87)
[2016.05.08-07.29.34:754][469]LogModuleManager: Shutting down and abandoning module UdpMessaging (86)
[2016.05.08-07.29.34:855][469]LogModuleManager: Shutting down and abandoning module LightPropagationVolumeRuntime (85)
[2016.05.08-07.29.34:855][469]LogModuleManager: Shutting down and abandoning module Paper2D (84)
[2016.05.08-07.29.34:855][469]LogModuleManager: Shutting down and abandoning module WindowsMoviePlayer (83)
[2016.05.08-07.29.34:857][469]LogModuleManager: Shutting down and abandoning module Media (82)
[2016.05.08-07.29.34:857][469]LogModuleManager: Shutting down and abandoning module WmfMedia (81)
[2016.05.08-07.29.34:857][469]LogModuleManager: Shutting down and abandoning module OnlineBlueprintSupport (80)
[2016.05.08-07.29.34:857][469]LogModuleManager: Shutting down and abandoning module GameplayTasksEditor (79)
[2016.05.08-07.29.34:857][469]LogModuleManager: Shutting down and abandoning module PropertyEditor (78)
[2016.05.08-07.29.34:857][469]LogModuleManager: Shutting down and abandoning module BehaviorTreeEditor (77)
[2016.05.08-07.29.34:857][469]LogModuleManager: Shutting down and abandoning module FunctionalTesting (76)
[2016.05.08-07.29.34:857][469]LogModuleManager: Shutting down and abandoning module CollisionAnalyzer (75)
[2016.05.08-07.29.34:857][469]LogModuleManager: Shutting down and abandoning module WorkspaceMenuStructure (74)
[2016.05.08-07.29.34:857][469]LogModuleManager: Shutting down and abandoning module MessageLog (73)
[2016.05.08-07.29.34:857][469]LogModuleManager: Shutting down and abandoning module Sequencer (72)
[2016.05.08-07.29.34:857][469]LogModuleManager: Shutting down and abandoning module AssetTools (71)
[2016.05.08-07.29.34:857][469]LogModuleManager: Shutting down and abandoning module UMGEditor (70)
[2016.05.08-07.29.34:858][469]LogModuleManager: Shutting down and abandoning module UMG (69)
[2016.05.08-07.29.34:858][469]LogModuleManager: Shutting down and abandoning module Slate (68)
[2016.05.08-07.29.34:858][469]LogModuleManager: Shutting down and abandoning module EditorStyle (67)
[2016.05.08-07.29.34:859][469]LogModuleManager: Shutting down and abandoning module SessionServices (66)
[2016.05.08-07.29.34:859][469]LogModuleManager: Shutting down and abandoning module SourceCodeAccess (65)
[2016.05.08-07.29.34:859][469]LogModuleManager: Shutting down and abandoning module HeadMountedDisplay (64)
[2016.05.08-07.29.34:859][469]LogModuleManager: Shutting down and abandoning module XAudio2 (63)
[2016.05.08-07.29.34:859][469]LogModuleManager: Shutting down and abandoning module Networking (61)
[2016.05.08-07.29.34:859][469]LogModuleManager: Shutting down and abandoning module Core (60)
[2016.05.08-07.29.34:859][469]LogModuleManager: Shutting down and abandoning module KismetCompiler (59)
[2016.05.08-07.29.34:859][469]LogModuleManager: Shutting down and abandoning module PhysXFormats (58)
[2016.05.08-07.29.34:859][469]LogModuleManager: Shutting down and abandoning module MeshUtilities (57)
[2016.05.08-07.29.34:859][469]LogModuleManager: Shutting down and abandoning module DerivedDataCache (56)
[2016.05.08-07.29.34:863][469]LogDerivedDataCache: Shutdown
[2016.05.08-07.29.34:863][469]LogModuleManager: Shutting down and abandoning module ShaderFormatOpenGL (55)
[2016.05.08-07.29.34:863][469]LogModuleManager: Shutting down and abandoning module ShaderFormatD3D (54)
[2016.05.08-07.29.34:863][469]LogModuleManager: Shutting down and abandoning module MetalShaderFormat (53)
[2016.05.08-07.29.34:863][469]LogModuleManager: Shutting down and abandoning module TextureFormatUncompressed (52)
[2016.05.08-07.29.34:863][469]LogModuleManager: Shutting down and abandoning module TextureFormatPVR (51)
[2016.05.08-07.29.34:863][469]LogModuleManager: Shutting down and abandoning module TextureFormatIntelISPCTexComp (50)
[2016.05.08-07.29.34:863][469]LogModuleManager: Shutting down and abandoning module TextureFormatDXT (49)
[2016.05.08-07.29.34:863][469]LogModuleManager: Shutting down and abandoning module ImageWrapper (48)
[2016.05.08-07.29.34:863][469]LogModuleManager: Shutting down and abandoning module TextureFormatASTC (47)
[2016.05.08-07.29.34:863][469]LogModuleManager: Shutting down and abandoning module TextureFormatAndroid (46)
[2016.05.08-07.29.34:863][469]LogModuleManager: Shutting down and abandoning module AudioFormatOpus (45)
[2016.05.08-07.29.34:863][469]LogModuleManager: Shutting down and abandoning module AudioFormatOgg (44)
[2016.05.08-07.29.34:863][469]LogModuleManager: Shutting down and abandoning module AudioFormatADPCM (43)
[2016.05.08-07.29.34:863][469]LogModuleManager: Shutting down and abandoning module LinuxTargetPlatform (42)
[2016.05.08-07.29.34:863][469]LogModuleManager: Shutting down and abandoning module LinuxServerTargetPlatform (41)
[2016.05.08-07.29.34:863][469]LogModuleManager: Shutting down and abandoning module LinuxNoEditorTargetPlatform (40)
[2016.05.08-07.29.34:863][469]LogModuleManager: Shutting down and abandoning module Messaging (39)
[2016.05.08-07.29.34:863][469]LogModuleManager: Shutting down and abandoning module IOSTargetPlatform (38)
[2016.05.08-07.29.34:863][469]LogModuleManager: Shutting down and abandoning module HTML5TargetPlatform (37)
[2016.05.08-07.29.34:863][469]LogModuleManager: Shutting down and abandoning module Android_PVRTCTargetPlatform (36)
[2016.05.08-07.29.34:863][469]LogModuleManager: Shutting down and abandoning module Android_MultiTargetPlatform (35)
[2016.05.08-07.29.34:863][469]LogModuleManager: Shutting down and abandoning module Android_ETC2TargetPlatform (34)
[2016.05.08-07.29.34:863][469]LogModuleManager: Shutting down and abandoning module Android_ETC1TargetPlatform (33)
[2016.05.08-07.29.34:863][469]LogModuleManager: Shutting down and abandoning module Android_DXTTargetPlatform (32)
[2016.05.08-07.29.34:863][469]LogModuleManager: Shutting down and abandoning module Android_ATCTargetPlatform (31)
[2016.05.08-07.29.34:863][469]LogModuleManager: Shutting down and abandoning module Android_ASTCTargetPlatform (30)
[2016.05.08-07.29.34:863][469]LogModuleManager: Shutting down and abandoning module AndroidTargetPlatform (29)
[2016.05.08-07.29.34:863][469]LogModuleManager: Shutting down and abandoning module WindowsTargetPlatform (28)
[2016.05.08-07.29.34:863][469]LogModuleManager: Shutting down and abandoning module WindowsServerTargetPlatform (27)
[2016.05.08-07.29.34:863][469]LogModuleManager: Shutting down and abandoning module WindowsNoEditorTargetPlatform (26)
[2016.05.08-07.29.34:863][469]LogModuleManager: Shutting down and abandoning module WindowsClientTargetPlatform (25)
[2016.05.08-07.29.34:863][469]LogModuleManager: Shutting down and abandoning module AllDesktopTargetPlatform (24)
[2016.05.08-07.29.34:863][469]LogModuleManager: Shutting down and abandoning module TargetPlatform (23)
[2016.05.08-07.29.34:863][469]LogModuleManager: Shutting down and abandoning module InputCore (22)
[2016.05.08-07.29.34:863][469]LogModuleManager: Shutting down and abandoning module Settings (21)
[2016.05.08-07.29.34:863][469]LogModuleManager: Shutting down and abandoning module OnlineSubsystem (19)
[2016.05.08-07.29.34:863][469]LogModuleManager: Shutting down and abandoning module HTTP (18)
[2016.05.08-07.29.35:864][469]LogModuleManager: Shutting down and abandoning module XMPP (17)
[2016.05.08-07.29.35:864][469]LogModuleManager: Shutting down and abandoning module OculusRift (16)
[2016.05.08-07.29.35:864][469]LogModuleManager: Shutting down and abandoning module ExampleDeviceProfileSelector (15)
[2016.05.08-07.29.35:864][469]LogModuleManager: Shutting down and abandoning module TextureCompressor (14)
[2016.05.08-07.29.35:864][469]LogModuleManager: Shutting down and abandoning module ShaderCore (13)
[2016.05.08-07.29.35:864][469]LogModuleManager: Shutting down and abandoning module Landscape (12)
[2016.05.08-07.29.35:864][469]LogModuleManager: Shutting down and abandoning module SlateRHIRenderer (11)
[2016.05.08-07.29.35:867][469]LogModuleManager: Shutting down and abandoning module OpenGLDrv (10)
[2016.05.08-07.29.35:867][469]LogModuleManager: Shutting down and abandoning module D3D11RHI (9)
[2016.05.08-07.29.35:867][469]LogModuleManager: Shutting down and abandoning module AnimGraphRuntime (8)
[2016.05.08-07.29.35:867][469]LogModuleManager: Shutting down and abandoning module Renderer (7)
[2016.05.08-07.29.35:867][469]LogModuleManager: Shutting down and abandoning module Engine (6)
[2016.05.08-07.29.35:867][469]LogModuleManager: Shutting down and abandoning module CoreUObject (5)
[2016.05.08-07.29.35:867][469]LogModuleManager: Shutting down and abandoning module NetworkFile (4)
[2016.05.08-07.29.35:867][469]LogModuleManager: Shutting down and abandoning module StreamingFile (3)
[2016.05.08-07.29.35:867][469]LogModuleManager: Shutting down and abandoning module SandboxFile (2)
[2016.05.08-07.29.35:867][469]LogModuleManager: Shutting down and abandoning module PakFile (1)
[2016.05.08-07.29.35:868][469]LogExit: Exiting.
[2016.05.08-07.29.35:877][469]Log file closed, 05/08/16 16:29:35
