Log file open, 05/31/16 05:16:49
LogInit:Display: Running engine for game: Cube
LogPlatformFile: Not using cached read wrapper
LogInit:Display: RandInit(-1862449018) SRandInit(-1862449017).
LogTaskGraph: Started task graph with 4 named threads and 7 total threads.
LogStats: Stats thread started at 0.084355
LogInit: Version: 4.11.2-2946394+++UE4+Release-4.11
LogInit: API Version: 2927265
LogInit: Compiled (64-bit): Apr 18 2016 02:18:46
LogInit: Compiled with Visual C++: 19.00.23026.00
LogInit: Build Configuration: Development
LogInit: Branch Name: ++UE4+Release-4.11
LogInit: Command line:  
LogInit: Base directory: D:/unreal/Epic Games/4.11/Engine/Binaries/Win64/
LogInit: Installed Engine Build: 1
LogInit: Using libcurl 7.41.0
LogInit:  - built for x86_64-pc-win32
LogInit:  - supports SSL with WinSSL
LogInit:  - other features:
LogInit:      CURL_VERSION_SSL
LogInit:      CURL_VERSION_IPV6
LogInit:      CURL_VERSION_ASYNCHDNS
LogInit:      CURL_VERSION_LARGEFILE
LogInit:      CURL_VERSION_IDN
LogInit:  CurlRequestOptions (configurable via config and command line):
LogInit:  - bVerifyPeer = true  - Libcurl will verify peer certificate
LogInit:  - bUseHttpProxy = false  - Libcurl will NOT use HTTP proxy
LogInit:  - bDontReuseConnections = false  - Libcurl will reuse connections
LogInit:  - CertBundlePath = nullptr  - Libcurl will use whatever was configured at build time.
LogInit: Presizing for max 16777216 objects, including 0 objects not considered by GC, pre-allocating 0 bytes for permanent pool.
LogInit: Object subsystem initialized
[2016.05.30-20.16.50:105][  0]LogInit: Selected Device Profile: [Windows]
[2016.05.30-20.16.50:105][  0]LogInit: Applying CVar settings loaded from the selected device profile: [Windows]
[2016.05.30-20.16.50:113][  0]LogInit: Computer: OWNER-PC
[2016.05.30-20.16.50:113][  0]LogInit: User: Owner
[2016.05.30-20.16.50:113][  0]LogInit: CPU Page size=65536, Cores=4
[2016.05.30-20.16.50:113][  0]LogInit: High frequency timer resolution =3.417982 MHz
[2016.05.30-20.16.50:114][  0]LogMemory: Memory total: Physical=15.9GB (16GB approx)
[2016.05.30-20.16.50:114][  0]LogMemory: Platform Memory Stats for Windows
[2016.05.30-20.16.50:114][  0]LogMemory: Process Physical Memory: 313.77 MB used, 313.77 MB peak
[2016.05.30-20.16.50:114][  0]LogMemory: Process Virtual Memory: 314.66 MB used, 314.66 MB peak
[2016.05.30-20.16.50:114][  0]LogMemory: Physical Memory: 3246.27 MB used, 16312.00 MB total
[2016.05.30-20.16.50:114][  0]LogMemory: Virtual Memory: 651.30 MB used, 134217728.00 MB total
[2016.05.30-20.16.50:254][  0]LogTextLocalizationManager: No specific translations for ('ko-KR') exist, so ('ko') translations will be used.
[2016.05.30-20.16.50:287][  0]LogTextLocalizationManager:Warning: Loaded localization resources contain conflicting entries for (Namespace:KismetSchema, Key:Default):
Localization Resource: (D:/unreal/Epic Games/4.11/Engine/Content/Localization/EditorTutorials/ko/EditorTutorials.locres) Source String Hash: (940523119) Localized String: (디폴트)
Localization Resource: (D:/unreal/Epic Games/4.11/Engine/Content/Localization/Engine/ko/Engine.locres) Source String Hash: (940523119) Localized String: (기본)
[2016.05.30-20.16.50:287][  0]LogTextLocalizationManager:Warning: Loaded localization resources contain conflicting entries for (Namespace:UObjectToolTips, Key:AnimNode_AssetPlayerBase:InternalTimeAccumulator):
Localization Resource: (D:/unreal/Epic Games/4.11/Engine/Content/Localization/EditorTutorials/ko/EditorTutorials.locres) Source String Hash: (502993589) Localized String: (이 노드에서 애셋을 레퍼런싱하는 데 사용되는 누적 시간입니다.)
Localization Resource: (D:/unreal/Epic Games/4.11/Engine/Content/Localization/Engine/ko/Engine.locres) Source String Hash: (502993589) Localized String: (이 노드에서 애셋을 레퍼런싱하는 데 사용된 누적 시간입니다.)
[2016.05.30-20.16.50:287][  0]LogTextLocalizationManager:Warning: Loaded localization resources contain conflicting entries for (Namespace:UObjectToolTips, Key:AnimNode_AssetPlayerBase:bIgnoreForRelevancyTest):
Localization Resource: (D:/unreal/Epic Games/4.11/Engine/Content/Localization/EditorTutorials/ko/EditorTutorials.locres) Source String Hash: (319969718) Localized String: (True 면, 스테이트에서 최고 가중치 애니메이션을 찾는 "Relevant anim" 노드는 이 노드를 무시합니다.
 )
Localization Resource: (D:/unreal/Epic Games/4.11/Engine/Content/Localization/Engine/ko/Engine.locres) Source String Hash: (319969718) Localized String: (True 면 스테이트 내 최고 웨이팅된 애니메이션을 찾는 "Relevant anim" 노드가 무시됩니다.
 )
[2016.05.30-20.16.50:287][  0]LogTextLocalizationManager:Warning: Loaded localization resources contain conflicting entries for (Namespace:UObjectToolTips, Key:AnimNode_AssetPlayerBase:BlendWeight):
Localization Resource: (D:/unreal/Epic Games/4.11/Engine/Content/Localization/EditorTutorials/ko/EditorTutorials.locres) Source String Hash: (-1232800293) Localized String: (이 노드에 마지막 걸린 블렌드웨이트 입니다.)
Localization Resource: (D:/unreal/Epic Games/4.11/Engine/Content/Localization/Engine/ko/Engine.locres) Source String Hash: (-1232800293) Localized String: (이 노드에 대해 마지막 접한 블렌드 웨이트)
[2016.05.30-20.16.50:399][  0]LogD3D11RHI: D3D11 adapters:
[2016.05.30-20.16.50:422][  0]LogD3D11RHI:    0. 'NVIDIA GeForce GTX 960' (Feature Level 11_0)
[2016.05.30-20.16.50:422][  0]LogD3D11RHI:       1969MB of dedicated video memory, 0MB of dedicated system memory, and 8155MB of shared system memory, 2 output[s]
[2016.05.30-20.16.50:424][  0]LogD3D11RHI:    1. 'Microsoft Basic Render Driver' (Feature Level 11_0)
[2016.05.30-20.16.50:424][  0]LogD3D11RHI:       0MB of dedicated video memory, 0MB of dedicated system memory, and 8155MB of shared system memory, 0 output[s]
[2016.05.30-20.16.50:424][  0]LogD3D11RHI: Chosen D3D11 Adapter: 0
[2016.05.30-20.16.50:428][  0]LogD3D11RHI: Creating new Direct3DDevice
[2016.05.30-20.16.50:428][  0]LogD3D11RHI:     Adapter Name: NVIDIA GeForce GTX 960
[2016.05.30-20.16.50:428][  0]LogD3D11RHI:   Driver Version: Unknown (internal Unknown)
[2016.05.30-20.16.50:428][  0]LogD3D11RHI:      Driver Date: Unknown
[2016.05.30-20.16.50:428][  0]LogRHI: Texture pool is 1361 MB (70% of 1945 MB)
[2016.05.30-20.16.50:441][  0]LogD3D11RHI: Async texture creation enabled
[2016.05.30-20.16.50:457][  0]LogShaderCompilers: Guid format shader working directory is -1 characters bigger than the processId version (../../../../../../Programming/unreal/Cube/Cube/Intermediate/Shaders/WorkingDirectory/12028/).
[2016.05.30-20.16.50:458][  0]LogShaderCompilers: Cleaned the shader compiler working directory 'C:/Users/Owner/AppData/Local/Temp/UnrealShaderWorkingDir/B3332C054535A024B5A1168FD34F24C0/'.
[2016.05.30-20.16.50:458][  0]LogShaderCompilers:Display: Using Local Shader Compiler.
[2016.05.30-20.16.52:665][  0]LogTemp:Display: Loaded TP AllDesktopTargetPlatform
[2016.05.30-20.16.52:668][  0]LogTemp:Display: Loaded TP WindowsClientTargetPlatform
[2016.05.30-20.16.52:672][  0]LogTemp:Display: Loaded TP WindowsNoEditorTargetPlatform
[2016.05.30-20.16.52:676][  0]LogTemp:Display: Loaded TP WindowsServerTargetPlatform
[2016.05.30-20.16.52:680][  0]LogTemp:Display: Loaded TP WindowsTargetPlatform
[2016.05.30-20.16.52:683][  0]LogTemp:Display: Loaded TP AndroidTargetPlatform
[2016.05.30-20.16.52:686][  0]LogTemp:Display: Loaded TP Android_ASTCTargetPlatform
[2016.05.30-20.16.52:689][  0]LogTemp:Display: Loaded TP Android_ATCTargetPlatform
[2016.05.30-20.16.52:691][  0]LogTemp:Display: Loaded TP Android_DXTTargetPlatform
[2016.05.30-20.16.52:694][  0]LogTemp:Display: Loaded TP Android_ETC1TargetPlatform
[2016.05.30-20.16.52:696][  0]LogTemp:Display: Loaded TP Android_ETC2TargetPlatform
[2016.05.30-20.16.52:703][  0]LogTemp:Display: Loaded TP Android_MultiTargetPlatform
[2016.05.30-20.16.52:703][  0]LogTemp:Display: Loaded TP Android_PVRTCTargetPlatform
[2016.05.30-20.16.52:706][  0]LogTemp:Display: Loaded TP HTML5TargetPlatform
[2016.05.30-20.16.52:740][  0]LogTemp:Display: Loaded TP IOSTargetPlatform
[2016.05.30-20.16.52:742][  0]LogTemp:Display: Loaded TP TVOSTargetPlatform
[2016.05.30-20.16.52:745][  0]LogTemp:Display: Loaded TP LinuxNoEditorTargetPlatform
[2016.05.30-20.16.52:748][  0]LogTemp:Display: Loaded TP LinuxServerTargetPlatform
[2016.05.30-20.16.52:751][  0]LogTemp:Display: Loaded TP LinuxTargetPlatform
[2016.05.30-20.16.52:751][  0]LogTargetPlatformManager:Display: Building Assets For Windows
[2016.05.30-20.16.53:045][  0]LogDerivedDataCache:Display: Max Cache Size: 512 MB
[2016.05.30-20.16.53:238][  0]LogDerivedDataCache: Loaded boot cache 0.19s 46MB C:/Users/Owner/AppData/Local/UnrealEngine/4.11/DerivedDataCache/Boot.ddc.
[2016.05.30-20.16.53:239][  0]LogDerivedDataCache:Display: Loaded Boot cache: C:/Users/Owner/AppData/Local/UnrealEngine/4.11/DerivedDataCache/Boot.ddc
[2016.05.30-20.16.53:240][  0]LogDerivedDataCache: FDerivedDataBackendGraph:  Pak pak cache file ../../../../../../Programming/unreal/Cube/Cube/DerivedDataCache/DDC.ddp not found, will not use a pak cache.
[2016.05.30-20.16.53:240][  0]LogDerivedDataCache: Unable to find inner node Pak for hierarchical cache Hierarchy.
[2016.05.30-20.16.53:240][  0]LogDerivedDataCache: FDerivedDataBackendGraph:  CompressedPak pak cache file ../../../../../../Programming/unreal/Cube/Cube/DerivedDataCache/Compressed.ddp not found, will not use a pak cache.
[2016.05.30-20.16.53:240][  0]LogDerivedDataCache: Unable to find inner node CompressedPak for hierarchical cache Hierarchy.
[2016.05.30-20.16.53:397][  0]LogDerivedDataCache:Display: Pak cache opened for reading ../../../Engine/DerivedDataCache/Compressed.ddp.
[2016.05.30-20.16.53:412][  0]LogDerivedDataCache: Using Local data cache path C:/Users/Owner/AppData/Local/UnrealEngine/Common/DerivedDataCache: Writable
[2016.05.30-20.16.58:053][  0]LogInit: Selected Device Profile: [Windows]
[2016.05.30-20.16.58:096][  0]LogContentStreaming: Texture pool size is 0.00 MB
[2016.05.30-20.16.59:335][  0]LogMaterial: Uniform references updated for custom material expression Custom.
[2016.05.30-20.17.00:313][  0]LogMeshUtilities: No automatic mesh reduction module available
[2016.05.30-20.17.00:313][  0]LogMeshUtilities: No automatic mesh merging module available
[2016.05.30-20.17.00:313][  0]LogMeshUtilities: No distributed automatic mesh merging module available
[2016.05.30-20.17.02:819][  0]LogUObjectArray: 27679 objects as part of root set at end of initial load.
[2016.05.30-20.17.02:819][  0]LogUObjectAllocator: 5591592 out of 0 bytes used by permanent object pool.
[2016.05.30-20.17.02:819][  0]LogUObjectArray: CloseDisregardForGC: 0/0 objects in disregard for GC pool
[2016.05.30-20.17.02:824][  0]LogInit: WinSock: version 1.1 (2.2), MaxSocks=32767, MaxUdp=65467
[2016.05.30-20.17.04:166][  0]LogSlate: SlateFontCache - WITH_FREETYPE: 1, WITH_HARFBUZZ: 1
[2016.05.30-20.17.04:167][  0]LogSlate: SlateFontCache - WITH_FREETYPE: 1, WITH_HARFBUZZ: 1
[2016.05.30-20.17.06:249][  0]LogStreaming:Warning: Failed to read file '../../../Engine/Content/Editor/Slate/Common/Selection_16x.png' error.
[2016.05.30-20.17.06:249][  0]LogSlate: Could not find file for Slate resource: ../../../Engine/Content/Editor/Slate/Common/Selection_16x.png
[2016.05.30-20.17.06:249][  0]LogStreaming:Warning: Failed to read file '../../../Engine/Content/Editor/Slate/Common/Selection_16x.png' error.
[2016.05.30-20.17.06:249][  0]LogSlate: Could not find file for Slate resource: ../../../Engine/Content/Editor/Slate/Common/Selection_16x.png
[2016.05.30-20.17.06:249][  0]LogStreaming:Warning: Failed to read file '../../../Engine/Content/Editor/Slate/Common/Selection_16x.png' error.
[2016.05.30-20.17.06:249][  0]LogSlate: Could not find file for Slate resource: ../../../Engine/Content/Editor/Slate/Common/Selection_16x.png
[2016.05.30-20.17.11:387][  0]LogUdpMessaging: Initializing bridge on interface 0.0.0.0:0 to multicast group 230.0.0.1:6666.
[2016.05.30-20.17.11:843][  0]LogAssetRegistry: FAssetRegistry took 0.0222 seconds to start up
[2016.05.30-20.17.15:255][  0]SourceControl: 정보 소스 콘트롤이 꺼졌습니다.
[2016.05.30-20.17.15:344][  0]SourceControl: 정보 소스 콘트롤이 꺼졌습니다.
[2016.05.30-20.17.15:431][  0]SourceControl: 정보 소스 콘트롤이 꺼졌습니다.
[2016.05.30-20.17.15:452][  0]SourceControl: 정보 소스 콘트롤이 꺼졌습니다.
[2016.05.30-20.17.16:027][  0]LogHMD: Failed to initialize OpenVR with code 110
[2016.05.30-20.17.16:502][  0]LogEngine: Initializing Engine...
[2016.05.30-20.17.17:184][  0]LogAIModule: Creating AISystem for world NewWorld
[2016.05.30-20.17.17:342][  0]LogInit: XAudio2 using '스피커(Realtek High Definition Audio)' : 2 channels at 48 kHz using 32 bits per sample (channel mask 0x3)
[2016.05.30-20.17.17:366][  0]LogInit: FAudioDevice initialized.
[2016.05.30-20.17.17:432][  0]LogDerivedDataCache: Saved boot cache 0.07s 46MB C:/Users/Owner/AppData/Local/UnrealEngine/4.11/DerivedDataCache/Boot.ddc.
[2016.05.30-20.17.17:439][  0]LogInit: Texture streaming: Enabled
[2016.05.30-20.17.17:797][  0]LogInit: Transaction tracking system initialized
[2016.05.30-20.17.20:800][  0]BlueprintLog: New page: 에디터 로드
[2016.05.30-20.17.23:027][  0]LocalizationService: 정보 현지화 서비스가 비활성화되었습니다.
[2016.05.30-20.17.24:200][  0]LogConsoleResponse:Display: 
[2016.05.30-20.17.27:306][  0]LogFileCache: Scanning file cache for directory 'D:/Programming/unreal/Cube/Cube/Content/' took 0.08s
[2016.05.30-20.17.27:306][  0]LogCook:Display: Max memory allowance for cook 8192mb
[2016.05.30-20.17.27:306][  0]LogCook:Display: Mobile HDR setting 1
[2016.05.30-20.17.27:314][  0]LogCook:Display: Done creating registry. It took  0.00s.
[2016.05.30-20.17.28:424][  0]SourceControl: 정보 소스 콘트롤이 꺼졌습니다.
[2016.05.30-20.17.28:488][  0]Cmd: MAP LOAD FILE="../../../../../../Programming/unreal/Cube/Cube/Content/Start.umap" TEMPLATE=0 SHOWPROGRESS=1 FEATURELEVEL=3
[2016.05.30-20.17.28:600][  0]LightingResults: New page: 라이팅 빌드
[2016.05.30-20.17.28:801][  0]MapCheck: New page: 맵 체크
[2016.05.30-20.17.28:801][  0]LightingResults: New page: 라이팅 빌드
[2016.05.30-20.17.29:808][  0]LogAIModule: Creating AISystem for world Start
[2016.05.30-20.17.29:954][  0]LogEditorServer: Finished looking for orphan Actors (0.000 secs)
[2016.05.30-20.17.29:983][  0]Cmd: MAP CHECKDEP NOCLEARLOG
[2016.05.30-20.17.30:044][  0]MapCheck: 정보 맵 체크 완료: 오류 0 회, 경고 0 회, 소요 시간 60.455ms.
[2016.05.30-20.17.30:044][  0]LogFileHelpers: Loading map 'Start' took 1.589
[2016.05.30-20.17.31:156][  0]LogCollectionManager: Loaded 1 collections in 0.016797 seconds
[2016.05.30-20.17.31:280][  0]LogFileCache: Scanning file cache for directory 'D:/Programming/unreal/Cube/Cube/Saved/Collections/' took 0.01s
[2016.05.30-20.17.31:280][  0]LogFileCache: Scanning file cache for directory 'D:/Programming/unreal/Cube/Cube/Content/Developers/Owner/Collections/' took 0.01s
[2016.05.30-20.17.31:280][  0]LogFileCache: Scanning file cache for directory 'D:/Programming/unreal/Cube/Cube/Content/Collections/' took 0.01s
[2016.05.30-20.17.31:280][  0]LogCollectionManager: Rebuilt the GUID cache for 1 collections in 0.000010 seconds
[2016.05.30-20.17.31:281][  0]LogCollectionManager: Rebuilt the hierarchy cache for 1 collections in 0.000001 seconds
[2016.05.30-20.17.31:299][  0]LogContentBrowser: Native class hierarchy populated in 0.0184 seconds. Added 1979 classes and 343 folders.
[2016.05.30-20.17.31:448][  0]LogStats: UGameplayTagsManager::ConstructGameplayTagTree: Construct from data asset -  0.000 s
[2016.05.30-20.17.31:448][  0]LogStats: UGameplayTagsManager::ConstructGameplayTagTree: GameplayTagTreeChangedEvent.Broadcast -  0.000 s
[2016.05.30-20.17.31:449][  0]LogContentBrowser: Native class hierarchy updated for 'GameplayTags' in 0.0004 seconds. Added 12 classes and 0 folders.
[2016.05.30-20.17.31:462][  0]LogContentBrowser: Native class hierarchy updated for 'WidgetCarousel' in 0.0004 seconds. Added 0 classes and 0 folders.
[2016.05.30-20.17.33:532][  0]LogContentBrowser: Native class hierarchy updated for 'SuperSearch' in 0.0004 seconds. Added 1 classes and 2 folders.
[2016.05.30-20.17.37:269][  0]LogContentBrowser: Native class hierarchy updated for 'AddContentDialog' in 0.0003 seconds. Added 0 classes and 0 folders.
[2016.05.30-20.17.37:361][  0]LogContentBrowser: Native class hierarchy updated for 'SceneOutliner' in 0.0005 seconds. Added 1 classes and 2 folders.
[2016.05.30-20.17.38:416][  0]LogCrashTracker: Crashtracker disabled due to settings.
[2016.05.30-20.17.38:530][  0]LogUObjectGlobals:Warning: 'Class 없음.' 오브젝트를 찾는 데 실패했습니다.
[2016.05.30-20.17.38:613][  0]LogContentBrowser: Native class hierarchy updated for 'HierarchicalLODOutliner' in 0.0004 seconds. Added 1 classes and 2 folders.
[2016.05.30-20.17.38:613][  0]LogLoad: Full Startup: 49.84 seconds (BP compile: 0.41 seconds)
[2016.05.30-20.17.38:613][  0]LogExternalProfiler: Found external profiler: VSPerf
[2016.05.30-20.17.38:613][  0]LogExternalProfiler: Using external profiler: VSPerf
[2016.05.30-20.17.38:997][  0]LogOcInput: OculusInput pre-init called
[2016.05.30-20.17.39:550][  0]LogContentStreaming: Texture pool size now 1000 MB
[2016.05.30-20.17.40:186][  0]LogRenderer: Reallocating scene render targets to support 1116x568 (Frame:2).
[2016.05.30-20.17.43:681][  2]LogContentBrowser: Native class hierarchy updated for 'BlueprintGraph' in 0.0008 seconds. Added 108 classes and 0 folders.
[2016.05.30-20.17.44:719][  2]LogLinker:Warning: 애셋 이름을 해석할 수 없습니다.
[2016.05.30-20.17.45:290][  2]LogAssetRegistry: Asset discovery search completed in 33.4692 seconds
[2016.05.30-20.17.45:290][  2]LogCollectionManager: Rebuilt the object cache for 1 collections in 0.000001 seconds (found 0 objects)
[2016.05.30-20.17.45:290][  2]LogCollectionManager: Fixed up redirectors for 1 collections in 0.000035 seconds (updated 0 objects)
[2016.05.30-20.31.58:544][668]LogActorComponent: UnregisterComponent: (/Engine/Transient.EditorFloorComp) Not registered. Aborting.
[2016.05.30-20.31.58:591][668]LogActorComponent: UnregisterComponent: (/Engine/Transient.EditorFloorComp) Not registered. Aborting.
[2016.05.30-20.31.58:663][668]LogWindowsTextInputMethodSystem:Display: IME system now activated using TSF (Microsoft 입력기).
[2016.05.30-20.31.58:920][669]Cmd: QUIT_EDITOR
[2016.05.30-20.31.59:141][669]LogExit: Preparing to exit.
[2016.05.30-20.31.59:974][669]LogExit: Editor shut down
[2016.05.30-20.31.59:974][669]LogExit: Transaction tracking system shut down
[2016.05.30-20.32.00:240][669]LogObj: Freed 0b from 0 cluster array pools.
[2016.05.30-20.32.00:240][669]LogExit: Object subsystem successfully closed.
[2016.05.30-20.32.00:305][669]LogD3D11RHI: Shutdown
[2016.05.30-20.32.00:305][669]LogD3D11RHI: CleanupD3DDevice
[2016.05.30-20.32.00:380][669]LogD3D11RHI: ~FD3D11DynamicRHI
[2016.05.30-20.32.00:398][669]LogDerivedDataCache: Shutdown
[2016.05.30-20.32.00:577][669]LogModuleManager: Shutting down and abandoning module BlueprintGraph (205)
[2016.05.30-20.32.00:577][669]LogModuleManager: Shutting down and abandoning module HierarchicalLODOutliner (204)
[2016.05.30-20.32.00:577][669]LogModuleManager: Shutting down and abandoning module CrashTracker (203)
[2016.05.30-20.32.00:577][669]LogModuleManager: Shutting down and abandoning module SceneOutliner (202)
[2016.05.30-20.32.00:577][669]LogModuleManager: Shutting down and abandoning module SuperSearch (201)
[2016.05.30-20.32.00:577][669]LogModuleManager: Shutting down and abandoning module WidgetCarousel (200)
[2016.05.30-20.32.00:577][669]LogModuleManager: Shutting down and abandoning module AddContentDialog (199)
[2016.05.30-20.32.00:578][669]LogModuleManager: Shutting down and abandoning module GameplayTags (198)
[2016.05.30-20.32.00:578][669]LogModuleManager: Shutting down and abandoning module EditorWidgets (197)
[2016.05.30-20.32.00:578][669]LogModuleManager: Shutting down and abandoning module CollectionManager (196)
[2016.05.30-20.32.00:578][669]LogModuleManager: Shutting down and abandoning module StatsViewer (195)
[2016.05.30-20.32.00:588][669]LogModuleManager: Shutting down and abandoning module FoliageEdit (194)
[2016.05.30-20.32.00:588][669]LogModuleManager: Shutting down and abandoning module LandscapeEditor (193)
[2016.05.30-20.32.00:593][669]LogModuleManager: Shutting down and abandoning module ActorPickerMode (192)
[2016.05.30-20.32.00:593][669]LogModuleManager: Shutting down and abandoning module GeometryMode (191)
[2016.05.30-20.32.00:593][669]LogModuleManager: Shutting down and abandoning module TextureAlignMode (190)
[2016.05.30-20.32.00:593][669]LogModuleManager: Shutting down and abandoning module BspMode (189)
[2016.05.30-20.32.00:593][669]LogModuleManager: Shutting down and abandoning module PlacementMode (188)
[2016.05.30-20.32.00:593][669]LogModuleManager: Shutting down and abandoning module AutomationWorker (187)
[2016.05.30-20.32.00:593][669]LogModuleManager: Shutting down and abandoning module CharacterAI (186)
[2016.05.30-20.32.00:593][669]LogModuleManager: Shutting down and abandoning module SmartSnapping (185)
[2016.05.30-20.32.00:593][669]LogModuleManager: Shutting down and abandoning module ViewportSnapping (184)
[2016.05.30-20.32.00:593][669]LogModuleManager: Shutting down and abandoning module LogVisualizer (183)
[2016.05.30-20.32.00:604][669]LogModuleManager: Shutting down and abandoning module GameProjectGeneration (182)
[2016.05.30-20.32.00:616][669]LogModuleManager: Shutting down and abandoning module IntroTutorials (181)
[2016.05.30-20.32.00:618][669]LogModuleManager: Shutting down and abandoning module EditorLiveStreaming (180)
[2016.05.30-20.32.00:618][669]LogModuleManager: Shutting down and abandoning module IOSPlatformEditor (179)
[2016.05.30-20.32.00:619][669]LogModuleManager: Shutting down and abandoning module HTML5PlatformEditor (178)
[2016.05.30-20.32.00:619][669]LogModuleManager: Shutting down and abandoning module AndroidDeviceDetection (177)
[2016.05.30-20.32.00:978][669]LogModuleManager: Shutting down and abandoning module AndroidPlatformEditor (176)
[2016.05.30-20.32.00:978][669]LogModuleManager: Shutting down and abandoning module IOSRuntimeSettings (175)
[2016.05.30-20.32.00:978][669]LogModuleManager: Shutting down and abandoning module AndroidRuntimeSettings (174)
[2016.05.30-20.32.00:978][669]LogModuleManager: Shutting down and abandoning module MergeActors (173)
[2016.05.30-20.32.00:978][669]LogModuleManager: Shutting down and abandoning module SizeMap (172)
[2016.05.30-20.32.00:978][669]LogModuleManager: Shutting down and abandoning module TreeMap (171)
[2016.05.30-20.32.00:978][669]LogModuleManager: Shutting down and abandoning module ReferenceViewer (170)
[2016.05.30-20.32.00:978][669]LogModuleManager: Shutting down and abandoning module LocalizationService (169)
[2016.05.30-20.32.00:978][669]LogModuleManager: Shutting down and abandoning module LocalizationDashboard (168)
[2016.05.30-20.32.00:987][669]LogModuleManager: Shutting down and abandoning module HardwareTargeting (167)
[2016.05.30-20.32.00:987][669]LogModuleManager: Shutting down and abandoning module DeviceProfileEditor (166)
[2016.05.30-20.32.00:987][669]LogModuleManager: Shutting down and abandoning module UndoHistory (165)
[2016.05.30-20.32.00:987][669]LogModuleManager: Shutting down and abandoning module UserFeedback (164)
[2016.05.30-20.32.00:987][669]LogModuleManager: Shutting down and abandoning module XmlParser (163)
[2016.05.30-20.32.00:987][669]LogModuleManager: Shutting down and abandoning module Blutility (162)
[2016.05.30-20.32.00:987][669]LogModuleManager: Shutting down and abandoning module ProjectTargetPlatformEditor (161)
[2016.05.30-20.32.00:987][669]LogModuleManager: Shutting down and abandoning module ProjectSettingsViewer (160)
[2016.05.30-20.32.00:987][669]LogModuleManager: Shutting down and abandoning module InputBindingEditor (159)
[2016.05.30-20.32.00:987][669]LogModuleManager: Shutting down and abandoning module EditorSettingsViewer (158)
[2016.05.30-20.32.00:987][669]LogModuleManager: Shutting down and abandoning module SettingsEditor (157)
[2016.05.30-20.32.00:987][669]LogModuleManager: Shutting down and abandoning module ProjectLauncher (156)
[2016.05.30-20.32.00:991][669]LogModuleManager: Shutting down and abandoning module SessionFrontend (155)
[2016.05.30-20.32.01:000][669]LogModuleManager: Shutting down and abandoning module ProfilerClient (154)
[2016.05.30-20.32.01:000][669]LogModuleManager: Shutting down and abandoning module TargetDeviceServices (153)
[2016.05.30-20.32.01:000][669]LogModuleManager: Shutting down and abandoning module DeviceManager (152)
[2016.05.30-20.32.01:041][669]LogModuleManager: Shutting down and abandoning module AutomationController (151)
[2016.05.30-20.32.01:041][669]LogModuleManager: Shutting down and abandoning module AutomationWindow (150)
[2016.05.30-20.32.01:049][669]LogModuleManager: Shutting down and abandoning module Layers (149)
[2016.05.30-20.32.01:055][669]LogModuleManager: Shutting down and abandoning module ComponentVisualizers (148)
[2016.05.30-20.32.01:055][669]LogModuleManager: Shutting down and abandoning module DetailCustomizations (147)
[2016.05.30-20.32.01:062][669]LogModuleManager: Shutting down and abandoning module PackagesDialog (146)
[2016.05.30-20.32.01:062][669]LogModuleManager: Shutting down and abandoning module Persona (145)
[2016.05.30-20.32.01:073][669]LogModuleManager: Shutting down and abandoning module Kismet (144)
[2016.05.30-20.32.01:073][669]LogModuleManager: Shutting down and abandoning module GraphEditor (143)
[2016.05.30-20.32.01:073][669]LogModuleManager: Shutting down and abandoning module ClassViewer (142)
[2016.05.30-20.32.01:078][669]LogModuleManager: Shutting down and abandoning module Toolbox (141)
[2016.05.30-20.32.01:078][669]LogModuleManager: Shutting down and abandoning module ModuleUI (140)
[2016.05.30-20.32.01:078][669]LogModuleManager: Shutting down and abandoning module MovieSceneTools (139)
[2016.05.30-20.32.01:078][669]LogModuleManager: Shutting down and abandoning module OutputLog (138)
[2016.05.30-20.32.01:078][669]LogModuleManager: Shutting down and abandoning module GammaUI (137)
[2016.05.30-20.32.01:078][669]LogModuleManager: Shutting down and abandoning module Documentation (136)
[2016.05.30-20.32.01:078][669]LogModuleManager: Shutting down and abandoning module StreamingPauseRendering (135)
[2016.05.30-20.32.01:078][669]LogModuleManager: Shutting down and abandoning module AnalyticsET (134)
[2016.05.30-20.32.01:078][669]LogModuleManager: Shutting down and abandoning module Analytics (133)
[2016.05.30-20.32.01:078][669]LogModuleManager: Shutting down and abandoning module PortalServices (132)
[2016.05.30-20.32.01:078][669]LogModuleManager: Shutting down and abandoning module PortalRpc (131)
[2016.05.30-20.32.01:079][669]LogModuleManager: Shutting down and abandoning module MessagingRpc (130)
[2016.05.30-20.32.01:079][669]LogModuleManager: Shutting down and abandoning module AITestSuite (129)
[2016.05.30-20.32.01:079][669]LogModuleManager: Shutting down and abandoning module GameplayDebugger (128)
[2016.05.30-20.32.01:079][669]LogModuleManager: Shutting down and abandoning module AIModule (127)
[2016.05.30-20.32.01:079][669]LogModuleManager: Shutting down and abandoning module ProfilerService (126)
[2016.05.30-20.32.01:251][669]LogModuleManager: Shutting down and abandoning module TaskGraph (125)
[2016.05.30-20.32.01:251][669]LogModuleManager: Shutting down and abandoning module SlateRemote (124)
[2016.05.30-20.32.01:251][669]LogModuleManager: Shutting down and abandoning module SteamVRController (123)
[2016.05.30-20.32.01:252][669]LogModuleManager: Shutting down and abandoning module SteamVR (122)
[2016.05.30-20.32.01:252][669]LogModuleManager: Shutting down and abandoning module ProceduralMeshComponent (121)
[2016.05.30-20.32.01:252][669]LogModuleManager: Shutting down and abandoning module OculusLibrary (120)
[2016.05.30-20.32.01:252][669]LogModuleManager: Shutting down and abandoning module OculusInput (119)
[2016.05.30-20.32.01:252][669]LogModuleManager: Shutting down and abandoning module CustomMeshComponent (118)
[2016.05.30-20.32.01:252][669]LogModuleManager: Shutting down and abandoning module CableComponent (117)
[2016.05.30-20.32.01:252][669]LogModuleManager: Shutting down and abandoning module ArchVisCharacter (116)
[2016.05.30-20.32.01:252][669]LogModuleManager: Shutting down and abandoning module MediaPlayerEditor (115)
[2016.05.30-20.32.01:263][669]LogModuleManager: Shutting down and abandoning module HTML5Networking (114)
[2016.05.30-20.32.01:263][669]LogModuleManager: Shutting down and abandoning module SpeedTreeImporter (113)
[2016.05.30-20.32.01:263][669]LogModuleManager: Shutting down and abandoning module PluginBrowser (112)
[2016.05.30-20.32.01:263][669]LogModuleManager: Shutting down and abandoning module EpicSurvey (111)
[2016.05.30-20.32.01:263][669]LogModuleManager: Shutting down and abandoning module DesktopPlatform (110)
[2016.05.30-20.32.01:263][669]LogModuleManager: Shutting down and abandoning module VisualStudioSourceCodeAccess (109)
[2016.05.30-20.32.01:263][669]LogModuleManager: Shutting down and abandoning module UObjectPlugin (108)
[2016.05.30-20.32.01:263][669]LogModuleManager: Shutting down and abandoning module SubversionSourceControl (107)
[2016.05.30-20.32.01:263][669]LogModuleManager: Shutting down and abandoning module PerforceSourceControl (106)
[2016.05.30-20.32.01:263][669]LogModuleManager: Shutting down and abandoning module SourceControl (105)
[2016.05.30-20.32.01:263][669]LogModuleManager: Shutting down and abandoning module GitSourceControl (104)
[2016.05.30-20.32.01:263][669]LogModuleManager: Shutting down and abandoning module LightPropagationVolumeEditor (103)
[2016.05.30-20.32.01:263][669]LogModuleManager: Shutting down and abandoning module PaperTiledImporter (102)
[2016.05.30-20.32.01:263][669]LogModuleManager: Shutting down and abandoning module PaperSpriteSheetImporter (101)
[2016.05.30-20.32.01:263][669]LogModuleManager: Shutting down and abandoning module MeshPaint (100)
[2016.05.30-20.32.01:263][669]LogModuleManager: Shutting down and abandoning module HotReload (99)
[2016.05.30-20.32.01:264][669]LogModuleManager: Shutting down and abandoning module MainFrame (98)
[2016.05.30-20.32.01:264][669]LogModuleManager: Shutting down and abandoning module LevelEditor (97)
[2016.05.30-20.32.01:264][669]LogModuleManager: Shutting down and abandoning module DirectoryWatcher (96)
[2016.05.30-20.32.01:265][669]LogModuleManager: Shutting down and abandoning module AssetRegistry (95)
[2016.05.30-20.32.01:591][669]LogModuleManager: Shutting down and abandoning module ContentBrowser (94)
[2016.05.30-20.32.01:592][669]LogModuleManager: Shutting down and abandoning module Paper2DEditor (93)
[2016.05.30-20.32.01:603][669]LogModuleManager: Shutting down and abandoning module UdpMessaging (92)
[2016.05.30-20.32.01:703][669]LogModuleManager: Shutting down and abandoning module LightPropagationVolumeRuntime (91)
[2016.05.30-20.32.01:703][669]LogModuleManager: Shutting down and abandoning module Paper2D (90)
[2016.05.30-20.32.01:703][669]LogModuleManager: Shutting down and abandoning module WindowsMoviePlayer (89)
[2016.05.30-20.32.01:703][669]LogModuleManager: Shutting down and abandoning module Media (88)
[2016.05.30-20.32.01:703][669]LogModuleManager: Shutting down and abandoning module WmfMedia (87)
[2016.05.30-20.32.01:703][669]LogModuleManager: Shutting down and abandoning module MediaAssets (86)
[2016.05.30-20.32.01:703][669]LogModuleManager: Shutting down and abandoning module GameLiveStreaming (85)
[2016.05.30-20.32.01:703][669]LogModuleManager: Shutting down and abandoning module GameplayTagsEditor (84)
[2016.05.30-20.32.01:703][669]LogModuleManager: Shutting down and abandoning module OnlineBlueprintSupport (83)
[2016.05.30-20.32.01:703][669]LogModuleManager: Shutting down and abandoning module GameplayTasksEditor (82)
[2016.05.30-20.32.01:703][669]LogModuleManager: Shutting down and abandoning module PropertyEditor (81)
[2016.05.30-20.32.01:703][669]LogModuleManager: Shutting down and abandoning module BehaviorTreeEditor (80)
[2016.05.30-20.32.01:716][669]LogModuleManager: Shutting down and abandoning module FunctionalTesting (79)
[2016.05.30-20.32.01:716][669]LogModuleManager: Shutting down and abandoning module CollisionAnalyzer (78)
[2016.05.30-20.32.01:716][669]LogModuleManager: Shutting down and abandoning module WorkspaceMenuStructure (77)
[2016.05.30-20.32.01:716][669]LogModuleManager: Shutting down and abandoning module MessageLog (76)
[2016.05.30-20.32.01:716][669]LogModuleManager: Shutting down and abandoning module Sequencer (75)
[2016.05.30-20.32.01:726][669]LogModuleManager: Shutting down and abandoning module AssetTools (74)
[2016.05.30-20.32.01:738][669]LogModuleManager: Shutting down and abandoning module UMGEditor (73)
[2016.05.30-20.32.01:747][669]LogModuleManager: Shutting down and abandoning module UMG (72)
[2016.05.30-20.32.01:768][669]LogModuleManager: Shutting down and abandoning module SlateReflector (71)
[2016.05.30-20.32.01:774][669]LogModuleManager: Shutting down and abandoning module Slate (70)
[2016.05.30-20.32.01:774][669]LogModuleManager: Shutting down and abandoning module EditorStyle (69)
[2016.05.30-20.32.01:776][669]LogModuleManager: Shutting down and abandoning module SessionServices (68)
[2016.05.30-20.32.01:776][669]LogModuleManager: Shutting down and abandoning module SourceCodeAccess (67)
[2016.05.30-20.32.01:776][669]LogModuleManager: Shutting down and abandoning module HeadMountedDisplay (66)
[2016.05.30-20.32.01:776][669]LogModuleManager: Shutting down and abandoning module XAudio2 (65)
[2016.05.30-20.32.01:776][669]LogModuleManager: Shutting down and abandoning module Networking (63)
[2016.05.30-20.32.01:776][669]LogModuleManager: Shutting down and abandoning module Core (62)
[2016.05.30-20.32.01:776][669]LogModuleManager: Shutting down and abandoning module KismetCompiler (61)
[2016.05.30-20.32.01:776][669]LogModuleManager: Shutting down and abandoning module PhysXFormats (60)
[2016.05.30-20.32.01:776][669]LogModuleManager: Shutting down and abandoning module MeshUtilities (59)
[2016.05.30-20.32.01:776][669]LogModuleManager: Shutting down and abandoning module CookingStats (58)
[2016.05.30-20.32.01:776][669]LogModuleManager: Shutting down and abandoning module DerivedDataCache (57)
[2016.05.30-20.32.01:776][669]LogDerivedDataCache: Shutdown
[2016.05.30-20.32.01:776][669]LogModuleManager: Shutting down and abandoning module ShaderFormatOpenGL (56)
[2016.05.30-20.32.01:787][669]LogModuleManager: Shutting down and abandoning module ShaderFormatD3D (55)
[2016.05.30-20.32.01:787][669]LogModuleManager: Shutting down and abandoning module MetalShaderFormat (54)
[2016.05.30-20.32.01:798][669]LogModuleManager: Shutting down and abandoning module TextureFormatUncompressed (53)
[2016.05.30-20.32.01:798][669]LogModuleManager: Shutting down and abandoning module TextureFormatPVR (52)
[2016.05.30-20.32.01:798][669]LogModuleManager: Shutting down and abandoning module TextureFormatIntelISPCTexComp (51)
[2016.05.30-20.32.01:798][669]LogModuleManager: Shutting down and abandoning module TextureFormatDXT (50)
[2016.05.30-20.32.01:798][669]LogModuleManager: Shutting down and abandoning module ImageWrapper (49)
[2016.05.30-20.32.01:798][669]LogModuleManager: Shutting down and abandoning module TextureFormatASTC (48)
[2016.05.30-20.32.01:798][669]LogModuleManager: Shutting down and abandoning module TextureFormatAndroid (47)
[2016.05.30-20.32.01:798][669]LogModuleManager: Shutting down and abandoning module AudioFormatOpus (46)
[2016.05.30-20.32.01:798][669]LogModuleManager: Shutting down and abandoning module AudioFormatOgg (45)
[2016.05.30-20.32.01:798][669]LogModuleManager: Shutting down and abandoning module AudioFormatADPCM (44)
[2016.05.30-20.32.01:798][669]LogModuleManager: Shutting down and abandoning module LinuxTargetPlatform (43)
[2016.05.30-20.32.01:798][669]LogModuleManager: Shutting down and abandoning module LinuxServerTargetPlatform (42)
[2016.05.30-20.32.01:798][669]LogModuleManager: Shutting down and abandoning module LinuxNoEditorTargetPlatform (41)
[2016.05.30-20.32.01:798][669]LogModuleManager: Shutting down and abandoning module TVOSTargetPlatform (40)
[2016.05.30-20.32.01:798][669]LogModuleManager: Shutting down and abandoning module Messaging (39)
[2016.05.30-20.32.01:798][669]LogModuleManager: Shutting down and abandoning module IOSTargetPlatform (38)
[2016.05.30-20.32.01:798][669]LogModuleManager: Shutting down and abandoning module HTML5TargetPlatform (37)
[2016.05.30-20.32.01:798][669]LogModuleManager: Shutting down and abandoning module Android_PVRTCTargetPlatform (36)
[2016.05.30-20.32.01:798][669]LogModuleManager: Shutting down and abandoning module Android_MultiTargetPlatform (35)
[2016.05.30-20.32.01:798][669]LogModuleManager: Shutting down and abandoning module Android_ETC2TargetPlatform (34)
[2016.05.30-20.32.01:798][669]LogModuleManager: Shutting down and abandoning module Android_ETC1TargetPlatform (33)
[2016.05.30-20.32.01:798][669]LogModuleManager: Shutting down and abandoning module Android_DXTTargetPlatform (32)
[2016.05.30-20.32.01:798][669]LogModuleManager: Shutting down and abandoning module Android_ATCTargetPlatform (31)
[2016.05.30-20.32.01:798][669]LogModuleManager: Shutting down and abandoning module Android_ASTCTargetPlatform (30)
[2016.05.30-20.32.01:798][669]LogModuleManager: Shutting down and abandoning module AndroidTargetPlatform (29)
[2016.05.30-20.32.01:798][669]LogModuleManager: Shutting down and abandoning module WindowsTargetPlatform (28)
[2016.05.30-20.32.01:798][669]LogModuleManager: Shutting down and abandoning module WindowsServerTargetPlatform (27)
[2016.05.30-20.32.01:798][669]LogModuleManager: Shutting down and abandoning module WindowsNoEditorTargetPlatform (26)
[2016.05.30-20.32.01:798][669]LogModuleManager: Shutting down and abandoning module WindowsClientTargetPlatform (25)
[2016.05.30-20.32.01:798][669]LogModuleManager: Shutting down and abandoning module AllDesktopTargetPlatform (24)
[2016.05.30-20.32.01:798][669]LogModuleManager: Shutting down and abandoning module TargetPlatform (23)
[2016.05.30-20.32.01:798][669]LogModuleManager: Shutting down and abandoning module InputCore (22)
[2016.05.30-20.32.01:798][669]LogModuleManager: Shutting down and abandoning module Settings (21)
[2016.05.30-20.32.01:798][669]LogModuleManager: Shutting down and abandoning module OnlineSubsystem (19)
[2016.05.30-20.32.01:798][669]LogModuleManager: Shutting down and abandoning module HTTP (18)
[2016.05.30-20.32.04:767][669]LogModuleManager: Shutting down and abandoning module XMPP (17)
[2016.05.30-20.32.04:786][669]LogModuleManager: Shutting down and abandoning module OculusRift (16)
[2016.05.30-20.32.04:795][669]LogModuleManager: Shutting down and abandoning module ExampleDeviceProfileSelector (15)
[2016.05.30-20.32.04:795][669]LogModuleManager: Shutting down and abandoning module TextureCompressor (14)
[2016.05.30-20.32.04:795][669]LogModuleManager: Shutting down and abandoning module ShaderCore (13)
[2016.05.30-20.32.04:795][669]LogModuleManager: Shutting down and abandoning module Landscape (12)
[2016.05.30-20.32.04:795][669]LogModuleManager: Shutting down and abandoning module SlateRHIRenderer (11)
[2016.05.30-20.32.04:805][669]LogModuleManager: Shutting down and abandoning module OpenGLDrv (10)
[2016.05.30-20.32.04:817][669]LogModuleManager: Shutting down and abandoning module D3D11RHI (9)
[2016.05.30-20.32.04:817][669]LogModuleManager: Shutting down and abandoning module AnimGraphRuntime (8)
[2016.05.30-20.32.04:817][669]LogModuleManager: Shutting down and abandoning module Renderer (7)
[2016.05.30-20.32.04:817][669]LogModuleManager: Shutting down and abandoning module Engine (6)
[2016.05.30-20.32.04:817][669]LogModuleManager: Shutting down and abandoning module CoreUObject (5)
[2016.05.30-20.32.04:817][669]LogModuleManager: Shutting down and abandoning module NetworkFile (4)
[2016.05.30-20.32.04:817][669]LogModuleManager: Shutting down and abandoning module StreamingFile (3)
[2016.05.30-20.32.04:817][669]LogModuleManager: Shutting down and abandoning module SandboxFile (2)
[2016.05.30-20.32.04:817][669]LogModuleManager: Shutting down and abandoning module PakFile (1)
[2016.05.30-20.32.04:832][669]LogExit: Exiting.
[2016.05.30-20.32.04:834][669]Log file closed, 05/31/16 05:32:04
