Log file open, 05/30/16 19:57:03
LogInit:Display: Running engine for game: Cube
LogPlatformFile: Not using cached read wrapper
LogInit:Display: RandInit(1103004059) SRandInit(1103004060).
LogTaskGraph: Started task graph with 4 named threads and 7 total threads.
LogStats: Stats thread started at 0.071656
LogInit: Version: 4.11.2-2946394+++UE4+Release-4.11
LogInit: API Version: 2927265
LogInit: Compiled (64-bit): Apr 18 2016 02:18:46
LogInit: Compiled with Visual C++: 19.00.23026.00
LogInit: Build Configuration: Development
LogInit: Branch Name: ++UE4+Release-4.11
LogInit: Command line:  /Temp/Autosaves/Game/UEDPCcube -game -PIEVIACONSOLE -ResX=1280 -ResY=720  -Multiprocess -messaging -SessionName="Play in Standalone Game" -featureleveles2 -faketouches 
LogInit: Base directory: D:/unreal/Epic Games/4.11/Engine/Binaries/Win64/
LogInit: Installed Engine Build: 1
LogInit: Using libcurl 7.41.0
LogInit:  - built for x86_64-pc-win32
LogInit:  - supports SSL with WinSSL
LogInit:  - other features:
LogInit:      CURL_VERSION_SSL
LogInit:      CURL_VERSION_IPV6
LogInit:      CURL_VERSION_ASYNCHDNS
LogInit:      CURL_VERSION_LARGEFILE
LogInit:      CURL_VERSION_IDN
LogInit:  CurlRequestOptions (configurable via config and command line):
LogInit:  - bVerifyPeer = true  - Libcurl will verify peer certificate
LogInit:  - bUseHttpProxy = false  - Libcurl will NOT use HTTP proxy
LogInit:  - bDontReuseConnections = false  - Libcurl will reuse connections
LogInit:  - CertBundlePath = nullptr  - Libcurl will use whatever was configured at build time.
LogInit: Presizing for max 16777216 objects, including 0 objects not considered by GC, pre-allocating 0 bytes for permanent pool.
LogInit: Object subsystem initialized
[2016.05.30-10.57.03:450][  0]LogInit: Selected Device Profile: [Windows]
[2016.05.30-10.57.03:450][  0]LogInit: Applying CVar settings loaded from the selected device profile: [Windows]
[2016.05.30-10.57.03:453][  0]LogInit: Computer: OWNER-PC
[2016.05.30-10.57.03:453][  0]LogInit: User: Owner
[2016.05.30-10.57.03:453][  0]LogInit: CPU Page size=65536, Cores=4
[2016.05.30-10.57.03:453][  0]LogInit: High frequency timer resolution =3.417985 MHz
[2016.05.30-10.57.03:453][  0]LogMemory: Memory total: Physical=15.9GB (16GB approx)
[2016.05.30-10.57.03:453][  0]LogMemory: Platform Memory Stats for Windows
[2016.05.30-10.57.03:453][  0]LogMemory: Process Physical Memory: 313.48 MB used, 313.48 MB peak
[2016.05.30-10.57.03:453][  0]LogMemory: Process Virtual Memory: 314.77 MB used, 314.77 MB peak
[2016.05.30-10.57.03:453][  0]LogMemory: Physical Memory: 5571.67 MB used, 16312.00 MB total
[2016.05.30-10.57.03:453][  0]LogMemory: Virtual Memory: 651.30 MB used, 134217728.00 MB total
[2016.05.30-10.57.03:493][  0]LogTextLocalizationManager: No specific translations for ('ko-KR') exist, so ('ko') translations will be used.
[2016.05.30-10.57.03:527][  0]LogTextLocalizationManager:Warning: Loaded localization resources contain conflicting entries for (Namespace:KismetSchema, Key:Default):
Localization Resource: (D:/unreal/Epic Games/4.11/Engine/Content/Localization/EditorTutorials/ko/EditorTutorials.locres) Source String Hash: (940523119) Localized String: (디폴트)
Localization Resource: (D:/unreal/Epic Games/4.11/Engine/Content/Localization/Engine/ko/Engine.locres) Source String Hash: (940523119) Localized String: (기본)
[2016.05.30-10.57.03:527][  0]LogTextLocalizationManager:Warning: Loaded localization resources contain conflicting entries for (Namespace:UObjectToolTips, Key:AnimNode_AssetPlayerBase:InternalTimeAccumulator):
Localization Resource: (D:/unreal/Epic Games/4.11/Engine/Content/Localization/EditorTutorials/ko/EditorTutorials.locres) Source String Hash: (502993589) Localized String: (이 노드에서 애셋을 레퍼런싱하는 데 사용되는 누적 시간입니다.)
Localization Resource: (D:/unreal/Epic Games/4.11/Engine/Content/Localization/Engine/ko/Engine.locres) Source String Hash: (502993589) Localized String: (이 노드에서 애셋을 레퍼런싱하는 데 사용된 누적 시간입니다.)
[2016.05.30-10.57.03:527][  0]LogTextLocalizationManager:Warning: Loaded localization resources contain conflicting entries for (Namespace:UObjectToolTips, Key:AnimNode_AssetPlayerBase:bIgnoreForRelevancyTest):
Localization Resource: (D:/unreal/Epic Games/4.11/Engine/Content/Localization/EditorTutorials/ko/EditorTutorials.locres) Source String Hash: (319969718) Localized String: (True 면, 스테이트에서 최고 가중치 애니메이션을 찾는 "Relevant anim" 노드는 이 노드를 무시합니다.
 )
Localization Resource: (D:/unreal/Epic Games/4.11/Engine/Content/Localization/Engine/ko/Engine.locres) Source String Hash: (319969718) Localized String: (True 면 스테이트 내 최고 웨이팅된 애니메이션을 찾는 "Relevant anim" 노드가 무시됩니다.
 )
[2016.05.30-10.57.03:527][  0]LogTextLocalizationManager:Warning: Loaded localization resources contain conflicting entries for (Namespace:UObjectToolTips, Key:AnimNode_AssetPlayerBase:BlendWeight):
Localization Resource: (D:/unreal/Epic Games/4.11/Engine/Content/Localization/EditorTutorials/ko/EditorTutorials.locres) Source String Hash: (-1232800293) Localized String: (이 노드에 마지막 걸린 블렌드웨이트 입니다.)
Localization Resource: (D:/unreal/Epic Games/4.11/Engine/Content/Localization/Engine/ko/Engine.locres) Source String Hash: (-1232800293) Localized String: (이 노드에 대해 마지막 접한 블렌드 웨이트)
[2016.05.30-10.57.03:598][  0]LogD3D11RHI: D3D11 adapters:
[2016.05.30-10.57.03:617][  0]LogD3D11RHI:    0. 'NVIDIA GeForce GTX 960' (Feature Level 11_0)
[2016.05.30-10.57.03:617][  0]LogD3D11RHI:       1969MB of dedicated video memory, 0MB of dedicated system memory, and 8155MB of shared system memory, 2 output[s]
[2016.05.30-10.57.03:618][  0]LogD3D11RHI:    1. 'Microsoft Basic Render Driver' (Feature Level 11_0)
[2016.05.30-10.57.03:618][  0]LogD3D11RHI:       0MB of dedicated video memory, 0MB of dedicated system memory, and 8155MB of shared system memory, 0 output[s]
[2016.05.30-10.57.03:618][  0]LogD3D11RHI: Chosen D3D11 Adapter: 0
[2016.05.30-10.57.03:622][  0]LogD3D11RHI: Creating new Direct3DDevice
[2016.05.30-10.57.03:622][  0]LogD3D11RHI:     Adapter Name: NVIDIA GeForce GTX 960
[2016.05.30-10.57.03:622][  0]LogD3D11RHI:   Driver Version: Unknown (internal Unknown)
[2016.05.30-10.57.03:622][  0]LogD3D11RHI:      Driver Date: Unknown
[2016.05.30-10.57.03:622][  0]LogRHI: Texture pool is 1361 MB (70% of 1945 MB)
[2016.05.30-10.57.03:633][  0]LogD3D11RHI: Async texture creation enabled
[2016.05.30-10.57.03:648][  0]LogShaderCompilers: Guid format shader working directory is -1 characters bigger than the processId version (../../../../../../Programming/unreal/Cube/Cube/Intermediate/Shaders/WorkingDirectory/10600/).
[2016.05.30-10.57.03:648][  0]LogShaderCompilers: Cleaned the shader compiler working directory 'C:/Users/Owner/AppData/Local/Temp/UnrealShaderWorkingDir/DF0DF9F543D247D156527B8E64F672B0/'.
[2016.05.30-10.57.03:648][  0]LogShaderCompilers:Display: Using Local Shader Compiler.
[2016.05.30-10.57.04:460][  0]LogTemp:Display: Loaded TP AllDesktopTargetPlatform
[2016.05.30-10.57.04:464][  0]LogTemp:Display: Loaded TP WindowsClientTargetPlatform
[2016.05.30-10.57.04:468][  0]LogTemp:Display: Loaded TP WindowsNoEditorTargetPlatform
[2016.05.30-10.57.04:472][  0]LogTemp:Display: Loaded TP WindowsServerTargetPlatform
[2016.05.30-10.57.04:475][  0]LogTemp:Display: Loaded TP WindowsTargetPlatform
[2016.05.30-10.57.04:478][  0]LogTemp:Display: Loaded TP AndroidTargetPlatform
[2016.05.30-10.57.04:481][  0]LogTemp:Display: Loaded TP Android_ASTCTargetPlatform
[2016.05.30-10.57.04:483][  0]LogTemp:Display: Loaded TP Android_ATCTargetPlatform
[2016.05.30-10.57.04:486][  0]LogTemp:Display: Loaded TP Android_DXTTargetPlatform
[2016.05.30-10.57.04:489][  0]LogTemp:Display: Loaded TP Android_ETC1TargetPlatform
[2016.05.30-10.57.04:492][  0]LogTemp:Display: Loaded TP Android_ETC2TargetPlatform
[2016.05.30-10.57.04:497][  0]LogTemp:Display: Loaded TP Android_MultiTargetPlatform
[2016.05.30-10.57.04:497][  0]LogTemp:Display: Loaded TP Android_PVRTCTargetPlatform
[2016.05.30-10.57.04:498][  0]LogTemp:Display: Loaded TP HTML5TargetPlatform
[2016.05.30-10.57.04:513][  0]LogTemp:Display: Loaded TP IOSTargetPlatform
[2016.05.30-10.57.04:516][  0]LogTemp:Display: Loaded TP TVOSTargetPlatform
[2016.05.30-10.57.04:518][  0]LogTemp:Display: Loaded TP LinuxNoEditorTargetPlatform
[2016.05.30-10.57.04:521][  0]LogTemp:Display: Loaded TP LinuxServerTargetPlatform
[2016.05.30-10.57.04:523][  0]LogTemp:Display: Loaded TP LinuxTargetPlatform
[2016.05.30-10.57.04:523][  0]LogTargetPlatformManager:Display: Building Assets For Windows
[2016.05.30-10.57.04:580][  0]LogDerivedDataCache:Display: Max Cache Size: 512 MB
[2016.05.30-10.57.04:620][  0]LogDerivedDataCache: Loaded boot cache 0.04s 46MB C:/Users/Owner/AppData/Local/UnrealEngine/4.11/DerivedDataCache/Boot.ddc.
[2016.05.30-10.57.04:620][  0]LogDerivedDataCache:Display: Loaded Boot cache: C:/Users/Owner/AppData/Local/UnrealEngine/4.11/DerivedDataCache/Boot.ddc
[2016.05.30-10.57.04:620][  0]LogDerivedDataCache: FDerivedDataBackendGraph:  Pak pak cache file ../../../../../../Programming/unreal/Cube/Cube/DerivedDataCache/DDC.ddp not found, will not use a pak cache.
[2016.05.30-10.57.04:620][  0]LogDerivedDataCache: Unable to find inner node Pak for hierarchical cache Hierarchy.
[2016.05.30-10.57.04:620][  0]LogDerivedDataCache: FDerivedDataBackendGraph:  CompressedPak pak cache file ../../../../../../Programming/unreal/Cube/Cube/DerivedDataCache/Compressed.ddp not found, will not use a pak cache.
[2016.05.30-10.57.04:620][  0]LogDerivedDataCache: Unable to find inner node CompressedPak for hierarchical cache Hierarchy.
[2016.05.30-10.57.04:633][  0]LogDerivedDataCache:Display: Pak cache opened for reading ../../../Engine/DerivedDataCache/Compressed.ddp.
[2016.05.30-10.57.04:645][  0]LogDerivedDataCache: Using Local data cache path C:/Users/Owner/AppData/Local/UnrealEngine/Common/DerivedDataCache: Writable
[2016.05.30-10.57.04:914][  0]LogInit: Selected Device Profile: [Windows]
[2016.05.30-10.57.04:918][  0]LogMaterial: Uniform references updated for custom material expression Custom.
[2016.05.30-10.57.04:919][  0]LogContentStreaming: Texture pool size is 1000.00 MB
[2016.05.30-10.57.04:938][  0]LogMaterial: Missing cached shader map for material WorldGridMaterial, compiling. Is special engine material.
[2016.05.30-10.58.48:110][  0]LogMaterial: Missing cached shader map for material DefaultDeferredDecalMaterial, compiling. 
[2016.05.30-10.59.13:586][  0]LogMaterial: Missing cached shader map for material DefaultLightFunctionMaterial, compiling. 
[2016.05.30-10.59.13:859][  0]LogMaterial: Missing cached shader map for material DefaultPostProcessMaterial, compiling. 
[2016.05.30-10.59.14:678][  0]LogMaterial: Missing cached shader map for material Widget3DPassThrough, compiling. 
[2016.05.30-10.59.14:682][  0]LogMaterial: Missing cached shader map for material Widget3DPassThrough, compiling. 
[2016.05.30-10.59.14:686][  0]LogMaterial: Missing cached shader map for material Widget3DPassThrough, compiling. 
[2016.05.30-10.59.14:690][  0]LogMaterial: Missing cached shader map for material Widget3DPassThrough, compiling. 
[2016.05.30-10.59.14:700][  0]LogMaterial: Missing cached shader map for material Widget3DPassThrough, compiling. 
[2016.05.30-10.59.14:705][  0]LogMaterial: Missing cached shader map for material Widget3DPassThrough, compiling. 
[2016.05.30-10.59.14:730][  0]LogMeshUtilities: No automatic mesh reduction module available
[2016.05.30-10.59.14:730][  0]LogMeshUtilities: No automatic mesh merging module available
[2016.05.30-10.59.14:730][  0]LogMeshUtilities: No distributed automatic mesh merging module available
[2016.05.30-10.59.14:758][  0]LogMaterial: Missing cached shader map for material SkySphereMaterial, compiling. 
[2016.05.30-10.59.14:765][  0]LogMaterial: Missing cached shader map for material FloorPlaneMaterial, compiling. 
[2016.05.30-10.59.14:860][  0]LogMaterial: Missing cached shader map for material LandscapeGizmo_Mat, compiling. 
[2016.05.30-10.59.14:870][  0]LogMaterial: Missing cached shader map for material LandscapeGizmoHeight_Mat, compiling. 
[2016.05.30-10.59.14:898][  0]LogMaterial: Missing cached shader map for material SplineEditorMeshMat, compiling. 
[2016.05.30-10.59.14:905][  0]LogMaterial: Missing cached shader map for material MatineeCam_mat, compiling. 
[2016.05.30-10.59.14:927][  0]LogMaterial: Missing cached shader map for material HelpActorMaterial, compiling. 
[2016.05.30-10.59.14:956][  0]LogMaterial: Missing cached shader map for material DefaultTextMaterialOpaque, compiling. 
[2016.05.30-10.59.14:998][  0]LogMaterial: Missing cached shader map for material DefaultMaterial, compiling. 
[2016.05.30-10.59.15:063][  0]LogInit: WinSock: version 1.1 (2.2), MaxSocks=32767, MaxUdp=65467
[2016.05.30-10.59.15:122][  0]LogSlate: SlateFontCache - WITH_FREETYPE: 1, WITH_HARFBUZZ: 1
[2016.05.30-10.59.15:122][  0]LogSlate: SlateFontCache - WITH_FREETYPE: 1, WITH_HARFBUZZ: 1
[2016.05.30-10.59.15:323][  0]LogWindowsMoviePlayer: Unable to load movie: ../../../../../../Programming/unreal/Cube/Cube/Content/Movies/Default_Startup.mp4
[2016.05.30-10.59.15:372][  0]LogMaterial: Missing cached shader map for material DefaultSpriteMaterial, compiling. 
[2016.05.30-10.59.15:377][  0]LogMaterial: Missing cached shader map for material DefaultSpriteMaterial, compiling. 
[2016.05.30-10.59.15:396][  0]LogUdpMessaging: Initializing bridge on interface 0.0.0.0:0 to multicast group 230.0.0.1:6666.
[2016.05.30-10.59.15:478][  0]SourceControl: 정보 소스 콘트롤이 꺼졌습니다.
[2016.05.30-10.59.15:478][  0]SourceControl: 정보 소스 콘트롤이 꺼졌습니다.
[2016.05.30-10.59.15:485][  0]SourceControl: 정보 소스 콘트롤이 꺼졌습니다.
[2016.05.30-10.59.15:581][  0]LogHMD: Failed to initialize OpenVR with code 110
[2016.05.30-10.59.15:601][  0]LogUObjectArray: 29224 objects as part of root set at end of initial load.
[2016.05.30-10.59.15:601][  0]LogUObjectAllocator: 6081368 out of 0 bytes used by permanent object pool.
[2016.05.30-10.59.15:601][  0]LogUObjectArray: CloseDisregardForGC: 0/0 objects in disregard for GC pool
[2016.05.30-10.59.15:626][  0]LogMaterial: Missing cached shader map for material HighResScreenshot, compiling. 
[2016.05.30-10.59.15:630][  0]LogMaterial: Missing cached shader map for material HighResScreenshotMask, compiling. 
[2016.05.30-10.59.15:636][  0]LogMaterial: Missing cached shader map for material HighResScreenshotCaptureRegion, compiling. 
[2016.05.30-10.59.15:656][  0]LogEngine: Initializing Engine...
[2016.05.30-10.59.15:669][  0]LogMaterial: Missing cached shader map for material WireframeMaterial, compiling. Is special engine material.
[2016.05.30-10.59.15:689][  0]LogMaterial: Missing cached shader map for material LevelColorationLitMaterial, compiling. Is special engine material.
[2016.05.30-10.59.15:833][  0]LogMaterial: Missing cached shader map for material LevelColorationUnlitMaterial, compiling. Is special engine material.
[2016.05.30-10.59.15:854][  0]LogMaterial: Missing cached shader map for material MAT_LevelColorationLitLightmapUV, compiling. Is special engine material.
[2016.05.30-10.59.16:003][  0]LogMaterial: Missing cached shader map for material ShadedLevelColorationLitMaterial, compiling. Is special engine material.
[2016.05.30-10.59.16:154][  0]LogMaterial: Missing cached shader map for material ShadedLevelColorationUnlitMateri, compiling. Is special engine material.
[2016.05.30-10.59.16:170][  0]LogMaterial: Missing cached shader map for material VertexColorMaterial, compiling. 
[2016.05.30-10.59.16:199][  0]LogMaterial: Missing cached shader map for material VertexColorViewMode_ColorOnly, compiling. 
[2016.05.30-10.59.16:204][  0]LogMaterial: Missing cached shader map for material VertexColorViewMode_AlphaAsColor, compiling. 
[2016.05.30-10.59.16:209][  0]LogMaterial: Missing cached shader map for material VertexColorViewMode_RedOnly, compiling. 
[2016.05.30-10.59.16:213][  0]LogMaterial: Missing cached shader map for material VertexColorViewMode_GreenOnly, compiling. 
[2016.05.30-10.59.16:219][  0]LogMaterial: Missing cached shader map for material VertexColorViewMode_BlueOnly, compiling. 
[2016.05.30-10.59.16:224][  0]LogMaterial: Missing cached shader map for material RemoveSurfaceMaterial, compiling. 
[2016.05.30-10.59.16:227][  0]LogMaterial: Missing cached shader map for material DebugMeshMaterial, compiling. 
[2016.05.30-10.59.16:233][  0]LogMaterial: Missing cached shader map for material M_InvalidLightmapSettings, compiling. 
[2016.05.30-10.59.16:249][  0]LogMaterial: Missing cached shader map for material GizmoMaterial, compiling. 
[2016.05.30-10.59.16:272][  0]LogInit: XAudio2 using '스피커(Realtek High Definition Audio)' : 2 channels at 48 kHz using 32 bits per sample (channel mask 0x3)
[2016.05.30-10.59.16:296][  0]LogInit: FAudioDevice initialized.
[2016.05.30-10.59.16:300][  0]LogInit: Texture streaming: Enabled
[2016.05.30-10.59.16:302][  0]LogMaterial: Missing cached shader map for material BaseColor, compiling. 
[2016.05.30-10.59.16:305][  0]LogMaterial: Missing cached shader map for material CustomDepth, compiling. 
[2016.05.30-10.59.16:311][  0]LogMaterial: Missing cached shader map for material CustomStencil, compiling. 
[2016.05.30-10.59.16:315][  0]LogMaterial: Missing cached shader map for material FinalImage, compiling. 
[2016.05.30-10.59.16:318][  0]LogMaterial: Missing cached shader map for material LightingModel, compiling. 
[2016.05.30-10.59.16:321][  0]LogMaterial: Missing cached shader map for material MaterialAO, compiling. 
[2016.05.30-10.59.16:325][  0]LogMaterial: Missing cached shader map for material Metallic, compiling. 
[2016.05.30-10.59.16:328][  0]LogMaterial: Missing cached shader map for material Opacity, compiling. 
[2016.05.30-10.59.16:331][  0]LogMaterial: Missing cached shader map for material Roughness, compiling. 
[2016.05.30-10.59.16:335][  0]LogMaterial: Missing cached shader map for material SceneColor, compiling. 
[2016.05.30-10.59.16:338][  0]LogMaterial: Missing cached shader map for material SceneDepth, compiling. 
[2016.05.30-10.59.16:342][  0]LogMaterial: Missing cached shader map for material SeparateTranslucencyRGB, compiling. 
[2016.05.30-10.59.16:345][  0]LogMaterial: Missing cached shader map for material SeparateTranslucencyA, compiling. 
[2016.05.30-10.59.16:348][  0]LogMaterial: Missing cached shader map for material Specular, compiling. 
[2016.05.30-10.59.16:351][  0]LogMaterial: Missing cached shader map for material SubsurfaceColor, compiling. 
[2016.05.30-10.59.16:355][  0]LogMaterial: Missing cached shader map for material WorldNormal, compiling. 
[2016.05.30-10.59.16:359][  0]LogMaterial: Missing cached shader map for material AmbientOcclusion, compiling. 
[2016.05.30-10.59.16:363][  0]LogMaterial: Missing cached shader map for material CustomDepthWorldUnits, compiling. 
[2016.05.30-10.59.16:366][  0]LogMaterial: Missing cached shader map for material SceneDepthWorldUnits, compiling. 
[2016.05.30-10.59.16:370][  0]LogMaterial: Missing cached shader map for material HDRColor, compiling. 
[2016.05.30-10.59.16:406][  0]LogNet: Browse: /Temp/Autosaves/Game/UEDPCcube?Name=Player
[2016.05.30-10.59.16:406][  0]LogLoad: LoadMap: /Temp/Autosaves/Game/UEDPCcube?Name=Player
[2016.05.30-10.59.16:417][  0]LogMemory: Platform Memory Stats for Windows
[2016.05.30-10.59.16:417][  0]LogMemory: Process Physical Memory: 1010.84 MB used, 1011.43 MB peak
[2016.05.30-10.59.16:417][  0]LogMemory: Process Virtual Memory: 1030.71 MB used, 1037.70 MB peak
[2016.05.30-10.59.16:417][  0]LogMemory: Physical Memory: 6422.96 MB used, 16312.00 MB total
[2016.05.30-10.59.16:417][  0]LogMemory: Virtual Memory: 1605.37 MB used, 134217728.00 MB total
[2016.05.30-10.59.16:417][  0]LogMemory: 
[2016.05.30-10.59.16:417][  0]Allocator Stats for TBB: (not implemented)
[2016.05.30-10.59.16:714][  0]LogMaterial: Missing cached shader map for material M_Sky_Panning_Clouds2, compiling. 
[2016.05.30-10.59.16:726][  0]LogMaterial: Missing cached shader map for material BasicShapeMaterial, compiling. 
[2016.05.30-10.59.16:751][  0]LogMaterial: Missing cached shader map for material MiniMap_Up_Mat, compiling. 
[2016.05.30-10.59.16:759][  0]LogMaterial: Missing cached shader map for material MiniMap_Right_Mat, compiling. 
[2016.05.30-10.59.16:763][  0]LogMaterial: Missing cached shader map for material MiniMap_Front_Mat, compiling. 
[2016.05.30-10.59.16:774][  0]LogMaterial: Missing cached shader map for material CubeMoveRoute, compiling. 
[2016.05.30-10.59.16:812][  0]LogAIModule: Creating AISystem for world cube
[2016.05.30-10.59.16:813][  0]LogWorld: Game class is 'MyGameMode_C'
[2016.05.30-10.59.16:818][  0]LogWorld: Bringing World /Temp/Autosaves/Game/UEDPCcube.cube up for play (max tick rate 0) at 2016.05.30-19.59.16
[2016.05.30-10.59.16:819][  0]LogWorld: Bringing up level for play took: 0.005734
[2016.05.30-10.59.16:823][  0]LogInit:Display: Game Engine Initialized.
[2016.05.30-10.59.17:037][  0]LogLoad: Full Startup: 134.17 seconds (BP compile: 0.11 seconds)
[2016.05.30-10.59.17:037][  0]LogExternalProfiler: Found external profiler: VSPerf
[2016.05.30-10.59.17:037][  0]LogExternalProfiler: Using external profiler: VSPerf
[2016.05.30-10.59.17:055][  0]LogWindowsTextInputMethodSystem:Display: IME system now activated using TSF (Microsoft 입력기).
[2016.05.30-10.59.17:057][  0]LogOcInput: OculusInput pre-init called
[2016.05.30-10.59.17:071][  0]LogRenderer: Reallocating scene render targets to support 256x256 (Frame:1).
[2016.05.30-10.59.17:113][  1]LogRenderer: Reallocating scene render targets to support 1280x720 (Frame:2).
[2016.05.30-10.59.22:121][304]LogBlueprintUserMessages: [MoveCube_C_0] 1
[2016.05.30-10.59.27:131][609]LogBlueprintUserMessages: [MoveCube_C_1] 2
[2016.05.30-10.59.31:872][898]LogBlueprintUserMessages: [MoveCube_C_2] 3
[2016.05.30-10.59.32:243][905]LogRenderer: Reallocating scene render targets to support 772x720 (Frame:908).
[2016.05.30-10.59.42:198][203]LogBlueprintUserMessages: [MoveCube_C_3] 4
[2016.05.30-10.59.42:391][208]LogWindowsTextInputMethodSystem:Display: IME system now activated using TSF (Microsoft 입력기).
[2016.05.30-10.59.42:394][208]LogEngine: All Windows Closed
[2016.05.30-10.59.42:394][208]LogWindows: FPlatformMisc::RequestExit(0)
[2016.05.30-10.59.42:670][209]LogExit: Preparing to exit.
[2016.05.30-10.59.43:592][209]LogExit: Game engine shut down
[2016.05.30-10.59.43:789][209]LogObj: Freed 0b from 0 cluster array pools.
[2016.05.30-10.59.43:789][209]LogExit: Object subsystem successfully closed.
[2016.05.30-10.59.43:849][209]LogD3D11RHI: Shutdown
[2016.05.30-10.59.43:849][209]LogD3D11RHI: CleanupD3DDevice
[2016.05.30-10.59.43:872][209]LogD3D11RHI: ~FD3D11DynamicRHI
[2016.05.30-10.59.43:919][209]LogDerivedDataCache: Shutdown
[2016.05.30-10.59.43:979][209]LogModuleManager: Shutting down and abandoning module AndroidDeviceDetection (124)
[2016.05.30-10.59.44:070][209]LogModuleManager: Shutting down and abandoning module AutomationController (123)
[2016.05.30-10.59.44:070][209]LogModuleManager: Shutting down and abandoning module AutomationWorker (122)
[2016.05.30-10.59.44:070][209]LogModuleManager: Shutting down and abandoning module CharacterAI (121)
[2016.05.30-10.59.44:070][209]LogModuleManager: Shutting down and abandoning module AITestSuite (120)
[2016.05.30-10.59.44:070][209]LogModuleManager: Shutting down and abandoning module GameplayDebugger (119)
[2016.05.30-10.59.44:070][209]LogModuleManager: Shutting down and abandoning module AIModule (118)
[2016.05.30-10.59.44:070][209]LogModuleManager: Shutting down and abandoning module MovieSceneCapture (117)
[2016.05.30-10.59.44:070][209]LogModuleManager: Shutting down and abandoning module StreamingPauseRendering (116)
[2016.05.30-10.59.44:070][209]LogModuleManager: Shutting down and abandoning module PortalServices (115)
[2016.05.30-10.59.44:070][209]LogModuleManager: Shutting down and abandoning module PortalRpc (114)
[2016.05.30-10.59.44:070][209]LogModuleManager: Shutting down and abandoning module MessagingRpc (113)
[2016.05.30-10.59.44:070][209]LogModuleManager: Shutting down and abandoning module ProfilerService (112)
[2016.05.30-10.59.44:142][209]LogModuleManager: Shutting down and abandoning module TaskGraph (111)
[2016.05.30-10.59.44:143][209]LogModuleManager: Shutting down and abandoning module SlateRemote (110)
[2016.05.30-10.59.44:143][209]LogModuleManager: Shutting down and abandoning module SteamVRController (109)
[2016.05.30-10.59.44:143][209]LogModuleManager: Shutting down and abandoning module SteamVR (108)
[2016.05.30-10.59.44:143][209]LogModuleManager: Shutting down and abandoning module ProceduralMeshComponent (107)
[2016.05.30-10.59.44:143][209]LogModuleManager: Shutting down and abandoning module OculusLibrary (106)
[2016.05.30-10.59.44:143][209]LogModuleManager: Shutting down and abandoning module OculusInput (105)
[2016.05.30-10.59.44:143][209]LogModuleManager: Shutting down and abandoning module CustomMeshComponent (104)
[2016.05.30-10.59.44:143][209]LogModuleManager: Shutting down and abandoning module CableComponent (103)
[2016.05.30-10.59.44:143][209]LogModuleManager: Shutting down and abandoning module ArchVisCharacter (102)
[2016.05.30-10.59.44:143][209]LogModuleManager: Shutting down and abandoning module HTML5Networking (101)
[2016.05.30-10.59.44:143][209]LogModuleManager: Shutting down and abandoning module DesktopPlatform (100)
[2016.05.30-10.59.44:143][209]LogModuleManager: Shutting down and abandoning module DirectoryWatcher (99)
[2016.05.30-10.59.44:143][209]LogModuleManager: Shutting down and abandoning module HotReload (98)
[2016.05.30-10.59.44:143][209]LogModuleManager: Shutting down and abandoning module VisualStudioSourceCodeAccess (97)
[2016.05.30-10.59.44:143][209]LogModuleManager: Shutting down and abandoning module UObjectPlugin (96)
[2016.05.30-10.59.44:143][209]LogModuleManager: Shutting down and abandoning module SubversionSourceControl (95)
[2016.05.30-10.59.44:143][209]LogModuleManager: Shutting down and abandoning module SourceControl (94)
[2016.05.30-10.59.44:143][209]LogModuleManager: Shutting down and abandoning module PerforceSourceControl (93)
[2016.05.30-10.59.44:143][209]LogModuleManager: Shutting down and abandoning module UdpMessaging (92)
[2016.05.30-10.59.44:244][209]LogModuleManager: Shutting down and abandoning module LightPropagationVolumeRuntime (91)
[2016.05.30-10.59.44:244][209]LogModuleManager: Shutting down and abandoning module Paper2D (90)
[2016.05.30-10.59.44:244][209]LogModuleManager: Shutting down and abandoning module WindowsMoviePlayer (89)
[2016.05.30-10.59.44:244][209]LogModuleManager: Shutting down and abandoning module Media (88)
[2016.05.30-10.59.44:244][209]LogModuleManager: Shutting down and abandoning module WmfMedia (87)
[2016.05.30-10.59.44:246][209]LogModuleManager: Shutting down and abandoning module MediaAssets (86)
[2016.05.30-10.59.44:246][209]LogModuleManager: Shutting down and abandoning module GameLiveStreaming (85)
[2016.05.30-10.59.44:246][209]LogModuleManager: Shutting down and abandoning module GameplayTagsEditor (84)
[2016.05.30-10.59.44:246][209]LogModuleManager: Shutting down and abandoning module OnlineBlueprintSupport (83)
[2016.05.30-10.59.44:246][209]LogModuleManager: Shutting down and abandoning module GameplayTasksEditor (82)
[2016.05.30-10.59.44:246][209]LogModuleManager: Shutting down and abandoning module PropertyEditor (81)
[2016.05.30-10.59.44:246][209]LogModuleManager: Shutting down and abandoning module BehaviorTreeEditor (80)
[2016.05.30-10.59.44:253][209]LogModuleManager: Shutting down and abandoning module FunctionalTesting (79)
[2016.05.30-10.59.44:253][209]LogModuleManager: Shutting down and abandoning module CollisionAnalyzer (78)
[2016.05.30-10.59.44:253][209]LogModuleManager: Shutting down and abandoning module WorkspaceMenuStructure (77)
[2016.05.30-10.59.44:253][209]LogModuleManager: Shutting down and abandoning module MessageLog (76)
[2016.05.30-10.59.44:253][209]LogModuleManager: Shutting down and abandoning module Sequencer (75)
[2016.05.30-10.59.44:253][209]LogModuleManager: Shutting down and abandoning module AssetTools (74)
[2016.05.30-10.59.44:267][209]LogModuleManager: Shutting down and abandoning module UMGEditor (73)
[2016.05.30-10.59.44:267][209]LogModuleManager: Shutting down and abandoning module UMG (72)
[2016.05.30-10.59.44:267][209]LogModuleManager: Shutting down and abandoning module SlateReflector (71)
[2016.05.30-10.59.44:279][209]LogModuleManager: Shutting down and abandoning module Slate (70)
[2016.05.30-10.59.44:279][209]LogModuleManager: Shutting down and abandoning module EditorStyle (69)
[2016.05.30-10.59.44:280][209]LogModuleManager: Shutting down and abandoning module SessionServices (68)
[2016.05.30-10.59.44:280][209]LogModuleManager: Shutting down and abandoning module SourceCodeAccess (67)
[2016.05.30-10.59.44:280][209]LogModuleManager: Shutting down and abandoning module HeadMountedDisplay (66)
[2016.05.30-10.59.44:280][209]LogModuleManager: Shutting down and abandoning module XAudio2 (65)
[2016.05.30-10.59.44:280][209]LogModuleManager: Shutting down and abandoning module Networking (63)
[2016.05.30-10.59.44:280][209]LogModuleManager: Shutting down and abandoning module Core (62)
[2016.05.30-10.59.44:280][209]LogModuleManager: Shutting down and abandoning module KismetCompiler (61)
[2016.05.30-10.59.44:280][209]LogModuleManager: Shutting down and abandoning module PhysXFormats (60)
[2016.05.30-10.59.44:280][209]LogModuleManager: Shutting down and abandoning module MeshUtilities (59)
[2016.05.30-10.59.44:280][209]LogModuleManager: Shutting down and abandoning module CookingStats (58)
[2016.05.30-10.59.44:280][209]LogModuleManager: Shutting down and abandoning module DerivedDataCache (57)
[2016.05.30-10.59.44:280][209]LogDerivedDataCache: Shutdown
[2016.05.30-10.59.44:280][209]LogModuleManager: Shutting down and abandoning module ShaderFormatOpenGL (56)
[2016.05.30-10.59.44:283][209]LogModuleManager: Shutting down and abandoning module ShaderFormatD3D (55)
[2016.05.30-10.59.44:283][209]LogModuleManager: Shutting down and abandoning module MetalShaderFormat (54)
[2016.05.30-10.59.44:292][209]LogModuleManager: Shutting down and abandoning module TextureFormatUncompressed (53)
[2016.05.30-10.59.44:292][209]LogModuleManager: Shutting down and abandoning module TextureFormatPVR (52)
[2016.05.30-10.59.44:292][209]LogModuleManager: Shutting down and abandoning module TextureFormatIntelISPCTexComp (51)
[2016.05.30-10.59.44:292][209]LogModuleManager: Shutting down and abandoning module TextureFormatDXT (50)
[2016.05.30-10.59.44:292][209]LogModuleManager: Shutting down and abandoning module ImageWrapper (49)
[2016.05.30-10.59.44:292][209]LogModuleManager: Shutting down and abandoning module TextureFormatASTC (48)
[2016.05.30-10.59.44:292][209]LogModuleManager: Shutting down and abandoning module TextureFormatAndroid (47)
[2016.05.30-10.59.44:292][209]LogModuleManager: Shutting down and abandoning module AudioFormatOpus (46)
[2016.05.30-10.59.44:292][209]LogModuleManager: Shutting down and abandoning module AudioFormatOgg (45)
[2016.05.30-10.59.44:292][209]LogModuleManager: Shutting down and abandoning module AudioFormatADPCM (44)
[2016.05.30-10.59.44:292][209]LogModuleManager: Shutting down and abandoning module LinuxTargetPlatform (43)
[2016.05.30-10.59.44:292][209]LogModuleManager: Shutting down and abandoning module LinuxServerTargetPlatform (42)
[2016.05.30-10.59.44:292][209]LogModuleManager: Shutting down and abandoning module LinuxNoEditorTargetPlatform (41)
[2016.05.30-10.59.44:292][209]LogModuleManager: Shutting down and abandoning module TVOSTargetPlatform (40)
[2016.05.30-10.59.44:292][209]LogModuleManager: Shutting down and abandoning module Messaging (39)
[2016.05.30-10.59.44:292][209]LogModuleManager: Shutting down and abandoning module IOSTargetPlatform (38)
[2016.05.30-10.59.44:292][209]LogModuleManager: Shutting down and abandoning module HTML5TargetPlatform (37)
[2016.05.30-10.59.44:292][209]LogModuleManager: Shutting down and abandoning module Android_PVRTCTargetPlatform (36)
[2016.05.30-10.59.44:292][209]LogModuleManager: Shutting down and abandoning module Android_MultiTargetPlatform (35)
[2016.05.30-10.59.44:292][209]LogModuleManager: Shutting down and abandoning module Android_ETC2TargetPlatform (34)
[2016.05.30-10.59.44:292][209]LogModuleManager: Shutting down and abandoning module Android_ETC1TargetPlatform (33)
[2016.05.30-10.59.44:292][209]LogModuleManager: Shutting down and abandoning module Android_DXTTargetPlatform (32)
[2016.05.30-10.59.44:292][209]LogModuleManager: Shutting down and abandoning module Android_ATCTargetPlatform (31)
[2016.05.30-10.59.44:292][209]LogModuleManager: Shutting down and abandoning module Android_ASTCTargetPlatform (30)
[2016.05.30-10.59.44:293][209]LogModuleManager: Shutting down and abandoning module AndroidTargetPlatform (29)
[2016.05.30-10.59.44:293][209]LogModuleManager: Shutting down and abandoning module WindowsTargetPlatform (28)
[2016.05.30-10.59.44:293][209]LogModuleManager: Shutting down and abandoning module WindowsServerTargetPlatform (27)
[2016.05.30-10.59.44:293][209]LogModuleManager: Shutting down and abandoning module WindowsNoEditorTargetPlatform (26)
[2016.05.30-10.59.44:293][209]LogModuleManager: Shutting down and abandoning module WindowsClientTargetPlatform (25)
[2016.05.30-10.59.44:293][209]LogModuleManager: Shutting down and abandoning module AllDesktopTargetPlatform (24)
[2016.05.30-10.59.44:293][209]LogModuleManager: Shutting down and abandoning module TargetPlatform (23)
[2016.05.30-10.59.44:293][209]LogModuleManager: Shutting down and abandoning module InputCore (22)
[2016.05.30-10.59.44:293][209]LogModuleManager: Shutting down and abandoning module Settings (21)
[2016.05.30-10.59.44:293][209]LogModuleManager: Shutting down and abandoning module OnlineSubsystem (19)
[2016.05.30-10.59.44:293][209]LogModuleManager: Shutting down and abandoning module HTTP (18)
[2016.05.30-10.59.44:293][209]LogModuleManager: Shutting down and abandoning module XMPP (17)
[2016.05.30-10.59.44:307][209]LogModuleManager: Shutting down and abandoning module OculusRift (16)
[2016.05.30-10.59.44:315][209]LogModuleManager: Shutting down and abandoning module ExampleDeviceProfileSelector (15)
[2016.05.30-10.59.44:315][209]LogModuleManager: Shutting down and abandoning module TextureCompressor (14)
[2016.05.30-10.59.44:316][209]LogModuleManager: Shutting down and abandoning module ShaderCore (13)
[2016.05.30-10.59.44:316][209]LogModuleManager: Shutting down and abandoning module Landscape (12)
[2016.05.30-10.59.44:316][209]LogModuleManager: Shutting down and abandoning module SlateRHIRenderer (11)
[2016.05.30-10.59.44:325][209]LogModuleManager: Shutting down and abandoning module OpenGLDrv (10)
[2016.05.30-10.59.44:326][209]LogModuleManager: Shutting down and abandoning module D3D11RHI (9)
[2016.05.30-10.59.44:326][209]LogModuleManager: Shutting down and abandoning module AnimGraphRuntime (8)
[2016.05.30-10.59.44:326][209]LogModuleManager: Shutting down and abandoning module Renderer (7)
[2016.05.30-10.59.44:326][209]LogModuleManager: Shutting down and abandoning module Engine (6)
[2016.05.30-10.59.44:326][209]LogModuleManager: Shutting down and abandoning module CoreUObject (5)
[2016.05.30-10.59.44:326][209]LogModuleManager: Shutting down and abandoning module NetworkFile (4)
[2016.05.30-10.59.44:326][209]LogModuleManager: Shutting down and abandoning module StreamingFile (3)
[2016.05.30-10.59.44:326][209]LogModuleManager: Shutting down and abandoning module SandboxFile (2)
[2016.05.30-10.59.44:326][209]LogModuleManager: Shutting down and abandoning module PakFile (1)
[2016.05.30-10.59.44:335][209]LogExit: Exiting.
[2016.05.30-10.59.44:336][209]Log file closed, 05/30/16 19:59:44
