Log file open, 05/30/16 21:02:37
LogInit:Display: Running engine for game: Cube
LogPlatformFile: Not using cached read wrapper
LogInit:Display: RandInit(-1214526980) SRandInit(-1214526978).
LogTaskGraph: Started task graph with 4 named threads and 7 total threads.
LogStats: Stats thread started at 0.071056
LogInit: Version: 4.11.2-2946394+++UE4+Release-4.11
LogInit: API Version: 2927265
LogInit: Compiled (64-bit): Apr 18 2016 02:18:46
LogInit: Compiled with Visual C++: 19.00.23026.00
LogInit: Build Configuration: Development
LogInit: Branch Name: ++UE4+Release-4.11
LogInit: Command line:  /Game/Start -game -PIEVIACONSOLE -ResX=1280 -ResY=720  -Multiprocess -messaging -SessionName="Play in Standalone Game" -featureleveles2 -faketouches 
LogInit: Base directory: D:/unreal/Epic Games/4.11/Engine/Binaries/Win64/
LogInit: Installed Engine Build: 1
LogInit: Using libcurl 7.41.0
LogInit:  - built for x86_64-pc-win32
LogInit:  - supports SSL with WinSSL
LogInit:  - other features:
LogInit:      CURL_VERSION_SSL
LogInit:      CURL_VERSION_IPV6
LogInit:      CURL_VERSION_ASYNCHDNS
LogInit:      CURL_VERSION_LARGEFILE
LogInit:      CURL_VERSION_IDN
LogInit:  CurlRequestOptions (configurable via config and command line):
LogInit:  - bVerifyPeer = true  - Libcurl will verify peer certificate
LogInit:  - bUseHttpProxy = false  - Libcurl will NOT use HTTP proxy
LogInit:  - bDontReuseConnections = false  - Libcurl will reuse connections
LogInit:  - CertBundlePath = nullptr  - Libcurl will use whatever was configured at build time.
LogInit: Presizing for max 16777216 objects, including 0 objects not considered by GC, pre-allocating 0 bytes for permanent pool.
LogInit: Object subsystem initialized
[2016.05.30-12.02.37:977][  0]LogInit: Selected Device Profile: [Windows]
[2016.05.30-12.02.37:977][  0]LogInit: Applying CVar settings loaded from the selected device profile: [Windows]
[2016.05.30-12.02.37:980][  0]LogInit: Computer: OWNER-PC
[2016.05.30-12.02.37:980][  0]LogInit: User: Owner
[2016.05.30-12.02.37:980][  0]LogInit: CPU Page size=65536, Cores=4
[2016.05.30-12.02.37:980][  0]LogInit: High frequency timer resolution =3.417976 MHz
[2016.05.30-12.02.37:980][  0]LogMemory: Memory total: Physical=15.9GB (16GB approx)
[2016.05.30-12.02.37:980][  0]LogMemory: Platform Memory Stats for Windows
[2016.05.30-12.02.37:980][  0]LogMemory: Process Physical Memory: 313.46 MB used, 313.46 MB peak
[2016.05.30-12.02.37:980][  0]LogMemory: Process Virtual Memory: 314.63 MB used, 314.63 MB peak
[2016.05.30-12.02.37:980][  0]LogMemory: Physical Memory: 4200.88 MB used, 16312.00 MB total
[2016.05.30-12.02.37:980][  0]LogMemory: Virtual Memory: 651.30 MB used, 134217728.00 MB total
[2016.05.30-12.02.38:023][  0]LogTextLocalizationManager: No specific translations for ('ko-KR') exist, so ('ko') translations will be used.
[2016.05.30-12.02.38:058][  0]LogTextLocalizationManager:Warning: Loaded localization resources contain conflicting entries for (Namespace:KismetSchema, Key:Default):
Localization Resource: (D:/unreal/Epic Games/4.11/Engine/Content/Localization/EditorTutorials/ko/EditorTutorials.locres) Source String Hash: (940523119) Localized String: (디폴트)
Localization Resource: (D:/unreal/Epic Games/4.11/Engine/Content/Localization/Engine/ko/Engine.locres) Source String Hash: (940523119) Localized String: (기본)
[2016.05.30-12.02.38:058][  0]LogTextLocalizationManager:Warning: Loaded localization resources contain conflicting entries for (Namespace:UObjectToolTips, Key:AnimNode_AssetPlayerBase:InternalTimeAccumulator):
Localization Resource: (D:/unreal/Epic Games/4.11/Engine/Content/Localization/EditorTutorials/ko/EditorTutorials.locres) Source String Hash: (502993589) Localized String: (이 노드에서 애셋을 레퍼런싱하는 데 사용되는 누적 시간입니다.)
Localization Resource: (D:/unreal/Epic Games/4.11/Engine/Content/Localization/Engine/ko/Engine.locres) Source String Hash: (502993589) Localized String: (이 노드에서 애셋을 레퍼런싱하는 데 사용된 누적 시간입니다.)
[2016.05.30-12.02.38:059][  0]LogTextLocalizationManager:Warning: Loaded localization resources contain conflicting entries for (Namespace:UObjectToolTips, Key:AnimNode_AssetPlayerBase:bIgnoreForRelevancyTest):
Localization Resource: (D:/unreal/Epic Games/4.11/Engine/Content/Localization/EditorTutorials/ko/EditorTutorials.locres) Source String Hash: (319969718) Localized String: (True 면, 스테이트에서 최고 가중치 애니메이션을 찾는 "Relevant anim" 노드는 이 노드를 무시합니다.
 )
Localization Resource: (D:/unreal/Epic Games/4.11/Engine/Content/Localization/Engine/ko/Engine.locres) Source String Hash: (319969718) Localized String: (True 면 스테이트 내 최고 웨이팅된 애니메이션을 찾는 "Relevant anim" 노드가 무시됩니다.
 )
[2016.05.30-12.02.38:059][  0]LogTextLocalizationManager:Warning: Loaded localization resources contain conflicting entries for (Namespace:UObjectToolTips, Key:AnimNode_AssetPlayerBase:BlendWeight):
Localization Resource: (D:/unreal/Epic Games/4.11/Engine/Content/Localization/EditorTutorials/ko/EditorTutorials.locres) Source String Hash: (-1232800293) Localized String: (이 노드에 마지막 걸린 블렌드웨이트 입니다.)
Localization Resource: (D:/unreal/Epic Games/4.11/Engine/Content/Localization/Engine/ko/Engine.locres) Source String Hash: (-1232800293) Localized String: (이 노드에 대해 마지막 접한 블렌드 웨이트)
[2016.05.30-12.02.38:128][  0]LogD3D11RHI: D3D11 adapters:
[2016.05.30-12.02.38:148][  0]LogD3D11RHI:    0. 'NVIDIA GeForce GTX 960' (Feature Level 11_0)
[2016.05.30-12.02.38:148][  0]LogD3D11RHI:       1969MB of dedicated video memory, 0MB of dedicated system memory, and 8155MB of shared system memory, 2 output[s]
[2016.05.30-12.02.38:149][  0]LogD3D11RHI:    1. 'Microsoft Basic Render Driver' (Feature Level 11_0)
[2016.05.30-12.02.38:149][  0]LogD3D11RHI:       0MB of dedicated video memory, 0MB of dedicated system memory, and 8155MB of shared system memory, 0 output[s]
[2016.05.30-12.02.38:149][  0]LogD3D11RHI: Chosen D3D11 Adapter: 0
[2016.05.30-12.02.38:153][  0]LogD3D11RHI: Creating new Direct3DDevice
[2016.05.30-12.02.38:153][  0]LogD3D11RHI:     Adapter Name: NVIDIA GeForce GTX 960
[2016.05.30-12.02.38:153][  0]LogD3D11RHI:   Driver Version: Unknown (internal Unknown)
[2016.05.30-12.02.38:153][  0]LogD3D11RHI:      Driver Date: Unknown
[2016.05.30-12.02.38:153][  0]LogRHI: Texture pool is 1361 MB (70% of 1945 MB)
[2016.05.30-12.02.38:165][  0]LogD3D11RHI: Async texture creation enabled
[2016.05.30-12.02.38:180][  0]LogShaderCompilers: Guid format shader working directory is 0 characters bigger than the processId version (../../../../../../Programming/unreal/Cube/Cube/Intermediate/Shaders/WorkingDirectory/9048/).
[2016.05.30-12.02.38:180][  0]LogShaderCompilers: Cleaned the shader compiler working directory 'C:/Users/Owner/AppData/Local/Temp/UnrealShaderWorkingDir/1090AEE846969861AB3F3C8A6C404810/'.
[2016.05.30-12.02.38:180][  0]LogShaderCompilers:Display: Using Local Shader Compiler.
[2016.05.30-12.02.38:998][  0]LogTemp:Display: Loaded TP AllDesktopTargetPlatform
[2016.05.30-12.02.39:002][  0]LogTemp:Display: Loaded TP WindowsClientTargetPlatform
[2016.05.30-12.02.39:006][  0]LogTemp:Display: Loaded TP WindowsNoEditorTargetPlatform
[2016.05.30-12.02.39:010][  0]LogTemp:Display: Loaded TP WindowsServerTargetPlatform
[2016.05.30-12.02.39:013][  0]LogTemp:Display: Loaded TP WindowsTargetPlatform
[2016.05.30-12.02.39:016][  0]LogTemp:Display: Loaded TP AndroidTargetPlatform
[2016.05.30-12.02.39:019][  0]LogTemp:Display: Loaded TP Android_ASTCTargetPlatform
[2016.05.30-12.02.39:021][  0]LogTemp:Display: Loaded TP Android_ATCTargetPlatform
[2016.05.30-12.02.39:024][  0]LogTemp:Display: Loaded TP Android_DXTTargetPlatform
[2016.05.30-12.02.39:026][  0]LogTemp:Display: Loaded TP Android_ETC1TargetPlatform
[2016.05.30-12.02.39:029][  0]LogTemp:Display: Loaded TP Android_ETC2TargetPlatform
[2016.05.30-12.02.39:034][  0]LogTemp:Display: Loaded TP Android_MultiTargetPlatform
[2016.05.30-12.02.39:034][  0]LogTemp:Display: Loaded TP Android_PVRTCTargetPlatform
[2016.05.30-12.02.39:035][  0]LogTemp:Display: Loaded TP HTML5TargetPlatform
[2016.05.30-12.02.39:051][  0]LogTemp:Display: Loaded TP IOSTargetPlatform
[2016.05.30-12.02.39:053][  0]LogTemp:Display: Loaded TP TVOSTargetPlatform
[2016.05.30-12.02.39:056][  0]LogTemp:Display: Loaded TP LinuxNoEditorTargetPlatform
[2016.05.30-12.02.39:058][  0]LogTemp:Display: Loaded TP LinuxServerTargetPlatform
[2016.05.30-12.02.39:061][  0]LogTemp:Display: Loaded TP LinuxTargetPlatform
[2016.05.30-12.02.39:061][  0]LogTargetPlatformManager:Display: Building Assets For Windows
[2016.05.30-12.02.39:121][  0]LogDerivedDataCache:Display: Max Cache Size: 512 MB
[2016.05.30-12.02.39:160][  0]LogDerivedDataCache: Loaded boot cache 0.04s 46MB C:/Users/Owner/AppData/Local/UnrealEngine/4.11/DerivedDataCache/Boot.ddc.
[2016.05.30-12.02.39:160][  0]LogDerivedDataCache:Display: Loaded Boot cache: C:/Users/Owner/AppData/Local/UnrealEngine/4.11/DerivedDataCache/Boot.ddc
[2016.05.30-12.02.39:160][  0]LogDerivedDataCache: FDerivedDataBackendGraph:  Pak pak cache file ../../../../../../Programming/unreal/Cube/Cube/DerivedDataCache/DDC.ddp not found, will not use a pak cache.
[2016.05.30-12.02.39:160][  0]LogDerivedDataCache: Unable to find inner node Pak for hierarchical cache Hierarchy.
[2016.05.30-12.02.39:160][  0]LogDerivedDataCache: FDerivedDataBackendGraph:  CompressedPak pak cache file ../../../../../../Programming/unreal/Cube/Cube/DerivedDataCache/Compressed.ddp not found, will not use a pak cache.
[2016.05.30-12.02.39:160][  0]LogDerivedDataCache: Unable to find inner node CompressedPak for hierarchical cache Hierarchy.
[2016.05.30-12.02.39:173][  0]LogDerivedDataCache:Display: Pak cache opened for reading ../../../Engine/DerivedDataCache/Compressed.ddp.
[2016.05.30-12.02.39:185][  0]LogDerivedDataCache: Using Local data cache path C:/Users/Owner/AppData/Local/UnrealEngine/Common/DerivedDataCache: Writable
[2016.05.30-12.02.39:338][  0]LogInit: Selected Device Profile: [Windows]
[2016.05.30-12.02.39:342][  0]LogMaterial: Uniform references updated for custom material expression Custom.
[2016.05.30-12.02.39:343][  0]LogContentStreaming: Texture pool size is 1000.00 MB
[2016.05.30-12.02.39:475][  0]LogMeshUtilities: No automatic mesh reduction module available
[2016.05.30-12.02.39:475][  0]LogMeshUtilities: No automatic mesh merging module available
[2016.05.30-12.02.39:475][  0]LogMeshUtilities: No distributed automatic mesh merging module available
[2016.05.30-12.02.39:580][  0]LogMaterial: Missing cached shader map for material LandscapeGizmoHeight_Mat, compiling. 
[2016.05.30-12.02.39:672][  0]LogMaterial: Missing cached shader map for material SplineEditorMeshMat, compiling. 
[2016.05.30-12.02.39:681][  0]LogMaterial: Missing cached shader map for material MatineeCam_mat, compiling. 
[2016.05.30-12.02.39:702][  0]LogMaterial: Missing cached shader map for material HelpActorMaterial, compiling. 
[2016.05.30-12.02.39:734][  0]LogMaterial: Missing cached shader map for material DefaultTextMaterialOpaque, compiling. 
[2016.05.30-12.02.39:777][  0]LogMaterial: Missing cached shader map for material DefaultMaterial, compiling. 
[2016.05.30-12.02.39:843][  0]LogInit: WinSock: version 1.1 (2.2), MaxSocks=32767, MaxUdp=65467
[2016.05.30-12.02.39:894][  0]LogSlate: SlateFontCache - WITH_FREETYPE: 1, WITH_HARFBUZZ: 1
[2016.05.30-12.02.39:894][  0]LogSlate: SlateFontCache - WITH_FREETYPE: 1, WITH_HARFBUZZ: 1
[2016.05.30-12.02.40:033][  0]LogWindowsMoviePlayer: Unable to load movie: ../../../../../../Programming/unreal/Cube/Cube/Content/Movies/Default_Startup.mp4
[2016.05.30-12.02.40:078][  0]LogMaterial: Missing cached shader map for material DefaultSpriteMaterial, compiling. 
[2016.05.30-12.02.40:083][  0]LogMaterial: Missing cached shader map for material DefaultSpriteMaterial, compiling. 
[2016.05.30-12.02.40:104][  0]LogUdpMessaging: Initializing bridge on interface 0.0.0.0:0 to multicast group 230.0.0.1:6666.
[2016.05.30-12.02.40:182][  0]SourceControl: 정보 소스 콘트롤이 꺼졌습니다.
[2016.05.30-12.02.40:182][  0]SourceControl: 정보 소스 콘트롤이 꺼졌습니다.
[2016.05.30-12.02.40:190][  0]SourceControl: 정보 소스 콘트롤이 꺼졌습니다.
[2016.05.30-12.02.40:284][  0]LogHMD: Failed to initialize OpenVR with code 110
[2016.05.30-12.02.40:304][  0]LogUObjectArray: 29224 objects as part of root set at end of initial load.
[2016.05.30-12.02.40:304][  0]LogUObjectAllocator: 6081368 out of 0 bytes used by permanent object pool.
[2016.05.30-12.02.40:304][  0]LogUObjectArray: CloseDisregardForGC: 0/0 objects in disregard for GC pool
[2016.05.30-12.02.40:327][  0]LogMaterial: Missing cached shader map for material HighResScreenshot, compiling. 
[2016.05.30-12.02.40:331][  0]LogMaterial: Missing cached shader map for material HighResScreenshotMask, compiling. 
[2016.05.30-12.02.40:337][  0]LogMaterial: Missing cached shader map for material HighResScreenshotCaptureRegion, compiling. 
[2016.05.30-12.02.40:357][  0]LogEngine: Initializing Engine...
[2016.05.30-12.02.40:370][  0]LogMaterial: Missing cached shader map for material WireframeMaterial, compiling. Is special engine material.
[2016.05.30-12.02.40:482][  0]LogMaterial: Missing cached shader map for material LevelColorationLitMaterial, compiling. Is special engine material.
[2016.05.30-12.02.40:625][  0]LogMaterial: Missing cached shader map for material LevelColorationUnlitMaterial, compiling. Is special engine material.
[2016.05.30-12.02.40:645][  0]LogMaterial: Missing cached shader map for material MAT_LevelColorationLitLightmapUV, compiling. Is special engine material.
[2016.05.30-12.02.40:789][  0]LogMaterial: Missing cached shader map for material ShadedLevelColorationLitMaterial, compiling. Is special engine material.
[2016.05.30-12.02.40:933][  0]LogMaterial: Missing cached shader map for material ShadedLevelColorationUnlitMateri, compiling. Is special engine material.
[2016.05.30-12.02.40:949][  0]LogMaterial: Missing cached shader map for material VertexColorMaterial, compiling. 
[2016.05.30-12.02.40:978][  0]LogMaterial: Missing cached shader map for material VertexColorViewMode_ColorOnly, compiling. 
[2016.05.30-12.02.40:983][  0]LogMaterial: Missing cached shader map for material VertexColorViewMode_AlphaAsColor, compiling. 
[2016.05.30-12.02.40:988][  0]LogMaterial: Missing cached shader map for material VertexColorViewMode_RedOnly, compiling. 
[2016.05.30-12.02.40:993][  0]LogMaterial: Missing cached shader map for material VertexColorViewMode_GreenOnly, compiling. 
[2016.05.30-12.02.40:998][  0]LogMaterial: Missing cached shader map for material VertexColorViewMode_BlueOnly, compiling. 
[2016.05.30-12.02.41:002][  0]LogMaterial: Missing cached shader map for material RemoveSurfaceMaterial, compiling. 
[2016.05.30-12.02.41:006][  0]LogMaterial: Missing cached shader map for material DebugMeshMaterial, compiling. 
[2016.05.30-12.02.41:013][  0]LogMaterial: Missing cached shader map for material M_InvalidLightmapSettings, compiling. 
[2016.05.30-12.02.41:028][  0]LogMaterial: Missing cached shader map for material GizmoMaterial, compiling. 
[2016.05.30-12.02.41:050][  0]LogInit: XAudio2 using '스피커(Realtek High Definition Audio)' : 2 channels at 48 kHz using 32 bits per sample (channel mask 0x3)
[2016.05.30-12.02.41:074][  0]LogInit: FAudioDevice initialized.
[2016.05.30-12.02.41:077][  0]LogInit: Texture streaming: Enabled
[2016.05.30-12.02.41:079][  0]LogMaterial: Missing cached shader map for material BaseColor, compiling. 
[2016.05.30-12.02.41:082][  0]LogMaterial: Missing cached shader map for material CustomDepth, compiling. 
[2016.05.30-12.02.41:088][  0]LogMaterial: Missing cached shader map for material CustomStencil, compiling. 
[2016.05.30-12.02.41:092][  0]LogMaterial: Missing cached shader map for material FinalImage, compiling. 
[2016.05.30-12.02.41:095][  0]LogMaterial: Missing cached shader map for material LightingModel, compiling. 
[2016.05.30-12.02.41:099][  0]LogMaterial: Missing cached shader map for material MaterialAO, compiling. 
[2016.05.30-12.02.41:103][  0]LogMaterial: Missing cached shader map for material Metallic, compiling. 
[2016.05.30-12.02.41:106][  0]LogMaterial: Missing cached shader map for material Opacity, compiling. 
[2016.05.30-12.02.41:109][  0]LogMaterial: Missing cached shader map for material Roughness, compiling. 
[2016.05.30-12.02.41:113][  0]LogMaterial: Missing cached shader map for material SceneColor, compiling. 
[2016.05.30-12.02.41:116][  0]LogMaterial: Missing cached shader map for material SceneDepth, compiling. 
[2016.05.30-12.02.41:120][  0]LogMaterial: Missing cached shader map for material SeparateTranslucencyRGB, compiling. 
[2016.05.30-12.02.41:123][  0]LogMaterial: Missing cached shader map for material SeparateTranslucencyA, compiling. 
[2016.05.30-12.02.41:127][  0]LogMaterial: Missing cached shader map for material Specular, compiling. 
[2016.05.30-12.02.41:130][  0]LogMaterial: Missing cached shader map for material SubsurfaceColor, compiling. 
[2016.05.30-12.02.41:133][  0]LogMaterial: Missing cached shader map for material WorldNormal, compiling. 
[2016.05.30-12.02.41:137][  0]LogMaterial: Missing cached shader map for material AmbientOcclusion, compiling. 
[2016.05.30-12.02.41:141][  0]LogMaterial: Missing cached shader map for material CustomDepthWorldUnits, compiling. 
[2016.05.30-12.02.41:144][  0]LogMaterial: Missing cached shader map for material SceneDepthWorldUnits, compiling. 
[2016.05.30-12.02.41:148][  0]LogMaterial: Missing cached shader map for material HDRColor, compiling. 
[2016.05.30-12.02.41:183][  0]LogNet: Browse: /Game/Start?Name=Player
[2016.05.30-12.02.41:183][  0]LogLoad: LoadMap: /Game/Start?Name=Player
[2016.05.30-12.02.41:195][  0]LogMemory: Platform Memory Stats for Windows
[2016.05.30-12.02.41:196][  0]LogMemory: Process Physical Memory: 965.20 MB used, 967.90 MB peak
[2016.05.30-12.02.41:196][  0]LogMemory: Process Virtual Memory: 984.18 MB used, 992.20 MB peak
[2016.05.30-12.02.41:196][  0]LogMemory: Physical Memory: 4883.57 MB used, 16312.00 MB total
[2016.05.30-12.02.41:196][  0]LogMemory: Virtual Memory: 1557.34 MB used, 134217728.00 MB total
[2016.05.30-12.02.41:196][  0]LogMemory: 
[2016.05.30-12.02.41:196][  0]Allocator Stats for TBB: (not implemented)
[2016.05.30-12.02.41:227][  0]LogAIModule: Creating AISystem for world Start
[2016.05.30-12.02.41:258][  0]LogBlueprint:Warning: [MoveCube] CreatePinForVariable: 'CubeAry' variable not found. Base class was probably changed.
[2016.05.30-12.02.41:262][  0]LogBlueprint:Warning: [compiler MoveCube] 경고 이름이 "CubeAry" 인 함수를 'MyGameMode_C' 에서 찾을 수 없었습니다.
'MyGameMode_C' 컴파일이  CubeAry 구하기  에 대해 되었는지 확인하세요.
[2016.05.30-12.02.41:263][  0]LogBlueprint:Error: [compiler MoveCube] 오류  CubeAry  와 연관된 프로퍼티를 찾지 못했습니다.
[2016.05.30-12.02.41:268][  0]LogBlueprint:Warning: [compiler MoveCube] 경고 [0003.91] MoveCube 컴파일에 실패했습니다. 치명적 오류 1 회, 경고 1 회, [소요시간 9 ms]
[2016.05.30-12.02.41:268][  0]LogBlueprint:Warning: [compiler MoveCube] 경고 [0003.91] MoveCube 컴파일에 실패했습니다. 치명적 오류 1 회, 경고 2 회, [소요시간 0 ms]
[2016.05.30-12.02.41:268][  0]LogBlueprint:Warning: [compiler MoveCube] 경고 [0003.91] MoveCube 컴파일에 실패했습니다. 치명적 오류 1 회, 경고 3 회, [소요시간 0 ms]
[2016.05.30-12.02.41:307][  0]LogMaterial: Missing cached shader map for material BasicShapeMaterial, compiling. 
[2016.05.30-12.02.41:331][  0]LogWorld: Game class is 'MyGameMode_C'
[2016.05.30-12.02.41:332][  0]LogWorld: Bringing World /Game/Start.Start up for play (max tick rate 0) at 2016.05.30-21.02.41
[2016.05.30-12.02.41:332][  0]LogWorld: Bringing up level for play took: 0.000619
[2016.05.30-12.02.41:333][  0]LogGameMode: Warning - PATHS NOT DEFINED or NO PLAYERSTART with positive rating
[2016.05.30-12.02.41:372][  0]LogMaterial: Missing cached shader map for material MiniMap_Front_Mat, compiling. 
[2016.05.30-12.02.41:392][  0]LogMaterial: Missing cached shader map for material CubeMoveRoute, compiling. 
[2016.05.30-12.02.41:417][  0]LogMaterial: Missing cached shader map for material M_Sky_Panning_Clouds2, compiling. 
[2016.05.30-12.02.41:444][  0]LogMaterial: Missing cached shader map for material MiniMap_Up_Mat, compiling. 
[2016.05.30-12.02.41:449][  0]LogMaterial: Missing cached shader map for material MiniMap_Right_Mat, compiling. 
[2016.05.30-12.02.41:841][  0]LogInit:Display: Game Engine Initialized.
[2016.05.30-12.02.41:902][  0]LogRenderer: Reallocating scene render targets to support 1280x720 (Frame:2).
[2016.05.30-12.02.41:902][  0]LogLoad: Full Startup: 4.55 seconds (BP compile: 0.11 seconds)
[2016.05.30-12.02.41:902][  0]LogExternalProfiler: Found external profiler: VSPerf
[2016.05.30-12.02.41:902][  0]LogExternalProfiler: Using external profiler: VSPerf
[2016.05.30-12.02.41:921][  0]LogWindowsTextInputMethodSystem:Display: IME system now activated using TSF (Microsoft 입력기).
[2016.05.30-12.02.41:922][  0]LogOcInput: OculusInput pre-init called
[2016.05.30-12.02.55:852][839]LogWindowsTextInputMethodSystem:Display: IME system now activated using TSF (Microsoft 입력기).
[2016.05.30-12.02.55:854][839]LogEngine: All Windows Closed
[2016.05.30-12.02.55:854][839]LogWindows: FPlatformMisc::RequestExit(0)
[2016.05.30-12.02.56:370][840]LogExit: Preparing to exit.
[2016.05.30-12.02.57:339][840]LogExit: Game engine shut down
[2016.05.30-12.02.57:517][840]LogObj: Freed 0b from 0 cluster array pools.
[2016.05.30-12.02.57:517][840]LogExit: Object subsystem successfully closed.
[2016.05.30-12.02.57:534][840]LogD3D11RHI: Shutdown
[2016.05.30-12.02.57:534][840]LogD3D11RHI: CleanupD3DDevice
[2016.05.30-12.02.57:561][840]LogD3D11RHI: ~FD3D11DynamicRHI
[2016.05.30-12.02.57:802][840]LogDerivedDataCache: Shutdown
[2016.05.30-12.02.57:851][840]LogModuleManager: Shutting down and abandoning module AndroidDeviceDetection (124)
[2016.05.30-12.02.57:958][840]LogModuleManager: Shutting down and abandoning module AutomationController (123)
[2016.05.30-12.02.57:959][840]LogModuleManager: Shutting down and abandoning module AutomationWorker (122)
[2016.05.30-12.02.57:959][840]LogModuleManager: Shutting down and abandoning module CharacterAI (121)
[2016.05.30-12.02.57:959][840]LogModuleManager: Shutting down and abandoning module AITestSuite (120)
[2016.05.30-12.02.57:959][840]LogModuleManager: Shutting down and abandoning module GameplayDebugger (119)
[2016.05.30-12.02.57:959][840]LogModuleManager: Shutting down and abandoning module AIModule (118)
[2016.05.30-12.02.57:959][840]LogModuleManager: Shutting down and abandoning module MovieSceneCapture (117)
[2016.05.30-12.02.57:959][840]LogModuleManager: Shutting down and abandoning module StreamingPauseRendering (116)
[2016.05.30-12.02.57:959][840]LogModuleManager: Shutting down and abandoning module PortalServices (115)
[2016.05.30-12.02.57:959][840]LogModuleManager: Shutting down and abandoning module PortalRpc (114)
[2016.05.30-12.02.57:959][840]LogModuleManager: Shutting down and abandoning module MessagingRpc (113)
[2016.05.30-12.02.57:959][840]LogModuleManager: Shutting down and abandoning module ProfilerService (112)
[2016.05.30-12.02.58:103][840]LogModuleManager: Shutting down and abandoning module TaskGraph (111)
[2016.05.30-12.02.58:103][840]LogModuleManager: Shutting down and abandoning module SlateRemote (110)
[2016.05.30-12.02.58:110][840]LogModuleManager: Shutting down and abandoning module SteamVRController (109)
[2016.05.30-12.02.58:110][840]LogModuleManager: Shutting down and abandoning module SteamVR (108)
[2016.05.30-12.02.58:110][840]LogModuleManager: Shutting down and abandoning module ProceduralMeshComponent (107)
[2016.05.30-12.02.58:110][840]LogModuleManager: Shutting down and abandoning module OculusLibrary (106)
[2016.05.30-12.02.58:110][840]LogModuleManager: Shutting down and abandoning module OculusInput (105)
[2016.05.30-12.02.58:110][840]LogModuleManager: Shutting down and abandoning module CustomMeshComponent (104)
[2016.05.30-12.02.58:110][840]LogModuleManager: Shutting down and abandoning module CableComponent (103)
[2016.05.30-12.02.58:110][840]LogModuleManager: Shutting down and abandoning module ArchVisCharacter (102)
[2016.05.30-12.02.58:110][840]LogModuleManager: Shutting down and abandoning module HTML5Networking (101)
[2016.05.30-12.02.58:110][840]LogModuleManager: Shutting down and abandoning module DesktopPlatform (100)
[2016.05.30-12.02.58:110][840]LogModuleManager: Shutting down and abandoning module DirectoryWatcher (99)
[2016.05.30-12.02.58:110][840]LogModuleManager: Shutting down and abandoning module HotReload (98)
[2016.05.30-12.02.58:110][840]LogModuleManager: Shutting down and abandoning module VisualStudioSourceCodeAccess (97)
[2016.05.30-12.02.58:110][840]LogModuleManager: Shutting down and abandoning module UObjectPlugin (96)
[2016.05.30-12.02.58:110][840]LogModuleManager: Shutting down and abandoning module SubversionSourceControl (95)
[2016.05.30-12.02.58:110][840]LogModuleManager: Shutting down and abandoning module SourceControl (94)
[2016.05.30-12.02.58:110][840]LogModuleManager: Shutting down and abandoning module PerforceSourceControl (93)
[2016.05.30-12.02.58:110][840]LogModuleManager: Shutting down and abandoning module UdpMessaging (92)
[2016.05.30-12.02.58:211][840]LogModuleManager: Shutting down and abandoning module LightPropagationVolumeRuntime (91)
[2016.05.30-12.02.58:211][840]LogModuleManager: Shutting down and abandoning module Paper2D (90)
[2016.05.30-12.02.58:211][840]LogModuleManager: Shutting down and abandoning module WindowsMoviePlayer (89)
[2016.05.30-12.02.58:211][840]LogModuleManager: Shutting down and abandoning module Media (88)
[2016.05.30-12.02.58:211][840]LogModuleManager: Shutting down and abandoning module WmfMedia (87)
[2016.05.30-12.02.58:217][840]LogModuleManager: Shutting down and abandoning module MediaAssets (86)
[2016.05.30-12.02.58:217][840]LogModuleManager: Shutting down and abandoning module GameLiveStreaming (85)
[2016.05.30-12.02.58:217][840]LogModuleManager: Shutting down and abandoning module GameplayTagsEditor (84)
[2016.05.30-12.02.58:217][840]LogModuleManager: Shutting down and abandoning module OnlineBlueprintSupport (83)
[2016.05.30-12.02.58:217][840]LogModuleManager: Shutting down and abandoning module GameplayTasksEditor (82)
[2016.05.30-12.02.58:217][840]LogModuleManager: Shutting down and abandoning module PropertyEditor (81)
[2016.05.30-12.02.58:217][840]LogModuleManager: Shutting down and abandoning module BehaviorTreeEditor (80)
[2016.05.30-12.02.58:223][840]LogModuleManager: Shutting down and abandoning module FunctionalTesting (79)
[2016.05.30-12.02.58:223][840]LogModuleManager: Shutting down and abandoning module CollisionAnalyzer (78)
[2016.05.30-12.02.58:223][840]LogModuleManager: Shutting down and abandoning module WorkspaceMenuStructure (77)
[2016.05.30-12.02.58:223][840]LogModuleManager: Shutting down and abandoning module MessageLog (76)
[2016.05.30-12.02.58:223][840]LogModuleManager: Shutting down and abandoning module Sequencer (75)
[2016.05.30-12.02.58:223][840]LogModuleManager: Shutting down and abandoning module AssetTools (74)
[2016.05.30-12.02.58:233][840]LogModuleManager: Shutting down and abandoning module UMGEditor (73)
[2016.05.30-12.02.58:233][840]LogModuleManager: Shutting down and abandoning module UMG (72)
[2016.05.30-12.02.58:233][840]LogModuleManager: Shutting down and abandoning module SlateReflector (71)
[2016.05.30-12.02.58:240][840]LogModuleManager: Shutting down and abandoning module Slate (70)
[2016.05.30-12.02.58:240][840]LogModuleManager: Shutting down and abandoning module EditorStyle (69)
[2016.05.30-12.02.58:241][840]LogModuleManager: Shutting down and abandoning module SessionServices (68)
[2016.05.30-12.02.58:241][840]LogModuleManager: Shutting down and abandoning module SourceCodeAccess (67)
[2016.05.30-12.02.58:241][840]LogModuleManager: Shutting down and abandoning module HeadMountedDisplay (66)
[2016.05.30-12.02.58:241][840]LogModuleManager: Shutting down and abandoning module XAudio2 (65)
[2016.05.30-12.02.58:241][840]LogModuleManager: Shutting down and abandoning module Networking (63)
[2016.05.30-12.02.58:241][840]LogModuleManager: Shutting down and abandoning module Core (62)
[2016.05.30-12.02.58:241][840]LogModuleManager: Shutting down and abandoning module KismetCompiler (61)
[2016.05.30-12.02.58:241][840]LogModuleManager: Shutting down and abandoning module PhysXFormats (60)
[2016.05.30-12.02.58:241][840]LogModuleManager: Shutting down and abandoning module MeshUtilities (59)
[2016.05.30-12.02.58:241][840]LogModuleManager: Shutting down and abandoning module CookingStats (58)
[2016.05.30-12.02.58:241][840]LogModuleManager: Shutting down and abandoning module DerivedDataCache (57)
[2016.05.30-12.02.58:241][840]LogDerivedDataCache: Shutdown
[2016.05.30-12.02.58:241][840]LogModuleManager: Shutting down and abandoning module ShaderFormatOpenGL (56)
[2016.05.30-12.02.58:244][840]LogModuleManager: Shutting down and abandoning module ShaderFormatD3D (55)
[2016.05.30-12.02.58:244][840]LogModuleManager: Shutting down and abandoning module MetalShaderFormat (54)
[2016.05.30-12.02.58:253][840]LogModuleManager: Shutting down and abandoning module TextureFormatUncompressed (53)
[2016.05.30-12.02.58:254][840]LogModuleManager: Shutting down and abandoning module TextureFormatPVR (52)
[2016.05.30-12.02.58:254][840]LogModuleManager: Shutting down and abandoning module TextureFormatIntelISPCTexComp (51)
[2016.05.30-12.02.58:254][840]LogModuleManager: Shutting down and abandoning module TextureFormatDXT (50)
[2016.05.30-12.02.58:254][840]LogModuleManager: Shutting down and abandoning module ImageWrapper (49)
[2016.05.30-12.02.58:254][840]LogModuleManager: Shutting down and abandoning module TextureFormatASTC (48)
[2016.05.30-12.02.58:254][840]LogModuleManager: Shutting down and abandoning module TextureFormatAndroid (47)
[2016.05.30-12.02.58:254][840]LogModuleManager: Shutting down and abandoning module AudioFormatOpus (46)
[2016.05.30-12.02.58:254][840]LogModuleManager: Shutting down and abandoning module AudioFormatOgg (45)
[2016.05.30-12.02.58:254][840]LogModuleManager: Shutting down and abandoning module AudioFormatADPCM (44)
[2016.05.30-12.02.58:254][840]LogModuleManager: Shutting down and abandoning module LinuxTargetPlatform (43)
[2016.05.30-12.02.58:254][840]LogModuleManager: Shutting down and abandoning module LinuxServerTargetPlatform (42)
[2016.05.30-12.02.58:254][840]LogModuleManager: Shutting down and abandoning module LinuxNoEditorTargetPlatform (41)
[2016.05.30-12.02.58:254][840]LogModuleManager: Shutting down and abandoning module TVOSTargetPlatform (40)
[2016.05.30-12.02.58:254][840]LogModuleManager: Shutting down and abandoning module Messaging (39)
[2016.05.30-12.02.58:254][840]LogModuleManager: Shutting down and abandoning module IOSTargetPlatform (38)
[2016.05.30-12.02.58:254][840]LogModuleManager: Shutting down and abandoning module HTML5TargetPlatform (37)
[2016.05.30-12.02.58:254][840]LogModuleManager: Shutting down and abandoning module Android_PVRTCTargetPlatform (36)
[2016.05.30-12.02.58:254][840]LogModuleManager: Shutting down and abandoning module Android_MultiTargetPlatform (35)
[2016.05.30-12.02.58:254][840]LogModuleManager: Shutting down and abandoning module Android_ETC2TargetPlatform (34)
[2016.05.30-12.02.58:254][840]LogModuleManager: Shutting down and abandoning module Android_ETC1TargetPlatform (33)
[2016.05.30-12.02.58:254][840]LogModuleManager: Shutting down and abandoning module Android_DXTTargetPlatform (32)
[2016.05.30-12.02.58:254][840]LogModuleManager: Shutting down and abandoning module Android_ATCTargetPlatform (31)
[2016.05.30-12.02.58:254][840]LogModuleManager: Shutting down and abandoning module Android_ASTCTargetPlatform (30)
[2016.05.30-12.02.58:254][840]LogModuleManager: Shutting down and abandoning module AndroidTargetPlatform (29)
[2016.05.30-12.02.58:254][840]LogModuleManager: Shutting down and abandoning module WindowsTargetPlatform (28)
[2016.05.30-12.02.58:254][840]LogModuleManager: Shutting down and abandoning module WindowsServerTargetPlatform (27)
[2016.05.30-12.02.58:254][840]LogModuleManager: Shutting down and abandoning module WindowsNoEditorTargetPlatform (26)
[2016.05.30-12.02.58:254][840]LogModuleManager: Shutting down and abandoning module WindowsClientTargetPlatform (25)
[2016.05.30-12.02.58:254][840]LogModuleManager: Shutting down and abandoning module AllDesktopTargetPlatform (24)
[2016.05.30-12.02.58:254][840]LogModuleManager: Shutting down and abandoning module TargetPlatform (23)
[2016.05.30-12.02.58:254][840]LogModuleManager: Shutting down and abandoning module InputCore (22)
[2016.05.30-12.02.58:254][840]LogModuleManager: Shutting down and abandoning module Settings (21)
[2016.05.30-12.02.58:254][840]LogModuleManager: Shutting down and abandoning module OnlineSubsystem (19)
[2016.05.30-12.02.58:254][840]LogModuleManager: Shutting down and abandoning module HTTP (18)
[2016.05.30-12.02.58:254][840]LogModuleManager: Shutting down and abandoning module XMPP (17)
[2016.05.30-12.02.58:268][840]LogModuleManager: Shutting down and abandoning module OculusRift (16)
[2016.05.30-12.02.58:277][840]LogModuleManager: Shutting down and abandoning module ExampleDeviceProfileSelector (15)
[2016.05.30-12.02.58:277][840]LogModuleManager: Shutting down and abandoning module TextureCompressor (14)
[2016.05.30-12.02.58:277][840]LogModuleManager: Shutting down and abandoning module ShaderCore (13)
[2016.05.30-12.02.58:277][840]LogModuleManager: Shutting down and abandoning module Landscape (12)
[2016.05.30-12.02.58:277][840]LogModuleManager: Shutting down and abandoning module SlateRHIRenderer (11)
[2016.05.30-12.02.58:287][840]LogModuleManager: Shutting down and abandoning module OpenGLDrv (10)
[2016.05.30-12.02.58:290][840]LogModuleManager: Shutting down and abandoning module D3D11RHI (9)
[2016.05.30-12.02.58:290][840]LogModuleManager: Shutting down and abandoning module AnimGraphRuntime (8)
[2016.05.30-12.02.58:291][840]LogModuleManager: Shutting down and abandoning module Renderer (7)
[2016.05.30-12.02.58:291][840]LogModuleManager: Shutting down and abandoning module Engine (6)
[2016.05.30-12.02.58:291][840]LogModuleManager: Shutting down and abandoning module CoreUObject (5)
[2016.05.30-12.02.58:291][840]LogModuleManager: Shutting down and abandoning module NetworkFile (4)
[2016.05.30-12.02.58:291][840]LogModuleManager: Shutting down and abandoning module StreamingFile (3)
[2016.05.30-12.02.58:291][840]LogModuleManager: Shutting down and abandoning module SandboxFile (2)
[2016.05.30-12.02.58:291][840]LogModuleManager: Shutting down and abandoning module PakFile (1)
[2016.05.30-12.02.58:295][840]LogExit: Exiting.
[2016.05.30-12.02.58:297][840]Log file closed, 05/30/16 21:02:58
