Log file open, 06/02/16 22:49:14
LogInit:Display: Running engine for game: Cube
LogPlatformFile: Not using cached read wrapper
LogInit:Display: RandInit(-2082202559) SRandInit(-2082202558).
LogTaskGraph: Started task graph with 4 named threads and 7 total threads.
LogStats: Stats thread started at 0.071061
LogInit: Version: 4.11.2-2946394+++UE4+Release-4.11
LogInit: API Version: 2927265
LogInit: Compiled (64-bit): Apr 18 2016 02:18:46
LogInit: Compiled with Visual C++: 19.00.23026.00
LogInit: Build Configuration: Development
LogInit: Branch Name: ++UE4+Release-4.11
LogInit: Command line:  
LogInit: Base directory: D:/unreal/Epic Games/4.11/Engine/Binaries/Win64/
LogInit: Installed Engine Build: 1
LogInit: Using libcurl 7.41.0
LogInit:  - built for x86_64-pc-win32
LogInit:  - supports SSL with WinSSL
LogInit:  - other features:
LogInit:      CURL_VERSION_SSL
LogInit:      CURL_VERSION_IPV6
LogInit:      CURL_VERSION_ASYNCHDNS
LogInit:      CURL_VERSION_LARGEFILE
LogInit:      CURL_VERSION_IDN
LogInit:  CurlRequestOptions (configurable via config and command line):
LogInit:  - bVerifyPeer = true  - Libcurl will verify peer certificate
LogInit:  - bUseHttpProxy = false  - Libcurl will NOT use HTTP proxy
LogInit:  - bDontReuseConnections = false  - Libcurl will reuse connections
LogInit:  - CertBundlePath = nullptr  - Libcurl will use whatever was configured at build time.
LogInit: Presizing for max 16777216 objects, including 0 objects not considered by GC, pre-allocating 0 bytes for permanent pool.
LogInit: Object subsystem initialized
[2016.06.02-13.49.14:933][  0]LogInit: Selected Device Profile: [Windows]
[2016.06.02-13.49.14:933][  0]LogInit: Applying CVar settings loaded from the selected device profile: [Windows]
[2016.06.02-13.49.14:941][  0]LogInit: Computer: OWNER-PC
[2016.06.02-13.49.14:941][  0]LogInit: User: Owner
[2016.06.02-13.49.14:941][  0]LogInit: CPU Page size=65536, Cores=4
[2016.06.02-13.49.14:941][  0]LogInit: High frequency timer resolution =3.417980 MHz
[2016.06.02-13.49.14:941][  0]LogMemory: Memory total: Physical=15.9GB (16GB approx)
[2016.06.02-13.49.14:941][  0]LogMemory: Platform Memory Stats for Windows
[2016.06.02-13.49.14:941][  0]LogMemory: Process Physical Memory: 313.72 MB used, 313.72 MB peak
[2016.06.02-13.49.14:941][  0]LogMemory: Process Virtual Memory: 314.55 MB used, 314.55 MB peak
[2016.06.02-13.49.14:941][  0]LogMemory: Physical Memory: 4238.48 MB used, 16312.00 MB total
[2016.06.02-13.49.14:941][  0]LogMemory: Virtual Memory: 651.24 MB used, 134217728.00 MB total
[2016.06.02-13.49.14:991][  0]LogTextLocalizationManager: No specific translations for ('ko-KR') exist, so ('ko') translations will be used.
[2016.06.02-13.49.15:023][  0]LogTextLocalizationManager:Warning: Loaded localization resources contain conflicting entries for (Namespace:KismetSchema, Key:Default):
Localization Resource: (D:/unreal/Epic Games/4.11/Engine/Content/Localization/EditorTutorials/ko/EditorTutorials.locres) Source String Hash: (940523119) Localized String: (디폴트)
Localization Resource: (D:/unreal/Epic Games/4.11/Engine/Content/Localization/Engine/ko/Engine.locres) Source String Hash: (940523119) Localized String: (기본)
[2016.06.02-13.49.15:024][  0]LogTextLocalizationManager:Warning: Loaded localization resources contain conflicting entries for (Namespace:UObjectToolTips, Key:AnimNode_AssetPlayerBase:InternalTimeAccumulator):
Localization Resource: (D:/unreal/Epic Games/4.11/Engine/Content/Localization/EditorTutorials/ko/EditorTutorials.locres) Source String Hash: (502993589) Localized String: (이 노드에서 애셋을 레퍼런싱하는 데 사용되는 누적 시간입니다.)
Localization Resource: (D:/unreal/Epic Games/4.11/Engine/Content/Localization/Engine/ko/Engine.locres) Source String Hash: (502993589) Localized String: (이 노드에서 애셋을 레퍼런싱하는 데 사용된 누적 시간입니다.)
[2016.06.02-13.49.15:024][  0]LogTextLocalizationManager:Warning: Loaded localization resources contain conflicting entries for (Namespace:UObjectToolTips, Key:AnimNode_AssetPlayerBase:bIgnoreForRelevancyTest):
Localization Resource: (D:/unreal/Epic Games/4.11/Engine/Content/Localization/EditorTutorials/ko/EditorTutorials.locres) Source String Hash: (319969718) Localized String: (True 면, 스테이트에서 최고 가중치 애니메이션을 찾는 "Relevant anim" 노드는 이 노드를 무시합니다.
 )
Localization Resource: (D:/unreal/Epic Games/4.11/Engine/Content/Localization/Engine/ko/Engine.locres) Source String Hash: (319969718) Localized String: (True 면 스테이트 내 최고 웨이팅된 애니메이션을 찾는 "Relevant anim" 노드가 무시됩니다.
 )
[2016.06.02-13.49.15:024][  0]LogTextLocalizationManager:Warning: Loaded localization resources contain conflicting entries for (Namespace:UObjectToolTips, Key:AnimNode_AssetPlayerBase:BlendWeight):
Localization Resource: (D:/unreal/Epic Games/4.11/Engine/Content/Localization/EditorTutorials/ko/EditorTutorials.locres) Source String Hash: (-1232800293) Localized String: (이 노드에 마지막 걸린 블렌드웨이트 입니다.)
Localization Resource: (D:/unreal/Epic Games/4.11/Engine/Content/Localization/Engine/ko/Engine.locres) Source String Hash: (-1232800293) Localized String: (이 노드에 대해 마지막 접한 블렌드 웨이트)
[2016.06.02-13.49.15:119][  0]LogD3D11RHI: D3D11 adapters:
[2016.06.02-13.49.15:144][  0]LogD3D11RHI:    0. 'NVIDIA GeForce GTX 960' (Feature Level 11_0)
[2016.06.02-13.49.15:144][  0]LogD3D11RHI:       1969MB of dedicated video memory, 0MB of dedicated system memory, and 8155MB of shared system memory, 2 output[s]
[2016.06.02-13.49.15:146][  0]LogD3D11RHI:    1. 'Microsoft Basic Render Driver' (Feature Level 11_0)
[2016.06.02-13.49.15:146][  0]LogD3D11RHI:       0MB of dedicated video memory, 0MB of dedicated system memory, and 8155MB of shared system memory, 0 output[s]
[2016.06.02-13.49.15:146][  0]LogD3D11RHI: Chosen D3D11 Adapter: 0
[2016.06.02-13.49.15:150][  0]LogD3D11RHI: Creating new Direct3DDevice
[2016.06.02-13.49.15:150][  0]LogD3D11RHI:     Adapter Name: NVIDIA GeForce GTX 960
[2016.06.02-13.49.15:150][  0]LogD3D11RHI:   Driver Version: Unknown (internal Unknown)
[2016.06.02-13.49.15:150][  0]LogD3D11RHI:      Driver Date: Unknown
[2016.06.02-13.49.15:150][  0]LogRHI: Texture pool is 1361 MB (70% of 1945 MB)
[2016.06.02-13.49.15:161][  0]LogD3D11RHI: Async texture creation enabled
[2016.06.02-13.49.15:177][  0]LogShaderCompilers: Guid format shader working directory is -1 characters bigger than the processId version (../../../../../../Programming/unreal/Cube/Cube/Intermediate/Shaders/WorkingDirectory/14136/).
[2016.06.02-13.49.15:177][  0]LogShaderCompilers: Cleaned the shader compiler working directory 'C:/Users/Owner/AppData/Local/Temp/UnrealShaderWorkingDir/42AECEEE48765D8D2073A9A3905494E4/'.
[2016.06.02-13.49.15:177][  0]LogShaderCompilers:Display: Using Local Shader Compiler.
[2016.06.02-13.49.16:381][  0]LogTemp:Display: Loaded TP AllDesktopTargetPlatform
[2016.06.02-13.49.16:386][  0]LogTemp:Display: Loaded TP WindowsClientTargetPlatform
[2016.06.02-13.49.16:390][  0]LogTemp:Display: Loaded TP WindowsNoEditorTargetPlatform
[2016.06.02-13.49.16:394][  0]LogTemp:Display: Loaded TP WindowsServerTargetPlatform
[2016.06.02-13.49.16:397][  0]LogTemp:Display: Loaded TP WindowsTargetPlatform
[2016.06.02-13.49.16:401][  0]LogTemp:Display: Loaded TP AndroidTargetPlatform
[2016.06.02-13.49.16:404][  0]LogTemp:Display: Loaded TP Android_ASTCTargetPlatform
[2016.06.02-13.49.16:406][  0]LogTemp:Display: Loaded TP Android_ATCTargetPlatform
[2016.06.02-13.49.16:409][  0]LogTemp:Display: Loaded TP Android_DXTTargetPlatform
[2016.06.02-13.49.16:411][  0]LogTemp:Display: Loaded TP Android_ETC1TargetPlatform
[2016.06.02-13.49.16:415][  0]LogTemp:Display: Loaded TP Android_ETC2TargetPlatform
[2016.06.02-13.49.16:421][  0]LogTemp:Display: Loaded TP Android_MultiTargetPlatform
[2016.06.02-13.49.16:421][  0]LogTemp:Display: Loaded TP Android_PVRTCTargetPlatform
[2016.06.02-13.49.16:421][  0]LogTemp:Display: Loaded TP HTML5TargetPlatform
[2016.06.02-13.49.16:439][  0]LogTemp:Display: Loaded TP IOSTargetPlatform
[2016.06.02-13.49.16:441][  0]LogTemp:Display: Loaded TP TVOSTargetPlatform
[2016.06.02-13.49.16:444][  0]LogTemp:Display: Loaded TP LinuxNoEditorTargetPlatform
[2016.06.02-13.49.16:446][  0]LogTemp:Display: Loaded TP LinuxServerTargetPlatform
[2016.06.02-13.49.16:449][  0]LogTemp:Display: Loaded TP LinuxTargetPlatform
[2016.06.02-13.49.16:449][  0]LogTargetPlatformManager:Display: Building Assets For Windows
[2016.06.02-13.49.16:516][  0]LogDerivedDataCache:Display: Max Cache Size: 512 MB
[2016.06.02-13.49.16:558][  0]LogDerivedDataCache: Loaded boot cache 0.04s 46MB C:/Users/Owner/AppData/Local/UnrealEngine/4.11/DerivedDataCache/Boot.ddc.
[2016.06.02-13.49.16:558][  0]LogDerivedDataCache:Display: Loaded Boot cache: C:/Users/Owner/AppData/Local/UnrealEngine/4.11/DerivedDataCache/Boot.ddc
[2016.06.02-13.49.16:558][  0]LogDerivedDataCache: FDerivedDataBackendGraph:  Pak pak cache file ../../../../../../Programming/unreal/Cube/Cube/DerivedDataCache/DDC.ddp not found, will not use a pak cache.
[2016.06.02-13.49.16:558][  0]LogDerivedDataCache: Unable to find inner node Pak for hierarchical cache Hierarchy.
[2016.06.02-13.49.16:558][  0]LogDerivedDataCache: FDerivedDataBackendGraph:  CompressedPak pak cache file ../../../../../../Programming/unreal/Cube/Cube/DerivedDataCache/Compressed.ddp not found, will not use a pak cache.
[2016.06.02-13.49.16:558][  0]LogDerivedDataCache: Unable to find inner node CompressedPak for hierarchical cache Hierarchy.
[2016.06.02-13.49.16:571][  0]LogDerivedDataCache:Display: Pak cache opened for reading ../../../Engine/DerivedDataCache/Compressed.ddp.
[2016.06.02-13.49.16:584][  0]LogDerivedDataCache: Using Local data cache path C:/Users/Owner/AppData/Local/UnrealEngine/Common/DerivedDataCache: Writable
[2016.06.02-13.49.16:758][  0]LogInit: Selected Device Profile: [Windows]
[2016.06.02-13.49.16:759][  0]LogContentStreaming: Texture pool size is 0.00 MB
[2016.06.02-13.49.16:795][  0]LogMaterial: Uniform references updated for custom material expression Custom.
[2016.06.02-13.49.16:902][  0]LogMeshUtilities: No automatic mesh reduction module available
[2016.06.02-13.49.16:902][  0]LogMeshUtilities: No automatic mesh merging module available
[2016.06.02-13.49.16:902][  0]LogMeshUtilities: No distributed automatic mesh merging module available
[2016.06.02-13.49.17:095][  0]LogUObjectArray: 27679 objects as part of root set at end of initial load.
[2016.06.02-13.49.17:095][  0]LogUObjectAllocator: 5591592 out of 0 bytes used by permanent object pool.
[2016.06.02-13.49.17:095][  0]LogUObjectArray: CloseDisregardForGC: 0/0 objects in disregard for GC pool
[2016.06.02-13.49.17:100][  0]LogInit: WinSock: version 1.1 (2.2), MaxSocks=32767, MaxUdp=65467
[2016.06.02-13.49.17:175][  0]LogSlate: SlateFontCache - WITH_FREETYPE: 1, WITH_HARFBUZZ: 1
[2016.06.02-13.49.17:175][  0]LogSlate: SlateFontCache - WITH_FREETYPE: 1, WITH_HARFBUZZ: 1
[2016.06.02-13.49.17:419][  0]LogStreaming:Warning: Failed to read file '../../../Engine/Content/Editor/Slate/Common/Selection_16x.png' error.
[2016.06.02-13.49.17:419][  0]LogSlate: Could not find file for Slate resource: ../../../Engine/Content/Editor/Slate/Common/Selection_16x.png
[2016.06.02-13.49.17:419][  0]LogStreaming:Warning: Failed to read file '../../../Engine/Content/Editor/Slate/Common/Selection_16x.png' error.
[2016.06.02-13.49.17:419][  0]LogSlate: Could not find file for Slate resource: ../../../Engine/Content/Editor/Slate/Common/Selection_16x.png
[2016.06.02-13.49.17:419][  0]LogStreaming:Warning: Failed to read file '../../../Engine/Content/Editor/Slate/Common/Selection_16x.png' error.
[2016.06.02-13.49.17:419][  0]LogSlate: Could not find file for Slate resource: ../../../Engine/Content/Editor/Slate/Common/Selection_16x.png
[2016.06.02-13.49.18:612][  0]LogUdpMessaging: Initializing bridge on interface 0.0.0.0:0 to multicast group 230.0.0.1:6666.
[2016.06.02-13.49.18:741][  0]LogAssetRegistry: FAssetRegistry took 0.0213 seconds to start up
[2016.06.02-13.49.18:851][  0]SourceControl: 정보 소스 콘트롤이 꺼졌습니다.
[2016.06.02-13.49.18:916][  0]SourceControl: 정보 소스 콘트롤이 꺼졌습니다.
[2016.06.02-13.49.18:922][  0]SourceControl: 정보 소스 콘트롤이 꺼졌습니다.
[2016.06.02-13.49.18:929][  0]SourceControl: 정보 소스 콘트롤이 꺼졌습니다.
[2016.06.02-13.49.19:032][  0]LogHMD: Failed to initialize OpenVR with code 110
[2016.06.02-13.49.19:092][  0]LogEngine: Initializing Engine...
[2016.06.02-13.49.19:202][  0]LogAIModule: Creating AISystem for world NewWorld
[2016.06.02-13.49.19:219][  0]LogInit: XAudio2 using '스피커(Realtek High Definition Audio)' : 2 channels at 48 kHz using 32 bits per sample (channel mask 0x3)
[2016.06.02-13.49.19:258][  0]LogInit: FAudioDevice initialized.
[2016.06.02-13.49.19:281][  0]LogDerivedDataCache: Saved boot cache 0.02s 50MB C:/Users/Owner/AppData/Local/UnrealEngine/4.11/DerivedDataCache/Boot.ddc.
[2016.06.02-13.49.19:284][  0]LogInit: Texture streaming: Enabled
[2016.06.02-13.49.19:328][  0]LogWindowsTextInputMethodSystem:Display: IME system now activated using TSF (Microsoft 입력기).
[2016.06.02-13.49.19:359][  0]LogInit: Transaction tracking system initialized
[2016.06.02-13.49.19:441][  0]BlueprintLog: New page: 에디터 로드
[2016.06.02-13.49.19:565][  0]LocalizationService: 정보 현지화 서비스가 비활성화되었습니다.
[2016.06.02-13.49.19:693][  0]LogConsoleResponse:Display: 
[2016.06.02-13.49.19:787][  0]LogCook:Display: Max memory allowance for cook 8192mb
[2016.06.02-13.49.19:787][  0]LogCook:Display: Mobile HDR setting 1
[2016.06.02-13.49.19:787][  0]LogCook:Display: Done creating registry. It took  0.00s.
[2016.06.02-13.49.19:864][  0]LogFileCache: Scanning file cache for directory 'D:/Programming/unreal/Cube/Cube/Content/' took 0.01s
[2016.06.02-13.49.19:865][  0]SourceControl: 정보 소스 콘트롤이 꺼졌습니다.
[2016.06.02-13.49.19:865][  0]Cmd: MAP LOAD FILE="../../../../../../Programming/unreal/Cube/Cube/Content/Start.umap" TEMPLATE=0 SHOWPROGRESS=1 FEATURELEVEL=3
[2016.06.02-13.49.19:865][  0]LightingResults: New page: 라이팅 빌드
[2016.06.02-13.49.19:869][  0]MapCheck: New page: 맵 체크
[2016.06.02-13.49.19:869][  0]LightingResults: New page: 라이팅 빌드
[2016.06.02-13.49.20:203][  0]LogAIModule: Creating AISystem for world Start
[2016.06.02-13.49.20:206][  0]LogEditorServer: Finished looking for orphan Actors (0.000 secs)
[2016.06.02-13.49.20:207][  0]Cmd: MAP CHECKDEP NOCLEARLOG
[2016.06.02-13.49.20:242][  0]MapCheck: 정보 맵 체크 완료: 오류 0 회, 경고 0 회, 소요 시간 35.608ms.
[2016.06.02-13.49.20:242][  0]LogFileHelpers: Loading map 'Start' took 0.378
[2016.06.02-13.49.20:361][  0]LogCollectionManager: Loaded 1 collections in 0.001886 seconds
[2016.06.02-13.49.20:402][  0]LogFileCache: Scanning file cache for directory 'D:/Programming/unreal/Cube/Cube/Saved/Collections/' took 0.01s
[2016.06.02-13.49.20:402][  0]LogFileCache: Scanning file cache for directory 'D:/Programming/unreal/Cube/Cube/Content/Developers/Owner/Collections/' took 0.01s
[2016.06.02-13.49.20:402][  0]LogFileCache: Scanning file cache for directory 'D:/Programming/unreal/Cube/Cube/Content/Collections/' took 0.01s
[2016.06.02-13.49.20:402][  0]LogCollectionManager: Rebuilt the GUID cache for 1 collections in 0.000004 seconds
[2016.06.02-13.49.20:402][  0]LogCollectionManager: Rebuilt the hierarchy cache for 1 collections in 0.000000 seconds
[2016.06.02-13.49.20:408][  0]LogContentBrowser: Native class hierarchy populated in 0.0058 seconds. Added 1979 classes and 343 folders.
[2016.06.02-13.49.20:411][  0]LogStats: UGameplayTagsManager::ConstructGameplayTagTree: Construct from data asset -  0.000 s
[2016.06.02-13.49.20:411][  0]LogStats: UGameplayTagsManager::ConstructGameplayTagTree: GameplayTagTreeChangedEvent.Broadcast -  0.000 s
[2016.06.02-13.49.20:411][  0]LogContentBrowser: Native class hierarchy updated for 'GameplayTags' in 0.0004 seconds. Added 12 classes and 0 folders.
[2016.06.02-13.49.20:415][  0]LogContentBrowser: Native class hierarchy updated for 'WidgetCarousel' in 0.0003 seconds. Added 0 classes and 0 folders.
[2016.06.02-13.49.20:423][  0]LogContentBrowser: Native class hierarchy updated for 'SuperSearch' in 0.0003 seconds. Added 1 classes and 2 folders.
[2016.06.02-13.49.20:494][  0]LogContentBrowser: Native class hierarchy updated for 'AddContentDialog' in 0.0003 seconds. Added 0 classes and 0 folders.
[2016.06.02-13.49.20:497][  0]LogContentBrowser: Native class hierarchy updated for 'SceneOutliner' in 0.0004 seconds. Added 1 classes and 2 folders.
[2016.06.02-13.49.20:556][  0]LogCrashTracker: Crashtracker disabled due to settings.
[2016.06.02-13.49.20:559][  0]LogUObjectGlobals:Warning: 'Class 없음.' 오브젝트를 찾는 데 실패했습니다.
[2016.06.02-13.49.20:584][  0]LogContentBrowser: Native class hierarchy updated for 'HierarchicalLODOutliner' in 0.0004 seconds. Added 1 classes and 2 folders.
[2016.06.02-13.49.20:584][  0]LogLoad: Full Startup: 6.28 seconds (BP compile: 0.02 seconds)
[2016.06.02-13.49.20:584][  0]LogExternalProfiler: Found external profiler: VSPerf
[2016.06.02-13.49.20:584][  0]LogExternalProfiler: Using external profiler: VSPerf
[2016.06.02-13.49.20:595][  0]LogOcInput: OculusInput pre-init called
[2016.06.02-13.49.20:636][  0]LogContentStreaming: Texture pool size now 1000 MB
[2016.06.02-13.49.20:754][  0]LogRenderer: Reallocating scene render targets to support 1032x568 (Frame:2).
[2016.06.02-13.49.20:818][  1]LogAssetRegistry: Asset discovery search completed in 2.0988 seconds
[2016.06.02-13.49.20:818][  1]LogCollectionManager: Rebuilt the object cache for 1 collections in 0.000001 seconds (found 0 objects)
[2016.06.02-13.49.20:818][  1]LogCollectionManager: Fixed up redirectors for 1 collections in 0.000016 seconds (updated 0 objects)
[2016.06.02-13.49.23:005][ 82]LogContentBrowser: Native class hierarchy updated for 'BlueprintGraph' in 0.0006 seconds. Added 108 classes and 0 folders.
[2016.06.02-13.49.23:440][ 82]LogLinker:Warning: 애셋 이름을 해석할 수 없습니다.
[2016.06.02-13.49.25:861][228]LogBlueprintUserMessages: Early PlayInEditor Detection: Level '/Game/Start.Start:PersistentLevel' has LevelScriptBlueprint '/Game/Start.Start:PersistentLevel.Start' with GeneratedClass '/Game/Start.Start_C' with ClassGeneratedBy '/Game/Start.Start:PersistentLevel.Start'
[2016.06.02-13.49.25:861][228]LogPlayLevel: PlayLevel: No blueprints needed recompiling
[2016.06.02-13.49.25:864][228]PIE: New page: PIE 세션: Start (2016. 6. 3. 오전 7:49:25)
[2016.06.02-13.49.25:864][228]LogPlayLevel: Creating play world package: /Game/UEDPIE_0_Start
[2016.06.02-13.49.25:866][228]LogPlayLevel: PIE: StaticDuplicateObject took: (0.001861s)
[2016.06.02-13.49.25:866][228]LogAIModule: Creating AISystem for world Start
[2016.06.02-13.49.25:866][228]LogPlayLevel: PIE: World Init took: (0.000503s)
[2016.06.02-13.49.25:866][228]LogPlayLevel: PIE: Created PIE world by copying editor world from /Game/Start.Start to /Game/UEDPIE_0_Start.Start (0.002518s)
[2016.06.02-13.49.25:916][228]LogInit: XAudio2 using '스피커(Realtek High Definition Audio)' : 2 channels at 48 kHz using 32 bits per sample (channel mask 0x3)
[2016.06.02-13.49.25:942][228]LogInit: FAudioDevice initialized.
[2016.06.02-13.49.25:983][228]LogWorld: Game class is 'StartGameMode_C'
[2016.06.02-13.49.25:984][228]LogWorld: Bringing World /Game/UEDPIE_0_Start.Start up for play (max tick rate 0) at 2016.06.02-22.49.25
[2016.06.02-13.49.25:984][228]LogWorld: Bringing up level for play took: 0.000793
[2016.06.02-13.49.25:985][228]LogSpawn:Warning: SpawnActor failed because no class was specified
[2016.06.02-13.49.25:988][228]LogContentBrowser: Native class hierarchy updated for 'MovieSceneCapture' in 0.0004 seconds. Added 9 classes and 0 folders.
[2016.06.02-13.49.27:516][228]PIE: 정보 /Game/UEDPIE_0_Start 에 대한 에디터에서 플레이 시작 시간: 2.381
[2016.06.02-13.49.27:517][228]LogBlueprintUserMessages: Late PlayInEditor Detection: Level '/Game/Start.Start:PersistentLevel' has LevelScriptBlueprint '/Game/Start.Start:PersistentLevel.Start' with GeneratedClass '/Game/Start.Start_C' with ClassGeneratedBy '/Game/Start.Start:PersistentLevel.Start'
[2016.06.02-13.50.01:413][928]LogNet: Browse: /Game/Stage_1
[2016.06.02-13.50.01:413][928]LogLoad: LoadMap: /Game/Stage_1
[2016.06.02-13.50.01:459][928]Cmd: MEM
[2016.06.02-13.50.01:472][928]LogMemory: Platform Memory Stats for Windows
[2016.06.02-13.50.01:472][928]LogMemory: Process Physical Memory: 1069.26 MB used, 1108.22 MB peak
[2016.06.02-13.50.01:472][928]LogMemory: Process Virtual Memory: 1816.05 MB used, 1859.49 MB peak
[2016.06.02-13.50.01:472][928]LogMemory: Physical Memory: 5283.39 MB used, 16312.00 MB total
[2016.06.02-13.50.01:472][928]LogMemory: Virtual Memory: 2565.91 MB used, 134217728.00 MB total
[2016.06.02-13.50.01:472][928]LogMemory: 
[2016.06.02-13.50.01:472][928]Allocator Stats for TBB: (not implemented)
[2016.06.02-13.50.01:949][928]LogAIModule: Creating AISystem for world Stage_1
[2016.06.02-13.50.01:949][928]LogWorld: Game class is 'MyGameMode_C'
[2016.06.02-13.50.01:955][928]LogWorld: Bringing World /Game/UEDPIE_0_Stage_1.Stage_1 up for play (max tick rate 0) at 2016.06.02-22.50.01
[2016.06.02-13.50.01:955][928]LogWorld: Bringing up level for play took: 0.005548
[2016.06.02-13.50.01:956][928]LogGameMode: Warning - PATHS NOT DEFINED or NO PLAYERSTART with positive rating
[2016.06.02-13.50.01:957][928]LogStreaming:Warning: Failed to read file '../../../../../../Programming/unreal/Cube/Cube/Saved//SaveGames/Cube.sav' error.
[2016.06.02-13.50.07:967][589]LogNet: Browse: /Game/Stage_1
[2016.06.02-13.50.07:967][589]LogLoad: LoadMap: /Game/Stage_1
[2016.06.02-13.50.07:991][589]Cmd: MEM
[2016.06.02-13.50.08:003][589]LogMemory: Platform Memory Stats for Windows
[2016.06.02-13.50.08:003][589]LogMemory: Process Physical Memory: 1079.75 MB used, 1112.82 MB peak
[2016.06.02-13.50.08:003][589]LogMemory: Process Virtual Memory: 1841.70 MB used, 1931.05 MB peak
[2016.06.02-13.50.08:003][589]LogMemory: Physical Memory: 5273.18 MB used, 16312.00 MB total
[2016.06.02-13.50.08:003][589]LogMemory: Virtual Memory: 2621.23 MB used, 134217728.00 MB total
[2016.06.02-13.50.08:003][589]LogMemory: 
[2016.06.02-13.50.08:003][589]Allocator Stats for TBB: (not implemented)
[2016.06.02-13.50.08:452][589]LogAIModule: Creating AISystem for world Stage_1
[2016.06.02-13.50.08:452][589]LogWorld: Game class is 'MyGameMode_C'
[2016.06.02-13.50.08:458][589]LogWorld: Bringing World /Game/UEDPIE_0_Stage_1.Stage_1 up for play (max tick rate 0) at 2016.06.02-22.50.08
[2016.06.02-13.50.08:459][589]LogWorld: Bringing up level for play took: 0.006065
[2016.06.02-13.50.08:459][589]LogGameMode: Warning - PATHS NOT DEFINED or NO PLAYERSTART with positive rating
[2016.06.02-13.50.08:460][589]LogStreaming:Warning: Failed to read file '../../../../../../Programming/unreal/Cube/Cube/Saved//SaveGames/Cube.sav' error.
[2016.06.02-13.50.17:146][552]LogNet: Browse: /Game/Stage_1
[2016.06.02-13.50.17:146][552]LogLoad: LoadMap: /Game/Stage_1
[2016.06.02-13.50.17:170][552]Cmd: MEM
[2016.06.02-13.50.17:183][552]LogMemory: Platform Memory Stats for Windows
[2016.06.02-13.50.17:183][552]LogMemory: Process Physical Memory: 1081.78 MB used, 1112.82 MB peak
[2016.06.02-13.50.17:183][552]LogMemory: Process Virtual Memory: 1843.82 MB used, 1936.31 MB peak
[2016.06.02-13.50.17:183][552]LogMemory: Physical Memory: 5274.64 MB used, 16312.00 MB total
[2016.06.02-13.50.17:183][552]LogMemory: Virtual Memory: 2602.85 MB used, 134217728.00 MB total
[2016.06.02-13.50.17:183][552]LogMemory: 
[2016.06.02-13.50.17:183][552]Allocator Stats for TBB: (not implemented)
[2016.06.02-13.50.17:627][552]LogAIModule: Creating AISystem for world Stage_1
[2016.06.02-13.50.17:627][552]LogWorld: Game class is 'MyGameMode_C'
[2016.06.02-13.50.17:633][552]LogWorld: Bringing World /Game/UEDPIE_0_Stage_1.Stage_1 up for play (max tick rate 0) at 2016.06.02-22.50.17
[2016.06.02-13.50.17:634][552]LogWorld: Bringing up level for play took: 0.005603
[2016.06.02-13.50.17:634][552]LogGameMode: Warning - PATHS NOT DEFINED or NO PLAYERSTART with positive rating
[2016.06.02-13.50.17:635][552]LogStreaming:Warning: Failed to read file '../../../../../../Programming/unreal/Cube/Cube/Saved//SaveGames/Cube.sav' error.
[2016.06.02-13.50.30:380][970]LogBlueprintUserMessages: Early EndPlayMap Detection: Level '/Game/Start.Start:PersistentLevel' has LevelScriptBlueprint '/Game/Start.Start:PersistentLevel.Start' with GeneratedClass '/Game/Start.Start_C' with ClassGeneratedBy '/Game/Start.Start:PersistentLevel.Start'
[2016.06.02-13.50.30:414][970]LogBlueprintUserMessages: Late EndPlayMap Detection: Level '/Game/Start.Start:PersistentLevel' has LevelScriptBlueprint '/Game/Start.Start:PersistentLevel.Start' with GeneratedClass '/Game/Start.Start_C' with ClassGeneratedBy '/Game/Start.Start:PersistentLevel.Start'
[2016.06.02-13.50.36:616][699]LogBlueprintUserMessages: Early PlayInEditor Detection: Level '/Game/Start.Start:PersistentLevel' has LevelScriptBlueprint '/Game/Start.Start:PersistentLevel.Start' with GeneratedClass '/Game/Start.Start_C' with ClassGeneratedBy '/Game/Start.Start:PersistentLevel.Start'
[2016.06.02-13.50.36:616][699]LogPlayLevel: PlayLevel: No blueprints needed recompiling
[2016.06.02-13.50.36:616][699]PIE: New page: PIE 세션: Start (2016. 6. 3. 오전 7:50:36)
[2016.06.02-13.50.36:616][699]LogPlayLevel: Creating play world package: /Game/UEDPIE_0_Start
[2016.06.02-13.50.36:618][699]LogPlayLevel: PIE: StaticDuplicateObject took: (0.001726s)
[2016.06.02-13.50.36:618][699]LogAIModule: Creating AISystem for world Start
[2016.06.02-13.50.36:618][699]LogPlayLevel: PIE: World Init took: (0.000454s)
[2016.06.02-13.50.36:618][699]LogPlayLevel: PIE: Created PIE world by copying editor world from /Game/Start.Start to /Game/UEDPIE_0_Start.Start (0.002319s)
[2016.06.02-13.50.36:644][699]LogInit: XAudio2 using '스피커(Realtek High Definition Audio)' : 2 channels at 48 kHz using 32 bits per sample (channel mask 0x3)
[2016.06.02-13.50.36:662][699]LogInit: FAudioDevice initialized.
[2016.06.02-13.50.36:691][699]LogWorld: Game class is 'StartGameMode_C'
[2016.06.02-13.50.36:692][699]LogWorld: Bringing World /Game/UEDPIE_0_Start.Start up for play (max tick rate 0) at 2016.06.02-22.50.36
[2016.06.02-13.50.36:693][699]LogWorld: Bringing up level for play took: 0.000919
[2016.06.02-13.50.36:693][699]LogSpawn:Warning: SpawnActor failed because no class was specified
[2016.06.02-13.50.38:128][699]PIE: 정보 /Game/UEDPIE_0_Start 에 대한 에디터에서 플레이 시작 시간: 0.993
[2016.06.02-13.50.38:128][699]LogBlueprintUserMessages: Late PlayInEditor Detection: Level '/Game/Start.Start:PersistentLevel' has LevelScriptBlueprint '/Game/Start.Start:PersistentLevel.Start' with GeneratedClass '/Game/Start.Start_C' with ClassGeneratedBy '/Game/Start.Start:PersistentLevel.Start'
[2016.06.02-13.50.39:444][798]LogNet: Browse: /Game/Stage_1
[2016.06.02-13.50.39:444][798]LogLoad: LoadMap: /Game/Stage_1
[2016.06.02-13.50.39:486][798]Cmd: MEM
[2016.06.02-13.50.39:499][798]LogMemory: Platform Memory Stats for Windows
[2016.06.02-13.50.39:499][798]LogMemory: Process Physical Memory: 1110.18 MB used, 1112.82 MB peak
[2016.06.02-13.50.39:499][798]LogMemory: Process Virtual Memory: 1880.25 MB used, 1936.31 MB peak
[2016.06.02-13.50.39:499][798]LogMemory: Physical Memory: 5301.28 MB used, 16312.00 MB total
[2016.06.02-13.50.39:499][798]LogMemory: Virtual Memory: 2620.54 MB used, 134217728.00 MB total
[2016.06.02-13.50.39:499][798]LogMemory: 
[2016.06.02-13.50.39:499][798]Allocator Stats for TBB: (not implemented)
[2016.06.02-13.50.39:917][798]LogAIModule: Creating AISystem for world Stage_1
[2016.06.02-13.50.39:918][798]LogWorld: Game class is 'MyGameMode_C'
[2016.06.02-13.50.39:923][798]LogWorld: Bringing World /Game/UEDPIE_0_Stage_1.Stage_1 up for play (max tick rate 0) at 2016.06.02-22.50.39
[2016.06.02-13.50.39:924][798]LogWorld: Bringing up level for play took: 0.005888
[2016.06.02-13.50.39:925][798]LogGameMode: Warning - PATHS NOT DEFINED or NO PLAYERSTART with positive rating
[2016.06.02-13.50.39:926][798]LogStreaming:Warning: Failed to read file '../../../../../../Programming/unreal/Cube/Cube/Saved//SaveGames/Cube.sav' error.
[2016.06.02-13.50.58:571][864]LogBlueprintUserMessages: [Question] 1
[2016.06.02-13.50.58:571][864]LogBlueprintUserMessages: [Question1] 2
[2016.06.02-13.50.58:571][864]LogBlueprintUserMessages: [Question2] 3
[2016.06.02-13.50.58:571][864]LogBlueprintUserMessages: [Question3] 4
[2016.06.02-13.50.58:571][864]LogBlueprintUserMessages: [Question4] 5
[2016.06.02-13.50.58:571][864]LogBlueprintUserMessages: [Question5] 6
[2016.06.02-13.50.58:571][864]LogBlueprintUserMessages: [Question6] 7
[2016.06.02-13.50.58:571][864]LogBlueprintUserMessages: [Stage_1_C_1] Success
[2016.06.02-13.50.58:572][864]LogBlueprintUserMessages: [Stage_1_C_1] Success
[2016.06.02-13.50.58:573][864]LogBlueprintUserMessages: [Stage_1_C_1] Success
[2016.06.02-13.50.58:573][864]LogBlueprintUserMessages: [Stage_1_C_1] Success
[2016.06.02-13.50.58:574][864]LogBlueprintUserMessages: [Stage_1_C_1] Success
[2016.06.02-13.50.58:575][864]LogBlueprintUserMessages: [Stage_1_C_1] Success
[2016.06.02-13.50.58:575][864]LogBlueprintUserMessages: [Stage_1_C_1] Success
[2016.06.02-13.50.58:585][865]LogNet: Browse: /Game/Stage_2
[2016.06.02-13.50.58:588][865]LogLoad: LoadMap: /Game/Stage_2
[2016.06.02-13.50.58:613][865]Cmd: MEM
[2016.06.02-13.50.58:626][865]LogMemory: Platform Memory Stats for Windows
[2016.06.02-13.50.58:626][865]LogMemory: Process Physical Memory: 1103.59 MB used, 1118.23 MB peak
[2016.06.02-13.50.58:626][865]LogMemory: Process Virtual Memory: 1859.38 MB used, 1940.79 MB peak
[2016.06.02-13.50.58:626][865]LogMemory: Physical Memory: 5281.27 MB used, 16312.00 MB total
[2016.06.02-13.50.58:626][865]LogMemory: Virtual Memory: 2648.60 MB used, 134217728.00 MB total
[2016.06.02-13.50.58:626][865]LogMemory: 
[2016.06.02-13.50.58:626][865]Allocator Stats for TBB: (not implemented)
[2016.06.02-13.50.59:064][865]LogAIModule: Creating AISystem for world Stage_2
[2016.06.02-13.50.59:064][865]LogWorld: Game class is 'MyGameMode_C'
[2016.06.02-13.50.59:070][865]LogWorld: Bringing World /Game/UEDPIE_0_Stage_2.Stage_2 up for play (max tick rate 0) at 2016.06.02-22.50.59
[2016.06.02-13.50.59:071][865]LogWorld: Bringing up level for play took: 0.006379
[2016.06.02-13.50.59:072][865]LogGameMode: Warning - PATHS NOT DEFINED or NO PLAYERSTART with positive rating
[2016.06.02-13.50.59:072][865]LogStreaming:Warning: Failed to read file '../../../../../../Programming/unreal/Cube/Cube/Saved//SaveGames/Cube.sav' error.
[2016.06.02-13.51.11:614][261]LogBlueprintUserMessages: [Question] 1
[2016.06.02-13.51.11:614][261]LogBlueprintUserMessages: [Question1] 2
[2016.06.02-13.51.11:614][261]LogBlueprintUserMessages: [Question2] 3
[2016.06.02-13.51.11:614][261]LogBlueprintUserMessages: [Question3] 4
[2016.06.02-13.51.11:614][261]LogBlueprintUserMessages: [Question4_4249] 5
[2016.06.02-13.51.11:614][261]LogBlueprintUserMessages: [Question5] 6
[2016.06.02-13.51.11:614][261]LogBlueprintUserMessages: [Question7] 7
[2016.06.02-13.51.11:615][261]LogBlueprintUserMessages: [Stage_2_C_0] Fail
[2016.06.02-13.51.11:615][261]LogBlueprintUserMessages: [Stage_2_C_0] Fail
[2016.06.02-13.51.11:616][261]LogBlueprintUserMessages: [Stage_2_C_0] Fail
[2016.06.02-13.51.11:616][261]LogBlueprintUserMessages: [Stage_2_C_0] Fail
[2016.06.02-13.51.11:617][261]LogBlueprintUserMessages: [Question6] 8
[2016.06.02-13.51.11:617][261]LogBlueprintUserMessages: [Stage_2_C_0] Fail
[2016.06.02-13.51.11:627][262]LogNet: Browse: /Game/Stage_2
[2016.06.02-13.51.11:630][262]LogLoad: LoadMap: /Game/Stage_2
[2016.06.02-13.51.11:654][262]Cmd: MEM
[2016.06.02-13.51.11:667][262]LogMemory: Platform Memory Stats for Windows
[2016.06.02-13.51.11:667][262]LogMemory: Process Physical Memory: 1095.93 MB used, 1118.23 MB peak
[2016.06.02-13.51.11:667][262]LogMemory: Process Virtual Memory: 1860.26 MB used, 1944.63 MB peak
[2016.06.02-13.51.11:667][262]LogMemory: Physical Memory: 5274.64 MB used, 16312.00 MB total
[2016.06.02-13.51.11:667][262]LogMemory: Virtual Memory: 2640.60 MB used, 134217728.00 MB total
[2016.06.02-13.51.11:667][262]LogMemory: 
[2016.06.02-13.51.11:667][262]Allocator Stats for TBB: (not implemented)
[2016.06.02-13.51.12:112][262]LogAIModule: Creating AISystem for world Stage_2
[2016.06.02-13.51.12:112][262]LogWorld: Game class is 'MyGameMode_C'
[2016.06.02-13.51.12:118][262]LogWorld: Bringing World /Game/UEDPIE_0_Stage_2.Stage_2 up for play (max tick rate 0) at 2016.06.02-22.51.12
[2016.06.02-13.51.12:119][262]LogWorld: Bringing up level for play took: 0.006271
[2016.06.02-13.51.12:119][262]LogGameMode: Warning - PATHS NOT DEFINED or NO PLAYERSTART with positive rating
[2016.06.02-13.51.12:120][262]LogStreaming:Warning: Failed to read file '../../../../../../Programming/unreal/Cube/Cube/Saved//SaveGames/Cube.sav' error.
[2016.06.02-13.51.35:538][848]LogBlueprintUserMessages: [Question] 1
[2016.06.02-13.51.35:538][848]LogBlueprintUserMessages: [Question1] 2
[2016.06.02-13.51.35:538][848]LogBlueprintUserMessages: [Question2] 3
[2016.06.02-13.51.35:538][848]LogBlueprintUserMessages: [Question3] 4
[2016.06.02-13.51.35:538][848]LogBlueprintUserMessages: [Question4_4249] 5
[2016.06.02-13.51.35:538][848]LogBlueprintUserMessages: [Question5] 6
[2016.06.02-13.51.35:538][848]LogBlueprintUserMessages: [Question7] 7
[2016.06.02-13.51.35:538][848]LogBlueprintUserMessages: [Stage_2_C_0] Fail
[2016.06.02-13.51.35:539][848]LogBlueprintUserMessages: [Stage_2_C_0] Fail
[2016.06.02-13.51.35:540][848]LogBlueprintUserMessages: [Stage_2_C_0] Fail
[2016.06.02-13.51.35:540][848]LogBlueprintUserMessages: [Stage_2_C_0] Fail
[2016.06.02-13.51.35:541][848]LogBlueprintUserMessages: [Stage_2_C_0] Fail
[2016.06.02-13.51.35:541][848]LogBlueprintUserMessages: [Question6] 8
[2016.06.02-13.51.35:541][848]LogBlueprintUserMessages: [Stage_2_C_0] Success
[2016.06.02-13.51.35:542][848]LogBlueprintUserMessages: [Stage_2_C_0] Success
[2016.06.02-13.51.35:543][848]LogBlueprintUserMessages: [Stage_2_C_0] Success
[2016.06.02-13.51.35:552][849]LogNet: Browse: /Game/Stage_3
[2016.06.02-13.51.35:552][849]LogLoad: LoadMap: /Game/Stage_3
[2016.06.02-13.51.35:577][849]Cmd: MEM
[2016.06.02-13.51.35:589][849]LogMemory: Platform Memory Stats for Windows
[2016.06.02-13.51.35:589][849]LogMemory: Process Physical Memory: 1091.02 MB used, 1118.23 MB peak
[2016.06.02-13.51.35:589][849]LogMemory: Process Virtual Memory: 1856.52 MB used, 1947.00 MB peak
[2016.06.02-13.51.35:589][849]LogMemory: Physical Memory: 5227.22 MB used, 16312.00 MB total
[2016.06.02-13.51.35:589][849]LogMemory: Virtual Memory: 2616.60 MB used, 134217728.00 MB total
[2016.06.02-13.51.35:589][849]LogMemory: 
[2016.06.02-13.51.35:589][849]Allocator Stats for TBB: (not implemented)
[2016.06.02-13.51.36:036][849]LogAIModule: Creating AISystem for world Stage_3
[2016.06.02-13.51.36:036][849]LogWorld: Game class is 'MyGameMode_C'
[2016.06.02-13.51.36:044][849]LogWorld: Bringing World /Game/UEDPIE_0_Stage_3.Stage_3 up for play (max tick rate 0) at 2016.06.02-22.51.36
[2016.06.02-13.51.36:045][849]LogWorld: Bringing up level for play took: 0.007978
[2016.06.02-13.51.36:045][849]LogGameMode: Warning - PATHS NOT DEFINED or NO PLAYERSTART with positive rating
[2016.06.02-13.51.36:046][849]LogStreaming:Warning: Failed to read file '../../../../../../Programming/unreal/Cube/Cube/Saved//SaveGames/Cube.sav' error.
[2016.06.02-13.51.51:030][515]LogBlueprintUserMessages: Early EndPlayMap Detection: Level '/Game/Start.Start:PersistentLevel' has LevelScriptBlueprint '/Game/Start.Start:PersistentLevel.Start' with GeneratedClass '/Game/Start.Start_C' with ClassGeneratedBy '/Game/Start.Start:PersistentLevel.Start'
[2016.06.02-13.51.51:061][515]LogBlueprintUserMessages: Late EndPlayMap Detection: Level '/Game/Start.Start:PersistentLevel' has LevelScriptBlueprint '/Game/Start.Start:PersistentLevel.Start' with GeneratedClass '/Game/Start.Start_C' with ClassGeneratedBy '/Game/Start.Start:PersistentLevel.Start'
[2016.06.02-13.52.14:065][254]LogBlueprintUserMessages: Early PlayInEditor Detection: Level '/Game/Start.Start:PersistentLevel' has LevelScriptBlueprint '/Game/Start.Start:PersistentLevel.Start' with GeneratedClass '/Game/Start.Start_C' with ClassGeneratedBy '/Game/Start.Start:PersistentLevel.Start'
[2016.06.02-13.52.14:065][254]LogPlayLevel: PlayLevel: No blueprints needed recompiling
[2016.06.02-13.52.14:065][254]PIE: New page: PIE 세션: Start (2016. 6. 3. 오전 7:52:14)
[2016.06.02-13.52.14:065][254]LogPlayLevel: Creating play world package: /Game/UEDPIE_0_Start
[2016.06.02-13.52.14:067][254]LogPlayLevel: PIE: StaticDuplicateObject took: (0.001848s)
[2016.06.02-13.52.14:068][254]LogAIModule: Creating AISystem for world Start
[2016.06.02-13.52.14:068][254]LogPlayLevel: PIE: World Init took: (0.000484s)
[2016.06.02-13.52.14:068][254]LogPlayLevel: PIE: Created PIE world by copying editor world from /Game/Start.Start to /Game/UEDPIE_0_Start.Start (0.002471s)
[2016.06.02-13.52.14:094][254]LogInit: XAudio2 using '스피커(Realtek High Definition Audio)' : 2 channels at 48 kHz using 32 bits per sample (channel mask 0x3)
[2016.06.02-13.52.14:111][254]LogInit: FAudioDevice initialized.
[2016.06.02-13.52.14:142][254]LogWorld: Game class is 'StartGameMode_C'
[2016.06.02-13.52.14:144][254]LogWorld: Bringing World /Game/UEDPIE_0_Start.Start up for play (max tick rate 0) at 2016.06.02-22.52.14
[2016.06.02-13.52.14:144][254]LogWorld: Bringing up level for play took: 0.000834
[2016.06.02-13.52.14:144][254]LogSpawn:Warning: SpawnActor failed because no class was specified
[2016.06.02-13.52.15:582][254]PIE: 정보 /Game/UEDPIE_0_Start 에 대한 에디터에서 플레이 시작 시간: 2.447
[2016.06.02-13.52.15:582][254]LogBlueprintUserMessages: Late PlayInEditor Detection: Level '/Game/Start.Start:PersistentLevel' has LevelScriptBlueprint '/Game/Start.Start:PersistentLevel.Start' with GeneratedClass '/Game/Start.Start_C' with ClassGeneratedBy '/Game/Start.Start:PersistentLevel.Start'
[2016.06.02-13.52.17:851][484]LogNet: Browse: /Game/Stage_1
[2016.06.02-13.52.17:852][484]LogLoad: LoadMap: /Game/Stage_1
[2016.06.02-13.52.17:893][484]Cmd: MEM
[2016.06.02-13.52.17:906][484]LogMemory: Platform Memory Stats for Windows
[2016.06.02-13.52.17:906][484]LogMemory: Process Physical Memory: 1109.97 MB used, 1118.23 MB peak
[2016.06.02-13.52.17:906][484]LogMemory: Process Virtual Memory: 1875.60 MB used, 1947.00 MB peak
[2016.06.02-13.52.17:906][484]LogMemory: Physical Memory: 5251.21 MB used, 16312.00 MB total
[2016.06.02-13.52.17:906][484]LogMemory: Virtual Memory: 2600.60 MB used, 134217728.00 MB total
[2016.06.02-13.52.17:906][484]LogMemory: 
[2016.06.02-13.52.17:906][484]Allocator Stats for TBB: (not implemented)
[2016.06.02-13.52.18:313][484]LogAIModule: Creating AISystem for world Stage_1
[2016.06.02-13.52.18:313][484]LogWorld: Game class is 'MyGameMode_C'
[2016.06.02-13.52.18:319][484]LogWorld: Bringing World /Game/UEDPIE_0_Stage_1.Stage_1 up for play (max tick rate 0) at 2016.06.02-22.52.18
[2016.06.02-13.52.18:319][484]LogWorld: Bringing up level for play took: 0.005899
[2016.06.02-13.52.18:320][484]LogGameMode: Warning - PATHS NOT DEFINED or NO PLAYERSTART with positive rating
[2016.06.02-13.52.18:321][484]LogStreaming:Warning: Failed to read file '../../../../../../Programming/unreal/Cube/Cube/Saved//SaveGames/Cube.sav' error.
[2016.06.02-13.52.27:393][488]LogNet: Browse: /Game/Stage_1
[2016.06.02-13.52.27:393][488]LogLoad: LoadMap: /Game/Stage_1
[2016.06.02-13.52.27:417][488]Cmd: MEM
[2016.06.02-13.52.27:430][488]LogMemory: Platform Memory Stats for Windows
[2016.06.02-13.52.27:430][488]LogMemory: Process Physical Memory: 1098.42 MB used, 1118.23 MB peak
[2016.06.02-13.52.27:430][488]LogMemory: Process Virtual Memory: 1853.08 MB used, 1947.00 MB peak
[2016.06.02-13.52.27:430][488]LogMemory: Physical Memory: 5231.64 MB used, 16312.00 MB total
[2016.06.02-13.52.27:430][488]LogMemory: Virtual Memory: 2616.60 MB used, 134217728.00 MB total
[2016.06.02-13.52.27:430][488]LogMemory: 
[2016.06.02-13.52.27:430][488]Allocator Stats for TBB: (not implemented)
[2016.06.02-13.52.27:876][488]LogAIModule: Creating AISystem for world Stage_1
[2016.06.02-13.52.27:876][488]LogWorld: Game class is 'MyGameMode_C'
[2016.06.02-13.52.27:882][488]LogWorld: Bringing World /Game/UEDPIE_0_Stage_1.Stage_1 up for play (max tick rate 0) at 2016.06.02-22.52.27
[2016.06.02-13.52.27:883][488]LogWorld: Bringing up level for play took: 0.005646
[2016.06.02-13.52.27:883][488]LogGameMode: Warning - PATHS NOT DEFINED or NO PLAYERSTART with positive rating
[2016.06.02-13.52.27:884][488]LogStreaming:Warning: Failed to read file '../../../../../../Programming/unreal/Cube/Cube/Saved//SaveGames/Cube.sav' error.
[2016.06.02-13.52.33:862][149]LogNet: Browse: /Game/Stage_1
[2016.06.02-13.52.33:862][149]LogLoad: LoadMap: /Game/Stage_1
[2016.06.02-13.52.33:887][149]Cmd: MEM
[2016.06.02-13.52.33:899][149]LogMemory: Platform Memory Stats for Windows
[2016.06.02-13.52.33:899][149]LogMemory: Process Physical Memory: 1093.55 MB used, 1118.23 MB peak
[2016.06.02-13.52.33:899][149]LogMemory: Process Virtual Memory: 1853.74 MB used, 1947.00 MB peak
[2016.06.02-13.52.33:900][149]LogMemory: Physical Memory: 5226.85 MB used, 16312.00 MB total
[2016.06.02-13.52.33:900][149]LogMemory: Virtual Memory: 2608.60 MB used, 134217728.00 MB total
[2016.06.02-13.52.33:900][149]LogMemory: 
[2016.06.02-13.52.33:900][149]Allocator Stats for TBB: (not implemented)
[2016.06.02-13.52.34:349][149]LogAIModule: Creating AISystem for world Stage_1
[2016.06.02-13.52.34:349][149]LogWorld: Game class is 'MyGameMode_C'
[2016.06.02-13.52.34:355][149]LogWorld: Bringing World /Game/UEDPIE_0_Stage_1.Stage_1 up for play (max tick rate 0) at 2016.06.02-22.52.34
[2016.06.02-13.52.34:356][149]LogWorld: Bringing up level for play took: 0.005887
[2016.06.02-13.52.34:356][149]LogGameMode: Warning - PATHS NOT DEFINED or NO PLAYERSTART with positive rating
[2016.06.02-13.52.34:357][149]LogStreaming:Warning: Failed to read file '../../../../../../Programming/unreal/Cube/Cube/Saved//SaveGames/Cube.sav' error.
[2016.06.02-13.53.44:307][857]LogNet: Browse: /Game/Stage_1
[2016.06.02-13.53.44:307][857]LogLoad: LoadMap: /Game/Stage_1
[2016.06.02-13.53.44:325][857]Cmd: MEM
[2016.06.02-13.53.44:337][857]LogMemory: Platform Memory Stats for Windows
[2016.06.02-13.53.44:337][857]LogMemory: Process Physical Memory: 1089.37 MB used, 1118.23 MB peak
[2016.06.02-13.53.44:337][857]LogMemory: Process Virtual Memory: 1853.43 MB used, 1947.00 MB peak
[2016.06.02-13.53.44:337][857]LogMemory: Physical Memory: 5070.19 MB used, 16312.00 MB total
[2016.06.02-13.53.44:337][857]LogMemory: Virtual Memory: 2619.79 MB used, 134217728.00 MB total
[2016.06.02-13.53.44:337][857]LogMemory: 
[2016.06.02-13.53.44:337][857]Allocator Stats for TBB: (not implemented)
[2016.06.02-13.53.44:785][857]LogAIModule: Creating AISystem for world Stage_1
[2016.06.02-13.53.44:786][857]LogWorld: Game class is 'MyGameMode_C'
[2016.06.02-13.53.44:791][857]LogWorld: Bringing World /Game/UEDPIE_0_Stage_1.Stage_1 up for play (max tick rate 0) at 2016.06.02-22.53.44
[2016.06.02-13.53.44:792][857]LogWorld: Bringing up level for play took: 0.006057
[2016.06.02-13.53.44:793][857]LogGameMode: Warning - PATHS NOT DEFINED or NO PLAYERSTART with positive rating
[2016.06.02-13.53.44:793][857]LogStreaming:Warning: Failed to read file '../../../../../../Programming/unreal/Cube/Cube/Saved//SaveGames/Cube.sav' error.
[2016.06.02-13.53.50:832][518]LogNet: Browse: /Game/Stage_1
[2016.06.02-13.53.50:832][518]LogLoad: LoadMap: /Game/Stage_1
[2016.06.02-13.53.50:857][518]Cmd: MEM
[2016.06.02-13.53.50:870][518]LogMemory: Platform Memory Stats for Windows
[2016.06.02-13.53.50:870][518]LogMemory: Process Physical Memory: 1090.48 MB used, 1118.23 MB peak
[2016.06.02-13.53.50:870][518]LogMemory: Process Virtual Memory: 1855.82 MB used, 1947.00 MB peak
[2016.06.02-13.53.50:870][518]LogMemory: Physical Memory: 5071.86 MB used, 16312.00 MB total
[2016.06.02-13.53.50:870][518]LogMemory: Virtual Memory: 2603.79 MB used, 134217728.00 MB total
[2016.06.02-13.53.50:870][518]LogMemory: 
[2016.06.02-13.53.50:870][518]Allocator Stats for TBB: (not implemented)
[2016.06.02-13.53.51:322][518]LogAIModule: Creating AISystem for world Stage_1
[2016.06.02-13.53.51:322][518]LogWorld: Game class is 'MyGameMode_C'
[2016.06.02-13.53.51:328][518]LogWorld: Bringing World /Game/UEDPIE_0_Stage_1.Stage_1 up for play (max tick rate 0) at 2016.06.02-22.53.51
[2016.06.02-13.53.51:329][518]LogWorld: Bringing up level for play took: 0.006332
[2016.06.02-13.53.51:329][518]LogGameMode: Warning - PATHS NOT DEFINED or NO PLAYERSTART with positive rating
[2016.06.02-13.53.51:330][518]LogStreaming:Warning: Failed to read file '../../../../../../Programming/unreal/Cube/Cube/Saved//SaveGames/Cube.sav' error.
[2016.06.02-13.57.30:052][793]LogBlueprintUserMessages: [Question] 1
[2016.06.02-13.57.30:052][793]LogBlueprintUserMessages: [Question1] 2
[2016.06.02-13.57.30:052][793]LogBlueprintUserMessages: [Question2] 3
[2016.06.02-13.57.30:052][793]LogBlueprintUserMessages: [Question3] 4
[2016.06.02-13.57.30:052][793]LogBlueprintUserMessages: [Question4] 5
[2016.06.02-13.57.30:052][793]LogBlueprintUserMessages: [Question5] 6
[2016.06.02-13.57.30:052][793]LogBlueprintUserMessages: [Question6] 7
[2016.06.02-13.57.30:052][793]LogBlueprintUserMessages: [Stage_1_C_1] Fail
[2016.06.02-13.57.31:597][793]LogBlueprintUserMessages: [Stage_1_C_1] Fail
[2016.06.02-13.57.33:142][793]LogBlueprintUserMessages: [Stage_1_C_1] Fail
[2016.06.02-13.57.34:691][793]LogBlueprintUserMessages: [Stage_1_C_1] Fail
[2016.06.02-13.57.36:240][793]LogBlueprintUserMessages: [Stage_1_C_1] Fail
[2016.06.02-13.57.37:794][793]LogBlueprintUserMessages: [Stage_1_C_1] Fail
[2016.06.02-13.57.39:339][793]LogBlueprintUserMessages: [Stage_1_C_1] Fail
[2016.06.02-13.57.40:879][793]LogBlueprintUserMessages: [Stage_1_C_1] Fail
[2016.06.02-13.57.42:399][793]LogBlueprintUserMessages: [Stage_1_C_1] Fail
[2016.06.02-13.57.43:924][793]LogBlueprintUserMessages: [Stage_1_C_1] Fail
[2016.06.02-13.57.45:445][793]LogBlueprintUserMessages: [Stage_1_C_1] Fail
[2016.06.02-13.57.46:985][793]LogBlueprintUserMessages: [Stage_1_C_1] Fail
[2016.06.02-13.57.48:525][793]LogBlueprintUserMessages: [Stage_1_C_1] Fail
[2016.06.02-13.57.50:071][793]LogBlueprintUserMessages: [Stage_1_C_1] Fail
[2016.06.02-13.57.51:616][793]LogBlueprintUserMessages: [Stage_1_C_1] Fail
[2016.06.02-13.57.53:143][793]LogBlueprintUserMessages: [Stage_1_C_1] Fail
[2016.06.02-13.57.54:679][793]LogBlueprintUserMessages: [Stage_1_C_1] Fail
[2016.06.02-13.57.56:220][793]LogBlueprintUserMessages: [Stage_1_C_1] Fail
[2016.06.02-13.57.57:757][793]LogBlueprintUserMessages: [Stage_1_C_1] Fail
[2016.06.02-13.57.59:281][793]LogBlueprintUserMessages: [Stage_1_C_1] Fail
[2016.06.02-13.58.00:819][793]LogBlueprintUserMessages: [Stage_1_C_1] Fail
[2016.06.02-13.58.02:327][793]LogBlueprintUserMessages: [Stage_1_C_1] Fail
[2016.06.02-13.58.03:853][793]LogBlueprintUserMessages: [Stage_1_C_1] Fail
[2016.06.02-13.58.05:384][793]LogBlueprintUserMessages: [Stage_1_C_1] Fail
[2016.06.02-13.58.06:925][793]LogBlueprintUserMessages: [Stage_1_C_1] Fail
[2016.06.02-13.58.08:460][793]LogBlueprintUserMessages: [Stage_1_C_1] Fail
[2016.06.02-13.58.09:991][793]LogBlueprintUserMessages: [Stage_1_C_1] Fail
[2016.06.02-13.58.11:514][793]LogBlueprintUserMessages: [Stage_1_C_1] Fail
[2016.06.02-13.58.13:048][793]LogBlueprintUserMessages: [Stage_1_C_1] Fail
[2016.06.02-13.58.14:588][793]LogBlueprintUserMessages: [Stage_1_C_1] Fail
[2016.06.02-13.58.16:321][793]LogBlueprintUserMessages: [Stage_1_C_1] Fail
[2016.06.02-13.58.17:865][793]LogBlueprintUserMessages: [Stage_1_C_1] Fail
[2016.06.02-13.58.19:401][793]LogBlueprintUserMessages: [Stage_1_C_1] Fail
[2016.06.02-13.58.20:940][793]LogBlueprintUserMessages: [Stage_1_C_1] Fail
[2016.06.02-13.58.22:477][793]LogBlueprintUserMessages: [Stage_1_C_1] Fail
[2016.06.02-13.58.24:015][793]LogBlueprintUserMessages: [Stage_1_C_1] Fail
[2016.06.02-13.58.25:552][793]LogBlueprintUserMessages: [Stage_1_C_1] Fail
[2016.06.02-13.58.27:098][793]LogBlueprintUserMessages: [Stage_1_C_1] Fail
[2016.06.02-13.58.28:640][793]LogBlueprintUserMessages: [Stage_1_C_1] Fail
[2016.06.02-13.58.30:173][793]LogBlueprintUserMessages: [Stage_1_C_1] Fail
[2016.06.02-13.58.31:727][793]LogBlueprintUserMessages: [Stage_1_C_1] Fail
[2016.06.02-13.58.33:272][793]LogBlueprintUserMessages: [Stage_1_C_1] Fail
[2016.06.02-13.58.34:804][793]LogBlueprintUserMessages: [Stage_1_C_1] Fail
[2016.06.02-13.58.36:341][793]LogBlueprintUserMessages: [Stage_1_C_1] Fail
[2016.06.02-13.58.37:875][793]LogBlueprintUserMessages: [Stage_1_C_1] Fail
[2016.06.02-13.58.39:414][793]LogBlueprintUserMessages: [Stage_1_C_1] Fail
[2016.06.02-13.58.40:957][793]LogBlueprintUserMessages: [Stage_1_C_1] Fail
[2016.06.02-13.58.42:497][793]LogBlueprintUserMessages: [Stage_1_C_1] Fail
[2016.06.02-13.58.44:036][793]LogBlueprintUserMessages: [Stage_1_C_1] Fail
[2016.06.02-13.58.45:581][793]LogBlueprintUserMessages: [Stage_1_C_1] Fail
[2016.06.02-13.58.47:120][793]LogBlueprintUserMessages: [Stage_1_C_1] Fail
[2016.06.02-13.58.48:653][793]LogBlueprintUserMessages: [Stage_1_C_1] Fail
[2016.06.02-13.58.50:186][793]LogBlueprintUserMessages: [Stage_1_C_1] Fail
[2016.06.02-13.58.51:713][793]LogBlueprintUserMessages: [Stage_1_C_1] Fail
[2016.06.02-13.58.53:240][793]LogBlueprintUserMessages: [Stage_1_C_1] Fail
[2016.06.02-13.58.54:781][793]LogBlueprintUserMessages: [Stage_1_C_1] Fail
[2016.06.02-13.58.56:327][793]LogBlueprintUserMessages: [Stage_1_C_1] Fail
[2016.06.02-13.58.57:865][793]LogBlueprintUserMessages: [Stage_1_C_1] Fail
[2016.06.02-13.58.59:413][793]LogBlueprintUserMessages: [Stage_1_C_1] Fail
[2016.06.02-13.59.00:950][793]LogBlueprintUserMessages: [Stage_1_C_1] Fail
[2016.06.02-13.59.02:526][793]LogBlueprintUserMessages: [Stage_1_C_1] Fail
[2016.06.02-13.59.04:104][793]LogBlueprintUserMessages: [Stage_1_C_1] Fail
[2016.06.02-13.59.05:652][793]LogBlueprintUserMessages: [Stage_1_C_1] Fail
[2016.06.02-13.59.07:219][793]LogBlueprintUserMessages: [Stage_1_C_1] Fail
[2016.06.02-13.59.08:868][793]LogBlueprintUserMessages: [Stage_1_C_1] Fail
[2016.06.02-13.59.10:612][793]LogBlueprintUserMessages: [Stage_1_C_1] Fail
[2016.06.02-13.59.12:168][793]LogBlueprintUserMessages: [Stage_1_C_1] Fail
[2016.06.02-13.59.13:712][793]LogBlueprintUserMessages: [Stage_1_C_1] Fail
[2016.06.02-13.59.15:248][793]LogBlueprintUserMessages: [Stage_1_C_1] Fail
[2016.06.02-13.59.16:793][793]LogBlueprintUserMessages: [Stage_1_C_1] Fail
[2016.06.02-13.59.18:345][793]LogBlueprintUserMessages: [Stage_1_C_1] Fail
[2016.06.02-13.59.20:054][793]LogBlueprintUserMessages: [Stage_1_C_1] Fail
[2016.06.02-13.59.21:693][793]LogBlueprintUserMessages: [Stage_1_C_1] Fail
[2016.06.02-13.59.23:240][793]LogBlueprintUserMessages: [Stage_1_C_1] Fail
[2016.06.02-13.59.24:844][793]LogBlueprintUserMessages: [Stage_1_C_1] Fail
[2016.06.02-13.59.26:439][793]LogBlueprintUserMessages: [Stage_1_C_1] Fail
[2016.06.02-13.59.27:986][793]LogBlueprintUserMessages: [Stage_1_C_1] Fail
[2016.06.02-13.59.29:575][793]LogBlueprintUserMessages: [Stage_1_C_1] Fail
[2016.06.02-13.59.31:198][793]LogBlueprintUserMessages: [Stage_1_C_1] Fail
[2016.06.02-13.59.32:774][793]LogBlueprintUserMessages: [Stage_1_C_1] Fail
[2016.06.02-13.59.34:380][793]LogBlueprintUserMessages: [Stage_1_C_1] Fail
[2016.06.02-13.59.35:971][793]LogBlueprintUserMessages: [Stage_1_C_1] Fail
[2016.06.02-13.59.37:526][793]LogBlueprintUserMessages: [Stage_1_C_1] Fail
[2016.06.02-13.59.39:063][793]LogBlueprintUserMessages: [Stage_1_C_1] Fail
[2016.06.02-13.59.40:609][793]LogBlueprintUserMessages: [Stage_1_C_1] Fail
[2016.06.02-13.59.42:162][793]LogBlueprintUserMessages: [Stage_1_C_1] Fail
[2016.06.02-13.59.43:706][793]LogBlueprintUserMessages: [Stage_1_C_1] Fail
[2016.06.02-13.59.45:252][793]LogBlueprintUserMessages: [Stage_1_C_1] Fail
[2016.06.02-13.59.46:805][793]LogBlueprintUserMessages: [Stage_1_C_1] Fail
[2016.06.02-13.59.48:361][793]LogBlueprintUserMessages: [Stage_1_C_1] Fail
[2016.06.02-13.59.50:055][793]LogBlueprintUserMessages: [Stage_1_C_1] Fail
[2016.06.02-13.59.51:864][793]LogBlueprintUserMessages: [Stage_1_C_1] Fail
[