[2016.05.26-16.24.48:431][  0]Log file open, 05/27/16 01:24:48
[2016.05.26-16.24.48:431][  0]LogInit:Display: Running engine for game: Cube
[2016.05.26-16.24.48:431][  0]LogPlatformFile: Not using cached read wrapper
[2016.05.26-16.24.48:431][  0]LogInit:Display: RandInit(1359219189) SRandInit(1359219190).
[2016.05.26-16.24.48:431][  0]LogTaskGraph: Started task graph with 4 named threads and 7 total threads.
[2016.05.26-16.24.48:431][  0]LogStats: Stats thread started at 0.073388
[2016.05.26-16.24.48:431][  0]LogInit: Version: 4.10.4-2872498+++depot+UE4-Releases+4.10
[2016.05.26-16.24.48:431][  0]LogInit: API Version: 2758231
[2016.05.26-16.24.48:431][  0]LogInit: Compiled (64-bit): Feb 18 2016 15:47:04
[2016.05.26-16.24.48:431][  0]LogInit: Compiled with Visual C++: 19.00.23026.00
[2016.05.26-16.24.48:431][  0]LogInit: Build Configuration: Development
[2016.05.26-16.24.48:431][  0]LogInit: Branch Name: ++depot+UE4-Releases+4.10
[2016.05.26-16.24.48:431][  0]LogInit: Command line:  
[2016.05.26-16.24.48:431][  0]LogInit: Base directory: D:/unreal/Epic Games/4.10/Engine/Binaries/Win64/
[2016.05.26-16.24.48:431][  0]LogInit: Rocket: 1
[2016.05.26-16.24.48:439][  0]LogInit: Using libcurl 7.41.0
[2016.05.26-16.24.48:439][  0]LogInit:  - built for x86_64-pc-win32
[2016.05.26-16.24.48:439][  0]LogInit:  - supports SSL with WinSSL
[2016.05.26-16.24.48:439][  0]LogInit:  - other features:
[2016.05.26-16.24.48:439][  0]LogInit:      CURL_VERSION_SSL
[2016.05.26-16.24.48:439][  0]LogInit:      CURL_VERSION_IPV6
[2016.05.26-16.24.48:439][  0]LogInit:      CURL_VERSION_ASYNCHDNS
[2016.05.26-16.24.48:439][  0]LogInit:      CURL_VERSION_LARGEFILE
[2016.05.26-16.24.48:439][  0]LogInit:      CURL_VERSION_IDN
[2016.05.26-16.24.48:439][  0]LogInit:  CurlRequestOptions (configurable via config and command line):
[2016.05.26-16.24.48:439][  0]LogInit:  - bVerifyPeer = true  - Libcurl will verify peer certificate
[2016.05.26-16.24.48:439][  0]LogInit:  - bUseHttpProxy = false  - Libcurl will NOT use HTTP proxy
[2016.05.26-16.24.48:439][  0]LogInit:  - bDontReuseConnections = false  - Libcurl will reuse connections
[2016.05.26-16.24.48:439][  0]LogInit:  - CertBundlePath = nullptr  - Libcurl will use whatever was configured at build time.
[2016.05.26-16.24.48:445][  0]LogInit: Presizing for 0 objects not considered by GC, pre-allocating 0 bytes.
[2016.05.26-16.24.48:450][  0]LogInit: Object subsystem initialized
[2016.05.26-16.24.48:451][  0]LogInit: Selected Device Profile: [Windows]
[2016.05.26-16.24.48:451][  0]LogInit: Applying CVar settings loaded from the selected device profile: [Windows]
[2016.05.26-16.24.48:457][  0]LogInit: Computer: OWNER-PC
[2016.05.26-16.24.48:457][  0]LogInit: User: Owner
[2016.05.26-16.24.48:457][  0]LogInit: CPU Page size=4096, Cores=4
[2016.05.26-16.24.48:457][  0]LogInit: High frequency timer resolution =3.417977 MHz
[2016.05.26-16.24.48:457][  0]LogMemory: Memory total: Physical=15.9GB (16GB approx)
[2016.05.26-16.24.48:457][  0]LogMemory: Platform Memory Stats for Windows
[2016.05.26-16.24.48:457][  0]LogMemory: Process Physical Memory: 57.15 MB used, 57.15 MB peak
[2016.05.26-16.24.48:458][  0]LogMemory: Process Virtual Memory: 56.80 MB used, 56.80 MB peak
[2016.05.26-16.24.48:458][  0]LogMemory: Physical Memory: 3402.28 MB used, 16312.00 MB total
[2016.05.26-16.24.48:458][  0]LogMemory: Virtual Memory: 383.16 MB used, 134217728.00 MB total
[2016.05.26-16.24.48:495][  0]LogTextLocalizationManager: No specific translations for ('ko-KR') exist, so ('ko') translations will be used.
[2016.05.26-16.24.48:525][  0]LogTextLocalizationManager:Warning: Loaded localization resources contain conflicting entries for (Namespace:UObjectToolTips, Key:AnimNode_AssetPlayerBase:InternalTimeAccumulator):
Localization Resource: (D:/unreal/Epic Games/4.10/Engine/Content/Localization/EditorTutorials/ko/EditorTutorials.locres) Source String Hash: (502993589) Localized String: (이 노드에서 애셋을 레퍼런싱하는 데 사용되는 누적 시간입니다.)
Localization Resource: (D:/unreal/Epic Games/4.10/Engine/Content/Localization/Engine/ko/Engine.locres) Source String Hash: (502993589) Localized String: (이 노드에서 애셋을 레퍼런싱하는 데 사용된 누적 시간입니다.)
[2016.05.26-16.24.48:525][  0]LogTextLocalizationManager:Warning: Loaded localization resources contain conflicting entries for (Namespace:UObjectToolTips, Key:AnimNode_AssetPlayerBase:bIgnoreForRelevancyTest):
Localization Resource: (D:/unreal/Epic Games/4.10/Engine/Content/Localization/EditorTutorials/ko/EditorTutorials.locres) Source String Hash: (319969718) Localized String: (True 면, 스테이트에서 최고 가중치 애니메이션을 찾는 "Relevant anim" 노드는 이 노드를 무시합니다.
 )
Localization Resource: (D:/unreal/Epic Games/4.10/Engine/Content/Localization/Engine/ko/Engine.locres) Source String Hash: (319969718) Localized String: (True 면 스테이트 내 최고 웨이팅된 애니메이션을 찾는 "Relevant anim" 노드가 무시됩니다.
 )
[2016.05.26-16.24.48:525][  0]LogTextLocalizationManager:Warning: Loaded localization resources contain conflicting entries for (Namespace:UObjectToolTips, Key:AnimNode_AssetPlayerBase:BlendWeight):
Localization Resource: (D:/unreal/Epic Games/4.10/Engine/Content/Localization/EditorTutorials/ko/EditorTutorials.locres) Source String Hash: (-1232800293) Localized String: (이 노드에 마지막 걸린 블렌드웨이트 입니다.)
Localization Resource: (D:/unreal/Epic Games/4.10/Engine/Content/Localization/Engine/ko/Engine.locres) Source String Hash: (-1232800293) Localized String: (이 노드에 대해 마지막 접한 블렌드 웨이트)
[2016.05.26-16.24.48:654][  0]LogD3D11RHI: Found D3D11 adapter 0: NVIDIA GeForce GTX 960 (Feature Level 11_0)
[2016.05.26-16.24.48:654][  0]LogD3D11RHI: Adapter has 1969MB of dedicated video memory, 0MB of dedicated system memory, and 8155MB of shared system memory, 2 output[s]
[2016.05.26-16.24.48:656][  0]LogD3D11RHI: Found D3D11 adapter 1: Microsoft Basic Render Driver (Feature Level 11_0)
[2016.05.26-16.24.48:656][  0]LogD3D11RHI: Adapter has 0MB of dedicated video memory, 0MB of dedicated system memory, and 8155MB of shared system memory, 0 output[s]
[2016.05.26-16.24.48:656][  0]LogD3D11RHI: Chosen D3D11 Adapter Id = 0
[2016.05.26-16.24.48:659][  0]LogD3D11RHI: !Direct3DDevice
[2016.05.26-16.24.48:659][  0]LogRHI: Texture pool is 1361 MB (70% of 1945 MB)
[2016.05.26-16.24.48:671][  0]LogD3D11RHI: Async texture creation enabled
[2016.05.26-16.24.48:686][  0]LogShaderCompilers: Guid format shader working directory is -1 characters bigger than the processId version (../../../../../../Programming/unreal/Cube/Cube/Intermediate/Shaders/WorkingDirectory/10928/).
[2016.05.26-16.24.48:686][  0]LogShaderCompilers: Cleaned the shader compiler working directory 'C:/Users/Owner/AppData/Local/Temp/UnrealShaderWorkingDir/89FB8E86465805FBF3EA159A859E8E6E/'.
[2016.05.26-16.24.48:686][  0]LogShaderCompilers:Display: Using Local Shader Compiler.
[2016.05.26-16.24.49:408][  0]LogTemp:Display: Loaded TP AllDesktopTargetPlatform
[2016.05.26-16.24.49:413][  0]LogTemp:Display: Loaded TP WindowsClientTargetPlatform
[2016.05.26-16.24.49:417][  0]LogTemp:Display: Loaded TP WindowsNoEditorTargetPlatform
[2016.05.26-16.24.49:421][  0]LogTemp:Display: Loaded TP WindowsServerTargetPlatform
[2016.05.26-16.24.49:426][  0]LogTemp:Display: Loaded TP WindowsTargetPlatform
[2016.05.26-16.24.49:429][  0]LogTemp:Display: Loaded TP AndroidTargetPlatform
[2016.05.26-16.24.49:432][  0]LogTemp:Display: Loaded TP Android_ASTCTargetPlatform
[2016.05.26-16.24.49:434][  0]LogTemp:Display: Loaded TP Android_ATCTargetPlatform
[2016.05.26-16.24.49:437][  0]LogTemp:Display: Loaded TP Android_DXTTargetPlatform
[2016.05.26-16.24.49:440][  0]LogTemp:Display: Loaded TP Android_ETC1TargetPlatform
[2016.05.26-16.24.49:443][  0]LogTemp:Display: Loaded TP Android_ETC2TargetPlatform
[2016.05.26-16.24.49:449][  0]LogTemp:Display: Loaded TP Android_MultiTargetPlatform
[2016.05.26-16.24.49:449][  0]LogTemp:Display: Loaded TP Android_PVRTCTargetPlatform
[2016.05.26-16.24.49:450][  0]LogTemp:Display: Loaded TP HTML5TargetPlatform
[2016.05.26-16.24.49:466][  0]LogTemp:Display: Loaded TP IOSTargetPlatform
[2016.05.26-16.24.49:469][  0]LogTemp:Display: Loaded TP LinuxNoEditorTargetPlatform
[2016.05.26-16.24.49:471][  0]LogTemp:Display: Loaded TP LinuxServerTargetPlatform
[2016.05.26-16.24.49:474][  0]LogTemp:Display: Loaded TP LinuxTargetPlatform
[2016.05.26-16.24.49:474][  0]LogTargetPlatformManager:Display: Building Assets For Windows
[2016.05.26-16.24.49:553][  0]LogDerivedDataCache:Display: Max Cache Size: 512 MB
[2016.05.26-16.24.49:591][  0]LogDerivedDataCache: Loaded boot cache 0.04s 41MB C:/Users/Owner/AppData/Local/UnrealEngine/4.10/DerivedDataCache/Boot.ddc.
[2016.05.26-16.24.49:591][  0]LogDerivedDataCache:Display: Loaded Boot cache: C:/Users/Owner/AppData/Local/UnrealEngine/4.10/DerivedDataCache/Boot.ddc
[2016.05.26-16.24.49:591][  0]LogDerivedDataCache: FDerivedDataBackendGraph:  Pak pak cache file ../../../../../../Programming/unreal/Cube/Cube/DerivedDataCache/DDC.ddp not found, will not use a pak cache.
[2016.05.26-16.24.49:591][  0]LogDerivedDataCache: Unable to find inner node Pak for hierarchical cache Hierarchy.
[2016.05.26-16.24.49:591][  0]LogDerivedDataCache: FDerivedDataBackendGraph:  CompressedPak pak cache file ../../../../../../Programming/unreal/Cube/Cube/DerivedDataCache/Compressed.ddp not found, will not use a pak cache.
[2016.05.26-16.24.49:591][  0]LogDerivedDataCache: Unable to find inner node CompressedPak for hierarchical cache Hierarchy.
[2016.05.26-16.24.49:640][  0]LogDerivedDataCache:Display: Pak cache opened for reading ../../../Engine/DerivedDataCache/Compressed.ddp.
[2016.05.26-16.24.49:652][  0]LogDerivedDataCache: Using Local data cache path C:/Users/Owner/AppData/Local/UnrealEngine/Common/DerivedDataCache: Writable
[2016.05.26-16.24.49:817][  0]LogInit: Selected Device Profile: [Windows]
[2016.05.26-16.24.49:818][  0]LogContentStreaming: Texture pool size is 0.000000MB
[2016.05.26-16.24.49:915][  0]LogMeshUtilities: No automatic mesh reduction module available
[2016.05.26-16.24.49:915][  0]LogMeshUtilities: No automatic mesh merging module available
[2016.05.26-16.24.50:103][  0]LogInit: WinSock: version 1.1 (2.2), MaxSocks=32767, MaxUdp=65467
[2016.05.26-16.24.50:832][  0]UdpMessaging: Initializing bridge on interface 0.0.0.0:0 to multicast group 230.0.0.1:6666.
[2016.05.26-16.24.50:939][  0]LogAssetRegistry: FAssetRegistry took 0.0109 seconds to start up
[2016.05.26-16.24.51:095][  0]SourceControl: 정보 소스 콘트롤이 꺼졌습니다.
[2016.05.26-16.24.51:161][  0]SourceControl: 정보 소스 콘트롤이 꺼졌습니다.
[2016.05.26-16.24.51:173][  0]SourceControl: 정보 소스 콘트롤이 꺼졌습니다.
[2016.05.26-16.24.51:185][  0]SourceControl: 정보 소스 콘트롤이 꺼졌습니다.
[2016.05.26-16.24.51:427][  0]LogObj: 28633 objects as part of root set at end of initial load.
[2016.05.26-16.24.51:427][  0]LogUObjectAllocator: 6099752 out of 0 bytes used by permanent object pool.
[2016.05.26-16.24.51:475][  0]LogEngine: Initializing Engine...
[2016.05.26-16.24.51:478][  0]LogHMD: Can't find Oculus library dev build: is proper Runtime installed? Version: 0.8.0.0
[2016.05.26-16.24.51:478][  0]LogHMD: SteamVR failed to initialize.  Err: 110
[2016.05.26-16.24.51:578][  0]LogAIModule: Creating AISystem for world NewWorld
[2016.05.26-16.24.51:594][  0]LogInit: XAudio2 using '스피커(Realtek High Definition Audio)' : 2 channels at 48 kHz using 32 bits per sample (channel mask 0x3)
[2016.05.26-16.24.51:617][  0]LogInit: FAudioDevice initialized.
[2016.05.26-16.24.51:644][  0]LogDerivedDataCache: Saved boot cache 0.03s 41MB C:/Users/Owner/AppData/Local/UnrealEngine/4.10/DerivedDataCache/Boot.ddc.
[2016.05.26-16.24.51:647][  0]LogInit: Texture streaming: Enabled
[2016.05.26-16.24.51:652][  0]LogAnalytics: Creating configured Analytics provider AnalyticsET
[2016.05.26-16.24.51:652][  0]LogAnalytics: [UEEditor.Rocket.Release] APIServer = http://et2.epicgames.com/ET2/. AppVersion = 4.10.4-2872498+++depot+UE4-Releases+4.10
[2016.05.26-16.24.51:653][  0]LogAnalytics: [UEEditor.Rocket.Release] SetUserId 21d340464f5a0e663c335289d3284d81|f297ec04e09247fdb6017b25a3c484a7|c92d2da9-0d10-4f3f-b7e0-0cf9e2054bd7
[2016.05.26-16.24.51:653][  0]LogAnalytics: [UEEditor.Rocket.Release] AnalyticsET::StartSession
[2016.05.26-16.24.51:662][  0]LogInit: Transaction tracking system initialized
[2016.05.26-16.24.51:688][  0]BlueprintLog: New page: 에디터 로드
[2016.05.26-16.24.51:765][  0]LocalizationService: 정보 현지화 서비스가 비활성화되었습니다.
[2016.05.26-16.24.51:841][  0]LogConsoleResponse:Display: 
[2016.05.26-16.24.51:952][  0]LogCook:Display: Done creating registry. It took  0.00s.
[2016.05.26-16.24.52:007][  0]LogFileCache: Scanning file cache for directory 'D:/Programming/unreal/Cube/Cube/Content/' took 0.01s
[2016.05.26-16.24.52:007][  0]SourceControl: 정보 소스 콘트롤이 꺼졌습니다.
[2016.05.26-16.24.52:008][  0]Cmd: MAP LOAD FILE="../../../../../../Programming/unreal/Cube/Cube/Content/cube.umap" TEMPLATE=0 SHOWPROGRESS=1 FEATURELEVEL=3
[2016.05.26-16.24.52:008][  0]LightingResults: New page: 라이팅 빌드
[2016.05.26-16.24.52:012][  0]MapCheck: New page: 맵 체크
[2016.05.26-16.24.52:012][  0]LightingResults: New page: 라이팅 빌드
[2016.05.26-16.24.52:023][  0]LogParticles: Destroying 0 GPU particle simulations for FXSystem 0x00000169CDBAEAC0
[2016.05.26-16.24.52:924][  0]LogAIModule: Creating AISystem for world cube
[2016.05.26-16.24.52:933][  0]LogEditorServer: Finished looking for orphan Actors (0.000 secs)
[2016.05.26-16.24.52:934][  0]Cmd: MAP CHECKDEP NOCLEARLOG
[2016.05.26-16.24.52:989][  0]MapCheck: 정보 맵 체크 완료: 오류 0 회, 경고 0 회, 소요 시간 55.513ms.
[2016.05.26-16.24.52:989][  0]LogFileHelpers: Loading map 'cube' took 0.982
[2016.05.26-16.24.53:091][  0]LogCollectionManager: Loaded 0 collections in 0.001978 seconds
[2016.05.26-16.24.53:131][  0]LogFileCache: Scanning file cache for directory 'D:/Programming/unreal/Cube/Cube/Saved/Collections/' took 0.01s
[2016.05.26-16.24.53:131][  0]LogFileCache: Scanning file cache for directory 'D:/Programming/unreal/Cube/Cube/Content/Developers/Owner/Collections/' took 0.01s
[2016.05.26-16.24.53:131][  0]LogFileCache: Scanning file cache for directory 'D:/Programming/unreal/Cube/Cube/Content/Collections/' took 0.01s
[2016.05.26-16.24.53:131][  0]LogCollectionManager: Rebuilt the GUID cache for 0 collections in 0.000001 seconds
[2016.05.26-16.24.53:138][  0]LogContentBrowser: Native class hierarchy populated in 0.0063 seconds. Added 1893 classes and 338 folders.
[2016.05.26-16.24.53:143][  0]LogContentBrowser: Native class hierarchy updated for 'WidgetCarousel' in 0.0003 seconds. Added 0 classes and 0 folders.
[2016.05.26-16.24.53:187][  0]LogContentBrowser: Native class hierarchy updated for 'AddContentDialog' in 0.0003 seconds. Added 0 classes and 0 folders.
[2016.05.26-16.24.53:190][  0]LogContentBrowser: Native class hierarchy updated for 'SceneOutliner' in 0.0003 seconds. Added 1 classes and 2 folders.
[2016.05.26-16.24.53:230][  0]LogCrashTracker: Crashtracker disabled due to settings.
[2016.05.26-16.24.53:234][  0]LogUObjectGlobals:Warning: 'Class 없음.' 오브젝트를 찾는 데 실패했습니다.
[2016.05.26-16.24.53:256][  0]LogLoad: Full Startup: 5.18 seconds (BP compile: 0.12 seconds)
[2016.05.26-16.24.53:272][  0]LogWindowsTextInputMethodSystem:Display: IME system now activated using TSF (Microsoft 입력기).
[2016.05.26-16.24.53:277][  0]LogOcInput: Can't find Oculus library dev build: is proper Runtime installed? Version: 0.8.0.0
[2016.05.26-16.24.53:332][  0]LogContentStreaming: Texture pool size now 1000 MB
[2016.05.26-16.24.53:365][  0]LogRenderer: Reallocating scene render targets to support 256x256 (Frame:1).
[2016.05.26-16.24.53:452][  0]LogRenderer: Reallocating scene render targets to support 1116x568 (Frame:2).
[2016.05.26-16.24.54:019][  5]LogAssetRegistry: Asset discovery search completed in 3.0904 seconds
[2016.05.26-16.24.54:019][  5]LogCollectionManager: Rebuilt the object cache for 0 collections in 0.000001 seconds (found 0 objects)
[2016.05.26-16.24.54:019][  5]LogCollectionManager: Fixed up redirectors for 0 collections in 0.000016 seconds (updated 0 objects)
[2016.05.26-16.25.09:167][871]LogBlueprintUserMessages: Early PlayInEditor Detection: Level '/Game/cube.cube:PersistentLevel' has LevelScriptBlueprint '/Game/cube.cube:PersistentLevel.cube' with GeneratedClass '/Game/cube.cube_C' with ClassGeneratedBy '/Game/cube.cube:PersistentLevel.cube'
[2016.05.26-16.25.09:167][871]LogPlayLevel: PlayLevel: No blueprints needed recompiling
[2016.05.26-16.25.09:168][871]PIE: New page: PIE 세션: cube (2016. 5. 27. 오전 10:25:09)
[2016.05.26-16.25.09:168][871]LogPlayLevel: Creating play world package: /Game/UEDPIE_0_cube
[2016.05.26-16.25.09:260][871]LogPlayLevel: PIE: StaticDuplicateObject took: (0.092511s)
[2016.05.26-16.25.09:260][871]LogAIModule: Creating AISystem for world cube
[2016.05.26-16.25.09:261][871]LogPlayLevel: PIE: World Init took: (0.000561s)
[2016.05.26-16.25.09:261][871]LogPlayLevel: PIE: Created PIE world by copying editor world from /Game/cube.cube to /Game/UEDPIE_0_cube.cube (0.093231s)
[2016.05.26-16.25.09:297][871]LogInit: XAudio2 using '스피커(Realtek High Definition Audio)' : 2 channels at 48 kHz using 32 bits per sample (channel mask 0x3)
[2016.05.26-16.25.09:315][871]LogInit: FAudioDevice initialized.
[2016.05.26-16.25.09:364][871]LogWorld: Game class is 'MyGameMode_C'
[2016.05.26-16.25.09:368][871]LogWorld: Bringing World /Game/UEDPIE_0_cube.cube up for play (max tick rate 0) at 2016.05.27-01.25.09
[2016.05.26-16.25.09:368][871]LogActor:Warning: GameSession /Game/UEDPIE_0_cube.cube:PersistentLevel.GameSession_0 has natively added scene component(s), but none of them were set as the actor's RootComponent - picking one arbitrarily
[2016.05.26-16.25.09:369][871]LogActor:Warning: GameNetworkManager /Game/UEDPIE_0_cube.cube:PersistentLevel.GameNetworkManager_0 has natively added scene component(s), but none of them were set as the actor's RootComponent - picking one arbitrarily
[2016.05.26-16.25.09:369][871]LogWorld: Bringing up level for play took: 0.003996
[2016.05.26-16.25.09:371][871]PIE: 정보 /Game/UEDPIE_0_cube 에 대한 에디터에서 플레이 시작 시간: 0.237
[2016.05.26-16.25.09:371][871]LogBlueprintUserMessages: Late PlayInEditor Detection: Level '/Game/cube.cube:PersistentLevel' has LevelScriptBlueprint '/Game/cube.cube:PersistentLevel.cube' with GeneratedClass '/Game/cube.cube_C' with ClassGeneratedBy '/Game/cube.cube:PersistentLevel.cube'
[2016.05.26-16.25.12:448][236]LogBlueprintUserMessages: [MyGameMode_C_0] 0.0
[2016.05.26-16.25.13:040][307]LogBlueprintUserMessages: [MyGameMode_C_0] 0.0
[2016.05.26-16.25.14:591][493]LogBlueprintUserMessages: [MyGameMode_C_0] 0.0
[2016.05.26-16.25.14:874][527]LogBlueprintUserMessages: [MyGameMode_C_0] 0.0
[2016.05.26-16.25.15:182][564]LogBlueprintUserMessages: [MyGameMode_C_0] -90.0
[2016.05.26-16.25.15:599][614]LogBlueprintUserMessages: [MyGameMode_C_0] -180.0
[2016.05.26-16.25.16:032][666]LogBlueprintUserMessages: [MyGameMode_C_0] -270.0
[2016.05.26-16.25.17:007][783]LogBlueprintUserMessages: [MyGameMode_C_0] -180.0
[2016.05.26-16.25.17:383][828]LogBlueprintUserMessages: [MyGameMode_C_0] -270.0
[2016.05.26-16.25.19:050][ 28]LogBlueprintUserMessages: [MyGameMode_C_0] -360.0
[2016.05.26-16.25.19:441][ 75]LogBlueprintUserMessages: [MyGameMode_C_0] -450.0
[2016.05.26-16.25.21:299][298]LogBlueprintUserMessages: [MyGameMode_C_0] -540.0
[2016.05.26-16.25.21:650][340]LogBlueprintUserMessages: [MyGameMode_C_0] -630.0
[2016.05.26-16.25.23:067][510]LogBlueprintUserMessages: [MyGameMode_C_0] -720.0
[2016.05.26-16.25.24:625][697]LogBlueprintUserMessages: [MyGameMode_C_0] -720.0
[2016.05.26-16.25.25:217][768]LogBlueprintUserMessages: [MyGameMode_C_0] -720.0
[2016.05.26-16.25.27:909][ 91]LogBlueprintUserMessages: [MyGameMode_C_0] -720.0
[2016.05.26-16.25.29:443][275]LogBlueprintUserMessages: [MyGameMode_C_0] -720.0
[2016.05.26-16.25.30:143][359]LogBlueprintUserMessages: [MyGameMode_C_0] -720.0
[2016.05.26-16.25.30:851][444]LogBlueprintUserMessages: [MyGameMode_C_0] -810.0
[2016.05.26-16.25.32:418][632]LogBlueprintUserMessages: [MyGameMode_C_0] -720.0
[2016.05.26-16.25.33:068][710]LogBlueprintUserMessages: [MyGameMode_C_0] -720.0
[2016.05.26-16.25.34:102][834]LogBlueprintUserMessages: [MyGameMode_C_0] -810.0
[2016.05.26-16.25.34:710][907]LogBlueprintUserMessages: [MyGameMode_C_0] -810.0
[2016.05.26-16.25.35:136][958]LogBlueprintUserMessages: [MyGameMode_C_0] -810.0
[2016.05.26-16.25.35:536][  6]LogBlueprintUserMessages: [MyGameMode_C_0] -810.0
[2016.05.26-16.25.35:902][ 50]LogBlueprintUserMessages: [MyGameMode_C_0] -810.0
[2016.05.26-16.25.36:161][ 81]LogBlueprintUserMessages: [MyGameMode_C_0] -810.0
[2016.05.26-16.25.36:494][121]LogBlueprintUserMessages: [MyGameMode_C_0] -810.0
[2016.05.26-16.25.37:561][249]LogBlueprintUserMessages: [MyGameMode_C_0] -720.0
[2016.05.26-16.25.39:502][482]LogBlueprintUserMessages: [MyGameMode_C_0] -630.0
[2016.05.26-16.25.40:244][571]LogBlueprintUserMessages: [MyGameMode_C_0] -540.0
[2016.05.26-16.25.40:461][597]LogBlueprintUserMessages: [MyGameMode_C_0] -450.0
[2016.05.26-16.25.40:770][634]LogBlueprintUserMessages: [MyGameMode_C_0] -360.0
[2016.05.26-16.25.41:003][662]LogBlueprintUserMessages: [MyGameMode_C_0] -270.0
[2016.05.26-16.25.41:370][706]LogBlueprintUserMessages: [MyGameMode_C_0] -180.0
[2016.05.26-16.25.41:603][734]LogBlueprintUserMessages: [MyGameMode_C_0] -90.0
[2016.05.26-16.25.41:878][767]LogBlueprintUserMessages: [MyGameMode_C_0] 0.0
[2016.05.26-16.25.42:237][810]LogBlueprintUserMessages: [MyGameMode_C_0] 90.0
[2016.05.26-16.25.42:428][833]LogBlueprintUserMessages: [MyGameMode_C_0] 180.0
[2016.05.26-16.25.42:637][858]LogBlueprintUserMessages: [MyGameMode_C_0] 270.0
[2016.05.26-16.25.43:537][966]LogBlueprintUserMessages: [MyGameMode_C_0] 270.0
[2016.05.26-16.25.44:129][ 37]LogBlueprintUserMessages: [MyGameMode_C_0] 270.0
[2016.05.26-16.25.44:595][ 93]LogBlueprintUserMessages: [MyGameMode_C_0] 270.0
[2016.05.26-16.25.45:021][144]LogBlueprintUserMessages: [MyGameMode_C_0] 270.0
[2016.05.26-16.25.45:429][193]LogBlueprintUserMessages: [MyGameMode_C_0] 270.0
[2016.05.26-16.25.46:180][283]LogBlueprintUserMessages: [MyGameMode_C_0] 270.0
[2016.05.26-16.25.46:672][342]LogBlueprintUserMessages: [MyGameMode_C_0] 270.0
[2016.05.26-16.25.47:230][409]LogBlueprintUserMessages: [MyGameMode_C_0] 270.0
[2016.05.26-16.25.47:688][464]LogBlueprintUserMessages: [MyGameMode_C_0] 270.0
[2016.05.26-16.25.48:047][507]LogBlueprintUserMessages: [MyGameMode_C_0] 270.0
[2016.05.26-16.25.48:455][556]LogBlueprintUserMessages: [MyGameMode_C_0] 270.0
[2016.05.26-16.25.48:747][591]LogBlueprintUserMessages: [MyGameMode_C_0] 270.0
[2016.05.26-16.25.49:097][633]LogBlueprintUserMessages: [MyGameMode_C_0] 270.0
[2016.05.26-16.25.49:414][671]LogBlueprintUserMessages: [MyGameMode_C_0] 270.0
[2016.05.26-16.25.49:681][703]LogBlueprintUserMessages: [MyGameMode_C_0] 270.0
[2016.05.26-16.25.49:939][734]LogBlueprintUserMessages: [MyGameMode_C_0] 270.0
[2016.05.26-16.25.50:206][766]LogBlueprintUserMessages: [MyGameMode_C_0] 270.0
[2016.05.26-16.25.50:707][826]LogBlueprintUserMessages: [MyGameMode_C_0] 270.0
[2016.05.26-16.25.50:965][857]LogBlueprintUserMessages: [MyGameMode_C_0] 270.0
[2016.05.26-16.25.51:456][916]LogBlueprintUserMessages: [MyGameMode_C_0] 270.0
[2016.05.26-16.25.51:723][948]LogBlueprintUserMessages: [MyGameMode_C_0] 270.0
[2016.05.26-16.25.52:015][983]LogBlueprintUserMessages: [MyGameMode_C_0] 270.0
[2016.05.26-16.25.52:274][ 14]LogBlueprintUserMessages: [MyGameMode_C_0] 270.0
[2016.05.26-16.25.52:632][ 57]LogBlueprintUserMessages: [MyGameMode_C_0] 270.0
[2016.05.26-16.25.52:857][ 84]LogBlueprintUserMessages: [MyGameMode_C_0] 270.0
[2016.05.26-16.25.53:190][124]LogBlueprintUserMessages: [MyGameMode_C_0] 270.0
[2016.05.26-16.25.53:457][156]LogBlueprintUserMessages: [MyGameMode_C_0] 270.0
[2016.05.26-16.25.53:816][199]LogBlueprintUserMessages: [MyGameMode_C_0] 270.0
[2016.05.26-16.25.55:557][408]LogBlueprintUserMessages: [MyGameMode_C_0] 270.0
[2016.05.26-16.25.55:891][448]LogBlueprintUserMessages: [MyGameMode_C_0] 270.0
[2016.05.26-16.25.56:524][524]LogBlueprintUserMessages: [MyGameMode_C_0] 270.0
[2016.05.26-16.25.56:833][561]LogBlueprintUserMessages: [MyGameMode_C_0] 270.0
[2016.05.26-16.25.57:124][596]LogBlueprintUserMessages: [MyGameMode_C_0] 270.0
[2016.05.26-16.25.57:434][633]LogBlueprintUserMessages: [MyGameMode_C_0] 270.0
[2016.05.26-16.25.57:750][671]LogBlueprintUserMessages: [MyGameMode_C_0] 270.0
[2016.05.26-16.25.58:001][701]LogBlueprintUserMessages: [MyGameMode_C_0] 270.0
[2016.05.26-16.25.58:692][784]LogBlueprintUserMessages: [MyGameMode_C_0] 270.0
[2016.05.26-16.25.59:051][827]LogBlueprintUserMessages: [MyGameMode_C_0] 270.0
[2016.05.26-16.25.59:392][868]LogBlueprintUserMessages: [MyGameMode_C_0] 270.0
[2016.05.26-16.25.59:626][896]LogBlueprintUserMessages: [MyGameMode_C_0] 270.0
[2016.05.26-16.26.00:193][964]LogBlueprintUserMessages: [MyGameMode_C_0] 270.0
[2016.05.26-16.26.00:493][  0]LogBlueprintUserMessages: [MyGameMode_C_0] 270.0
[2016.05.26-16.26.00:818][ 39]LogBlueprintUserMessages: [MyGameMode_C_0] 270.0
[2016.05.26-16.26.01:085][ 71]LogBlueprintUserMessages: [MyGameMode_C_0] 270.0
[2016.05.26-16.26.01:384][107]LogBlueprintUserMessages: [MyGameMode_C_0] 270.0
[2016.05.26-16.26.01:643][138]LogBlueprintUserMessages: [MyGameMode_C_0] 270.0
[2016.05.26-16.26.01:926][172]LogBlueprintUserMessages: [MyGameMode_C_0] 270.0
[2016.05.26-16.26.02:202][205]LogBlueprintUserMessages: [MyGameMode_C_0] 270.0
[2016.05.26-16.26.02:477][238]LogBlueprintUserMessages: [MyGameMode_C_0] 270.0
[2016.05.26-16.26.02:760][272]LogBlueprintUserMessages: [MyGameMode_C_0] 270.0
[2016.05.26-16.26.03:035][305]LogBlueprintUserMessages: [MyGameMode_C_0] 270.0
[2016.05.26-16.26.03:319][339]LogBlueprintUserMessages: [MyGameMode_C_0] 270.0
[2016.05.26-16.26.03:560][368]LogBlueprintUserMessages: [MyGameMode_C_0] 270.0
[2016.05.26-16.26.03:786][395]LogBlueprintUserMessages: [MyGameMode_C_0] 270.0
[2016.05.26-16.26.04:052][427]LogBlueprintUserMessages: [MyGameMode_C_0] 270.0
[2016.05.26-16.26.04:319][459]LogBlueprintUserMessages: [MyGameMode_C_0] 270.0
[2016.05.26-16.26.04:552][487]LogBlueprintUserMessages: [MyGameMode_C_0] 270.0
[2016.05.26-16.26.04:769][513]LogBlueprintUserMessages: [MyGameMode_C_0] 270.0
[2016.05.26-16.26.04:986][539]LogBlueprintUserMessages: [MyGameMode_C_0] 270.0
[2016.05.26-16.26.05:219][567]LogBlueprintUserMessages: [MyGameMode_C_0] 270.0
[2016.05.26-16.26.05:469][597]LogBlueprintUserMessages: [MyGameMode_C_0] 270.0
[2016.05.26-16.26.05:702][625]LogBlueprintUserMessages: [MyGameMode_C_0] 270.0
[2016.05.26-16.26.05:961][656]LogBlueprintUserMessages: [MyGameMode_C_0] 270.0
[2016.05.26-16.26.06:461][716]LogBlueprintUserMessages: Early EndPlayMap Detection: Level '/Game/cube.cube:PersistentLevel' has LevelScriptBlueprint '/Game/cube.cube:PersistentLevel.cube' with GeneratedClass '/Game/cube.cube_C' with ClassGeneratedBy '/Game/cube.cube:PersistentLevel.cube'
[2016.05.26-16.26.06:494][716]LogBlueprintUserMessages: Late EndPlayMap Detection: Level '/Game/cube.cube:PersistentLevel' has LevelScriptBlueprint '/Game/cube.cube:PersistentLevel.cube' with GeneratedClass '/Game/cube.cube_C' with ClassGeneratedBy '/Game/cube.cube:PersistentLevel.cube'
[2016.05.26-16.26.06:507][716]LogParticles: Destroying 0 GPU particle simulations for FXSystem 0x00000169D7FEF7E0
[2016.05.26-16.26.08:230][920]LogBlueprintUserMessages: Early PlayInEditor Detection: Level '/Game/cube.cube:PersistentLevel' has LevelScriptBlueprint '/Game/cube.cube:PersistentLevel.cube' with GeneratedClass '/Game/cube.cube_C' with ClassGeneratedBy '/Game/cube.cube:PersistentLevel.cube'
[2016.05.26-16.26.08:230][920]LogPlayLevel: PlayLevel: No blueprints needed recompiling
[2016.05.26-16.26.08:230][920]PIE: New page: PIE 세션: cube (2016. 5. 27. 오전 10:26:08)
[2016.05.26-16.26.08:230][920]LogPlayLevel: Creating play world package: /Game/UEDPIE_0_cube
[2016.05.26-16.26.08:323][920]LogPlayLevel: PIE: StaticDuplicateObject took: (0.092659s)
[2016.05.26-16.26.08:323][920]LogAIModule: Creating AISystem for world cube
[2016.05.26-16.26.08:323][920]LogPlayLevel: PIE: World Init took: (0.000503s)
[2016.05.26-16.26.08:323][920]LogPlayLevel: PIE: Created PIE world by copying editor world from /Game/cube.cube to /Game/UEDPIE_0_cube.cube (0.093388s)
[2016.05.26-16.26.08:348][920]LogInit: XAudio2 using '스피커(Realtek High Definition Audio)' : 2 channels at 48 kHz using 32 bits per sample (channel mask 0x3)
[2016.05.26-16.26.08:366][920]LogInit: FAudioDevice initialized.
[2016.05.26-16.26.08:396][920]LogWorld: Game class is 'MyGameMode_C'
[2016.05.26-16.26.08:400][920]LogWorld: Bringing World /Game/UEDPIE_0_cube.cube up for play (max tick rate 0) at 2016.05.27-01.26.08
[2016.05.26-16.26.08:400][920]LogActor:Warning: GameSession /Game/UEDPIE_0_cube.cube:PersistentLevel.GameSession_1 has natively added scene component(s), but none of them were set as the actor's RootComponent - picking one arbitrarily
[2016.05.26-16.26.08:401][920]LogActor:Warning: GameNetworkManager /Game/UEDPIE_0_cube.cube:PersistentLevel.GameNetworkManager_1 has natively added scene component(s), but none of them were set as the actor's RootComponent - picking one arbitrarily
[2016.05.26-16.26.08:401][920]LogWorld: Bringing up level for play took: 0.004047
[2016.05.26-16.26.08:402][920]PIE: 정보 /Game/UEDPIE_0_cube 에 대한 에디터에서 플레이 시작 시간: -0.732
[2016.05.26-16.26.08:403][920]LogBlueprintUserMessages: Late PlayInEditor Detection: Level '/Game/cube.cube:PersistentLevel' has LevelScriptBlueprint '/Game/cube.cube:PersistentLevel.cube' with GeneratedClass '/Game/cube.cube_C' with ClassGeneratedBy '/Game/cube.cube:PersistentLevel.cube'
[2016.05.26-16.26.08:776][964]LogBlueprintUserMessages: [MyGameMode_C_1] 0.0
[2016.05.26-16.26.09:110][  4]LogBlueprintUserMessages: [MyGameMode_C_1] 0.0
[2016.05.26-16.26.11:061][238]LogBlueprintUserMessages: [MyGameMode_C_1] 0.0
[2016.05.26-16.26.11:435][283]LogBlueprintUserMessages: [MyGameMode_C_1] 0.0
[2016.05.26-16.26.11:694][314]LogBlueprintUserMessages: [MyGameMode_C_1] 0.0
[2016.05.26-16.26.11:911][340]LogBlueprintUserMessages: [MyGameMode_C_1] 0.0
[2016.05.26-16.26.12:253][381]LogBlueprintUserMessages: [MyGameMode_C_1] 0.0
[2016.05.26-16.26.12:478][408]LogBlueprintUserMessages: [MyGameMode_C_1] 0.0
[2016.05.26-16.26.13:705][555]LogBlueprintUserMessages: [MyGameMode_C_1] 0.0
[2016.05.26-16.26.14:155][609]LogBlueprintUserMessages: [MyGameMode_C_1] 0.0
[2016.05.26-16.26.16:305][867]LogBlueprintUserMessages: [MyGameMode_C_1] 0.0
[2016.05.26-16.26.16:714][916]LogBlueprintUserMessages: [MyGameMode_C_1] 0.0
[2016.05.26-16.26.16:980][948]LogBlueprintUserMessages: [MyGameMode_C_1] 0.0
[2016.05.26-16.26.17:914][ 60]LogBlueprintUserMessages: [MyGameMode_C_1] 0.0
[2016.05.26-16.26.19:214][216]LogBlueprintUserMessages: [MyGameMode_C_1] 0.0
[2016.05.26-16.26.19:739][279]LogBlueprintUserMessages: [MyGameMode_C_1] 0.0
[2016.05.26-16.26.20:147][328]LogBlueprintUserMessages: [MyGameMode_C_1] 0.0
[2016.05.26-16.26.21:314][468]LogBlueprintUserMessages: [MyGameMode_C_1] 0.0
[2016.05.26-16.26.22:089][561]LogBlueprintUserMessages: [MyGameMode_C_1] 0.0
[2016.05.26-16.26.22:622][625]LogBlueprintUserMessages: [MyGameMode_C_1] 0.0
[2016.05.26-16.26.23:047][676]LogBlueprintUserMessages: [MyGameMode_C_1] 0.0
[2016.05.26-16.26.23:414][720]LogBlueprintUserMessages: [MyGameMode_C_1] 0.0
[2016.05.26-16.26.24:497][850]LogBlueprintUserMessages: [MyGameMode_C_1] 0.0
[2016.05.26-16.26.24:706][875]LogBlueprintUserMessages: [MyGameMode_C_1] 0.0
[2016.05.26-16.26.24:997][910]LogBlueprintUserMessages: [MyGameMode_C_1] 0.0
[2016.05.26-16.26.25:314][948]LogBlueprintUserMessages: [MyGameMode_C_1] 0.0
[2016.05.26-16.26.25:598][982]LogBlueprintUserMessages: [MyGameMode_C_1] 0.0
[2016.05.26-16.26.25:806][  7]LogBlueprintUserMessages: [MyGameMode_C_1] 0.0
[2016.05.26-16.26.27:949][264]LogBlueprintUserMessages: [MyGameMode_C_1] 0.0
[2016.05.26-16.26.28:599][342]LogBlueprintUserMessages: [MyGameMode_C_1] 0.0
[2016.05.26-16.26.30:701][594]LogBlueprintUserMessages: [MyGameMode_C_1] 0.0
[2016.05.26-16.26.31:402][678]LogBlueprintUserMessages: [MyGameMode_C_1] 0.0
[2016.05.26-16.26.31:836][730]LogBlueprintUserMessages: [MyGameMode_C_1] 0.0
[2016.05.26-16.26.32:577][819]LogBlueprintUserMessages: [MyGameMode_C_1] 0.0
[2016.05.26-16.26.33:244][899]LogBlueprintUserMessages: [MyGameMode_C_1] 0.0
[2016.05.26-16.26.33:761][961]LogBlueprintUserMessages: [MyGameMode_C_1] 0.0
[2016.05.26-16.26.34:077][999]LogBlueprintUserMessages: [MyGameMode_C_1] 0.0
[2016.05.26-16.26.35:337][150]LogBlueprintUserMessages: [MyGameMode_C_1] 0.0
[2016.05.26-16.26.35:937][222]LogBlueprintUserMessages: [MyGameMode_C_1] 0.0
[2016.05.26-16.26.36:279][263]LogBlueprintUserMessages: [MyGameMode_C_1] 0.0
[2016.05.26-16.26.36:670][310]LogBlueprintUserMessages: [MyGameMode_C_1] 0.0
[2016.05.26-16.26.37:313][386]LogBlueprintUserMessages: [MyGameMode_C_1] 0.0
[2016.05.26-16.26.37:737][436]LogBlueprintUserMessages: [MyGameMode_C_1] 0.0
[2016.05.26-16.26.38:179][489]LogBlueprintUserMessages: [MyGameMode_C_1] 0.0
[2016.05.26-16.26.38:521][530]LogBlueprintUserMessages: [MyGameMode_C_1] 0.0
[2016.05.26-16.26.38:804][564]LogBlueprintUserMessages: [MyGameMode_C_1] 0.0
[2016.05.26-16.26.39:180][609]LogBlueprintUserMessages: [MyGameMode_C_1] 0.0
[2016.05.26-16.26.39:455][642]LogBlueprintUserMessages: [MyGameMode_C_1] 0.0
[2016.05.26-16.26.39:664][667]LogBlueprintUserMessages: [MyGameMode_C_1] 0.0
[2016.05.26-16.26.41:697][911]LogBlueprintUserMessages: [MyGameMode_C_1] 0.0
[2016.05.26-16.26.42:213][973]LogBlueprintUserMessages: [MyGameMode_C_1] 0.0
[2016.05.26-16.26.42:697][ 31]LogBlueprintUserMessages: [MyGameMode_C_1] 0.0
[2016.05.26-16.26.42:922][ 58]LogBlueprintUserMessages: [MyGameMode_C_1] 0.0
[2016.05.26-16.26.43:164][ 87]LogBlueprintUserMessages: [MyGameMode_C_1] 0.0
[2016.05.26-16.26.43:430][119]LogBlueprintUserMessages: [MyGameMode_C_1] 0.0
[2016.05.26-16.26.43:689][150]LogBlueprintUserMessages: [MyGameMode_C_1] 0.0
[2016.05.26-16.26.44:014][189]LogBlueprintUserMessages: [MyGameMode_C_1] 0.0
[2016.05.26-16.26.44:580][257]LogBlueprintUserMessages: [MyGameMode_C_1] 0.0
[2016.05.26-16.26.44:939][300]LogBlueprintUserMessages: [MyGameMode_C_1] 0.0
[2016.05.26-16.26.45:464][363]LogBlueprintUserMessages: [MyGameMode_C_1] 0.0
[2016.05.26-16.26.45:872][412]LogBlueprintUserMessages: [MyGameMode_C_1] 0.0
[2016.05.26-16.26.46:689][510]LogBlueprintUserMessages: [MyGameMode_C_1] 0.0
[2016.05.26-16.26.46:997][547]LogBlueprintUserMessages: [MyGameMode_C_1] 0.0
[2016.05.26-16.26.47:264][579]LogBlueprintUserMessages: [MyGameMode_C_1] 0.0
[2016.05.26-16.26.47:564][615]LogBlueprintUserMessages: [MyGameMode_C_1] 0.0
[2016.05.26-16.26.47:831][647]LogBlueprintUserMessages: [MyGameMode_C_1] 0.0
[2016.05.26-16.26.48:089][678]LogBlueprintUserMessages: [MyGameMode_C_1] 0.0
[2016.05.26-16.26.48:339][708]LogBlueprintUserMessages: [MyGameMode_C_1] 0.0
[2016.05.26-16.26.48:623][742]LogBlueprintUserMessages: [MyGameMode_C_1] 0.0
[2016.05.26-16.26.48:923][778]LogBlueprintUserMessages: [MyGameMode_C_1] 0.0
[2016.05.26-16.26.49:231][815]LogBlueprintUserMessages: [MyGameMode_C_1] 0.0
[2016.05.26-16.26.49:523][850]LogBlueprintUserMessages: [MyGameMode_C_1] 0.0
[2016.05.26-16.26.49:981][905]LogBlueprintUserMessages: [MyGameMode_C_1] 0.0
[2016.05.26-16.26.50:840][  8]LogBlueprintUserMessages: [MyGameMode_C_1] 0.0
[2016.05.26-16.26.51:482][ 85]LogBlueprintUserMessages: [MyGameMode_C_1] 0.0
[2016.05.26-16.26.51:874][132]LogBlueprintUserMessages: [MyGameMode_C_1] 0.0
[2016.05.26-16.26.52:224][174]LogBlueprintUserMessages: [MyGameMode_C_1] 0.0
[2016.05.26-16.26.52:566][215]LogBlueprintUserMessages: [MyGameMode_C_1] 0.0
[2016.05.26-16.26.52:858][250]LogBlueprintUserMessages: [MyGameMode_C_1] 0.0
[2016.05.26-16.26.53:216][293]LogBlueprintUserMessages: [MyGameMode_C_1] 0.0
[2016.05.26-16.26.53:499][327]LogBlueprintUserMessages: [MyGameMode_C_1] 0.0
[2016.05.26-16.26.54:083][397]LogBlueprintUserMessages: [MyGameMode_C_1] 0.0
[2016.05.26-16.26.54:892][494]LogBlueprintUserMessages: [MyGameMode_C_1] 0.0
[2016.05.26-16.26.55:475][564]LogBlueprintUserMessages: [MyGameMode_C_1] 0.0
[2016.05.26-16.26.55:884][613]LogBlueprintUserMessages: [MyGameMode_C_1] 0.0
[2016.05.26-16.26.56:200][651]LogBlueprintUserMessages: [MyGameMode_C_1] 0.0
[2016.05.26-16.26.56:484][685]LogBlueprintUserMessages: [MyGameMode_C_1] 0.0
[2016.05.26-16.26.56:750][717]LogBlueprintUserMessages: [MyGameMode_C_1] 0.0
[2016.05.26-16.26.57:025][750]LogBlueprintUserMessages: [MyGameMode_C_1] 0.0
[2016.05.26-16.26.57:308][784]LogBlueprintUserMessages: [MyGameMode_C_1] 0.0
[2016.05.26-16.26.57:600][819]LogBlueprintUserMessages: [MyGameMode_C_1] 0.0
[2016.05.26-16.26.57:908][856]LogBlueprintUserMessages: [MyGameMode_C_1] 0.0
[2016.05.26-16.26.58:167][887]LogBlueprintUserMessages: [MyGameMode_C_1] 0.0
[2016.05.26-16.26.58:609][940]LogBlueprintUserMessages: [MyGameMode_C_1] 0.0
[2016.05.26-16.26.59:325][ 26]LogBlueprintUserMessages: [MyGameMode_C_1] 0.0
[2016.05.26-16.26.59:642][ 64]LogBlueprintUserMessages: [MyGameMode_C_1] 0.0
[2016.05.26-16.27.00:442][160]LogBlueprintUserMessages: [MyGameMode_C_1] 0.0
[2016.05.26-16.27.00:759][198]LogBlueprintUserMessages: [MyGameMode_C_1] 0.0
[2016.05.26-16.27.01:118][241]LogBlueprintUserMessages: [MyGameMode_C_1] -90.0
[2016.05.26-16.27.01:493][286]LogBlueprintUserMessages: [MyGameMode_C_1] -180.0
[2016.05.26-16.27.01:776][320]LogBlueprintUserMessages: [MyGameMode_C_1] -270.0
[2016.05.26-16.27.02:084][357]LogBlueprintUserMessages: [MyGameMode_C_1] -360.0
[2016.05.26-16.27.02:460][402]LogBlueprintUserMessages: [MyGameMode_C_1] -270.0
[2016.05.26-16.27.02:752][437]LogBlueprintUserMessages: [MyGameMode_C_1] -180.0
[2016.05.26-16.27.03:260][498]LogBlueprintUserMessages: [MyGameMode_C_1] -90.0
[2016.05.26-16.27.03:652][545]LogBlueprintUserMessages: [MyGameMode_C_1] 0.0
[2016.05.26-16.27.03:902][575]LogBlueprintUserMessages: [MyGameMode_C_1] 90.0
[2016.05.26-16.27.04:236][615]LogBlueprintUserMessages: [MyGameMode_C_1] 0.0
[2016.05.26-16.27.04:461][642]LogBlueprintUserMessages: [MyGameMode_C_1] -90.0
[2016.05.26-16.27.04:660][666]LogBlueprintUserMessages: [MyGameMode_C_1] -180.0
[2016.05.26-16.27.04:861][690]LogBlueprintUserMessages: [MyGameMode_C_1] -270.0
[2016.05.26-16.27.05:194][730]LogBlueprintUserMessages: [MyGameMode_C_1] -270.0
[2016.05.26-16.27.05:519][769]LogBlueprintUserMessages: [MyGameMode_C_1] -180.0
[2016.05.26-16.27.05:719][793]LogBlueprintUserMessages: [MyGameMode_C_1] -90.0
[2016.05.26-16.27.05:927][818]LogBlueprintUserMessages: [MyGameMode_C_1] 0.0
[2016.05.26-16.27.06:127][842]LogBlueprintUserMessages: [MyGameMode_C_1] 90.0
[2016.05.26-16.27.06:377][872]LogBlueprintUserMessages: [MyGameMode_C_1] 0.0
[2016.05.26-16.27.06:602][899]LogBlueprintUserMessages: [MyGameMode_C_1] -90.0
[2016.05.26-16.27.07:294][982]LogBlueprintUserMessages: Early EndPlayMap Detection: Level '/Game/cube.cube:PersistentLevel' has LevelScriptBlueprint '/Game/cube.cube:PersistentLevel.cube' with GeneratedClass '/Game/cube.cube_C' with ClassGeneratedBy '/Game/cube.cube:PersistentLevel.cube'
[2016.05.26-16.27.07:323][982]LogBlueprintUserMessages: Late EndPlayMap Detection: Level '/Game/cube.cube:PersistentLevel' has LevelScriptBlueprint '/Game/cube.cube:PersistentLevel.cube' with GeneratedClass '/Game/cube.cube_C' with ClassGeneratedBy '/Game/cube.cube:PersistentLevel.cube'
[2016.05.26-16.27.07:348][983]LogParticles: Destroying 0 GPU particle simulations for FXSystem 0x00000169B7886A20
[2016.05.26-16.27.30:485][600]LogLinker:Warning: Asset '../../../Engine/Content/ArtTools/RenderToTexture/Macros/RenderToTextureMacros.uasset' has been saved with empty engine version. The asset will be loaded but may be incompatible.
[2016.05.26-16.27.30:870][600]LogContentBrowser: Native class hierarchy updated for 'BlueprintGraph' in 0.0006 seconds. Added 107 classes and 0 folders.
[2016.05.26-16.27.32:912][735]LogActor:Warning: GameNetworkManager /Engine/Transient.World_5:PersistentLevel.GameNetworkManager_2 has natively added scene component(s), but none of them were set as the actor's RootComponent - picking one arbitrarily
[2016.05.26-16.28.17:231][681]BlueprintLog: New page: MyGameMode 컴파일
[2016.05.26-16.28.17:370][681]BlueprintEditorCompileResults: 정보 [0209.29] MyGameMode 컴파일에 성공했습니다! [소요시간 139 ms]
[2016.05.26-16.28.18:474][793]LogBlueprintUserMessages: Early PlayInEditor Detection: Level '/Game/cube.cube:PersistentLevel' has LevelScriptBlueprint '/Game/cube.cube:PersistentLevel.cube' with GeneratedClass '/Game/cube.cube_C' with ClassGeneratedBy '/Game/cube.cube:PersistentLevel.cube'
[2016.05.26-16.28.18:475][793]LogPlayLevel: PlayLevel: No blueprints needed recompiling
[2016.05.26-16.28.18:475][793]PIE: New page: PIE 세션: cube (2016. 5. 27. 오전 10:28:18)
[2016.05.26-16.28.18:475][793]LogPlayLevel: Creating play world package: /Game/UEDPIE_0_cube
[2016.05.26-16.28.18:567][793]LogPlayLevel: PIE: StaticDuplicateObject took: (0.092201s)
[2016.05.26-16.28.18:567][793]LogAIModule: Creating AISystem for world cube
[2016.05.26-16.28.18:567][793]LogPlayLevel: PIE: World Init took: (0.000501s)
[2016.05.26-16.28.18:567][793]LogPlayLevel: PIE: Created PIE world by copying editor world from /Game/cube.cube to /Game/UEDPIE_0_cube.cube (0.092851s)
[2016.05.26-16.28.18:602][793]LogInit: XAudio2 using '스피커(Realtek High Definition Audio)' : 2 channels at 48 kHz using 32 bits per sample (channel mask 0x3)
[2016.05.26-16.28.18:621][793]LogInit: FAudioDevice initialized.
[2016.05.26-16.28.18:654][793]LogWorld: Game class is 'MyGameMode_C'
[2016.05.26-16.28.18:658][793]LogWorld: Bringing World /Game/UEDPIE_0_cube.cube up for play (max tick rate 0) at 2016.05.27-01.28.18
[2016.05.26-16.28.18:658][793]LogActor:Warning: GameSession /Game/UEDPIE_0_cube.cube:PersistentLevel.GameSession_2 has natively added scene component(s), but none of them were set as the actor's RootComponent - picking one arbitrarily
[2016.05.26-16.28.18:658][793]LogActor:Warning: GameNetworkManager /Game/UEDPIE_0_cube.cube:PersistentLevel.GameNetworkManager_3 has natively added scene component(s), but none of them were set as the actor's RootComponent - picking one arbitrarily
[2016.05.26-16.28.18:659][793]LogWorld: Bringing up level for play took: 0.004088
[2016.05.26-16.28.18:661][793]PIE: 정보 /Game/UEDPIE_0_cube 에 대한 에디터에서 플레이 시작 시간: -0.473
[2016.05.26-16.28.18:661][793]LogBlueprintUserMessages: Late PlayInEditor Detection: Level '/Game/cube.cube:PersistentLevel' has LevelScriptBlueprint '/Game/cube.cube:PersistentLevel.cube' with GeneratedClass '/Game/cube.cube_C' with ClassGeneratedBy '/Game/cube.cube:PersistentLevel.cube'
[2016.05.26-16.28.46:539][751]LogBlueprintUserMessages: Early EndPlayMap Detection: Level '/Game/cube.cube:PersistentLevel' has LevelScriptBlueprint '/Game/cube.cube:PersistentLevel.cube' with GeneratedClass '/Game/cube.cube_C' with ClassGeneratedBy '/Game/cube.cube:PersistentLevel.cube'
[2016.05.26-16.28.46:576][751]LogBlueprintUserMessages: Late EndPlayMap Detection: Level '/Game/cube.cube:PersistentLevel' has LevelScriptBlueprint '/Game/cube.cube:PersistentLevel.cube' with GeneratedClass '/Game/cube.cube_C' with ClassGeneratedBy '/Game/cube.cube:PersistentLevel.cube'
[2016.05.26-16.28.46:618][752]LogParticles: Destroying 0 GPU particle simulations for FXSystem 0x00000169B7948900
[2016.05.26-16.29.25:354][261]BlueprintLog: New page: MyGameMode 컴파일
[2016.05.26-16.29.25:475][261]BlueprintEditorCompileResults: 정보 [0277.40] MyGameMode 컴파일에 성공했습니다! [소요시간 120 ms]
[2016.05.26-16.29.26:948][420]LogBlueprintUserMessages: Early PlayInEditor Detection: Level '/Game/cube.cube:PersistentLevel' has LevelScriptBlueprint '/Game/cube.cube:PersistentLevel.cube' with GeneratedClass '/Game/cube.cube_C' with ClassGeneratedBy '/Game/cube.cube:PersistentLevel.cube'
[2016.05.26-16.29.26:949][420]LogPlayLevel: PlayLevel: No blueprints needed recompiling
[2016.05.26-16.29.26:949][420]PIE: New page: PIE 세션: cube (2016. 5. 27. 오전 10:29:26)
[2016.05.26-16.29.26:949][420]LogPlayLevel: Creating play world package: /Game/UEDPIE_0_cube
[2016.05.26-16.29.27:042][420]LogPlayLevel: PIE: StaticDuplicateObject took: (0.093296s)
[2016.05.26-16.29.27:042][420]LogAIModule: Creating AISystem for world cube
[2016.05.26-16.29.27:042][420]LogPlayLevel: PIE: World Init took: (0.000518s)
[2016.05.26-16.29.27:043][420]LogPlayLevel: PIE: Created PIE world by copying editor world from /Game/cube.cube to /Game/UEDPIE_0_cube.cube (0.094025s)
[2016.05.26-16.29.27:078][420]LogInit: XAudio2 using '스피커(Realtek High Definition Audio)' : 2 channels at 48 kHz using 32 bits per sample (channel mask 0x3)
[2016.05.26-16.29.27:096][420]LogInit: FAudioDevice initialized.
[2016.05.26-16.29.27:127][420]LogWorld: Game class is 'MyGameMode_C'
[2016.05.26-16.29.27:132][420]LogWorld: Bringing World /Game/UEDPIE_0_cube.cube up for play (max tick rate 0) at 2016.05.27-01.29.27
[2016.05.26-16.29.27:132][420]LogActor:Warning: GameSession /Game/UEDPIE_0_cube.cube:PersistentLevel.GameSession_3 has natively added scene component(s), but none of them were set as the actor's RootComponent - picking one arbitrarily
[2016.05.26-16.29.27:132][420]LogActor:Warning: GameNetworkManager /Game/UEDPIE_0_cube.cube:PersistentLevel.GameNetworkManager_4 has natively added scene component(s), but none of them were set as the actor's RootComponent - picking one arbitrarily
[2016.05.26-16.29.27:132][420]LogWorld: Bringing up level for play took: 0.004187
[2016.05.26-16.29.27:134][420]PIE: 정보 /Game/UEDPIE_0_cube 에 대한 에디터에서 플레이 시작 시간: -0
[2016.05.26-16.29.27:134][420]LogBlueprintUserMessages: Late PlayInEditor Detection: Level '/Game/cube.cube:PersistentLevel' has LevelScriptBlueprint '/Game/cube.cube:PersistentLevel.cube' with GeneratedClass '/Game/cube.cube_C' with ClassGeneratedBy '/Game/cube.cube:PersistentLevel.cube'
[2016.05.26-16.29.38:208][693]LogBlueprintUserMessages: Early EndPlayMap Detection: Level '/Game/cube.cube:PersistentLevel' has LevelScriptBlueprint '/Game/cube.cube:PersistentLevel.cube' with GeneratedClass '/Game/cube.cube_C' with ClassGeneratedBy '/Game/cube.cube:PersistentLevel.cube'
[2016.05.26-16.29.38:242][693]LogBlueprintUserMessages: Late EndPlayMap Detection: Level '/Game/cube.cube:PersistentLevel' has LevelScriptBlueprint '/Game/cube.cube:PersistentLevel.cube' with GeneratedClass '/Game/cube.cube_C' with ClassGeneratedBy '/Game/cube.cube:PersistentLevel.cube'
[2016.05.26-16.29.38:287][694]LogParticles: Destroying 0 GPU particle simulations for FXSystem 0x00000169857658A0
[2016.05.26-16.29.39:262][804]LogBlueprintUserMessages: Early PlayInEditor Detection: Level '/Game/cube.cube:PersistentLevel' has LevelScriptBlueprint '/Game/cube.cube:PersistentLevel.cube' with GeneratedClass '/Game/cube.cube_C' with ClassGeneratedBy '/Game/cube.cube:PersistentLevel.cube'
[2016.05.26-16.29.39:262][804]LogPlayLevel: PlayLevel: No blueprints needed recompiling
[2016.05.26-16.29.39:262][804]PIE: New page: PIE 세션: cube (2016. 5. 27. 오전 10:29:39)
[2016.05.26-16.29.39:263][804]LogPlayLevel: Creating play world package: /Game/UEDPIE_0_cube
[2016.05.26-16.29.39:356][804]LogPlayLevel: PIE: StaticDuplicateObject took: (0.093080s)
[2016.05.26-16.29.39:356][804]LogAIModule: Creating AISystem for world cube
[2016.05.26-16.29.39:356][804]LogPlayLevel: PIE: World Init took: (0.000793s)
[2016.05.26-16.29.39:356][804]LogPlayLevel: PIE: Created PIE world by copying editor world from /Game/cube.cube to /Game/UEDPIE_0_cube.cube (0.094034s)
[2016.05.26-16.29.39:391][804]LogInit: XAudio2 using '스피커(Realtek High Definition Audio)' : 2 channels at 48 kHz using 32 bits per sample (channel mask 0x3)
[2016.05.26-16.29.39:408][804]LogInit: FAudioDevice initialized.
[2016.05.26-16.29.39:438][804]LogWorld: Game class is 'MyGameMode_C'
[2016.05.26-16.29.39:442][804]LogWorld: Bringing World /Game/UEDPIE_0_cube.cube up for play (max tick rate 0) at 2016.05.27-01.29.39
[2016.05.26-16.29.39:442][804]LogActor:Warning: GameSession /Game/UEDPIE_0_cube.cube:PersistentLevel.GameSession_4 has natively added scene component(s), but none of them were set as the actor's RootComponent - picking one arbitrarily
[2016.05.26-16.29.39:442][804]LogActor:Warning: GameNetworkManager /Game/UEDPIE_0_cube.cube:PersistentLevel.GameNetworkManager_5 has natively added scene component(s), but none of them were set as the actor's RootComponent - picking one arbitrarily
[2016.05.26-16.29.39:442][804]LogWorld: Bringing up level for play took: 0.004307
[2016.05.26-16.29.39:444][804]PIE: 정보 /Game/UEDPIE_0_cube 에 대한 에디터에서 플레이 시작 시간: 0.31
[2016.05.26-16.29.39:444][804]LogBlueprintUserMessages: Late PlayInEditor Detection: Level '/Game/cube.cube:PersistentLevel' has LevelScriptBlueprint '/Game/cube.cube:PersistentLevel.cube' with GeneratedClass '/Game/cube.cube_C' with ClassGeneratedBy '/Game/cube.cube:PersistentLevel.cube'
[2016.05.26-16.29.51:331][170]LogBlueprintUserMessages: Early EndPlayMap Detection: Level '/Game/cube.cube:PersistentLevel' has LevelScriptBlueprint '/Game/cube.cube:PersistentLevel.cube' with GeneratedClass '/Game/cube.cube_C' with ClassGeneratedBy '/Game/cube.cube:PersistentLevel.cube'
[2016.05.26-16.29.51:360][170]LogBlueprintUserMessages: Late EndPlayMap Detection: Level '/Game/cube.cube:PersistentLevel' has LevelScriptBlueprint '/Game/cube.cube:PersistentLevel.cube' with GeneratedClass '/Game/cube.cube_C' with ClassGeneratedBy '/Game/cube.cube:PersistentLevel.cube'
[2016.05.26-16.29.51:404][171]LogParticles: Destroying 0 GPU particle simulations for FXSystem 0x0000016985F69620
[2016.05.26-16.32.36:301][243]BlueprintLog: New page: MyGameMode 컴파일
[2016.05.26-16.32.36:424][243]BlueprintEditorCompileResults: 정보 [0468.35] MyGameMode 컴파일에 성공했습니다! [소요시간 122 ms]
[2016.05.26-16.32.37:885][406]LogBlueprintUserMessages: Early PlayInEditor Detection: Level '/Game/cube.cube:PersistentLevel' has LevelScriptBlueprint '/Game/cube.cube:PersistentLevel.cube' with GeneratedClass '/Game/cube.cube_C' with ClassGeneratedBy '/Game/cube.cube:PersistentLevel.cube'
[2016.05.26-16.32.37:885][406]LogPlayLevel: PlayLevel: No blueprints needed recompiling
[2016.05.26-16.32.37:885][406]PIE: New page: PIE 세션: cube (2016. 5. 27. 오전 10:32:37)
[2016.05.26-16.32.37:885][406]LogPlayLevel: Creating play world package: /Game/UEDPIE_0_cube
[2016.05.26-16.32.37:978][406]LogPlayLevel: PIE: StaticDuplicateObject took: (0.093080s)
[2016.05.26-16.32.37:979][406]LogAIModule: Creating AISystem for world cube
[2016.05.26-16.32.37:979][406]LogPlayLevel: PIE: World Init took: (0.000698s)
[2016.05.26-16.32.37:979][406]LogPlayLevel: PIE: Created PIE world by copying editor world from /Game/cube.cube to /Game/UEDPIE_0_cube.cube (0.093929s)
[2016.05.26-16.32.38:015][406]LogInit: XAudio2 using '스피커(Realtek High Definition Audio)' : 2 channels at 48 kHz using 32 bits per sample (channel mask 0x3)
[2016.05.26-16.32.38:034][406]LogInit: FAudioDevice initialized.
[2016.05.26-16.32.38:068][406]LogWorld: Game class is 'MyGameMode_C'
[2016.05.26-16.32.38:073][406]LogWorld: Bringing World /Game/UEDPIE_0_cube.cube up for play (max tick rate 0) at 2016.05.27-01.32.38
[2016.05.26-16.32.38:073][406]LogActor:Warning: GameSession /Game/UEDPIE_0_cube.cube:PersistentLevel.GameSession_5 has natively added scene component(s), but none of them were set as the actor's RootComponent - picking one arbitrarily
[2016.05.26-16.32.38:073][406]LogActor:Warning: GameNetworkManager /Game/UEDPIE_0_cube.cube:PersistentLevel.GameNetworkManager_6 has natively added scene component(s), but none of them were set as the actor's RootComponent - picking one arbitrarily
[2016.05.26-16.32.38:073][406]LogWorld: Bringing up level for play took: 0.003941
[2016.05.26-16.32.38:075][406]PIE: 정보 /Game/UEDPIE_0_cube 에 대한 에디터에서 플레이 시작 시간: 0.94
[2016.05.26-16.32.38:075][406]LogBlueprintUserMessages: Late PlayInEditor Detection: Level '/Game/cube.cube:PersistentLevel' has LevelScriptBlueprint '/Game/cube.cube:PersistentLevel.cube' with GeneratedClass '/Game/cube.cube_C' with ClassGeneratedBy '/Game/cube.cube:PersistentLevel.cube'
[2016.05.26-16.33.07:051][856]LogBlueprintUserMessages: Early EndPlayMap Detection: Level '/Game/cube.cube:PersistentLevel' has LevelScriptBlueprint '/Game/cube.cube:PersistentLevel.cube' with GeneratedClass '/Game/cube.cube_C' with ClassGeneratedBy '/Game/cube.cube:PersistentLevel.cube'
[2016.05.26-16.33.07:081][856]LogBlueprintUserMessages: Late EndPlayMap Detection: Level '/Game/cube.cube:PersistentLevel' has LevelScriptBlueprint '/Game/cube.cube:PersistentLevel.cube' with GeneratedClass '/Game/cube.cube_C' with ClassGeneratedBy '/Game/cube.cube:PersistentLevel.cube'
[2016.05.26-16.33.07:104][856]LogParticles: Destroying 0 GPU particle simulations for FXSystem 0x000001698921CFE0
[2016.05.26-16.33.08:764][ 49]LogBlueprintUserMessages: Early PlayInEditor Detection: Level '/Game/cube.cube:PersistentLevel' has LevelScriptBlueprint '/Game/cube.cube:PersistentLevel.cube' with GeneratedClass '/Game/cube.cube_C' with ClassGeneratedBy '/Game/cube.cube:PersistentLevel.cube'
[2016.05.26-16.33.08:764][ 49]LogPlayLevel: PlayLevel: No blueprints needed recompiling
[2016.05.26-16.33.08:764][ 49]PIE: New page: PIE 세션: cube (2016. 5. 27. 오전 10:33:08)
[2016.05.26-16.33.08:764][ 49]LogPlayLevel: Creating play world package: /Game/UEDPIE_0_cube
[2016.05.26-16.33.08:856][ 49]LogPlayLevel: PIE: StaticDuplicateObject took: (0.091636s)
[2016.05.26-16.33.08:857][ 49]LogAIModule: Creating AISystem for world cube
[2016.05.26-16.33.08:857][ 49]LogPlayLevel: PIE: World Init took: (0.000568s)
[2016.05.26-16.33.08:857][ 49]LogPlayLevel: PIE: Created PIE world by copying editor world from /Game/cube.cube to /Game/UEDPIE_0_cube.cube (0.092360s)
[2016.05.26-16.33.08:892][ 49]LogInit: XAudio2 using '스피커(Realtek High Definition Audio)' : 2 channels at 48 kHz using 32 bits per sample (channel mask 0x3)
[2016.05.26-16.33.08:909][ 49]LogInit: FAudioDevice initialized.
[2016.05.26-16.33.08:939][ 49]LogWorld: Game class is 'MyGameMode_C'
[2016.05.26-16.33.08:943][ 49]LogWorld: Bringing World /Game/UEDPIE_0_cube.cube up for play (max tick rate 0) at 2016.05.27-01.33.08
[2016.05.26-16.33.08:943][ 49]LogActor:Warning: GameSession /Game/UEDPIE_0_cube.cube:PersistentLevel.GameSession_6 has natively added scene component(s), but none of them were set as the actor's RootComponent - picking one arbitrarily
[2016.05.26-16.33.08:943][ 49]LogActor:Warning: GameNetworkManager /Game/UEDPIE_0_cube.cube:PersistentLevel.GameNetworkManager_7 has natively added scene component(s), but none of them were set as the actor's RootComponent - picking one arbitrarily
[2016.05.26-16.33.08:943][ 49]LogWorld: Bringing up level for play took: 0.003816
[2016.05.26-16.33.08:945][ 49]PIE: 정보 /Game/UEDPIE_0_cube 에 대한 에디터에서 플레이 시작 시간: -0.189
[2016.05.26-16.33.08:945][ 49]LogBlueprintUserMessages: Late PlayInEditor Detection: Level '/Game/cube.cube:PersistentLevel' has LevelScriptBlueprint '/Game/cube.cube:PersistentLevel.cube' with GeneratedClass '/Game/cube.cube_C' with ClassGeneratedBy '/Game/cube.cube:PersistentLevel.cube'
[2016.05.26-16.33.11:072][300]LogBlueprintUserMessages: Early EndPlayMap Detection: Level '/Game/cube.cube:PersistentLevel' has LevelScriptBlueprint '/Game/cube.cube:PersistentLevel.cube' with GeneratedClass '/Game/cube.cube_C' with ClassGeneratedBy '/Game/cube.cube:PersistentLevel.cube'
[2016.05.26-16.33.11:103][300]LogBlueprintUserMessages: Late EndPlayMap Detection: Level '/Game/cube.cube:PersistentLevel' has LevelScriptBlueprint '/Game/cube.cube:PersistentLevel.cube' with GeneratedClass '/Game/cube.cube_C' with ClassGeneratedBy '/Game/cube.cube:PersistentLevel.cube'
[2016.05.26-16.33.11:147][301]LogParticles: Destroying 0 GPU particle simulations for FXSystem 0x0000016989177100
[2016.05.26-16.33.35:521][949]BlueprintLog: New page: MyGameMode 컴파일
[2016.05.26-16.33.35:639][949]BlueprintEditorCompileResults: 정보 [0527.56] MyGameMode 컴파일에 성공했습니다! [소요시간 117 ms]
[2016.05.26-16.33.36:666][ 56]LogBlueprintUserMessages: Early PlayInEditor Detection: Level '/Game/cube.cube:PersistentLevel' has LevelScriptBlueprint '/Game/cube.cube:PersistentLevel.cube' with GeneratedClass '/Game/cube.cube_C' with ClassGeneratedBy '/Game/cube.cube:PersistentLevel.cube'
[2016.05.26-16.33.36:666][ 56]LogPlayLevel: PlayLevel: No blueprints needed recompiling
[2016.05.26-16.33.36:667][ 56]PIE: New page: PIE 세션: cube (2016. 5. 27. 오전 10:33:36)
[2016.05.26-16.33.36:667][ 56]LogPlayLevel: Creating play world package: /Game/UEDPIE_0_cube
[2016.05.26-16.33.36:760][ 56]LogPlayLevel: PIE: StaticDuplicateObject took: (0.092561s)
[2016.05.26-16.33.36:760][ 56]LogAIModule: Creating AISystem for world cube
[2016.05.26-16.33.36:760][ 56]LogPlayLevel: PIE: World Init took: (0.000527s)
[2016.05.26-16.33.36:760][ 56]LogPlayLevel: PIE: Created PIE world by copying editor world from /Game/cube.cube to /Game/UEDPIE_0_cube.cube (0.093237s)
[2016.05.26-16.33.36:795][ 56]LogInit: XAudio2 using '스피커(Realtek High Definition Audio)' : 2 channels at 48 kHz using 32 bits per sample (channel mask 0x3)
[2016.05.26-16.33.36:812][ 56]LogInit: FAudioDevice initialized.
[2016.05.26-16.33.36:846][ 56]LogWorld: Game class is 'MyGameMode_C'
[2016.05.26-16.33.36:851][ 56]LogWorld: Bringing World /Game/UEDPIE_0_cube.cube up for play (max tick rate 0) at 2016.05.27-01.33.36
[2016.05.26-16.33.36:851][ 56]LogActor:Warning: GameSession /Game/UEDPIE_0_cube.cube:PersistentLevel.GameSession_7 has natively added scene component(s), but none of them were set as the actor's RootComponent - picking one arbitrarily
[2016.05.26-16.33.36:851][ 56]LogActor:Warning: GameNetworkManager /Game/UEDPIE_0_cube.cube:PersistentLevel.GameNetworkManager_8 has natively added scene component(s), but none of them were set as the actor's RootComponent - picking one arbitrarily
[2016.05.26-16.33.36:851][ 56]LogWorld: Bringing up level for play took: 0.004428
[2016.05.26-16.33.36:853][ 56]PIE: 정보 /Game/UEDPIE_0_cube 에 대한 에디터에서 플레이 시작 시간: -0.281
[2016.05.26-16.33.36:853][ 56]LogBlueprintUserMessages: Late PlayInEditor Detection: Level '/Game/cube.cube:PersistentLevel' has LevelScriptBlueprint '/Game/cube.cube:PersistentLevel.cube' with GeneratedClass '/Game/cube.cube_C' with ClassGeneratedBy '/Game/cube.cube:PersistentLevel.cube'
[2016.05.26-16.34.20:870][251]LogBlueprintUserMessages: Early EndPlayMap Detection: Level '/Game/cube.cube:PersistentLevel' has LevelScriptBlueprint '/Game/cube.cube:PersistentLevel.cube' with GeneratedClass '/Game/cube.cube_C' with ClassGeneratedBy '/Game/cube.cube:PersistentLevel.cube'
[2016.05.26-16.34.20:903][251]LogBlueprintUserMessages: Late EndPlayMap Detection: Level '/Game/cube.cube:PersistentLevel' has LevelScriptBlueprint '/Game/cube.cube:PersistentLevel.cube' with GeneratedClass '/Game/cube.cube_C' with ClassGeneratedBy '/Game/cube.cube:PersistentLevel.cube'
[2016.05.26-16.34.20:926][251]LogParticles: Destroying 0 GPU particle simulations for FXSystem 0x0000016A06498680
[2016.05.26-16.34.36:025][234]Cmd: OBJ SAVEPACKAGE PACKAGE="/Game/BP/MyGameMode" FILE="../../../../../../Programming/unreal/Cube/Cube/Content/BP/MyGameMode.uasset" SILENT=true
[2016.05.26-16.34.36:323][234]LogSavePackage: Save=269.619415ms
[2016.05.26-16.34.36:323][234]LogSavePackage: Moving '../../../../../../Programming/unreal/Cube/Cube/Saved/MyGameMode1390C5E14010CF3BAEAFE2BF6DE87D16.tmp' to '../../../../../../Programming/unreal/Cube/Cube/Content/BP/MyGameMode.uasset'
[2016.05.26-16.34.36:325][234]LogSavePackage: Total save time: 299.630746ms
[2016.05.26-16.34.36:325][234]LogSavePackage:Display: Finished SavePackage ../../../../../../Programming/unreal/Cube/Cube/Content/BP/MyGameMode.uasset
[2016.05.26-16.34.36:583][234]LogWindowsTextInputMethodSystem:Display: IME system now activated using TSF (Microsoft 입력기).
[2016.05.26-16.34.36:768][235]Cmd: QUIT_EDITOR
[2016.05.26-16.34.36:983][235]LogExit: Preparing to exit.
[2016.05.26-16.34.38:176][235]LogExit: Editor shut down
[2016.05.26-16.34.38:176][235]LogExit: Transaction tracking system shut down
[2016.05.26-16.34.38:179][235]LogParticles: Destroying 0 GPU particle simulations for FXSystem 0x00000169C2006F20
[2016.05.26-16.34.38:179][235]LogParticles: Destroying 0 GPU particle simulations for FXSystem 0x00000169D7FEC860
[2016.05.26-16.34.38:179][235]LogParticles: Destroying 0 GPU particle simulations for FXSystem 0x00000169D7E322A0
[2016.05.26-16.34.38:179][235]LogParticles: Destroying 0 GPU particle simulations for FXSystem 0x00000169F1C90220
[2016.05.26-16.34.38:179][235]LogParticles: Destroying 0 GPU particle simulations for FXSystem 0x00000169F1DFFF60
[2016.05.26-16.34.38:180][235]LogParticles: Destroying 0 GPU particle simulations for FXSystem 0x00000169C32E0400
[2016.05.26-16.34.38:181][235]LogParticles: Destroying 0 GPU particle simulations for FXSystem 0x0000016989ACC0E0
[2016.05.26-16.34.38:328][235]LogExit: Object subsystem successfully closed.
[2016.05.26-16.34.38:347][235]LogD3D11RHI: Shutdown
[2016.05.26-16.34.38:347][235]LogD3D11RHI: CleanupD3DDevice
[2016.05.26-16.34.38:403][235]LogD3D11RHI: ~FD3D11DynamicRHI
[2016.05.26-16.34.38:417][235]LogModuleManager: Shutting down and abandoning module CookingStats (200)
[2016.05.26-16.34.38:417][235]LogModuleManager: Shutting down and abandoning module BlueprintGraph (199)
[2016.05.26-16.34.38:417][235]LogModuleManager: Shutting down and abandoning module CrashTracker (198)
[2016.05.26-16.34.38:417][235]LogModuleManager: Shutting down and abandoning module SceneOutliner (197)
[2016.05.26-16.34.38:417][235]LogModuleManager: Shutting down and abandoning module SuperSearch (196)
[2016.05.26-16.34.38:417][235]LogModuleManager: Shutting down and abandoning module WidgetCarousel (195)
[2016.05.26-16.34.38:417][235]LogModuleManager: Shutting down and abandoning module AddContentDialog (194)
[2016.05.26-16.34.38:417][235]LogModuleManager: Shutting down and abandoning module EditorWidgets (193)
[2016.05.26-16.34.38:417][235]LogModuleManager: Shutting down and abandoning module CollectionManager (192)
[2016.05.26-16.34.38:419][235]LogModuleManager: Shutting down and abandoning module StatsViewer (191)
[2016.05.26-16.34.38:419][235]LogModuleManager: Shutting down and abandoning module FoliageEdit (190)
[2016.05.26-16.34.38:419][235]LogModuleManager: Shutting down and abandoning module LandscapeEditor (189)
[2016.05.26-16.34.38:419][235]LogModuleManager: Shutting down and abandoning module ActorPickerMode (188)
[2016.05.26-16.34.38:419][235]LogModuleManager: Shutting down and abandoning module GeometryMode (187)
[2016.05.26-16.34.38:419][235]LogModuleManager: Shutting down and abandoning module TextureAlignMode (186)
[2016.05.26-16.34.38:419][235]LogModuleManager: Shutting down and abandoning module BspMode (185)
[2016.05.26-16.34.38:419][235]LogModuleManager: Shutting down and abandoning module PlacementMode (184)
[2016.05.26-16.34.38:419][235]LogModuleManager: Shutting down and abandoning module AutomationWorker (183)
[2016.05.26-16.34.38:419][235]LogModuleManager: Shutting down and abandoning module CharacterAI (182)
[2016.05.26-16.34.38:419][235]LogModuleManager: Shutting down and abandoning module SmartSnapping (181)
[2016.05.26-16.34.38:419][235]LogModuleManager: Shutting down and abandoning module ViewportSnapping (180)
[2016.05.26-16.34.38:419][235]LogModuleManager: Shutting down and abandoning module LogVisualizer (179)
[2016.05.26-16.34.38:419][235]LogModuleManager: Shutting down and abandoning module GameProjectGeneration (178)
[2016.05.26-16.34.38:419][235]LogModuleManager: Shutting down and abandoning module IntroTutorials (177)
[2016.05.26-16.34.38:419][235]LogModuleManager: Shutting down and abandoning module EditorLiveStreaming (176)
[2016.05.26-16.34.38:419][235]LogModuleManager: Shutting down and abandoning module IOSPlatformEditor (175)
[2016.05.26-16.34.38:419][235]LogModuleManager: Shutting down and abandoning module HTML5PlatformEditor (174)
[2016.05.26-16.34.38:419][235]LogModuleManager: Shutting down and abandoning module AndroidDeviceDetection (173)
[2016.05.26-16.34.39:066][235]LogModuleManager: Shutting down and abandoning module AndroidPlatformEditor (172)
[2016.05.26-16.34.39:066][235]LogModuleManager: Shutting down and abandoning module IOSRuntimeSettings (171)
[2016.05.26-16.34.39:066][235]LogModuleManager: Shutting down and abandoning module AndroidRuntimeSettings (170)
[2016.05.26-16.34.39:066][235]LogModuleManager: Shutting down and abandoning module MergeActors (169)
[2016.05.26-16.34.39:067][235]LogModuleManager: Shutting down and abandoning module SizeMap (168)
[2016.05.26-16.34.39:067][235]LogModuleManager: Shutting down and abandoning module TreeMap (167)
[2016.05.26-16.34.39:067][235]LogModuleManager: Shutting down and abandoning module ReferenceViewer (166)
[2016.05.26-16.34.39:067][235]LogModuleManager: Shutting down and abandoning module LocalizationService (165)
[2016.05.26-16.34.39:067][235]LogModuleManager: Shutting down and abandoning module LocalizationDashboard (164)
[2016.05.26-16.34.39:067][235]LogModuleManager: Shutting down and abandoning module HardwareTargeting (163)
[2016.05.26-16.34.39:067][235]LogModuleManager: Shutting down and abandoning module DeviceProfileEditor (162)
[2016.05.26-16.34.39:067][235]LogModuleManager: Shutting down and abandoning module UndoHistory (161)
[2016.05.26-16.34.39:067][235]LogModuleManager: Shutting down and abandoning module GameplayTagsEditor (160)
[2016.05.26-16.34.39:067][235]LogModuleManager: Shutting down and abandoning module UserFeedback (159)
[2016.05.26-16.34.39:067][235]LogModuleManager: Shutting down and abandoning module XmlParser (158)
[2016.05.26-16.34.39:067][235]LogModuleManager: Shutting down and abandoning module Blutility (157)
[2016.05.26-16.34.39:067][235]LogModuleManager: Shutting down and abandoning module ProjectTargetPlatformEditor (156)
[2016.05.26-16.34.39:067][235]LogModuleManager: Shutting down and abandoning module ProjectSettingsViewer (155)
[2016.05.26-16.34.39:067][235]LogModuleManager: Shutting down and abandoning module InputBindingEditor (154)
[2016.05.26-16.34.39:067][235]LogModuleManager: Shutting down and abandoning module EditorSettingsViewer (153)
[2016.05.26-16.34.39:067][235]LogModuleManager: Shutting down and abandoning module SettingsEditor (152)
[2016.05.26-16.34.39:067][235]LogModuleManager: Shutting down and abandoning module ProjectLauncher (151)
[2016.05.26-16.34.39:067][235]LogModuleManager: Shutting down and abandoning module SessionFrontend (150)
[2016.05.26-16.34.39:067][235]LogModuleManager: Shutting down and abandoning module ProfilerClient (149)
[2016.05.26-16.34.39:067][235]LogModuleManager: Shutting down and abandoning module TargetDeviceServices (148)
[2016.05.26-16.34.39:067][235]LogModuleManager: Shutting down and abandoning module DeviceManager (147)
[2016.05.26-16.34.39:067][235]LogModuleManager: Shutting down and abandoning module AutomationController (146)
[2016.05.26-16.34.39:067][235]LogModuleManager: Shutting down and abandoning module AutomationWindow (145)
[2016.05.26-16.34.39:067][235]LogModuleManager: Shutting down and abandoning module Layers (144)
[2016.05.26-16.34.39:067][235]LogModuleManager: Shutting down and abandoning module ComponentVisualizers (143)
[2016.05.26-16.34.39:067][235]LogModuleManager: Shutting down and abandoning module DetailCustomizations (142)
[2016.05.26-16.34.39:067][235]LogModuleManager: Shutting down and abandoning module PackagesDialog (141)
[2016.05.26-16.34.39:067][235]LogModuleManager: Shutting down and abandoning module Persona (140)
[2016.05.26-16.34.39:067][235]LogModuleManager: Shutting down and abandoning module Kismet (139)
[2016.05.26-16.34.39:067][235]LogModuleManager: Shutting down and abandoning module GraphEditor (138)
[2016.05.26-16.34.39:067][235]LogModuleManager: Shutting down and abandoning module ClassViewer (137)
[2016.05.26-16.34.39:067][235]LogModuleManager: Shutting down and abandoning module Toolbox (136)
[2016.05.26-16.34.39:067][235]LogModuleManager: Shutting down and abandoning module ModuleUI (135)
[2016.05.26-16.34.39:067][235]LogModuleManager: Shutting down and abandoning module MovieSceneTools (134)
[2016.05.26-16.34.39:067][235]LogModuleManager: Shutting down and abandoning module OutputLog (133)
[2016.05.26-16.34.39:067][235]LogModuleManager: Shutting down and abandoning module GammaUI (132)
[2016.05.26-16.34.39:067][235]LogModuleManager: Shutting down and abandoning module Documentation (131)
[2016.05.26-16.34.39:067][235]LogModuleManager: Shutting down and abandoning module GameLiveStreaming (130)
[2016.05.26-16.34.39:067][235]LogModuleManager: Shutting down and abandoning module StreamingPauseRendering (129)
[2016.05.26-16.34.39:067][235]LogModuleManager: Shutting down and abandoning module AnalyticsET (128)
[2016.05.26-16.34.39:067][235]LogModuleManager: Shutting down and abandoning module Analytics (127)
[2016.05.26-16.34.39:067][235]LogModuleManager: Shutting down and abandoning module AITestSuite (126)
[2016.05.26-16.34.39:067][235]LogModuleManager: Shutting down and abandoning module GameplayDebugger (125)
[2016.05.26-16.34.39:067][235]LogModuleManager: Shutting down and abandoning module AIModule (124)
[2016.05.26-16.34.39:067][235]LogModuleManager: Shutting down and abandoning module ProfilerService (123)
[2016.05.26-16.34.39:258][235]LogModuleManager: Shutting down and abandoning module TaskGraph (122)
[2016.05.26-16.34.39:259][235]LogModuleManager: Shutting down and abandoning module SlateRemote (121)
[2016.05.26-16.34.39:259][235]LogModuleManager: Shutting down and abandoning module SteamVRController (120)
[2016.05.26-16.34.39:259][235]LogModuleManager: Shutting down and abandoning module SteamVR (119)
[2016.05.26-16.34.39:259][235]LogModuleManager: Shutting down and abandoning module ProceduralMeshComponent (118)
[2016.05.26-16.34.39:259][235]LogModuleManager: Shutting down and abandoning module OculusLibrary (117)
[2016.05.26-16.34.39:259][235]LogModuleManager: Shutting down and abandoning module OculusInput (116)
[2016.05.26-16.34.39:259][235]LogModuleManager: Shutting down and abandoning module LeapMotionController (115)
[2016.05.26-16.34.39:273][235]LogModuleManager: Shutting down and abandoning module CustomMeshComponent (114)
[2016.05.26-16.34.39:273][235]LogModuleManager: Shutting down and abandoning module CableComponent (113)
[2016.05.26-16.34.39:273][235]LogModuleManager: Shutting down and abandoning module ArchVisCharacter (112)
[2016.05.26-16.34.39:273][235]LogModuleManager: Shutting down and abandoning module MessagingDebugger (111)
[2016.05.26-16.34.39:273][235]LogModuleManager: Shutting down and abandoning module MediaPlayerEditor (110)
[2016.05.26-16.34.39:273][235]LogModuleManager: Shutting down and abandoning module HTML5Networking (109)
[2016.05.26-16.34.39:273][235]LogModuleManager: Shutting down and abandoning module SpeedTreeImporter (108)
[2016.05.26-16.34.39:273][235]LogModuleManager: Shutting down and abandoning module PluginBrowser (107)
[2016.05.26-16.34.39:274][235]LogModuleManager: Shutting down and abandoning module EpicSurvey (106)
[2016.05.26-16.34.39:274][235]LogModuleManager: Shutting down and abandoning module DesktopPlatform (105)
[2016.05.26-16.34.39:274][235]LogModuleManager: Shutting down and abandoning module VisualStudioSourceCodeAccess (104)
[2016.05.26-16.34.39:274][235]LogModuleManager: Shutting down and abandoning module UObjectPlugin (103)
[2016.05.26-16.34.39:274][235]LogModuleManager: Shutting down and abandoning module SubversionSourceControl (102)
[2016.05.26-16.34.39:274][235]LogModuleManager: Shutting down and abandoning module PerforceSourceControl (101)
[2016.05.26-16.34.39:274][235]LogModuleManager: Shutting down and abandoning module SourceControl (100)
[2016.05.26-16.34.39:274][235]LogModuleManager: Shutting down and abandoning module GitSourceControl (99)
[2016.05.26-16.34.39:274][235]LogModuleManager: Shutting down and abandoning module LightPropagationVolumeEditor (98)
[2016.05.26-16.34.39:274][235]LogModuleManager: Shutting down and abandoning module PaperTiledImporter (97)
[2016.05.26-16.34.39:274][235]LogModuleManager: Shutting down and abandoning module PaperSpriteSheetImporter (96)
[2016.05.26-16.34.39:274][235]LogModuleManager: Shutting down and abandoning module MeshPaint (95)
[2016.05.26-16.34.39:274][235]LogModuleManager: Shutting down and abandoning module SlateReflector (94)
[2016.05.26-16.34.39:274][235]LogModuleManager: Shutting down and abandoning module HotReload (93)
[2016.05.26-16.34.39:274][235]LogModuleManager: Shutting down and abandoning module MainFrame (92)
[2016.05.26-16.34.39:274][235]LogModuleManager: Shutting down and abandoning module LevelEditor (91)
[2016.05.26-16.34.39:275][235]LogModuleManager: Shutting down and abandoning module DirectoryWatcher (90)
[2016.05.26-16.34.39:275][235]LogModuleManager: Shutting down and abandoning module AssetRegistry (89)
[2016.05.26-16.34.39:369][235]LogModuleManager: Shutting down and abandoning module ContentBrowser (88)
[2016.05.26-16.34.39:369][235]LogModuleManager: Shutting down and abandoning module Paper2DEditor (87)
[2016.05.26-16.34.39:369][235]LogModuleManager: Shutting down and abandoning module UdpMessaging (86)
[2016.05.26-16.34.39:470][235]LogModuleManager: Shutting down and abandoning module LightPropagationVolumeRuntime (85)
[2016.05.26-16.34.39:470][235]LogModuleManager: Shutting down and abandoning module Paper2D (84)
[2016.05.26-16.34.39:470][235]LogModuleManager: Shutting down and abandoning module WindowsMoviePlayer (83)
[2016.05.26-16.34.39:473][235]LogModuleManager: Shutting down and abandoning module Media (82)
[2016.05.26-16.34.39:473][235]LogModuleManager: Shutting down and abandoning module WmfMedia (81)
[2016.05.26-16.34.39:473][235]LogModuleManager: Shutting down and abandoning module OnlineBlueprintSupport (80)
[2016.05.26-16.34.39:473][235]LogModuleManager: Shutting down and abandoning module GameplayTasksEditor (79)
[2016.05.26-16.34.39:473][235]LogModuleManager: Shutting down and abandoning module PropertyEditor (78)
[2016.05.26-16.34.39:473][235]LogModuleManager: Shutting down and abandoning module BehaviorTreeEditor (77)
[2016.05.26-16.34.39:473][235]LogModuleManager: Shutting down and abandoning module FunctionalTesting (76)
[2016.05.26-16.34.39:473][235]LogModuleManager: Shutting down and abandoning module CollisionAnalyzer (75)
[2016.05.26-16.34.39:473][235]LogModuleManager: Shutting down and abandoning module WorkspaceMenuStructure (74)
[2016.05.26-16.34.39:473][235]LogModuleManager: Shutting down and abandoning module MessageLog (73)
[2016.05.26-16.34.39:473][235]LogModuleManager: Shutting down and abandoning module Sequencer (72)
[2016.05.26-16.34.39:473][235]LogModuleManager: Shutting down and abandoning module AssetTools (71)
[2016.05.26-16.34.39:473][235]LogModuleManager: Shutting down and abandoning module UMGEditor (70)
[2016.05.26-16.34.39:473][235]LogModuleManager: Shutting down and abandoning module UMG (69)
[2016.05.26-16.34.39:473][235]LogModuleManager: Shutting down and abandoning module Slate (68)
[2016.05.26-16.34.39:473][235]LogModuleManager: Shutting down and abandoning module EditorStyle (67)
[2016.05.26-16.34.39:475][235]LogModuleManager: Shutting down and abandoning module SessionServices (66)
[2016.05.26-16.34.39:475][235]LogModuleManager: Shutting down and abandoning module SourceCodeAccess (65)
[2016.05.26-16.34.39:475][235]LogModuleManager: Shutting down and abandoning module HeadMountedDisplay (64)
[2016.05.26-16.34.39:475][235]LogModuleManager: Shutting down and abandoning module XAudio2 (63)
[2016.05.26-16.34.39:475][235]LogModuleManager: Shutting down and abandoning module Networking (61)
[2016.05.26-16.34.39:475][235]LogModuleManager: Shutting down and abandoning module Core (60)
[2016.05.26-16.34.39:475][235]LogModuleManager: Shutting down and abandoning module KismetCompiler (59)
[2016.05.26-16.34.39:475][235]LogModuleManager: Shutting down and abandoning module PhysXFormats (58)
[2016.05.26-16.34.39:475][235]LogModuleManager: Shutting down and abandoning module MeshUtilities (57)
[2016.05.26-16.34.39:475][235]LogModuleManager: Shutting down and abandoning module DerivedDataCache (56)
[2016.05.26-16.34.39:533][235]LogDerivedDataCache: Shutdown
[2016.05.26-16.34.39:533][235]LogModuleManager: Shutting down and abandoning module ShaderFormatOpenGL (55)
[2016.05.26-16.34.39:533][235]LogModuleManager: Shutting down and abandoning module ShaderFormatD3D (54)
[2016.05.26-16.34.39:533][235]LogModuleManager: Shutting down and abandoning module MetalShaderFormat (53)
[2016.05.26-16.34.39:533][235]LogModuleManager: Shutting down and abandoning module TextureFormatUncompressed (52)
[2016.05.26-16.34.39:533][235]LogModuleManager: Shutting down and abandoning module TextureFormatPVR (51)
[2016.05.26-16.34.39:533][235]LogModuleManager: Shutting down and abandoning module TextureFormatIntelISPCTexComp (50)
[2016.05.26-16.34.39:533][235]LogModuleManager: Shutting down and abandoning module TextureFormatDXT (49)
[2016.05.26-16.34.39:533][235]LogModuleManager: Shutting down and abandoning module ImageWrapper (48)
[2016.05.26-16.34.39:533][235]LogModuleManager: Shutting down and abandoning module TextureFormatASTC (47)
[2016.05.26-16.34.39:533][235]LogModuleManager: Shutting down and abandoning module TextureFormatAndroid (46)
[2016.05.26-16.34.39:533][235]LogModuleManager: Shutting down and abandoning module AudioFormatOpus (45)
[2016.05.26-16.34.39:533][235]LogModuleManager: Shutting down and abandoning module AudioFormatOgg (44)
[2016.05.26-16.34.39:533][235]LogModuleManager: Shutting down and abandoning module AudioFormatADPCM (43)
[2016.05.26-16.34.39:533][235]LogModuleManager: Shutting down and abandoning module LinuxTargetPlatform (42)
[2016.05.26-16.34.39:533][235]LogModuleManager: Shutting down and abandoning module LinuxServerTargetPlatform (41)
[2016.05.26-16.34.39:533][235]LogModuleManager: Shutting down and abandoning module LinuxNoEditorTargetPlatform (40)
[2016.05.26-16.34.39:533][235]LogModuleManager: Shutting down and abandoning module Messaging (39)
[2016.05.26-16.34.39:533][235]LogModuleManager: Shutting down and abandoning module IOSTargetPlatform (38)
[2016.05.26-16.34.39:533][235]LogModuleManager: Shutting down and abandoning module HTML5TargetPlatform (37)
[2016.05.26-16.34.39:533][235]LogModuleManager: Shutting down and abandoning module Android_PVRTCTargetPlatform (36)
[2016.05.26-16.34.39:533][235]LogModuleManager: Shutting down and abandoning module Android_MultiTargetPlatform (35)
[2016.05.26-16.34.39:533][235]LogModuleManager: Shutting down and abandoning module Android_ETC2TargetPlatform (34)
[2016.05.26-16.34.39:533][235]LogModuleManager: Shutting down and abandoning module Android_ETC1TargetPlatform (33)
[2016.05.26-16.34.39:533][235]LogModuleManager: Shutting down and abandoning module Android_DXTTargetPlatform (32)
[2016.05.26-16.34.39:533][235]LogModuleManager: Shutting down and abandoning module Android_ATCTargetPlatform (31)
[2016.05.26-16.34.39:533][235]LogModuleManager: Shutting down and abandoning module Android_ASTCTargetPlatform (30)
[2016.05.26-16.34.39:533][235]LogModuleManager: Shutting down and abandoning module AndroidTargetPlatform (29)
[2016.05.26-16.34.39:533][235]LogModuleManager: Shutting down and abandoning module WindowsTargetPlatform (28)
[2016.05.26-16.34.39:533][235]LogModuleManager: Shutting down and abandoning module WindowsServerTargetPlatform (27)
[2016.05.26-16.34.39:533][235]LogModuleManager: Shutting down and abandoning module WindowsNoEditorTargetPlatform (26)
[2016.05.26-16.34.39:533][235]LogModuleManager: Shutting down and abandoning module WindowsClientTargetPlatform (25)
[2016.05.26-16.34.39:533][235]LogModuleManager: Shutting down and abandoning module AllDesktopTargetPlatform (24)
[2016.05.26-16.34.39:533][235]LogModuleManager: Shutting down and abandoning module TargetPlatform (23)
[2016.05.26-16.34.39:533][235]LogModuleManager: Shutting down and abandoning module InputCore (22)
[2016.05.26-16.34.39:533][235]LogModuleManager: Shutting down and abandoning module Settings (21)
[2016.05.26-16.34.39:533][235]LogModuleManager: Shutting down and abandoning module OnlineSubsystem (19)
[2016.05.26-16.34.39:533][235]LogModuleManager: Shutting down and abandoning module HTTP (18)
[2016.05.26-16.34.40:534][235]LogModuleManager: Shutting down and abandoning module XMPP (17)
[2016.05.26-16.34.40:535][235]LogModuleManager: Shutting down and abandoning module OculusRift (16)
[2016.05.26-16.34.40:535][235]LogModuleManager: Shutting down and abandoning module ExampleDeviceProfileSelector (15)
[2016.05.26-16.34.40:535][235]LogModuleManager: Shutting down and abandoning module TextureCompressor (14)
[2016.05.26-16.34.40:535][235]LogModuleManager: Shutting down and abandoning module ShaderCore (13)
[2016.05.26-16.34.40:535][235]LogModuleManager: Shutting down and abandoning module Landscape (12)
[2016.05.26-16.34.40:535][235]LogModuleManager: Shutting down and abandoning module SlateRHIRenderer (11)
[2016.05.26-16.34.40:536][235]LogModuleManager: Shutting down and abandoning module OpenGLDrv (10)
[2016.05.26-16.34.40:536][235]LogModuleManager: Shutting down and abandoning module D3D11RHI (9)
[2016.05.26-16.34.40:536][235]LogModuleManager: Shutting down and abandoning module AnimGraphRuntime (8)
[2016.05.26-16.34.40:536][235]LogModuleManager: Shutting down and abandoning module Renderer (7)
[2016.05.26-16.34.40:536][235]LogModuleManager: Shutting down and abandoning module Engine (6)
[2016.05.26-16.34.40:536][235]LogModuleManager: Shutting down and abandoning module CoreUObject (5)
[2016.05.26-16.34.40:536][235]LogModuleManager: Shutting down and abandoning module NetworkFile (4)
[2016.05.26-16.34.40:536][235]LogModuleManager: Shutting down and abandoning module StreamingFile (3)
[2016.05.26-16.34.40:536][235]LogModuleManager: Shutting down and abandoning module SandboxFile (2)
[2016.05.26-16.34.40:536][235]LogModuleManager: Shutting down and abandoning module PakFile (1)
[2016.05.26-16.34.40:537][235]LogExit: Exiting.
[2016.05.26-16.34.40:538][235]Log file closed, 05/27/16 01:34:40
