[2016.05.10-11.45.14:927][  0]Log file open, 05/10/16 20:45:14
[2016.05.10-11.45.14:927][  0]LogInit:Display: Running engine for game: Cube
[2016.05.10-11.45.14:927][  0]LogPlatformFile: Not using cached read wrapper
[2016.05.10-11.45.14:927][  0]LogInit:Display: RandInit(-1324106856) SRandInit(-1324106854).
[2016.05.10-11.45.14:927][  0]LogTaskGraph: Started task graph with 4 named threads and 7 total threads.
[2016.05.10-11.45.14:927][  0]LogStats: Stats thread started at 0.076176
[2016.05.10-11.45.14:927][  0]LogInit: Version: 4.10.4-2872498+++depot+UE4-Releases+4.10
[2016.05.10-11.45.14:927][  0]LogInit: API Version: 2758231
[2016.05.10-11.45.14:927][  0]LogInit: Compiled (64-bit): Feb 18 2016 15:47:04
[2016.05.10-11.45.14:927][  0]LogInit: Compiled with Visual C++: 19.00.23026.00
[2016.05.10-11.45.14:927][  0]LogInit: Build Configuration: Development
[2016.05.10-11.45.14:927][  0]LogInit: Branch Name: ++depot+UE4-Releases+4.10
[2016.05.10-11.45.14:927][  0]LogInit: Command line:  
[2016.05.10-11.45.14:927][  0]LogInit: Base directory: D:/unreal/Epic Games/4.10/Engine/Binaries/Win64/
[2016.05.10-11.45.14:927][  0]LogInit: Rocket: 1
[2016.05.10-11.45.14:934][  0]LogInit: Using libcurl 7.41.0
[2016.05.10-11.45.14:934][  0]LogInit:  - built for x86_64-pc-win32
[2016.05.10-11.45.14:934][  0]LogInit:  - supports SSL with WinSSL
[2016.05.10-11.45.14:934][  0]LogInit:  - other features:
[2016.05.10-11.45.14:934][  0]LogInit:      CURL_VERSION_SSL
[2016.05.10-11.45.14:934][  0]LogInit:      CURL_VERSION_IPV6
[2016.05.10-11.45.14:934][  0]LogInit:      CURL_VERSION_ASYNCHDNS
[2016.05.10-11.45.14:934][  0]LogInit:      CURL_VERSION_LARGEFILE
[2016.05.10-11.45.14:934][  0]LogInit:      CURL_VERSION_IDN
[2016.05.10-11.45.14:934][  0]LogInit:  CurlRequestOptions (configurable via config and command line):
[2016.05.10-11.45.14:934][  0]LogInit:  - bVerifyPeer = true  - Libcurl will verify peer certificate
[2016.05.10-11.45.14:934][  0]LogInit:  - bUseHttpProxy = false  - Libcurl will NOT use HTTP proxy
[2016.05.10-11.45.14:934][  0]LogInit:  - bDontReuseConnections = false  - Libcurl will reuse connections
[2016.05.10-11.45.14:934][  0]LogInit:  - CertBundlePath = nullptr  - Libcurl will use whatever was configured at build time.
[2016.05.10-11.45.14:940][  0]LogInit: Presizing for 0 objects not considered by GC, pre-allocating 0 bytes.
[2016.05.10-11.45.14:944][  0]LogInit: Object subsystem initialized
[2016.05.10-11.45.14:945][  0]LogInit: Selected Device Profile: [Windows]
[2016.05.10-11.45.14:945][  0]LogInit: Applying CVar settings loaded from the selected device profile: [Windows]
[2016.05.10-11.45.14:951][  0]LogInit: Computer: OWNER-PC
[2016.05.10-11.45.14:951][  0]LogInit: User: Owner
[2016.05.10-11.45.14:951][  0]LogInit: CPU Page size=4096, Cores=4
[2016.05.10-11.45.14:951][  0]LogInit: High frequency timer resolution =3.417980 MHz
[2016.05.10-11.45.14:951][  0]LogMemory: Memory total: Physical=15.9GB (16GB approx)
[2016.05.10-11.45.14:951][  0]LogMemory: Platform Memory Stats for Windows
[2016.05.10-11.45.14:951][  0]LogMemory: Process Physical Memory: 56.99 MB used, 56.99 MB peak
[2016.05.10-11.45.14:951][  0]LogMemory: Process Virtual Memory: 56.78 MB used, 56.78 MB peak
[2016.05.10-11.45.14:951][  0]LogMemory: Physical Memory: 3452.96 MB used, 16312.00 MB total
[2016.05.10-11.45.14:951][  0]LogMemory: Virtual Memory: 382.16 MB used, 134217728.00 MB total
[2016.05.10-11.45.14:986][  0]LogTextLocalizationManager: No specific translations for ('ko-KR') exist, so ('ko') translations will be used.
[2016.05.10-11.45.15:015][  0]LogTextLocalizationManager:Warning: Loaded localization resources contain conflicting entries for (Namespace:UObjectToolTips, Key:AnimNode_AssetPlayerBase:InternalTimeAccumulator):
Localization Resource: (D:/unreal/Epic Games/4.10/Engine/Content/Localization/EditorTutorials/ko/EditorTutorials.locres) Source String Hash: (502993589) Localized String: (이 노드에서 애셋을 레퍼런싱하는 데 사용되는 누적 시간입니다.)
Localization Resource: (D:/unreal/Epic Games/4.10/Engine/Content/Localization/Engine/ko/Engine.locres) Source String Hash: (502993589) Localized String: (이 노드에서 애셋을 레퍼런싱하는 데 사용된 누적 시간입니다.)
[2016.05.10-11.45.15:015][  0]LogTextLocalizationManager:Warning: Loaded localization resources contain conflicting entries for (Namespace:UObjectToolTips, Key:AnimNode_AssetPlayerBase:bIgnoreForRelevancyTest):
Localization Resource: (D:/unreal/Epic Games/4.10/Engine/Content/Localization/EditorTutorials/ko/EditorTutorials.locres) Source String Hash: (319969718) Localized String: (True 면, 스테이트에서 최고 가중치 애니메이션을 찾는 "Relevant anim" 노드는 이 노드를 무시합니다.
 )
Localization Resource: (D:/unreal/Epic Games/4.10/Engine/Content/Localization/Engine/ko/Engine.locres) Source String Hash: (319969718) Localized String: (True 면 스테이트 내 최고 웨이팅된 애니메이션을 찾는 "Relevant anim" 노드가 무시됩니다.
 )
[2016.05.10-11.45.15:015][  0]LogTextLocalizationManager:Warning: Loaded localization resources contain conflicting entries for (Namespace:UObjectToolTips, Key:AnimNode_AssetPlayerBase:BlendWeight):
Localization Resource: (D:/unreal/Epic Games/4.10/Engine/Content/Localization/EditorTutorials/ko/EditorTutorials.locres) Source String Hash: (-1232800293) Localized String: (이 노드에 마지막 걸린 블렌드웨이트 입니다.)
Localization Resource: (D:/unreal/Epic Games/4.10/Engine/Content/Localization/Engine/ko/Engine.locres) Source String Hash: (-1232800293) Localized String: (이 노드에 대해 마지막 접한 블렌드 웨이트)
[2016.05.10-11.45.15:144][  0]LogD3D11RHI: Found D3D11 adapter 0: NVIDIA GeForce GTX 960 (Feature Level 11_0)
[2016.05.10-11.45.15:144][  0]LogD3D11RHI: Adapter has 1969MB of dedicated video memory, 0MB of dedicated system memory, and 8155MB of shared system memory, 2 output[s]
[2016.05.10-11.45.15:145][  0]LogD3D11RHI: Found D3D11 adapter 1: Microsoft Basic Render Driver (Feature Level 11_0)
[2016.05.10-11.45.15:145][  0]LogD3D11RHI: Adapter has 0MB of dedicated video memory, 0MB of dedicated system memory, and 8155MB of shared system memory, 0 output[s]
[2016.05.10-11.45.15:145][  0]LogD3D11RHI: Chosen D3D11 Adapter Id = 0
[2016.05.10-11.45.15:149][  0]LogD3D11RHI: !Direct3DDevice
[2016.05.10-11.45.15:149][  0]LogRHI: Texture pool is 1361 MB (70% of 1945 MB)
[2016.05.10-11.45.15:161][  0]LogD3D11RHI: Async texture creation enabled
[2016.05.10-11.45.15:176][  0]LogShaderCompilers: Guid format shader working directory is 0 characters bigger than the processId version (../../../../../../Programming/unreal/Cube/Cube/Intermediate/Shaders/WorkingDirectory/4788/).
[2016.05.10-11.45.15:176][  0]LogShaderCompilers: Cleaned the shader compiler working directory 'C:/Users/Owner/AppData/Local/Temp/UnrealShaderWorkingDir/B8FD1B874F7BD62ECD02049E2FBE5463/'.
[2016.05.10-11.45.15:176][  0]LogShaderCompilers:Display: Using Local Shader Compiler.
[2016.05.10-11.45.15:878][  0]LogTemp:Display: Loaded TP AllDesktopTargetPlatform
[2016.05.10-11.45.15:882][  0]LogTemp:Display: Loaded TP WindowsClientTargetPlatform
[2016.05.10-11.45.15:887][  0]LogTemp:Display: Loaded TP WindowsNoEditorTargetPlatform
[2016.05.10-11.45.15:891][  0]LogTemp:Display: Loaded TP WindowsServerTargetPlatform
[2016.05.10-11.45.15:895][  0]LogTemp:Display: Loaded TP WindowsTargetPlatform
[2016.05.10-11.45.15:898][  0]LogTemp:Display: Loaded TP AndroidTargetPlatform
[2016.05.10-11.45.15:901][  0]LogTemp:Display: Loaded TP Android_ASTCTargetPlatform
[2016.05.10-11.45.15:904][  0]LogTemp:Display: Loaded TP Android_ATCTargetPlatform
[2016.05.10-11.45.15:907][  0]LogTemp:Display: Loaded TP Android_DXTTargetPlatform
[2016.05.10-11.45.15:910][  0]LogTemp:Display: Loaded TP Android_ETC1TargetPlatform
[2016.05.10-11.45.15:913][  0]LogTemp:Display: Loaded TP Android_ETC2TargetPlatform
[2016.05.10-11.45.15:919][  0]LogTemp:Display: Loaded TP Android_MultiTargetPlatform
[2016.05.10-11.45.15:919][  0]LogTemp:Display: Loaded TP Android_PVRTCTargetPlatform
[2016.05.10-11.45.15:920][  0]LogTemp:Display: Loaded TP HTML5TargetPlatform
[2016.05.10-11.45.15:936][  0]LogTemp:Display: Loaded TP IOSTargetPlatform
[2016.05.10-11.45.15:938][  0]LogTemp:Display: Loaded TP LinuxNoEditorTargetPlatform
[2016.05.10-11.45.15:941][  0]LogTemp:Display: Loaded TP LinuxServerTargetPlatform
[2016.05.10-11.45.15:943][  0]LogTemp:Display: Loaded TP LinuxTargetPlatform
[2016.05.10-11.45.15:943][  0]LogTargetPlatformManager:Display: Building Assets For Windows
[2016.05.10-11.45.16:018][  0]LogDerivedDataCache:Display: Max Cache Size: 512 MB
[2016.05.10-11.45.16:055][  0]LogDerivedDataCache: Loaded boot cache 0.04s 41MB C:/Users/Owner/AppData/Local/UnrealEngine/4.10/DerivedDataCache/Boot.ddc.
[2016.05.10-11.45.16:055][  0]LogDerivedDataCache:Display: Loaded Boot cache: C:/Users/Owner/AppData/Local/UnrealEngine/4.10/DerivedDataCache/Boot.ddc
[2016.05.10-11.45.16:055][  0]LogDerivedDataCache: FDerivedDataBackendGraph:  Pak pak cache file ../../../../../../Programming/unreal/Cube/Cube/DerivedDataCache/DDC.ddp not found, will not use a pak cache.
[2016.05.10-11.45.16:055][  0]LogDerivedDataCache: Unable to find inner node Pak for hierarchical cache Hierarchy.
[2016.05.10-11.45.16:055][  0]LogDerivedDataCache: FDerivedDataBackendGraph:  CompressedPak pak cache file ../../../../../../Programming/unreal/Cube/Cube/DerivedDataCache/Compressed.ddp not found, will not use a pak cache.
[2016.05.10-11.45.16:055][  0]LogDerivedDataCache: Unable to find inner node CompressedPak for hierarchical cache Hierarchy.
[2016.05.10-11.45.16:104][  0]LogDerivedDataCache:Display: Pak cache opened for reading ../../../Engine/DerivedDataCache/Compressed.ddp.
[2016.05.10-11.45.16:116][  0]LogDerivedDataCache: Using Local data cache path C:/Users/Owner/AppData/Local/UnrealEngine/Common/DerivedDataCache: Writable
[2016.05.10-11.45.16:270][  0]LogInit: Selected Device Profile: [Windows]
[2016.05.10-11.45.16:271][  0]LogContentStreaming: Texture pool size is 0.000000MB
[2016.05.10-11.45.16:358][  0]LogMeshUtilities: No automatic mesh reduction module available
[2016.05.10-11.45.16:358][  0]LogMeshUtilities: No automatic mesh merging module available
[2016.05.10-11.45.16:531][  0]LogInit: WinSock: version 1.1 (2.2), MaxSocks=32767, MaxUdp=65467
[2016.05.10-11.45.17:219][  0]UdpMessaging: Initializing bridge on interface 0.0.0.0:0 to multicast group 230.0.0.1:6666.
[2016.05.10-11.45.17:325][  0]LogAssetRegistry: FAssetRegistry took 0.0106 seconds to start up
[2016.05.10-11.45.17:462][  0]SourceControl: 정보 소스 콘트롤이 꺼졌습니다.
[2016.05.10-11.45.17:522][  0]SourceControl: 정보 소스 콘트롤이 꺼졌습니다.
[2016.05.10-11.45.17:532][  0]SourceControl: 정보 소스 콘트롤이 꺼졌습니다.
[2016.05.10-11.45.17:543][  0]SourceControl: 정보 소스 콘트롤이 꺼졌습니다.
[2016.05.10-11.45.17:766][  0]LogObj: 28633 objects as part of root set at end of initial load.
[2016.05.10-11.45.17:766][  0]LogUObjectAllocator: 6099744 out of 0 bytes used by permanent object pool.
[2016.05.10-11.45.17:812][  0]LogEngine: Initializing Engine...
[2016.05.10-11.45.17:814][  0]LogHMD: Can't find Oculus library dev build: is proper Runtime installed? Version: 0.8.0.0
[2016.05.10-11.45.17:815][  0]LogHMD: SteamVR failed to initialize.  Err: 110
[2016.05.10-11.45.17:901][  0]LogAIModule: Creating AISystem for world NewWorld
[2016.05.10-11.45.17:917][  0]LogInit: XAudio2 using '스피커(Realtek High Definition Audio)' : 2 channels at 48 kHz using 32 bits per sample (channel mask 0x3)
[2016.05.10-11.45.17:956][  0]LogInit: FAudioDevice initialized.
[2016.05.10-11.45.17:976][  0]LogDerivedDataCache: Saved boot cache 0.02s 41MB C:/Users/Owner/AppData/Local/UnrealEngine/4.10/DerivedDataCache/Boot.ddc.
[2016.05.10-11.45.17:979][  0]LogInit: Texture streaming: Enabled
[2016.05.10-11.45.17:984][  0]LogAnalytics: Creating configured Analytics provider AnalyticsET
[2016.05.10-11.45.17:984][  0]LogAnalytics: [UEEditor.Rocket.Release] APIServer = http://et2.epicgames.com/ET2/. AppVersion = 4.10.4-2872498+++depot+UE4-Releases+4.10
[2016.05.10-11.45.17:984][  0]LogAnalytics: [UEEditor.Rocket.Release] SetUserId 21d340464f5a0e663c335289d3284d81|f297ec04e09247fdb6017b25a3c484a7|c92d2da9-0d10-4f3f-b7e0-0cf9e2054bd7
[2016.05.10-11.45.17:984][  0]LogAnalytics: [UEEditor.Rocket.Release] AnalyticsET::StartSession
[2016.05.10-11.45.17:995][  0]LogWindowsTextInputMethodSystem:Display: IME system now activated using TSF (Microsoft 입력기).
[2016.05.10-11.45.18:030][  0]LogInit: Transaction tracking system initialized
[2016.05.10-11.45.18:055][  0]BlueprintLog: New page: 에디터 로드
[2016.05.10-11.45.18:125][  0]LocalizationService: 정보 현지화 서비스가 비활성화되었습니다.
[2016.05.10-11.45.18:198][  0]LogConsoleResponse:Display: 
[2016.05.10-11.45.18:284][  0]LogCook:Display: Done creating registry. It took  0.00s.
[2016.05.10-11.45.18:336][  0]LogFileCache: Scanning file cache for directory 'D:/Programming/unreal/Cube/Cube/Content/' took 0.01s
[2016.05.10-11.45.18:336][  0]SourceControl: 정보 소스 콘트롤이 꺼졌습니다.
[2016.05.10-11.45.18:337][  0]Cmd: MAP LOAD FILE="../../../Engine/Content/Maps/Templates/Template_Default.umap" TEMPLATE=1 SHOWPROGRESS=1 FEATURELEVEL=3
[2016.05.10-11.45.18:337][  0]LightingResults: New page: 라이팅 빌드
[2016.05.10-11.45.18:339][  0]MapCheck: New page: 맵 체크
[2016.05.10-11.45.18:339][  0]LightingResults: New page: 라이팅 빌드
[2016.05.10-11.45.18:348][  0]LogParticles: Destroying 0 GPU particle simulations for FXSystem 0x00000147497A6AC0
[2016.05.10-11.45.18:850][  0]LogAIModule: Creating AISystem for world Untitled_1
[2016.05.10-11.45.18:855][  0]LogEditorServer: Finished looking for orphan Actors (0.000 secs)
[2016.05.10-11.45.18:858][  0]Cmd: MAP CHECKDEP NOCLEARLOG
[2016.05.10-11.45.18:908][  0]MapCheck: 정보 맵 체크 완료: 오류 0 회, 경고 0 회, 소요 시간 49.411ms.
[2016.05.10-11.45.18:908][  0]LogFileHelpers: Loading map 'Template_Default' took 0.572
[2016.05.10-11.45.19:018][  0]LogCollectionManager: Loaded 0 collections in 0.002026 seconds
[2016.05.10-11.45.19:059][  0]LogFileCache: Scanning file cache for directory 'D:/Programming/unreal/Cube/Cube/Saved/Collections/' took 0.01s
[2016.05.10-11.45.19:059][  0]LogFileCache: Scanning file cache for directory 'D:/Programming/unreal/Cube/Cube/Content/Developers/Owner/Collections/' took 0.01s
[2016.05.10-11.45.19:059][  0]LogFileCache: Scanning file cache for directory 'D:/Programming/unreal/Cube/Cube/Content/Collections/' took 0.01s
[2016.05.10-11.45.19:059][  0]LogCollectionManager: Rebuilt the GUID cache for 0 collections in 0.000001 seconds
[2016.05.10-11.45.19:065][  0]LogContentBrowser: Native class hierarchy populated in 0.0056 seconds. Added 1893 classes and 338 folders.
[2016.05.10-11.45.19:071][  0]LogContentBrowser: Native class hierarchy updated for 'WidgetCarousel' in 0.0003 seconds. Added 0 classes and 0 folders.
[2016.05.10-11.45.19:117][  0]LogContentBrowser: Native class hierarchy updated for 'AddContentDialog' in 0.0003 seconds. Added 0 classes and 0 folders.
[2016.05.10-11.45.19:120][  0]LogContentBrowser: Native class hierarchy updated for 'SceneOutliner' in 0.0003 seconds. Added 1 classes and 2 folders.
[2016.05.10-11.45.19:161][  0]LogCrashTracker: Crashtracker disabled due to settings.
[2016.05.10-11.45.19:165][  0]LogUObjectGlobals:Warning: 'Class 없음.' 오브젝트를 찾는 데 실패했습니다.
[2016.05.10-11.45.19:187][  0]LogLoad: Full Startup: 4.58 seconds (BP compile: 0.03 seconds)
[2016.05.10-11.45.19:199][  0]LogOcInput: Can't find Oculus library dev build: is proper Runtime installed? Version: 0.8.0.0
[2016.05.10-11.45.19:453][  0]LogContentStreaming: Texture pool size now 1000 MB
[2016.05.10-11.45.19:572][  0]LogRenderer: Reallocating scene render targets to support 1264x568 (Frame:2).
[2016.05.10-11.45.19:780][  2]LogAssetRegistry: Asset discovery search completed in 2.4650 seconds
[2016.05.10-11.45.19:780][  2]LogCollectionManager: Rebuilt the object cache for 0 collections in 0.000001 seconds (found 0 objects)
[2016.05.10-11.45.19:780][  2]LogCollectionManager: Fixed up redirectors for 0 collections in 0.000057 seconds (updated 0 objects)
[2016.05.10-11.48.33:050][144]LogBlueprint:Warning: [compiler MyCube] 경고 입력 축 이벤트가  X축 이동 입력 축  에 대한 미확인 'X축 이동' 축을 레퍼런싱합니다.
[2016.05.10-11.48.33:051][144]LogBlueprint:Warning: [compiler MyCube] 경고 [0198.45] MyCube 컴파일에 성공했으나, 경고가 1 회 있습니다. [소요시간 1 ms]
[2016.05.10-11.48.33:051][144]LogBlueprint:Warning: [compiler MyCube] 경고 [0198.45] MyCube 컴파일에 성공했으나, 경고가 2 회 있습니다. [소요시간 0 ms]
[2016.05.10-11.48.33:051][144]LogBlueprint:Warning: [compiler MyCube] 경고 [0198.45] MyCube 컴파일에 성공했으나, 경고가 3 회 있습니다. [소요시간 0 ms]
[2016.05.10-11.48.33:053][144]LogBlueprint:Warning: [compiler MyCube] 경고 입력 축 이벤트가  X축 이동 입력 축  에 대한 미확인 'X축 이동' 축을 레퍼런싱합니다.
[2016.05.10-11.48.33:054][144]LogBlueprint:Warning: [compiler MyCube] 경고 [0198.45] MyCube 컴파일에 성공했으나, 경고가 1 회 있습니다. [소요시간 1 ms]
[2016.05.10-11.48.33:054][144]LogBlueprint:Warning: [compiler MyCube] 경고 [0198.45] MyCube 컴파일에 성공했으나, 경고가 2 회 있습니다. [소요시간 0 ms]
[2016.05.10-11.48.33:054][144]LogBlueprint:Warning: [compiler MyCube] 경고 [0198.45] MyCube 컴파일에 성공했으나, 경고가 3 회 있습니다. [소요시간 0 ms]
[2016.05.10-11.48.33:087][144]LogBlueprint:Error: [compiler cube] 오류  My Cube  에 대한 '' 기본값은 유효하지 않습니다: '('My Cube' 핀과 같은) 배열 입력에는 반드시 입력이 연결되어 있어야 합니다 (MakeArray 노드를 연결해 보십시오).'
[2016.05.10-11.48.33:087][144]LogBlueprint:Error: [compiler cube] 오류 이 블루프린트(self)는 MyCube_C 가 아니라, ' 타겟 ' 에는 연결이 있어야 합니다.
[2016.05.10-11.48.33:087][144]LogBlueprint:Error: [compiler cube] 오류  DefaultSceneRoot 구하기  변수 노드가 유효하지 않은 타겟을 사용합니다. 실행 체인에 연결되지 않았다가 제거된 노드에 의존하는 것 같습니다.
[2016.05.10-11.48.33:087][144]LogBlueprint:Error: [compiler cube] 오류 이 블루프린트(self)는 MyCube_C 가 아니라, ' 타겟 ' 에는 연결이 있어야 합니다.
[2016.05.10-11.48.33:087][144]LogBlueprint:Error: [compiler cube] 오류  DefaultSceneRoot 구하기  변수 노드가 유효하지 않은 타겟을 사용합니다. 실행 체인에 연결되지 않았다가 제거된 노드에 의존하는 것 같습니다.
[2016.05.10-11.48.33:088][144]LogBlueprint:Error: [compiler cube] 오류 이 블루프린트(self)는 MyCube_C 가 아니라, ' 타겟 ' 에는 연결이 있어야 합니다.
[2016.05.10-11.48.33:088][144]LogBlueprint:Error: [compiler cube] 오류  DefaultSceneRoot 구하기  변수 노드가 유효하지 않은 타겟을 사용합니다. 실행 체인에 연결되지 않았다가 제거된 노드에 의존하는 것 같습니다.
[2016.05.10-11.48.33:088][144]LogBlueprint:Error: [compiler cube] 오류 이 블루프린트(self)는 MyCube_C 가 아니라, ' 타겟 ' 에는 연결이 있어야 합니다.
[2016.05.10-11.48.33:088][144]LogBlueprint:Error: [compiler cube] 오류  DefaultSceneRoot 구하기  변수 노드가 유효하지 않은 타겟을 사용합니다. 실행 체인에 연결되지 않았다가 제거된 노드에 의존하는 것 같습니다.
[2016.05.10-11.48.33:088][144]LogBlueprint:Error: [compiler cube] 오류 이 블루프린트(self)는 MyCube_C 가 아니라, ' 타겟 ' 에는 연결이 있어야 합니다.
[2016.05.10-11.48.33:088][144]LogBlueprint:Error: [compiler cube] 오류  DefaultSceneRoot 구하기  변수 노드가 유효하지 않은 타겟을 사용합니다. 실행 체인에 연결되지 않았다가 제거된 노드에 의존하는 것 같습니다.
[2016.05.10-11.48.33:088][144]LogBlueprint:Error: [compiler cube] 오류 이 블루프린트(self)는 MyCube_C 가 아니라, ' 타겟 ' 에는 연결이 있어야 합니다.
[2016.05.10-11.48.33:089][144]LogBlueprint:Error: [compiler cube] 오류  DefaultSceneRoot 구하기  변수 노드가 유효하지 않은 타겟을 사용합니다. 실행 체인에 연결되지 않았다가 제거된 노드에 의존하는 것 같습니다.
[2016.05.10-11.48.33:094][144]LogBlueprint:Warning: [compiler cube] 경고 [0198.49] cube 컴파일에 실패했습니다. 치명적 오류 13 회, 경고 0 회, [소요시간 12 ms]
[2016.05.10-11.48.33:094][144]LogBlueprint:Warning: [compiler cube] 경고 [0198.49] cube 컴파일에 실패했습니다. 치명적 오류 13 회, 경고 1 회, [소요시간 0 ms]
[2016.05.10-11.48.33:094][144]LogBlueprint:Warning: [compiler cube] 경고 [0198.49] cube 컴파일에 실패했습니다. 치명적 오류 13 회, 경고 2 회, [소요시간 0 ms]
[2016.05.10-11.48.33:160][144]LogAIModule: Creating AISystem for world cube
[2016.05.10-11.48.33:184][144]Cmd: MAP LOAD FILE="../../../../../../Programming/unreal/Cube/Cube/Content/cube.umap" TEMPLATE=0 SHOWPROGRESS=1 FEATURELEVEL=3
[2016.05.10-11.48.33:184][144]LightingResults: New page: 라이팅 빌드
[2016.05.10-11.48.33:201][144]LoadErrors: New page: 맵 로드중: cube.umap
[2016.05.10-11.48.33:201][144]MapCheck: New page: 맵 체크
[2016.05.10-11.48.33:201][144]LightingResults: New page: 라이팅 빌드
[2016.05.10-11.48.33:211][144]LogParticles: Destroying 0 GPU particle simulations for FXSystem 0x000001473D93F9C0
[2016.05.10-11.48.33:291][144]LogEditorServer: Finished looking for orphan Actors (0.000 secs)
[2016.05.10-11.48.33:309][144]Cmd: MAP CHECKDEP NOCLEARLOG
[2016.05.10-11.48.33:361][144]MapCheck: 정보 맵 체크 완료: 오류 0 회, 경고 0 회, 소요 시간 52.381ms.
[2016.05.10-11.48.33:361][144]LogFileHelpers: Loading map 'cube' took 0.178
[2016.05.10-11.48.34:636][289]LogBlueprintUserMessages: Early PlayInEditor Detection: Level '/Game/cube.cube:PersistentLevel' has LevelScriptBlueprint '/Game/cube.cube:PersistentLevel.cube' with GeneratedClass '/Game/cube.cube_C' with ClassGeneratedBy '/Game/cube.cube:PersistentLevel.cube'
[2016.05.10-11.48.34:636][289]BlueprintLog: New page: 플레이 전 자동 컴파일
[2016.05.10-11.48.34:637][289]LogPlayLevel: [PlayLevel] Compiling cube before play...
[2016.05.10-11.48.34:693][289]LogBlueprint:Error: [compiler cube] 오류  My Cube  에 대한 '' 기본값은 유효하지 않습니다: '('My Cube' 핀과 같은) 배열 입력에는 반드시 입력이 연결되어 있어야 합니다 (MakeArray 노드를 연결해 보십시오).'
[2016.05.10-11.48.34:693][289]LogBlueprint:Error: [compiler cube] 오류 이 블루프린트(self)는 MyCube_C 가 아니라, ' 타겟 ' 에는 연결이 있어야 합니다.
[2016.05.10-11.48.34:693][289]LogBlueprint:Error: [compiler cube] 오류  DefaultSceneRoot 구하기  변수 노드가 유효하지 않은 타겟을 사용합니다. 실행 체인에 연결되지 않았다가 제거된 노드에 의존하는 것 같습니다.
[2016.05.10-11.48.34:693][289]LogBlueprint:Error: [compiler cube] 오류 이 블루프린트(self)는 MyCube_C 가 아니라, ' 타겟 ' 에는 연결이 있어야 합니다.
[2016.05.10-11.48.34:694][289]LogBlueprint:Error: [compiler cube] 오류  DefaultSceneRoot 구하기  변수 노드가 유효하지 않은 타겟을 사용합니다. 실행 체인에 연결되지 않았다가 제거된 노드에 의존하는 것 같습니다.
[2016.05.10-11.48.34:694][289]LogBlueprint:Error: [compiler cube] 오류 이 블루프린트(self)는 MyCube_C 가 아니라, ' 타겟 ' 에는 연결이 있어야 합니다.
[2016.05.10-11.48.34:694][289]LogBlueprint:Error: [compiler cube] 오류  DefaultSceneRoot 구하기  변수 노드가 유효하지 않은 타겟을 사용합니다. 실행 체인에 연결되지 않았다가 제거된 노드에 의존하는 것 같습니다.
[2016.05.10-11.48.34:694][289]LogBlueprint:Error: [compiler cube] 오류 이 블루프린트(self)는 MyCube_C 가 아니라, ' 타겟 ' 에는 연결이 있어야 합니다.
[2016.05.10-11.48.34:694][289]LogBlueprint:Error: [compiler cube] 오류  DefaultSceneRoot 구하기  변수 노드가 유효하지 않은 타겟을 사용합니다. 실행 체인에 연결되지 않았다가 제거된 노드에 의존하는 것 같습니다.
[2016.05.10-11.48.34:694][289]LogBlueprint:Error: [compiler cube] 오류 이 블루프린트(self)는 MyCube_C 가 아니라, ' 타겟 ' 에는 연결이 있어야 합니다.
[2016.05.10-11.48.34:694][289]LogBlueprint:Error: [compiler cube] 오류  DefaultSceneRoot 구하기  변수 노드가 유효하지 않은 타겟을 사용합니다. 실행 체인에 연결되지 않았다가 제거된 노드에 의존하는 것 같습니다.
[2016.05.10-11.48.34:694][289]LogBlueprint:Error: [compiler cube] 오류 이 블루프린트(self)는 MyCube_C 가 아니라, ' 타겟 ' 에는 연결이 있어야 합니다.
[2016.05.10-11.48.34:694][289]LogBlueprint:Error: [compiler cube] 오류  DefaultSceneRoot 구하기  변수 노드가 유효하지 않은 타겟을 사용합니다. 실행 체인에 연결되지 않았다가 제거된 노드에 의존하는 것 같습니다.
[2016.05.10-11.48.34:736][289]LogBlueprint:Warning: [compiler cube] 경고 [0200.13] cube 컴파일에 실패했습니다. 치명적 오류 13 회, 경고 0 회, [소요시간 53 ms]
[2016.05.10-11.48.34:763][289]LogBlueprint:Warning: [compiler cube] 경고 [0200.16] cube 컴파일에 실패했습니다. 치명적 오류 13 회, 경고 1 회, [소요시간 0 ms]
[2016.05.10-11.48.34:763][289]LogBlueprint:Warning: [compiler cube] 경고 [0200.16] cube 컴파일에 실패했습니다. 치명적 오류 13 회, 경고 2 회, [소요시간 0 ms]
[2016.05.10-11.48.34:763][289]LogBlueprint:Warning: [compiler cube] 경고 [0200.16] cube 컴파일에 실패했습니다. 치명적 오류 13 회, 경고 3 회, [소요시간 0 ms]
[2016.05.10-11.48.34:763][289]LogBlueprint:Warning: [compiler cube] 경고 [0200.16] cube 컴파일에 실패했습니다. 치명적 오류 13 회, 경고 4 회, [소요시간 0 ms]
[2016.05.10-11.48.34:763][289]LogBlueprint:Warning: [compiler cube] 경고 [0200.16] cube 컴파일에 실패했습니다. 치명적 오류 13 회, 경고 5 회, [소요시간 0 ms]
[2016.05.10-11.48.34:764][289]LogPlayLevel: PlayLevel: Blueprint regeneration took 127 ms (1 blueprints)
[2016.05.10-11.48.34:776][289]BlueprintLog: 정보 cube 블루프린트 컴파일에 실패했습니다.
[2016.05.10-11.48.36:473][289]PIE: New page: PIE 세션: cube (2016. 5. 11. 오전 5:48:36)
[2016.05.10-11.48.36:473][289]LogPlayLevel: Creating play world package: /Game/UEDPIE_0_cube
[2016.05.10-11.48.36:526][289]LogPlayLevel: PIE: StaticDuplicateObject took: (0.053370s)
[2016.05.10-11.48.36:527][289]LogAIModule: Creating AISystem for world cube
[2016.05.10-11.48.36:527][289]LogPlayLevel: PIE: World Init took: (0.000890s)
[2016.05.10-11.48.36:527][289]LogPlayLevel: PIE: Created PIE world by copying editor world from /Game/cube.cube to /Game/UEDPIE_0_cube.cube (0.054413s)
[2016.05.10-11.48.36:550][289]LogInit: XAudio2 using '스피커(Realtek High Definition Audio)' : 2 channels at 48 kHz using 32 bits per sample (channel mask 0x3)
[2016.05.10-11.48.36:568][289]LogInit: FAudioDevice initialized.
[2016.05.10-11.48.36:612][289]LogWorld: Game class is 'MyGameMode_C'
[2016.05.10-11.48.36:615][289]LogWorld: Bringing World /Game/UEDPIE_0_cube.cube up for play (max tick rate 0) at 2016.05.10-20.48.36
[2016.05.10-11.48.36:615][289]LogActor:Warning: GameSession /Game/UEDPIE_0_cube.cube:PersistentLevel.GameSession_0 has natively added scene component(s), but none of them were set as the actor's RootComponent - picking one arbitrarily
[2016.05.10-11.48.36:615][289]LogActor:Warning: GameNetworkManager /Game/UEDPIE_0_cube.cube:PersistentLevel.GameNetworkManager_0 has natively added scene component(s), but none of them were set as the actor's RootComponent - picking one arbitrarily
[2016.05.10-11.48.36:615][289]LogWorld: Bringing up level for play took: 0.002805
[2016.05.10-11.48.36:617][289]PIE: 정보 /Game/UEDPIE_0_cube 에 대한 에디터에서 플레이 시작 시간: 1.491
[2016.05.10-11.48.36:617][289]LogBlueprintUserMessages: Late PlayInEditor Detection: Level '/Game/cube.cube:PersistentLevel' has LevelScriptBlueprint '/Game/cube.cube:PersistentLevel.cube' with GeneratedClass '/Game/cube.cube_C' with ClassGeneratedBy '/Game/cube.cube:PersistentLevel.cube'
[2016.05.10-11.48.40:374][738]LogBlueprintUserMessages: Early EndPlayMap Detection: Level '/Game/cube.cube:PersistentLevel' has LevelScriptBlueprint '/Game/cube.cube:PersistentLevel.cube' with GeneratedClass '/Game/cube.cube_C' with ClassGeneratedBy '/Game/cube.cube:PersistentLevel.cube'
[2016.05.10-11.48.40:408][738]LogBlueprintUserMessages: Late EndPlayMap Detection: Level '/Game/cube.cube:PersistentLevel' has LevelScriptBlueprint '/Game/cube.cube:PersistentLevel.cube' with GeneratedClass '/Game/cube.cube_C' with ClassGeneratedBy '/Game/cube.cube:PersistentLevel.cube'
[2016.05.10-11.48.40:437][739]LogParticles: Destroying 0 GPU particle simulations for FXSystem 0x000001473AD191C0
[2016.05.10-11.48.43:647][ 82]LogLinker:Warning: Asset '../../../Engine/Content/ArtTools/RenderToTexture/Macros/RenderToTextureMacros.uasset' has been saved with empty engine version. The asset will be loaded but may be incompatible.
[2016.05.10-11.48.44:043][ 82]LogContentBrowser: Native class hierarchy updated for 'BlueprintGraph' in 0.0006 seconds. Added 107 classes and 0 folders.
[2016.05.10-11.48.59:949][711]LogBlueprintUserMessages: Early PlayInEditor Detection: Level '/Game/cube.cube:PersistentLevel' has LevelScriptBlueprint '/Game/cube.cube:PersistentLevel.cube' with GeneratedClass '/Game/cube.cube_C' with ClassGeneratedBy '/Game/cube.cube:PersistentLevel.cube'
[2016.05.10-11.48.59:949][711]BlueprintLog: New page: 플레이 전 자동 컴파일
[2016.05.10-11.48.59:952][711]LogPlayLevel: [PlayLevel] Compiling MyCube before play...
[2016.05.10-11.49.00:011][711]LogBlueprint:Error: [compiler cube] 오류  My Cube  에 대한 '' 기본값은 유효하지 않습니다: '('My Cube' 핀과 같은) 배열 입력에는 반드시 입력이 연결되어 있어야 합니다 (MakeArray 노드를 연결해 보십시오).'
[2016.05.10-11.49.00:011][711]LogBlueprint:Error: [compiler cube] 오류 이 블루프린트(self)는 MyCube_C 가 아니라, ' 타겟 ' 에는 연결이 있어야 합니다.
[2016.05.10-11.49.00:011][711]LogBlueprint:Error: [compiler cube] 오류  DefaultSceneRoot 구하기  변수 노드가 유효하지 않은 타겟을 사용합니다. 실행 체인에 연결되지 않았다가 제거된 노드에 의존하는 것 같습니다.
[2016.05.10-11.49.00:011][711]LogBlueprint:Error: [compiler cube] 오류 이 블루프린트(self)는 MyCube_C 가 아니라, ' 타겟 ' 에는 연결이 있어야 합니다.
[2016.05.10-11.49.00:011][711]LogBlueprint:Error: [compiler cube] 오류  DefaultSceneRoot 구하기  변수 노드가 유효하지 않은 타겟을 사용합니다. 실행 체인에 연결되지 않았다가 제거된 노드에 의존하는 것 같습니다.
[2016.05.10-11.49.00:011][711]LogBlueprint:Error: [compiler cube] 오류 이 블루프린트(self)는 MyCube_C 가 아니라, ' 타겟 ' 에는 연결이 있어야 합니다.
[2016.05.10-11.49.00:012][711]LogBlueprint:Error: [compiler cube] 오류  DefaultSceneRoot 구하기  변수 노드가 유효하지 않은 타겟을 사용합니다. 실행 체인에 연결되지 않았다가 제거된 노드에 의존하는 것 같습니다.
[2016.05.10-11.49.00:012][711]LogBlueprint:Error: [compiler cube] 오류 이 블루프린트(self)는 MyCube_C 가 아니라, ' 타겟 ' 에는 연결이 있어야 합니다.
[2016.05.10-11.49.00:012][711]LogBlueprint:Error: [compiler cube] 오류  DefaultSceneRoot 구하기  변수 노드가 유효하지 않은 타겟을 사용합니다. 실행 체인에 연결되지 않았다가 제거된 노드에 의존하는 것 같습니다.
[2016.05.10-11.49.00:012][711]LogBlueprint:Error: [compiler cube] 오류 이 블루프린트(self)는 MyCube_C 가 아니라, ' 타겟 ' 에는 연결이 있어야 합니다.
[2016.05.10-11.49.00:012][711]LogBlueprint:Error: [compiler cube] 오류  DefaultSceneRoot 구하기  변수 노드가 유효하지 않은 타겟을 사용합니다. 실행 체인에 연결되지 않았다가 제거된 노드에 의존하는 것 같습니다.
[2016.05.10-11.49.00:012][711]LogBlueprint:Error: [compiler cube] 오류 이 블루프린트(self)는 MyCube_C 가 아니라, ' 타겟 ' 에는 연결이 있어야 합니다.
[2016.05.10-11.49.00:012][711]LogBlueprint:Error: [compiler cube] 오류  DefaultSceneRoot 구하기  변수 노드가 유효하지 않은 타겟을 사용합니다. 실행 체인에 연결되지 않았다가 제거된 노드에 의존하는 것 같습니다.
[2016.05.10-11.49.00:131][711]LogPlayLevel: PlayLevel: Blueprint regeneration took 181 ms (2 blueprints)
[2016.05.10-11.49.00:131][711]LogPlayLevel: [PlayLevel] Compiling cube before play...
[2016.05.10-11.49.00:187][711]LogBlueprint:Error: [compiler cube] 오류  My Cube  에 대한 '' 기본값은 유효하지 않습니다: '('My Cube' 핀과 같은) 배열 입력에는 반드시 입력이 연결되어 있어야 합니다 (MakeArray 노드를 연결해 보십시오).'
[2016.05.10-11.49.00:188][711]LogBlueprint:Error: [compiler cube] 오류 이 블루프린트(self)는 MyCube_C 가 아니라, ' 타겟 ' 에는 연결이 있어야 합니다.
[2016.05.10-11.49.00:188][711]LogBlueprint:Error: [compiler cube] 오류  DefaultSceneRoot 구하기  변수 노드가 유효하지 않은 타겟을 사용합니다. 실행 체인에 연결되지 않았다가 제거된 노드에 의존하는 것 같습니다.
[2016.05.10-11.49.00:188][711]LogBlueprint:Error: [compiler cube] 오류 이 블루프린트(self)는 MyCube_C 가 아니라, ' 타겟 ' 에는 연결이 있어야 합니다.
[2016.05.10-11.49.00:188][711]LogBlueprint:Error: [compiler cube] 오류  DefaultSceneRoot 구하기  변수 노드가 유효하지 않은 타겟을 사용합니다. 실행 체인에 연결되지 않았다가 제거된 노드에 의존하는 것 같습니다.
[2016.05.10-11.49.00:188][711]LogBlueprint:Error: [compiler cube] 오류 이 블루프린트(self)는 MyCube_C 가 아니라, ' 타겟 ' 에는 연결이 있어야 합니다.
[2016.05.10-11.49.00:188][711]LogBlueprint:Error: [compiler cube] 오류  DefaultSceneRoot 구하기  변수 노드가 유효하지 않은 타겟을 사용합니다. 실행 체인에 연결되지 않았다가 제거된 노드에 의존하는 것 같습니다.
[2016.05.10-11.49.00:188][711]LogBlueprint:Error: [compiler cube] 오류 이 블루프린트(self)는 MyCube_C 가 아니라, ' 타겟 ' 에는 연결이 있어야 합니다.
[2016.05.10-11.49.00:188][711]LogBlueprint:Error: [compiler cube] 오류  DefaultSceneRoot 구하기  변수 노드가 유효하지 않은 타겟을 사용합니다. 실행 체인에 연결되지 않았다가 제거된 노드에 의존하는 것 같습니다.
[2016.05.10-11.49.00:188][711]LogBlueprint:Error: [compiler cube] 오류 이 블루프린트(self)는 MyCube_C 가 아니라, ' 타겟 ' 에는 연결이 있어야 합니다.
[2016.05.10-11.49.00:189][711]LogBlueprint:Error: [compiler cube] 오류  DefaultSceneRoot 구하기  변수 노드가 유효하지 않은 타겟을 사용합니다. 실행 체인에 연결되지 않았다가 제거된 노드에 의존하는 것 같습니다.
[2016.05.10-11.49.00:189][711]LogBlueprint:Error: [compiler cube] 오류 이 블루프린트(self)는 MyCube_C 가 아니라, ' 타겟 ' 에는 연결이 있어야 합니다.
[2016.05.10-11.49.00:189][711]LogBlueprint:Error: [compiler cube] 오류  DefaultSceneRoot 구하기  변수 노드가 유효하지 않은 타겟을 사용합니다. 실행 체인에 연결되지 않았다가 제거된 노드에 의존하는 것 같습니다.
[2016.05.10-11.49.00:249][711]LogBlueprint:Warning: [compiler cube] 경고 [0225.65] cube 컴파일에 실패했습니다. 치명적 오류 13 회, 경고 0 회, [소요시간 70 ms]
[2016.05.10-11.49.00:249][711]LogBlueprint:Warning: [compiler cube] 경고 [0225.65] cube 컴파일에 실패했습니다. 치명적 오류 13 회, 경고 1 회, [소요시간 0 ms]
[2016.05.10-11.49.00:249][711]LogBlueprint:Warning: [compiler cube] 경고 [0225.65] cube 컴파일에 실패했습니다. 치명적 오류 13 회, 경고 2 회, [소요시간 0 ms]
[2016.05.10-11.49.00:250][711]LogBlueprint:Warning: [compiler cube] 경고 [0225.65] cube 컴파일에 실패했습니다. 치명적 오류 13 회, 경고 3 회, [소요시간 0 ms]
[2016.05.10-11.49.00:250][711]LogBlueprint:Warning: [compiler cube] 경고 [0225.65] cube 컴파일에 실패했습니다. 치명적 오류 13 회, 경고 4 회, [소요시간 0 ms]
[2016.05.10-11.49.00:250][711]LogBlueprint:Warning: [compiler cube] 경고 [0225.65] cube 컴파일에 실패했습니다. 치명적 오류 13 회, 경고 5 회, [소요시간 0 ms]
[2016.05.10-11.49.00:251][711]LogPlayLevel: PlayLevel: Blueprint regeneration took 301 ms (2 blueprints)
[2016.05.10-11.49.00:272][711]BlueprintLog: 정보 cube 블루프린트 컴파일에 실패했습니다.
[2016.05.10-11.49.02:947][711]PIE: New page: PIE 세션: cube (2016. 5. 11. 오전 5:49:02)
[2016.05.10-11.49.02:947][711]LogPlayLevel: Creating play world package: /Game/UEDPIE_0_cube
[2016.05.10-11.49.02:999][711]LogPlayLevel: PIE: StaticDuplicateObject took: (0.051677s)
[2016.05.10-11.49.02:999][711]LogAIModule: Creating AISystem for world cube
[2016.05.10-11.49.03:000][711]LogPlayLevel: PIE: World Init took: (0.000942s)
[2016.05.10-11.49.03:000][711]LogPlayLevel: PIE: Created PIE world by copying editor world from /Game/cube.cube to /Game/UEDPIE_0_cube.cube (0.052797s)
[2016.05.10-11.49.03:032][711]LogInit: XAudio2 using '스피커(Realtek High Definition Audio)' : 2 channels at 48 kHz using 32 bits per sample (channel mask 0x3)
[2016.05.10-11.49.03:050][711]LogInit: FAudioDevice initialized.
[2016.05.10-11.49.03:084][711]LogWorld: Game class is 'MyGameMode_C'
[2016.05.10-11.49.03:087][711]LogWorld: Bringing World /Game/UEDPIE_0_cube.cube up for play (max tick rate 0) at 2016.05.10-20.49.03
[2016.05.10-11.49.03:087][711]LogActor:Warning: GameSession /Game/UEDPIE_0_cube.cube:PersistentLevel.GameSession_1 has natively added scene component(s), but none of them were set as the actor's RootComponent - picking one arbitrarily
[2016.05.10-11.49.03:087][711]LogActor:Warning: GameNetworkManager /Game/UEDPIE_0_cube.cube:PersistentLevel.GameNetworkManager_1 has natively added scene component(s), but none of them were set as the actor's RootComponent - picking one arbitrarily
[2016.05.10-11.49.03:087][711]LogWorld: Bringing up level for play took: 0.002688
[2016.05.10-11.49.03:089][711]PIE: 정보 /Game/UEDPIE_0_cube 에 대한 에디터에서 플레이 시작 시간: 3.962
[2016.05.10-11.49.03:089][711]LogBlueprintUserMessages: Late PlayInEditor Detection: Level '/Game/cube.cube:PersistentLevel' has LevelScriptBlueprint '/Game/cube.cube:PersistentLevel.cube' with GeneratedClass '/Game/cube.cube_C' with ClassGeneratedBy '/Game/cube.cube:PersistentLevel.cube'
[2016.05.10-11.49.06:504][119]LogBlueprintUserMessages: Early EndPlayMap Detection: Level '/Game/cube.cube:PersistentLevel' has LevelScriptBlueprint '/Game/cube.cube:PersistentLevel.cube' with GeneratedClass '/Game/cube.cube_C' with ClassGeneratedBy '/Game/cube.cube:PersistentLevel.cube'
[2016.05.10-11.49.06:536][119]LogBlueprintUserMessages: Late EndPlayMap Detection: Level '/Game/cube.cube:PersistentLevel' has LevelScriptBlueprint '/Game/cube.cube:PersistentLevel.cube' with GeneratedClass '/Game/cube.cube_C' with ClassGeneratedBy '/Game/cube.cube:PersistentLevel.cube'
[2016.05.10-11.49.06:583][120]LogParticles: Destroying 0 GPU particle simulations for FXSystem 0x00000147061BCFE0
[2016.05.10-11.49.13:705][345]Cmd: OBJ SAVEPACKAGE PACKAGE="/Game/cube" FILE="../../../../../../Programming/unreal/Cube/Cube/Content/cube.umap" SILENT=true AUTOSAVING=false KEEPDIRTY=false
[2016.05.10-11.49.13:790][345]LogBlueprint:Error: [compiler cube] 오류  My Cube  에 대한 '' 기본값은 유효하지 않습니다: '('My Cube' 핀과 같은) 배열 입력에는 반드시 입력이 연결되어 있어야 합니다 (MakeArray 노드를 연결해 보십시오).'
[2016.05.10-11.49.13:790][345]LogBlueprint:Error: [compiler cube] 오류 이 블루프린트(self)는 MyCube_C 가 아니라, ' 타겟 ' 에는 연결이 있어야 합니다.
[2016.05.10-11.49.13:790][345]LogBlueprint:Error: [compiler cube] 오류  DefaultSceneRoot 구하기  변수 노드가 유효하지 않은 타겟을 사용합니다. 실행 체인에 연결되지 않았다가 제거된 노드에 의존하는 것 같습니다.
[2016.05.10-11.49.13:791][345]LogBlueprint:Error: [compiler cube] 오류 이 블루프린트(self)는 MyCube_C 가 아니라, ' 타겟 ' 에는 연결이 있어야 합니다.
[2016.05.10-11.49.13:791][345]LogBlueprint:Error: [compiler cube] 오류  DefaultSceneRoot 구하기  변수 노드가 유효하지 않은 타겟을 사용합니다. 실행 체인에 연결되지 않았다가 제거된 노드에 의존하는 것 같습니다.
[2016.05.10-11.49.13:791][345]LogBlueprint:Error: [compiler cube] 오류 이 블루프린트(self)는 MyCube_C 가 아니라, ' 타겟 ' 에는 연결이 있어야 합니다.
[2016.05.10-11.49.13:791][345]LogBlueprint:Error: [compiler cube] 오류  DefaultSceneRoot 구하기  변수 노드가 유효하지 않은 타겟을 사용합니다. 실행 체인에 연결되지 않았다가 제거된 노드에 의존하는 것 같습니다.
[2016.05.10-11.49.13:791][345]LogBlueprint:Error: [compiler cube] 오류 이 블루프린트(self)는 MyCube_C 가 아니라, ' 타겟 ' 에는 연결이 있어야 합니다.
[2016.05.10-11.49.13:791][345]LogBlueprint:Error: [compiler cube] 오류  DefaultSceneRoot 구하기  변수 노드가 유효하지 않은 타겟을 사용합니다. 실행 체인에 연결되지 않았다가 제거된 노드에 의존하는 것 같습니다.
[2016.05.10-11.49.13:791][345]LogBlueprint:Error: [compiler cube] 오류 이 블루프린트(self)는 MyCube_C 가 아니라, ' 타겟 ' 에는 연결이 있어야 합니다.
[2016.05.10-11.49.13:791][345]LogBlueprint:Error: [compiler cube] 오류  DefaultSceneRoot 구하기  변수 노드가 유효하지 않은 타겟을 사용합니다. 실행 체인에 연결되지 않았다가 제거된 노드에 의존하는 것 같습니다.
[2016.05.10-11.49.13:792][345]LogBlueprint:Error: [compiler cube] 오류 이 블루프린트(self)는 MyCube_C 가 아니라, ' 타겟 ' 에는 연결이 있어야 합니다.
[2016.05.10-11.49.13:792][345]LogBlueprint:Error: [compiler cube] 오류  DefaultSceneRoot 구하기  변수 노드가 유효하지 않은 타겟을 사용합니다. 실행 체인에 연결되지 않았다가 제거된 노드에 의존하는 것 같습니다.
[2016.05.10-11.49.13:852][345]LogBlueprint:Warning: [compiler cube] 경고 [0239.25] cube 컴파일에 실패했습니다. 치명적 오류 13 회, 경고 0 회, [소요시간 71 ms]
[2016.05.10-11.49.13:852][345]LogBlueprint:Warning: [compiler cube] 경고 [0239.25] cube 컴파일에 실패했습니다. 치명적 오류 13 회, 경고 1 회, [소요시간 0 ms]
[2016.05.10-11.49.13:852][345]LogBlueprint:Warning: [compiler cube] 경고 [0239.25] cube 컴파일에 실패했습니다. 치명적 오류 13 회, 경고 2 회, [소요시간 0 ms]
[2016.05.10-11.49.13:852][345]LogBlueprint:Warning: [compiler cube] 경고 [0239.25] cube 컴파일에 실패했습니다. 치명적 오류 13 회, 경고 3 회, [소요시간 0 ms]
[2016.05.10-11.49.13:853][345]LogBlueprint:Warning: [compiler cube] 경고 [0239.25] cube 컴파일에 실패했습니다. 치명적 오류 13 회, 경고 4 회, [소요시간 0 ms]
[2016.05.10-11.49.13:853][345]LogBlueprint:Warning: [compiler cube] 경고 [0239.25] cube 컴파일에 실패했습니다. 치명적 오류 13 회, 경고 5 회, [소요시간 0 ms]
[2016.05.10-11.49.14:140][345]LogSavePackage: Save=406.584595ms
[2016.05.10-11.49.14:140][345]LogSavePackage: Moving '../../../../../../Programming/unreal/Cube/Cube/Saved/cube0E46499B43538AADE3BF6CA9B3BACCF9.tmp' to '../../../../../../Programming/unreal/Cube/Cube/Content/cube.umap'
[2016.05.10-11.49.14:143][345]LogSavePackage: Total save time: 416.639362ms
[2016.05.10-11.49.14:143][345]LogSavePackage:Display: Finished SavePackage ../../../../../../Programming/unreal/Cube/Cube/Content/cube.umap
[2016.05.10-11.49.14:159][345]LogFileHelpers: Saving map 'cube' took 0.516
[2016.05.10-11.49.14:174][345]Cmd: OBJ SAVEPACKAGE PACKAGE="/Game/MyCube" FILE="../../../../../../Programming/unreal/Cube/Cube/Content/MyCube.uasset" SILENT=true
[2016.05.10-11.49.14:193][345]LogSavePackage: Save=13.440394ms
[2016.05.10-11.49.14:193][345]LogSavePackage: Moving '../../../../../../Programming/unreal/Cube/Cube/Saved/MyCube24C5DACA4869E43B3F9E0CBCE36EF2A4.tmp' to '../../../../../../Programming/unreal/Cube/Cube/Content/MyCube.uasset'
[2016.05.10-11.49.14:195][345]LogSavePackage: Total save time: 19.827500ms
[2016.05.10-11.49.14:195][345]LogSavePackage:Display: Finished SavePackage ../../../../../../Programming/unreal/Cube/Cube/Content/MyCube.uasset
[2016.05.10-11.49.14:197][345]Cmd: MAP LOAD FILE="../../../../../../Programming/unreal/Cube/Cube/Content/cube.umap" TEMPLATE=0 SHOWPROGRESS=1 FEATURELEVEL=3
[2016.05.10-11.49.14:197][345]LightingResults: New page: 라이팅 빌드
[2016.05.10-11.49.14:212][345]LoadErrors: New page: 맵 로드중: cube.umap
[2016.05.10-11.49.14:213][345]MapCheck: New page: 맵 체크
[2016.05.10-11.49.14:213][345]LightingResults: New page: 라이팅 빌드
[2016.05.10-11.49.14:231][345]LogParticles: Destroying 0 GPU particle simulations for FXSystem 0x000001473C052020
[2016.05.10-11.49.14:264][345]LogBlueprint:Error: [compiler cube] 오류  My Cube  에 대한 '' 기본값은 유효하지 않습니다: '('My Cube' 핀과 같은) 배열 입력에는 반드시 입력이 연결되어 있어야 합니다 (MakeArray 노드를 연결해 보십시오).'
[2016.05.10-11.49.14:264][345]LogBlueprint:Error: [compiler cube] 오류 이 블루프린트(self)는 MyCube_C 가 아니라, ' 타겟 ' 에는 연결이 있어야 합니다.
[2016.05.10-11.49.14:264][345]LogBlueprint:Error: [compiler cube] 오류  DefaultSceneRoot 구하기  변수 노드가 유효하지 않은 타겟을 사용합니다. 실행 체인에 연결되지 않았다가 제거된 노드에 의존하는 것 같습니다.
[2016.05.10-11.49.14:264][345]LogBlueprint:Error: [compiler cube] 오류 이 블루프린트(self)는 MyCube_C 가 아니라, ' 타겟 ' 에는 연결이 있어야 합니다.
[2016.05.10-11.49.14:264][345]LogBlueprint:Error: [compiler cube] 오류  DefaultSceneRoot 구하기  변수 노드가 유효하지 않은 타겟을 사용합니다. 실행 체인에 연결되지 않았다가 제거된 노드에 의존하는 것 같습니다.
[2016.05.10-11.49.14:264][345]LogBlueprint:Error: [compiler cube] 오류 이 블루프린트(self)는 MyCube_C 가 아니라, ' 타겟 ' 에는 연결이 있어야 합니다.
[2016.05.10-11.49.14:265][345]LogBlueprint:Error: [compiler cube] 오류  DefaultSceneRoot 구하기  변수 노드가 유효하지 않은 타겟을 사용합니다. 실행 체인에 연결되지 않았다가 제거된 노드에 의존하는 것 같습니다.
[2016.05.10-11.49.14:265][345]LogBlueprint:Error: [compiler cube] 오류 이 블루프린트(self)는 MyCube_C 가 아니라, ' 타겟 ' 에는 연결이 있어야 합니다.
[2016.05.10-11.49.14:265][345]LogBlueprint:Error: [compiler cube] 오류  DefaultSceneRoot 구하기  변수 노드가 유효하지 않은 타겟을 사용합니다. 실행 체인에 연결되지 않았다가 제거된 노드에 의존하는 것 같습니다.
[2016.05.10-11.49.14:265][345]LogBlueprint:Error: [compiler cube] 오류 이 블루프린트(self)는 MyCube_C 가 아니라, ' 타겟 ' 에는 연결이 있어야 합니다.
[2016.05.10-11.49.14:265][345]LogBlueprint:Error: [compiler cube] 오류  DefaultSceneRoot 구하기  변수 노드가 유효하지 않은 타겟을 사용합니다. 실행 체인에 연결되지 않았다가 제거된 노드에 의존하는 것 같습니다.
[2016.05.10-11.49.14:265][345]LogBlueprint:Error: [compiler cube] 오류 이 블루프린트(self)는 MyCube_C 가 아니라, ' 타겟 ' 에는 연결이 있어야 합니다.
[2016.05.10-11.49.14:265][345]LogBlueprint:Error: [compiler cube] 오류  DefaultSceneRoot 구하기  변수 노드가 유효하지 않은 타겟을 사용합니다. 실행 체인에 연결되지 않았다가 제거된 노드에 의존하는 것 같습니다.
[2016.05.10-11.49.14:271][345]LogBlueprint:Warning: [compiler cube] 경고 [0239.67] cube 컴파일에 실패했습니다. 치명적 오류 13 회, 경고 0 회, [소요시간 11 ms]
[2016.05.10-11.49.14:271][345]LogBlueprint:Warning: [compiler cube] 경고 [0239.67] cube 컴파일에 실패했습니다. 치명적 오류 13 회, 경고 1 회, [소요시간 0 ms]
[2016.05.10-11.49.14:271][345]LogBlueprint:Warning: [compiler cube] 경고 [0239.67] cube 컴파일에 실패했습니다. 치명적 오류 13 회, 경고 2 회, [소요시간 0 ms]
[2016.05.10-11.49.14:324][345]LogAIModule: Creating AISystem for world cube
[2016.05.10-11.49.14:381][345]LogEditorServer: Finished looking for orphan Actors (0.000 secs)
[2016.05.10-11.49.14:399][345]Cmd: MAP CHECKDEP NOCLEARLOG
[2016.05.10-11.49.14:457][345]MapCheck: 정보 맵 체크 완료: 오류 0 회, 경고 0 회, 소요 시간 57.981ms.
[2016.05.10-11.49.14:458][345]LogFileHelpers: Loading map 'cube' took 0.263
[2016.05.10-11.49.15:824][484]LogBlueprintUserMessages: Early PlayInEditor Detection: Level '/Game/cube.cube:PersistentLevel' has LevelScriptBlueprint '/Game/cube.cube:PersistentLevel.cube' with GeneratedClass '/Game/cube.cube_C' with ClassGeneratedBy '/Game/cube.cube:PersistentLevel.cube'
[2016.05.10-11.49.15:824][484]BlueprintLog: New page: 플레이 전 자동 컴파일
[2016.05.10-11.49.15:824][484]LogPlayLevel: [PlayLevel] Compiling cube before play...
[2016.05.10-11.49.15:880][484]LogBlueprint:Error: [compiler cube] 오류  My Cube  에 대한 '' 기본값은 유효하지 않습니다: '('My Cube' 핀과 같은) 배열 입력에는 반드시 입력이 연결되어 있어야 합니다 (MakeArray 노드를 연결해 보십시오).'
[2016.05.10-11.49.15:881][484]LogBlueprint:Error: [compiler cube] 오류 이 블루프린트(self)는 MyCube_C 가 아니라, ' 타겟 ' 에는 연결이 있어야 합니다.
[2016.05.10-11.49.15:881][484]LogBlueprint:Error: [compiler cube] 오류  DefaultSceneRoot 구하기  변수 노드가 유효하지 않은 타겟을 사용합니다. 실행 체인에 연결되지 않았다가 제거된 노드에 의존하는 것 같습니다.
[2016.05.10-11.49.15:881][484]LogBlueprint:Error: [compiler cube] 오류 이 블루프린트(self)는 MyCube_C 가 아니라, ' 타겟 ' 에는 연결이 있어야 합니다.
[2016.05.10-11.49.15:881][484]LogBlueprint:Error: [compiler cube] 오류  DefaultSceneRoot 구하기  변수 노드가 유효하지 않은 타겟을 사용합니다. 실행 체인에 연결되지 않았다가 제거된 노드에 의존하는 것 같습니다.
[2016.05.10-11.49.15:881][484]LogBlueprint:Error: [compiler cube] 오류 이 블루프린트(self)는 MyCube_C 가 아니라, ' 타겟 ' 에는 연결이 있어야 합니다.
[2016.05.10-11.49.15:881][484]LogBlueprint:Error: [compiler cube] 오류  DefaultSceneRoot 구하기  변수 노드가 유효하지 않은 타겟을 사용합니다. 실행 체인에 연결되지 않았다가 제거된 노드에 의존하는 것 같습니다.
[2016.05.10-11.49.15:882][484]LogBlueprint:Error: [compiler cube] 오류 이 블루프린트(self)는 MyCube_C 가 아니라, ' 타겟 ' 에는 연결이 있어야 합니다.
[2016.05.10-11.49.15:882][484]LogBlueprint:Error: [compiler cube] 오류  DefaultSceneRoot 구하기  변수 노드가 유효하지 않은 타겟을 사용합니다. 실행 체인에 연결되지 않았다가 제거된 노드에 의존하는 것 같습니다.
[2016.05.10-11.49.15:882][484]LogBlueprint:Error: [compiler cube] 오류 이 블루프린트(self)는 MyCube_C 가 아니라, ' 타겟 ' 에는 연결이 있어야 합니다.
[2016.05.10-11.49.15:882][484]LogBlueprint:Error: [compiler cube] 오류  DefaultSceneRoot 구하기  변수 노드가 유효하지 않은 타겟을 사용합니다. 실행 체인에 연결되지 않았다가 제거된 노드에 의존하는 것 같습니다.
[2016.05.10-11.49.15:882][484]LogBlueprint:Error: [compiler cube] 오류 이 블루프린트(self)는 MyCube_C 가 아니라, ' 타겟 ' 에는 연결이 있어야 합니다.
[2016.05.10-11.49.15:882][484]LogBlueprint:Error: [compiler cube] 오류  DefaultSceneRoot 구하기  변수 노드가 유효하지 않은 타겟을 사용합니다. 실행 체인에 연결되지 않았다가 제거된 노드에 의존하는 것 같습니다.
[2016.05.10-11.49.15:943][484]LogBlueprint:Warning: [compiler cube] 경고 [0241.34] cube 컴파일에 실패했습니다. 치명적 오류 13 회, 경고 0 회, [소요시간 74 ms]
[2016.05.10-11.49.15:945][484]LogBlueprint:Warning: [compiler cube] 경고 [0241.34] cube 컴파일에 실패했습니다. 치명적 오류 13 회, 경고 1 회, [소요시간 0 ms]
[2016.05.10-11.49.15:945][484]LogBlueprint:Warning: [compiler cube] 경고 [0241.34] cube 컴파일에 실패했습니다. 치명적 오류 13 회, 경고 2 회, [소요시간 0 ms]
[2016.05.10-11.49.15:945][484]LogBlueprint:Warning: [compiler cube] 경고 [0241.34] cube 컴파일에 실패했습니다. 치명적 오류 13 회, 경고 3 회, [소요시간 0 ms]
[2016.05.10-11.49.15:945][484]LogBlueprint:Warning: [compiler cube] 경고 [0241.34] cube 컴파일에 실패했습니다. 치명적 오류 13 회, 경고 4 회, [소요시간 0 ms]
[2016.05.10-11.49.15:945][484]LogBlueprint:Warning: [compiler cube] 경고 [0241.34] cube 컴파일에 실패했습니다. 치명적 오류 13 회, 경고 5 회, [소요시간 0 ms]
[2016.05.10-11.49.15:947][484]LogPlayLevel: PlayLevel: Blueprint regeneration took 123 ms (1 blueprints)
[2016.05.10-11.49.15:970][484]BlueprintLog: 정보 cube 블루프린트 컴파일에 실패했습니다.
[2016.05.10-11.49.48:454][366]BlueprintLog: New page: cube 컴파일
[2016.05.10-11.49.48:510][366]LogBlueprint:Error: [compiler cube] 오류 이 블루프린트(self)는 MyCube_C 가 아니라, ' 타겟 ' 에는 연결이 있어야 합니다.
[2016.05.10-11.49.48:510][366]LogBlueprint:Error: [compiler cube] 오류  DefaultSceneRoot 구하기  변수 노드가 유효하지 않은 타겟을 사용합니다. 실행 체인에 연결되지 않았다가 제거된 노드에 의존하는 것 같습니다.
[2016.05.10-11.49.48:510][366]LogBlueprint:Error: [compiler cube] 오류 이 블루프린트(self)는 MyCube_C 가 아니라, ' 타겟 ' 에는 연결이 있어야 합니다.
[2016.05.10-11.49.48:510][366]LogBlueprint:Error: [compiler cube] 오류  DefaultSceneRoot 구하기  변수 노드가 유효하지 않은 타겟을 사용합니다. 실행 체인에 연결되지 않았다가 제거된 노드에 의존하는 것 같습니다.
[2016.05.10-11.49.48:511][366]LogBlueprint:Error: [compiler cube] 오류 이 블루프린트(self)는 MyCube_C 가 아니라, ' 타겟 ' 에는 연결이 있어야 합니다.
[2016.05.10-11.49.48:511][366]LogBlueprint:Error: [compiler cube] 오류  DefaultSceneRoot 구하기  변수 노드가 유효하지 않은 타겟을 사용합니다. 실행 체인에 연결되지 않았다가 제거된 노드에 의존하는 것 같습니다.
[2016.05.10-11.49.48:511][366]LogBlueprint:Error: [compiler cube] 오류 이 블루프린트(self)는 MyCube_C 가 아니라, ' 타겟 ' 에는 연결이 있어야 합니다.
[2016.05.10-11.49.48:511][366]LogBlueprint:Error: [compiler cube] 오류  DefaultSceneRoot 구하기  변수 노드가 유효하지 않은 타겟을 사용합니다. 실행 체인에 연결되지 않았다가 제거된 노드에 의존하는 것 같습니다.
[2016.05.10-11.49.48:511][366]LogBlueprint:Error: [compiler cube] 오류 이 블루프린트(self)는 MyCube_C 가 아니라, ' 타겟 ' 에는 연결이 있어야 합니다.
[2016.05.10-11.49.48:511][366]LogBlueprint:Error: [compiler cube] 오류  DefaultSceneRoot 구하기  변수 노드가 유효하지 않은 타겟을 사용합니다. 실행 체인에 연결되지 않았다가 제거된 노드에 의존하는 것 같습니다.
[2016.05.10-11.49.48:511][366]LogBlueprint:Error: [compiler cube] 오류 이 블루프린트(self)는 MyCube_C 가 아니라, ' 타겟 ' 에는 연결이 있어야 합니다.
[2016.05.10-11.49.48:511][366]LogBlueprint:Error: [compiler cube] 오류  DefaultSceneRoot 구하기  변수 노드가 유효하지 않은 타겟을 사용합니다. 실행 체인에 연결되지 않았다가 제거된 노드에 의존하는 것 같습니다.
[2016.05.10-11.49.48:597][366]LogBlueprint:Warning: [compiler cube] 경고 [0273.99] cube 컴파일에 실패했습니다. 치명적 오류 12 회, 경고 0 회, [소요시간 142 ms]
[2016.05.10-11.49.48:597][366]BlueprintEditorCompileResults:Error: 오류 이 블루프린트(self)는 MyCube_C 가 아니라, ' 타겟 ' 에는 연결이 있어야 합니다.
[2016.05.10-11.49.48:597][366]BlueprintEditorCompileResults:Error: 오류  DefaultSceneRoot 구하기  변수 노드가 유효하지 않은 타겟을 사용합니다. 실행 체인에 연결되지 않았다가 제거된 노드에 의존하는 것 같습니다.
[2016.05.10-11.49.48:597][366]BlueprintEditorCompileResults:Error: 오류 이 블루프린트(self)는 MyCube_C 가 아니라, ' 타겟 ' 에는 연결이 있어야 합니다.
[2016.05.10-11.49.48:597][366]BlueprintEditorCompileResults:Error: 오류  DefaultSceneRoot 구하기  변수 노드가 유효하지 않은 타겟을 사용합니다. 실행 체인에 연결되지 않았다가 제거된 노드에 의존하는 것 같습니다.
[2016.05.10-11.49.48:597][366]BlueprintEditorCompileResults:Error: 오류 이 블루프린트(self)는 MyCube_C 가 아니라, ' 타겟 ' 에는 연결이 있어야 합니다.
[2016.05.10-11.49.48:597][366]BlueprintEditorCompileResults:Error: 오류  DefaultSceneRoot 구하기  변수 노드가 유효하지 않은 타겟을 사용합니다. 실행 체인에 연결되지 않았다가 제거된 노드에 의존하는 것 같습니다.
[2016.05.10-11.49.48:597][366]BlueprintEditorCompileResults:Error: 오류 이 블루프린트(self)는 MyCube_C 가 아니라, ' 타겟 ' 에는 연결이 있어야 합니다.
[2016.05.10-11.49.48:597][366]BlueprintEditorCompileResults:Error: 오류  DefaultSceneRoot 구하기  변수 노드가 유효하지 않은 타겟을 사용합니다. 실행 체인에 연결되지 않았다가 제거된 노드에 의존하는 것 같습니다.
[2016.05.10-11.49.48:597][366]BlueprintEditorCompileResults:Error: 오류 이 블루프린트(self)는 MyCube_C 가 아니라, ' 타겟 ' 에는 연결이 있어야 합니다.
[2016.05.10-11.49.48:597][366]BlueprintEditorCompileResults:Error: 오류  DefaultSceneRoot 구하기  변수 노드가 유효하지 않은 타겟을 사용합니다. 실행 체인에 연결되지 않았다가 제거된 노드에 의존하는 것 같습니다.
[2016.05.10-11.49.48:597][366]BlueprintEditorCompileResults:Error: 오류 이 블루프린트(self)는 MyCube_C 가 아니라, ' 타겟 ' 에는 연결이 있어야 합니다.
[2016.05.10-11.49.48:597][366]BlueprintEditorCompileResults:Error: 오류  DefaultSceneRoot 구하기  변수 노드가 유효하지 않은 타겟을 사용합니다. 실행 체인에 연결되지 않았다가 제거된 노드에 의존하는 것 같습니다.
[2016.05.10-11.49.48:597][366]BlueprintEditorCompileResults:Warning: 경고 [0273.99] cube 컴파일에 실패했습니다. 치명적 오류 12 회, 경고 0 회, [소요시간 142 ms]
[2016.05.10-11.50.18:865][931]BlueprintLog: New page: cube 컴파일
[2016.05.10-11.50.18:912][931]LogBlueprint:Error: [compiler cube] 오류 이 블루프린트(self)는 SceneComponent 가 아니라, ' 타겟 ' 에는 연결이 있어야 합니다.
[2016.05.10-11.50.18:912][931]LogBlueprint:Error: [compiler cube] 오류 이 블루프린트(self)는 SceneComponent 가 아니라, ' 타겟 ' 에는 연결이 있어야 합니다.
[2016.05.10-11.50.18:912][931]LogBlueprint:Error: [compiler cube] 오류 이 블루프린트(self)는 SceneComponent 가 아니라, ' 타겟 ' 에는 연결이 있어야 합니다.
[2016.05.10-11.50.18:912][931]LogBlueprint:Error: [compiler cube] 오류 이 블루프린트(self)는 SceneComponent 가 아니라, ' 타겟 ' 에는 연결이 있어야 합니다.
[2016.05.10-11.50.18:913][931]LogBlueprint:Error: [compiler cube] 오류 이 블루프린트(self)는 SceneComponent 가 아니라, ' 타겟 ' 에는 연결이 있어야 합니다.
[2016.05.10-11.50.18:913][931]LogBlueprint:Error: [compiler cube] 오류 이 블루프린트(self)는 SceneComponent 가 아니라, ' 타겟 ' 에는 연결이 있어야 합니다.
[2016.05.10-11.50.18:998][931]LogBlueprint:Warning: [compiler cube] 경고 [0304.39] cube 컴파일에 실패했습니다. 치명적 오류 6 회, 경고 0 회, [소요시간 131 ms]
[2016.05.10-11.50.18:998][931]BlueprintEditorCompileResults:Error: 오류 이 블루프린트(self)는 SceneComponent 가 아니라, ' 타겟 ' 에는 연결이 있어야 합니다.
[2016.05.10-11.50.18:998][931]BlueprintEditorCompileResults:Error: 오류 이 블루프린트(self)는 SceneComponent 가 아니라, ' 타겟 ' 에는 연결이 있어야 합니다.
[2016.05.10-11.50.18:998][931]BlueprintEditorCompileResults:Error: 오류 이 블루프린트(self)는 SceneComponent 가 아니라, ' 타겟 ' 에는 연결이 있어야 합니다.
[2016.05.10-11.50.18:998][931]BlueprintEditorCompileResults:Error: 오류 이 블루프린트(self)는 SceneComponent 가 아니라, ' 타겟 ' 에는 연결이 있어야 합니다.
[2016.05.10-11.50.18:998][931]BlueprintEditorCompileResults:Error: 오류 이 블루프린트(self)는 SceneComponent 가 아니라, ' 타겟 ' 에는 연결이 있어야 합니다.
[2016.05.10-11.50.18:998][931]BlueprintEditorCompileResults:Error: 오류 이 블루프린트(self)는 SceneComponent 가 아니라, ' 타겟 ' 에는 연결이 있어야 합니다.
[2016.05.10-11.50.18:998][931]BlueprintEditorCompileResults:Warning: 경고 [0304.39] cube 컴파일에 실패했습니다. 치명적 오류 6 회, 경고 0 회, [소요시간 131 ms]
[2016.05.10-11.50.39:795][194]BlueprintLog: New page: cube 컴파일
[2016.05.10-11.50.39:839][194]LogBlueprint:Error: [compiler cube] 오류 이 블루프린트(self)는 SceneComponent 가 아니라, ' 타겟 ' 에는 연결이 있어야 합니다.
[2016.05.10-11.50.39:840][194]LogBlueprint:Error: [compiler cube] 오류 이 블루프린트(self)는 SceneComponent 가 아니라, ' 타겟 ' 에는 연결이 있어야 합니다.
[2016.05.10-11.50.39:840][194]LogBlueprint:Error: [compiler cube] 오류 이 블루프린트(self)는 SceneComponent 가 아니라, ' 타겟 ' 에는 연결이 있어야 합니다.
[2016.05.10-11.50.39:840][194]LogBlueprint:Error: [compiler cube] 오류 이 블루프린트(self)는 SceneComponent 가 아니라, ' 타겟 ' 에는 연결이 있어야 합니다.
[2016.05.10-11.50.39:840][194]LogBlueprint:Error: [compiler cube] 오류 이 블루프린트(self)는 SceneComponent 가 아니라, ' 타겟 ' 에는 연결이 있어야 합니다.
[2016.05.10-11.50.39:840][194]LogBlueprint:Error: [compiler cube] 오류 이 블루프린트(self)는 SceneComponent 가 아니라, ' 타겟 ' 에는 연결이 있어야 합니다.
[2016.05.10-11.50.39:929][194]LogBlueprint:Warning: [compiler cube] 경고 [0325.33] cube 컴파일에 실패했습니다. 치명적 오류 6 회, 경고 0 회, [소요시간 134 ms]
[2016.05.10-11.50.39:929][194]BlueprintEditorCompileResults:Error: 오류 이 블루프린트(self)는 SceneComponent 가 아니라, ' 타겟 ' 에는 연결이 있어야 합니다.
[2016.05.10-11.50.39:929][194]BlueprintEditorCompileResults:Error: 오류 이 블루프린트(self)는 SceneComponent 가 아니라, ' 타겟 ' 에는 연결이 있어야 합니다.
[2016.05.10-11.50.39:929][194]BlueprintEditorCompileResults:Error: 오류 이 블루프린트(self)는 SceneComponent 가 아니라, ' 타겟 ' 에는 연결이 있어야 합니다.
[2016.05.10-11.50.39:929][194]BlueprintEditorCompileResults:Error: 오류 이 블루프린트(self)는 SceneComponent 가 아니라, ' 타겟 ' 에는 연결이 있어야 합니다.
[2016.05.10-11.50.39:929][194]BlueprintEditorCompileResults:Error: 오류 이 블루프린트(self)는 SceneComponent 가 아니라, ' 타겟 ' 에는 연결이 있어야 합니다.
[2016.05.10-11.50.39:929][194]BlueprintEditorCompileResults:Error: 오류 이 블루프린트(self)는 SceneComponent 가 아니라, ' 타겟 ' 에는 연결이 있어야 합니다.
[2016.05.10-11.50.39:929][194]BlueprintEditorCompileResults:Warning: 경고 [0325.33] cube 컴파일에 실패했습니다. 치명적 오류 6 회, 경고 0 회, [소요시간 134 ms]
[2016.05.10-11.53.00:522][564]BlueprintLog: New page: cube 컴파일
[2016.05.10-11.53.00:567][564]LogBlueprint:Error: [compiler cube] 오류 이 블루프린트(self)는 SceneComponent 가 아니라, ' 타겟 ' 에는 연결이 있어야 합니다.
[2016.05.10-11.53.00:567][564]LogBlueprint:Error: [compiler cube] 오류 이 블루프린트(self)는 SceneComponent 가 아니라, ' 타겟 ' 에는 연결이 있어야 합니다.
[2016.05.10-11.53.00:567][564]LogBlueprint:Error: [compiler cube] 오류 이 블루프린트(self)는 SceneComponent 가 아니라, ' 타겟 ' 에는 연결이 있어야 합니다.
[2016.05.10-11.53.00:568][564]LogBlueprint:Error: [compiler cube] 오류 이 블루프린트(self)는 SceneComponent 가 아니라, ' 타겟 ' 에는 연결이 있어야 합니다.
[2016.05.10-11.53.00:568][564]LogBlueprint:Error: [compiler cube] 오류 이 블루프린트(self)는 SceneComponent 가 아니라, ' 타겟 ' 에는 연결이 있어야 합니다.
[2016.05.10-11.53.00:568][564]LogBlueprint:Error: [compiler cube] 오류 이 블루프린트(self)는 SceneComponent 가 아니라, ' 타겟 ' 에는 연결이 있어야 합니다.
[2016.05.10-11.53.00:568][564]LogProperty:Warning: Serialized BlueprintGeneratedClass /Game/MyCube.MyCube_C for a property of Class /Script/CoreUObject.Class. Reference will be NULLed.
    Property = ClassProperty /Game/cube.cube_C:MyCube
    Item = MyCube_C /Game/cube.cube:PersistentLevel.MyCube_C_0
[2016.05.10-11.53.00:669][564]LogBlueprint:Warning: [compiler cube] 경고 [0466.07] cube 컴파일에 실패했습니다. 치명적 오류 6 회, 경고 0 회, [소요시간 146 ms]
[2016.05.10-11.53.00:669][564]BlueprintEditorCompileResults:Error: 오류 이 블루프린트(self)는 SceneComponent 가 아니라, ' 타겟 ' 에는 연결이 있어야 합니다.
[2016.05.10-11.53.00:669][564]BlueprintEditorCompileResults:Error: 오류 이 블루프린트(self)는 SceneComponent 가 아니라, ' 타겟 ' 에는 연결이 있어야 합니다.
[2016.05.10-11.53.00:669][564]BlueprintEditorCompileResults:Error: 오류 이 블루프린트(self)는 SceneComponent 가 아니라, ' 타겟 ' 에는 연결이 있어야 합니다.
[2016.05.10-11.53.00:669][564]BlueprintEditorCompileResults:Error: 오류 이 블루프린트(self)는 SceneComponent 가 아니라, ' 타겟 ' 에는 연결이 있어야 합니다.
[2016.05.10-11.53.00:669][564]BlueprintEditorCompileResults:Error: 오류 이 블루프린트(self)는 SceneComponent 가 아니라, ' 타겟 ' 에는 연결이 있어야 합니다.
[2016.05.10-11.53.00:669][564]BlueprintEditorCompileResults:Error: 오류 이 블루프린트(self)는 SceneComponent 가 아니라, ' 타겟 ' 에는 연결이 있어야 합니다.
[2016.05.10-11.53.00:669][564]BlueprintEditorCompileResults:Warning: 경고 [0466.07] cube 컴파일에 실패했습니다. 치명적 오류 6 회, 경고 0 회, [소요시간 146 ms]
[2016.05.10-11.55.29:971][335]LogCrashTracker: 


[2016.05.10-11.55.29:971][335]LogThreadingWindows:Error: Runnable thread TaskGraphThread 2 crashed.
[2016.05.10-11.55.29:971][335]LogCrashTracker: 


[2016.05.10-11.55.29:971][335]LogWindows:Error: === Critical error: ===
Fatal error!


Crash in runnable thread TaskGraphThread 2

[2016.05.10-11.55.30:036][335]LogExit: Executing StaticShutdownAfterError
[2016.05.10-11.55.30:036][335]LogWindows: FPlatformMisc::RequestExit(1)
[2016.05.10-11.55.30:036][335]Log file closed, 05/10/16 20:55:30
