Log file open, 06/01/16 15:25:59
LogInit:Display: Running engine for game: Cube
LogPlatformFile: Not using cached read wrapper
LogInit:Display: RandInit(955693792) SRandInit(955693793).
LogTaskGraph: Started task graph with 4 named threads and 7 total threads.
LogStats: Stats thread started at 0.139003
LogInit: Version: 4.11.2-2946394+++UE4+Release-4.11
LogInit: API Version: 2927265
LogInit: Compiled (64-bit): Apr 18 2016 02:18:46
LogInit: Compiled with Visual C++: 19.00.23026.00
LogInit: Build Configuration: Development
LogInit: Branch Name: ++UE4+Release-4.11
LogInit: Command line:  
LogInit: Base directory: D:/unreal/Epic Games/4.11/Engine/Binaries/Win64/
LogInit: Installed Engine Build: 1
LogInit: Using libcurl 7.41.0
LogInit:  - built for x86_64-pc-win32
LogInit:  - supports SSL with WinSSL
LogInit:  - other features:
LogInit:      CURL_VERSION_SSL
LogInit:      CURL_VERSION_IPV6
LogInit:      CURL_VERSION_ASYNCHDNS
LogInit:      CURL_VERSION_LARGEFILE
LogInit:      CURL_VERSION_IDN
LogInit:  CurlRequestOptions (configurable via config and command line):
LogInit:  - bVerifyPeer = true  - Libcurl will verify peer certificate
LogInit:  - bUseHttpProxy = false  - Libcurl will NOT use HTTP proxy
LogInit:  - bDontReuseConnections = false  - Libcurl will reuse connections
LogInit:  - CertBundlePath = nullptr  - Libcurl will use whatever was configured at build time.
LogInit: Presizing for max 16777216 objects, including 0 objects not considered by GC, pre-allocating 0 bytes for permanent pool.
LogInit: Object subsystem initialized
[2016.06.01-06.26.00:185][  0]LogInit: Selected Device Profile: [Windows]
[2016.06.01-06.26.00:186][  0]LogInit: Applying CVar settings loaded from the selected device profile: [Windows]
[2016.06.01-06.26.00:207][  0]LogInit: Computer: OWNER-PC
[2016.06.01-06.26.00:207][  0]LogInit: User: Owner
[2016.06.01-06.26.00:207][  0]LogInit: CPU Page size=65536, Cores=4
[2016.06.01-06.26.00:207][  0]LogInit: High frequency timer resolution =3.417986 MHz
[2016.06.01-06.26.00:207][  0]LogMemory: Memory total: Physical=15.9GB (16GB approx)
[2016.06.01-06.26.00:207][  0]LogMemory: Platform Memory Stats for Windows
[2016.06.01-06.26.00:207][  0]LogMemory: Process Physical Memory: 313.79 MB used, 313.79 MB peak
[2016.06.01-06.26.00:207][  0]LogMemory: Process Virtual Memory: 315.58 MB used, 315.58 MB peak
[2016.06.01-06.26.00:207][  0]LogMemory: Physical Memory: 3065.78 MB used, 16312.00 MB total
[2016.06.01-06.26.00:207][  0]LogMemory: Virtual Memory: 652.24 MB used, 134217728.00 MB total
[2016.06.01-06.26.00:350][  0]LogTextLocalizationManager: No specific translations for ('ko-KR') exist, so ('ko') translations will be used.
[2016.06.01-06.26.00:385][  0]LogTextLocalizationManager:Warning: Loaded localization resources contain conflicting entries for (Namespace:KismetSchema, Key:Default):
Localization Resource: (D:/unreal/Epic Games/4.11/Engine/Content/Localization/EditorTutorials/ko/EditorTutorials.locres) Source String Hash: (940523119) Localized String: (디폴트)
Localization Resource: (D:/unreal/Epic Games/4.11/Engine/Content/Localization/Engine/ko/Engine.locres) Source String Hash: (940523119) Localized String: (기본)
[2016.06.01-06.26.00:385][  0]LogTextLocalizationManager:Warning: Loaded localization resources contain conflicting entries for (Namespace:UObjectToolTips, Key:AnimNode_AssetPlayerBase:InternalTimeAccumulator):
Localization Resource: (D:/unreal/Epic Games/4.11/Engine/Content/Localization/EditorTutorials/ko/EditorTutorials.locres) Source String Hash: (502993589) Localized String: (이 노드에서 애셋을 레퍼런싱하는 데 사용되는 누적 시간입니다.)
Localization Resource: (D:/unreal/Epic Games/4.11/Engine/Content/Localization/Engine/ko/Engine.locres) Source String Hash: (502993589) Localized String: (이 노드에서 애셋을 레퍼런싱하는 데 사용된 누적 시간입니다.)
[2016.06.01-06.26.00:385][  0]LogTextLocalizationManager:Warning: Loaded localization resources contain conflicting entries for (Namespace:UObjectToolTips, Key:AnimNode_AssetPlayerBase:bIgnoreForRelevancyTest):
Localization Resource: (D:/unreal/Epic Games/4.11/Engine/Content/Localization/EditorTutorials/ko/EditorTutorials.locres) Source String Hash: (319969718) Localized String: (True 면, 스테이트에서 최고 가중치 애니메이션을 찾는 "Relevant anim" 노드는 이 노드를 무시합니다.
 )
Localization Resource: (D:/unreal/Epic Games/4.11/Engine/Content/Localization/Engine/ko/Engine.locres) Source String Hash: (319969718) Localized String: (True 면 스테이트 내 최고 웨이팅된 애니메이션을 찾는 "Relevant anim" 노드가 무시됩니다.
 )
[2016.06.01-06.26.00:385][  0]LogTextLocalizationManager:Warning: Loaded localization resources contain conflicting entries for (Namespace:UObjectToolTips, Key:AnimNode_AssetPlayerBase:BlendWeight):
Localization Resource: (D:/unreal/Epic Games/4.11/Engine/Content/Localization/EditorTutorials/ko/EditorTutorials.locres) Source String Hash: (-1232800293) Localized String: (이 노드에 마지막 걸린 블렌드웨이트 입니다.)
Localization Resource: (D:/unreal/Epic Games/4.11/Engine/Content/Localization/Engine/ko/Engine.locres) Source String Hash: (-1232800293) Localized String: (이 노드에 대해 마지막 접한 블렌드 웨이트)
[2016.06.01-06.26.00:574][  0]LogD3D11RHI: D3D11 adapters:
[2016.06.01-06.26.00:607][  0]LogD3D11RHI:    0. 'NVIDIA GeForce GTX 960' (Feature Level 11_0)
[2016.06.01-06.26.00:607][  0]LogD3D11RHI:       1969MB of dedicated video memory, 0MB of dedicated system memory, and 8155MB of shared system memory, 2 output[s]
[2016.06.01-06.26.00:608][  0]LogD3D11RHI:    1. 'Microsoft Basic Render Driver' (Feature Level 11_0)
[2016.06.01-06.26.00:608][  0]LogD3D11RHI:       0MB of dedicated video memory, 0MB of dedicated system memory, and 8155MB of shared system memory, 0 output[s]
[2016.06.01-06.26.00:608][  0]LogD3D11RHI: Chosen D3D11 Adapter: 0
[2016.06.01-06.26.00:612][  0]LogD3D11RHI: Creating new Direct3DDevice
[2016.06.01-06.26.00:612][  0]LogD3D11RHI:     Adapter Name: NVIDIA GeForce GTX 960
[2016.06.01-06.26.00:612][  0]LogD3D11RHI:   Driver Version: Unknown (internal Unknown)
[2016.06.01-06.26.00:612][  0]LogD3D11RHI:      Driver Date: Unknown
[2016.06.01-06.26.00:612][  0]LogRHI: Texture pool is 1361 MB (70% of 1945 MB)
[2016.06.01-06.26.00:625][  0]LogD3D11RHI: Async texture creation enabled
[2016.06.01-06.26.00:641][  0]LogShaderCompilers: Guid format shader working directory is -1 characters bigger than the processId version (../../../../../../Programming/unreal/Cube/Cube/Intermediate/Shaders/WorkingDirectory/10492/).
[2016.06.01-06.26.00:641][  0]LogShaderCompilers: Cleaned the shader compiler working directory 'C:/Users/Owner/AppData/Local/Temp/UnrealShaderWorkingDir/D426333441F4C7027828A594A54DA23E/'.
[2016.06.01-06.26.00:641][  0]LogShaderCompilers:Display: Using Local Shader Compiler.
[2016.06.01-06.26.02:163][  0]LogTemp:Display: Loaded TP AllDesktopTargetPlatform
[2016.06.01-06.26.02:166][  0]LogTemp:Display: Loaded TP WindowsClientTargetPlatform
[2016.06.01-06.26.02:170][  0]LogTemp:Display: Loaded TP WindowsNoEditorTargetPlatform
[2016.06.01-06.26.02:174][  0]LogTemp:Display: Loaded TP WindowsServerTargetPlatform
[2016.06.01-06.26.02:177][  0]LogTemp:Display: Loaded TP WindowsTargetPlatform
[2016.06.01-06.26.02:180][  0]LogTemp:Display: Loaded TP AndroidTargetPlatform
[2016.06.01-06.26.02:183][  0]LogTemp:Display: Loaded TP Android_ASTCTargetPlatform
[2016.06.01-06.26.02:186][  0]LogTemp:Display: Loaded TP Android_ATCTargetPlatform
[2016.06.01-06.26.02:188][  0]LogTemp:Display: Loaded TP Android_DXTTargetPlatform
[2016.06.01-06.26.02:191][  0]LogTemp:Display: Loaded TP Android_ETC1TargetPlatform
[2016.06.01-06.26.02:193][  0]LogTemp:Display: Loaded TP Android_ETC2TargetPlatform
[2016.06.01-06.26.02:199][  0]LogTemp:Display: Loaded TP Android_MultiTargetPlatform
[2016.06.01-06.26.02:199][  0]LogTemp:Display: Loaded TP Android_PVRTCTargetPlatform
[2016.06.01-06.26.02:199][  0]LogTemp:Display: Loaded TP HTML5TargetPlatform
[2016.06.01-06.26.02:246][  0]LogTemp:Display: Loaded TP IOSTargetPlatform
[2016.06.01-06.26.02:248][  0]LogTemp:Display: Loaded TP TVOSTargetPlatform
[2016.06.01-06.26.02:250][  0]LogTemp:Display: Loaded TP LinuxNoEditorTargetPlatform
[2016.06.01-06.26.02:253][  0]LogTemp:Display: Loaded TP LinuxServerTargetPlatform
[2016.06.01-06.26.02:256][  0]LogTemp:Display: Loaded TP LinuxTargetPlatform
[2016.06.01-06.26.02:256][  0]LogTargetPlatformManager:Display: Building Assets For Windows
[2016.06.01-06.26.02:551][  0]LogDerivedDataCache:Display: Max Cache Size: 512 MB
[2016.06.01-06.26.02:759][  0]LogDerivedDataCache: Loaded boot cache 0.21s 46MB C:/Users/Owner/AppData/Local/UnrealEngine/4.11/DerivedDataCache/Boot.ddc.
[2016.06.01-06.26.02:760][  0]LogDerivedDataCache:Display: Loaded Boot cache: C:/Users/Owner/AppData/Local/UnrealEngine/4.11/DerivedDataCache/Boot.ddc
[2016.06.01-06.26.02:761][  0]LogDerivedDataCache: FDerivedDataBackendGraph:  Pak pak cache file ../../../../../../Programming/unreal/Cube/Cube/DerivedDataCache/DDC.ddp not found, will not use a pak cache.
[2016.06.01-06.26.02:761][  0]LogDerivedDataCache: Unable to find inner node Pak for hierarchical cache Hierarchy.
[2016.06.01-06.26.02:761][  0]LogDerivedDataCache: FDerivedDataBackendGraph:  CompressedPak pak cache file ../../../../../../Programming/unreal/Cube/Cube/DerivedDataCache/Compressed.ddp not found, will not use a pak cache.
[2016.06.01-06.26.02:761][  0]LogDerivedDataCache: Unable to find inner node CompressedPak for hierarchical cache Hierarchy.
[2016.06.01-06.26.02:873][  0]LogDerivedDataCache:Display: Pak cache opened for reading ../../../Engine/DerivedDataCache/Compressed.ddp.
[2016.06.01-06.26.02:887][  0]LogDerivedDataCache: Using Local data cache path C:/Users/Owner/AppData/Local/UnrealEngine/Common/DerivedDataCache: Writable
[2016.06.01-06.26.07:376][  0]LogInit: Selected Device Profile: [Windows]
[2016.06.01-06.26.07:401][  0]LogContentStreaming: Texture pool size is 0.00 MB
[2016.06.01-06.26.08:157][  0]LogMaterial: Uniform references updated for custom material expression Custom.
[2016.06.01-06.26.08:993][  0]LogMeshUtilities: No automatic mesh reduction module available
[2016.06.01-06.26.08:993][  0]LogMeshUtilities: No automatic mesh merging module available
[2016.06.01-06.26.08:994][  0]LogMeshUtilities: No distributed automatic mesh merging module available
[2016.06.01-06.26.11:475][  0]LogUObjectArray: 27679 objects as part of root set at end of initial load.
[2016.06.01-06.26.11:475][  0]LogUObjectAllocator: 5591592 out of 0 bytes used by permanent object pool.
[2016.06.01-06.26.11:475][  0]LogUObjectArray: CloseDisregardForGC: 0/0 objects in disregard for GC pool
[2016.06.01-06.26.11:480][  0]LogInit: WinSock: version 1.1 (2.2), MaxSocks=32767, MaxUdp=65467
[2016.06.01-06.26.12:614][  0]LogSlate: SlateFontCache - WITH_FREETYPE: 1, WITH_HARFBUZZ: 1
[2016.06.01-06.26.12:615][  0]LogSlate: SlateFontCache - WITH_FREETYPE: 1, WITH_HARFBUZZ: 1
[2016.06.01-06.26.14:188][  0]LogStreaming:Warning: Failed to read file '../../../Engine/Content/Editor/Slate/Common/Selection_16x.png' error.
[2016.06.01-06.26.14:188][  0]LogSlate: Could not find file for Slate resource: ../../../Engine/Content/Editor/Slate/Common/Selection_16x.png
[2016.06.01-06.26.14:188][  0]LogStreaming:Warning: Failed to read file '../../../Engine/Content/Editor/Slate/Common/Selection_16x.png' error.
[2016.06.01-06.26.14:188][  0]LogSlate: Could not find file for Slate resource: ../../../Engine/Content/Editor/Slate/Common/Selection_16x.png
[2016.06.01-06.26.14:188][  0]LogStreaming:Warning: Failed to read file '../../../Engine/Content/Editor/Slate/Common/Selection_16x.png' error.
[2016.06.01-06.26.14:188][  0]LogSlate: Could not find file for Slate resource: ../../../Engine/Content/Editor/Slate/Common/Selection_16x.png
[2016.06.01-06.26.18:827][  0]LogUdpMessaging: Initializing bridge on interface 0.0.0.0:0 to multicast group 230.0.0.1:6666.
[2016.06.01-06.26.19:241][  0]LogAssetRegistry: FAssetRegistry took 0.0231 seconds to start up
[2016.06.01-06.26.22:370][  0]SourceControl: 정보 소스 콘트롤이 꺼졌습니다.
[2016.06.01-06.26.22:463][  0]SourceControl: 정보 소스 콘트롤이 꺼졌습니다.
[2016.06.01-06.26.22:544][  0]SourceControl: 정보 소스 콘트롤이 꺼졌습니다.
[2016.06.01-06.26.22:572][  0]SourceControl: 정보 소스 콘트롤이 꺼졌습니다.
[2016.06.01-06.26.23:025][  0]LogHMD: Failed to initialize OpenVR with code 110
[2016.06.01-06.26.23:458][  0]LogEngine: Initializing Engine...
[2016.06.01-06.26.24:198][  0]LogAIModule: Creating AISystem for world NewWorld
[2016.06.01-06.26.24:340][  0]LogInit: XAudio2 using '스피커(Realtek High Definition Audio)' : 2 channels at 48 kHz using 32 bits per sample (channel mask 0x3)
[2016.06.01-06.26.24:387][  0]LogInit: FAudioDevice initialized.
[2016.06.01-06.26.24:463][  0]LogDerivedDataCache: Saved boot cache 0.08s 46MB C:/Users/Owner/AppData/Local/UnrealEngine/4.11/DerivedDataCache/Boot.ddc.
[2016.06.01-06.26.24:469][  0]LogInit: Texture streaming: Enabled
[2016.06.01-06.26.24:568][  0]LogWindowsTextInputMethodSystem:Display: IME system now activated using TSF (Microsoft 입력기).
[2016.06.01-06.26.24:770][  0]LogInit: Transaction tracking system initialized
[2016.06.01-06.26.25:689][  0]BlueprintLog: New page: 에디터 로드
[2016.06.01-06.26.29:923][  0]LocalizationService: 정보 현지화 서비스가 비활성화되었습니다.
[2016.06.01-06.26.30:998][  0]LogConsoleResponse:Display: 
[2016.06.01-06.26.33:354][  0]LogFileCache: Scanning file cache for directory 'D:/Programming/unreal/Cube/Cube/Content/' took 0.05s
[2016.06.01-06.26.33:354][  0]LogCook:Display: Max memory allowance for cook 8192mb
[2016.06.01-06.26.33:354][  0]LogCook:Display: Mobile HDR setting 1
[2016.06.01-06.26.33:370][  0]LogCook:Display: Done creating registry. It took  0.00s.
[2016.06.01-06.26.34:163][  0]SourceControl: 정보 소스 콘트롤이 꺼졌습니다.
[2016.06.01-06.26.34:219][  0]Cmd: MAP LOAD FILE="../../../../../../Programming/unreal/Cube/Cube/Content/Start.umap" TEMPLATE=0 SHOWPROGRESS=1 FEATURELEVEL=3
[2016.06.01-06.26.34:365][  0]LightingResults: New page: 라이팅 빌드
[2016.06.01-06.26.34:582][  0]MapCheck: New page: 맵 체크
[2016.06.01-06.26.34:582][  0]LightingResults: New page: 라이팅 빌드
[2016.06.01-06.26.36:406][  0]LogAIModule: Creating AISystem for world Start
[2016.06.01-06.26.36:552][  0]LogEditorServer: Finished looking for orphan Actors (0.000 secs)
[2016.06.01-06.26.36:581][  0]Cmd: MAP CHECKDEP NOCLEARLOG
[2016.06.01-06.26.36:638][  0]MapCheck: 정보 맵 체크 완료: 오류 0 회, 경고 0 회, 소요 시간 56.73ms.
[2016.06.01-06.26.36:638][  0]LogFileHelpers: Loading map 'Start' took 2.439
[2016.06.01-06.26.37:638][  0]LogCollectionManager: Loaded 1 collections in 0.016729 seconds
[2016.06.01-06.26.37:761][  0]LogFileCache: Scanning file cache for directory 'D:/Programming/unreal/Cube/Cube/Saved/Collections/' took 0.01s
[2016.06.01-06.26.37:761][  0]LogFileCache: Scanning file cache for directory 'D:/Programming/unreal/Cube/Cube/Content/Developers/Owner/Collections/' took 0.01s
[2016.06.01-06.26.37:761][  0]LogFileCache: Scanning file cache for directory 'D:/Programming/unreal/Cube/Cube/Content/Collections/' took 0.01s
[2016.06.01-06.26.37:761][  0]LogCollectionManager: Rebuilt the GUID cache for 1 collections in 0.000008 seconds
[2016.06.01-06.26.37:761][  0]LogCollectionManager: Rebuilt the hierarchy cache for 1 collections in 0.000000 seconds
[2016.06.01-06.26.37:774][  0]LogContentBrowser: Native class hierarchy populated in 0.0117 seconds. Added 1979 classes and 343 folders.
[2016.06.01-06.26.37:820][  0]LogStats: UGameplayTagsManager::ConstructGameplayTagTree: Construct from data asset -  0.000 s
[2016.06.01-06.26.37:820][  0]LogStats: UGameplayTagsManager::ConstructGameplayTagTree: GameplayTagTreeChangedEvent.Broadcast -  0.000 s
[2016.06.01-06.26.37:820][  0]LogContentBrowser: Native class hierarchy updated for 'GameplayTags' in 0.0004 seconds. Added 12 classes and 0 folders.
[2016.06.01-06.26.37:834][  0]LogContentBrowser: Native class hierarchy updated for 'WidgetCarousel' in 0.0003 seconds. Added 0 classes and 0 folders.
[2016.06.01-06.26.37:995][  0]LogContentBrowser: Native class hierarchy updated for 'SuperSearch' in 0.0003 seconds. Added 1 classes and 2 folders.
[2016.06.01-06.26.42:372][  0]LogContentBrowser: Native class hierarchy updated for 'AddContentDialog' in 0.0003 seconds. Added 0 classes and 0 folders.
[2016.06.01-06.26.42:652][  0]LogContentBrowser: Native class hierarchy updated for 'SceneOutliner' in 0.0004 seconds. Added 1 classes and 2 folders.
[2016.06.01-06.26.44:671][  0]LogCrashTracker: Crashtracker disabled due to settings.
[2016.06.01-06.26.44:769][  0]LogUObjectGlobals:Warning: 'Class 없음.' 오브젝트를 찾는 데 실패했습니다.
[2016.06.01-06.26.44:860][  0]LogContentBrowser: Native class hierarchy updated for 'HierarchicalLODOutliner' in 0.0004 seconds. Added 1 classes and 2 folders.
[2016.06.01-06.26.44:860][  0]LogLoad: Full Startup: 46.21 seconds (BP compile: 0.60 seconds)
[2016.06.01-06.26.44:861][  0]LogExternalProfiler: Found external profiler: VSPerf
[2016.06.01-06.26.44:861][  0]LogExternalProfiler: Using external profiler: VSPerf
[2016.06.01-06.26.44:891][  0]LogOcInput: OculusInput pre-init called
[2016.06.01-06.26.45:330][  0]LogContentStreaming: Texture pool size now 1000 MB
[2016.06.01-06.26.46:199][  0]LogRenderer: Reallocating scene render targets to support 1116x568 (Frame:2).
[2016.06.01-06.26.46:778][  2]LogContentBrowser: Native class hierarchy updated for 'BlueprintGraph' in 0.0006 seconds. Added 108 classes and 0 folders.
[2016.06.01-06.26.51:350][  2]LogAssetRegistry: Asset discovery search completed in 32.1311 seconds
[2016.06.01-06.26.51:350][  2]LogCollectionManager: Rebuilt the object cache for 1 collections in 0.000001 seconds (found 0 objects)
[2016.06.01-06.26.51:350][  2]LogCollectionManager: Fixed up redirectors for 1 collections in 0.000023 seconds (updated 0 objects)
[2016.06.01-06.28.06:909][764]Cmd: MAP LOAD FILE="../../../../../../Programming/unreal/Cube/Cube/Content/Start.umap" TEMPLATE=0 SHOWPROGRESS=1 FEATURELEVEL=3
[2016.06.01-06.28.06:909][764]LightingResults: New page: 라이팅 빌드
[2016.06.01-06.28.06:933][764]LoadErrors: New page: 맵 로드중: Start.umap
[2016.06.01-06.28.06:933][764]MapCheck: New page: 맵 체크
[2016.06.01-06.28.06:933][764]LightingResults: New page: 라이팅 빌드
[2016.06.01-06.28.06:980][764]LogAIModule: Creating AISystem for world Start
[2016.06.01-06.28.07:077][764]LogEditorServer: Finished looking for orphan Actors (0.000 secs)
[2016.06.01-06.28.07:115][764]Cmd: MAP CHECKDEP NOCLEARLOG
[2016.06.01-06.28.07:158][764]MapCheck: 정보 맵 체크 완료: 오류 0 회, 경고 0 회, 소요 시간 42.225ms.
[2016.06.01-06.28.07:158][764]LogFileHelpers: Loading map 'Start' took 0.253
[2016.06.01-06.28.11:537][192]LogAIModule: Creating AISystem for world Stage_2
[2016.06.01-06.28.11:586][192]Cmd: MAP LOAD FILE="../../../../../../Programming/unreal/Cube/Cube/Content/Stage_2.umap" TEMPLATE=0 SHOWPROGRESS=1 FEATURELEVEL=3
[2016.06.01-06.28.11:586][192]LightingResults: New page: 라이팅 빌드
[2016.06.01-06.28.11:604][192]LoadErrors: New page: 맵 로드중: Stage_2.umap
[2016.06.01-06.28.11:604][192]MapCheck: New page: 맵 체크
[2016.06.01-06.28.11:604][192]LightingResults: New page: 라이팅 빌드
[2016.06.01-06.28.11:744][192]LogEditorServer: Finished looking for orphan Actors (0.000 secs)
[2016.06.01-06.28.11:768][192]Cmd: MAP CHECKDEP NOCLEARLOG
[2016.06.01-06.28.11:810][192]MapCheck: 정보 맵 체크 완료: 오류 0 회, 경고 0 회, 소요 시간 42.078ms.
[2016.06.01-06.28.11:810][192]LogFileHelpers: Loading map 'Stage_2' took 0.225
[2016.06.01-06.28.14:447][452]LogBlueprintUserMessages: Early PlayInEditor Detection: Level '/Game/Stage_2.Stage_2:PersistentLevel' has LevelScriptBlueprint '/Game/Stage_2.Stage_2:PersistentLevel.Stage_2' with GeneratedClass '/Game/Stage_2.Stage_2_C' with ClassGeneratedBy '/Game/Stage_2.Stage_2:PersistentLevel.Stage_2'
[2016.06.01-06.28.14:447][452]LogPlayLevel: PlayLevel: No blueprints needed recompiling
[2016.06.01-06.28.14:466][452]PIE: New page: PIE 세션: Stage_2 (2016. 6. 2. 오전 12:28:14)
[2016.06.01-06.28.14:466][452]LogPlayLevel: Creating play world package: /Game/UEDPIE_0_Stage_2
[2016.06.01-06.28.14:766][452]LogPlayLevel: PIE: StaticDuplicateObject took: (0.299928s)
[2016.06.01-06.28.14:767][452]LogAIModule: Creating AISystem for world Stage_2
[2016.06.01-06.28.14:767][452]LogPlayLevel: PIE: World Init took: (0.000556s)
[2016.06.01-06.28.14:767][452]LogPlayLevel: PIE: Created PIE world by copying editor world from /Game/Stage_2.Stage_2 to /Game/UEDPIE_0_Stage_2.Stage_2 (0.300710s)
[2016.06.01-06.28.14:797][452]LogInit: XAudio2 using '스피커(Realtek High Definition Audio)' : 2 channels at 48 kHz using 32 bits per sample (channel mask 0x3)
[2016.06.01-06.28.14:814][452]LogInit: FAudioDevice initialized.
[2016.06.01-06.28.14:957][452]LogWorld: Game class is 'MyGameMode_C'
[2016.06.01-06.28.14:960][452]LogWorld: Bringing World /Game/UEDPIE_0_Stage_2.Stage_2 up for play (max tick rate 0) at 2016.06.01-15.28.14
[2016.06.01-06.28.14:960][452]LogWorld: Bringing up level for play took: 0.002719
[2016.06.01-06.28.15:008][452]LogContentBrowser: Native class hierarchy updated for 'MovieSceneCapture' in 0.0005 seconds. Added 9 classes and 0 folders.
[2016.06.01-06.28.15:047][452]LogStreaming:Warning: Failed to read file '../../../../../../Programming/unreal/Cube/Cube/Saved//SaveGames/Cube.sav' error.
[2016.06.01-06.28.15:066][452]PIE: 정보 /Game/UEDPIE_0_Stage_2 에 대한 에디터에서 플레이 시작 시간: -0.07
[2016.06.01-06.28.15:066][452]LogBlueprintUserMessages: Late PlayInEditor Detection: Level '/Game/Stage_2.Stage_2:PersistentLevel' has LevelScriptBlueprint '/Game/Stage_2.Stage_2:PersistentLevel.Stage_2' with GeneratedClass '/Game/Stage_2.Stage_2_C' with ClassGeneratedBy '/Game/Stage_2.Stage_2:PersistentLevel.Stage_2'
[2016.06.01-06.28.16:336][580]LogBlueprintUserMessages: Early EndPlayMap Detection: Level '/Game/Stage_2.Stage_2:PersistentLevel' has LevelScriptBlueprint '/Game/Stage_2.Stage_2:PersistentLevel.Stage_2' with GeneratedClass '/Game/Stage_2.Stage_2_C' with ClassGeneratedBy '/Game/Stage_2.Stage_2:PersistentLevel.Stage_2'
[2016.06.01-06.28.16:443][580]LogBlueprintUserMessages: Late EndPlayMap Detection: Level '/Game/Stage_2.Stage_2:PersistentLevel' has LevelScriptBlueprint '/Game/Stage_2.Stage_2:PersistentLevel.Stage_2' with GeneratedClass '/Game/Stage_2.Stage_2_C' with ClassGeneratedBy '/Game/Stage_2.Stage_2:PersistentLevel.Stage_2'
[2016.06.01-06.28.17:643][650]LogAIModule: Creating AISystem for world Stage_1
[2016.06.01-06.28.17:675][650]Cmd: MAP LOAD FILE="../../../../../../Programming/unreal/Cube/Cube/Content/Stage_1.umap" TEMPLATE=0 SHOWPROGRESS=1 FEATURELEVEL=3
[2016.06.01-06.28.17:675][650]LightingResults: New page: 라이팅 빌드
[2016.06.01-06.28.17:693][650]LoadErrors: New page: 맵 로드중: Stage_1.umap
[2016.06.01-06.28.17:693][650]MapCheck: New page: 맵 체크
[2016.06.01-06.28.17:693][650]LightingResults: New page: 라이팅 빌드
[2016.06.01-06.28.17:817][650]LogEditorServer: Finished looking for orphan Actors (0.000 secs)
[2016.06.01-06.28.17:840][650]Cmd: MAP CHECKDEP NOCLEARLOG
[2016.06.01-06.28.17:882][650]MapCheck: 정보 맵 체크 완료: 오류 0 회, 경고 0 회, 소요 시간 42.1ms.
[2016.06.01-06.28.17:883][650]LogFileHelpers: Loading map 'Stage_1' took 0.210
[2016.06.01-06.28.34:196][249]LogEditorViewport: Clicking on Actor (LMB): MiniMap_Camera_C (MiniMap_Camera)
[2016.06.01-06.28.50:550][377]LogBlueprintUserMessages: Early PlayInEditor Detection: Level '/Game/Stage_1.Stage_1:PersistentLevel' has LevelScriptBlueprint '/Game/Stage_1.Stage_1:PersistentLevel.Stage_1' with GeneratedClass '/Game/Stage_1.Stage_1_C' with ClassGeneratedBy '/Game/Stage_1.Stage_1:PersistentLevel.Stage_1'
[2016.06.01-06.28.50:550][377]LogPlayLevel: PlayLevel: No blueprints needed recompiling
[2016.06.01-06.28.50:550][377]PIE: New page: PIE 세션: Stage_1 (2016. 6. 2. 오전 12:28:50)
[2016.06.01-06.28.50:550][377]LogPlayLevel: Creating play world package: /Game/UEDPIE_0_Stage_1
[2016.06.01-06.28.50:846][377]LogPlayLevel: PIE: StaticDuplicateObject took: (0.296942s)
[2016.06.01-06.28.50:847][377]LogAIModule: Creating AISystem for world Stage_1
[2016.06.01-06.28.50:847][377]LogPlayLevel: PIE: World Init took: (0.000519s)
[2016.06.01-06.28.50:847][377]LogPlayLevel: PIE: Created PIE world by copying editor world from /Game/Stage_1.Stage_1 to /Game/UEDPIE_0_Stage_1.Stage_1 (0.297637s)
[2016.06.01-06.28.50:902][377]LogInit: XAudio2 using '스피커(Realtek High Definition Audio)' : 2 channels at 48 kHz using 32 bits per sample (channel mask 0x3)
[2016.06.01-06.28.50:919][377]LogInit: FAudioDevice initialized.
[2016.06.01-06.28.50:951][377]LogWorld: Game class is 'MyGameMode_C'
[2016.06.01-06.28.50:954][377]LogWorld: Bringing World /Game/UEDPIE_0_Stage_1.Stage_1 up for play (max tick rate 0) at 2016.06.01-15.28.50
[2016.06.01-06.28.50:954][377]LogWorld: Bringing up level for play took: 0.002645
[2016.06.01-06.28.50:956][377]LogStreaming:Warning: Failed to read file '../../../../../../Programming/unreal/Cube/Cube/Saved//SaveGames/Cube.sav' error.
[2016.06.01-06.28.50:956][377]PIE: 정보 /Game/UEDPIE_0_Stage_1 에 대한 에디터에서 플레이 시작 시간: -0.179
[2016.06.01-06.28.50:956][377]LogBlueprintUserMessages: Late PlayInEditor Detection: Level '/Game/Stage_1.Stage_1:PersistentLevel' has LevelScriptBlueprint '/Game/Stage_1.Stage_1:PersistentLevel.Stage_1' with GeneratedClass '/Game/Stage_1.Stage_1_C' with ClassGeneratedBy '/Game/Stage_1.Stage_1:PersistentLevel.Stage_1'
[2016.06.01-06.28.52:364][516]LogBlueprintUserMessages: [Question1] 1
[2016.06.01-06.28.52:365][516]LogBlueprintUserMessages: [Stage_1_C_0] Fail
[2016.06.01-06.28.52:377][517]LogNet: Browse: /Game/Start
[2016.06.01-06.28.52:378][517]LogLoad: LoadMap: /Game/Start
[2016.06.01-06.28.52:404][517]Cmd: MEM
[2016.06.01-06.28.52:464][517]LogMemory: Platform Memory Stats for Windows
[2016.06.01-06.28.52:464][517]LogMemory: Process Physical Memory: 1249.73 MB used, 1250.71 MB peak
[2016.06.01-06.28.52:464][517]LogMemory: Process Virtual Memory: 2464.67 MB used, 2468.74 MB peak
[2016.06.01-06.28.52:464][517]LogMemory: Physical Memory: 4371.96 MB used, 16312.00 MB total
[2016.06.01-06.28.52:464][517]LogMemory: Virtual Memory: 3161.47 MB used, 134217728.00 MB total
[2016.06.01-06.28.52:464][517]LogMemory: 
[2016.06.01-06.28.52:464][517]Allocator Stats for TBB: (not implemented)
[2016.06.01-06.28.52:836][517]LogAIModule: Creating AISystem for world Start
[2016.06.01-06.28.52:836][517]LogWorld: Game class is 'StartGameMode_C'
[2016.06.01-06.28.52:838][517]LogWorld: Bringing World /Game/UEDPIE_0_Start.Start up for play (max tick rate 0) at 2016.06.01-15.28.52
[2016.06.01-06.28.52:838][517]LogWorld: Bringing up level for play took: 0.001104
[2016.06.01-06.28.52:839][517]LogGameMode: Warning - PATHS NOT DEFINED or NO PLAYERSTART with positive rating
[2016.06.01-06.28.53:144][517]LogWorld: PIE: Copying PIE streaming level from /Game/Stage_1.Stage_1 to /Game/UEDPIE_0_Stage_1.Stage_1. OwningWorld: /Game/UEDPIE_0_Start.Start
[2016.06.01-06.28.53:146][517]LogSelection:Warning: PIE object was selected: "MiniMap_Camera_C /Game/UEDPIE_0_Stage_1.Stage_1:PersistentLevel.MiniMap_Camera"
[2016.06.01-06.28.53:146][517]LogSelection:Warning: PIE object was selected: "Actor /Game/UEDPIE_0_Stage_1.Stage_1:PersistentLevel.QuestionCenter"
[2016.06.01-06.28.53:146][517]LogSelection:Warning: PIE object was selected: "Question_C /Game/UEDPIE_0_Stage_1.Stage_1:PersistentLevel.Question"
[2016.06.01-06.28.53:146][517]LogSelection:Warning: PIE object was selected: "Question_C /Game/UEDPIE_0_Stage_1.Stage_1:PersistentLevel.Question1"
[2016.06.01-06.28.53:146][517]LogSelection:Warning: PIE object was selected: "Question_C /Game/UEDPIE_0_Stage_1.Stage_1:PersistentLevel.Question2"
[2016.06.01-06.28.53:146][517]LogSelection:Warning: PIE object was selected: "Question_C /Game/UEDPIE_0_Stage_1.Stage_1:PersistentLevel.Question3"
[2016.06.01-06.28.53:176][517]LogScript:Warning: Accessed None 이 GameMode 프로퍼티를 읽으려 합니다.
	MyHUD_C /Game/UEDPIE_0_Start.Start:PersistentLevel.MyHUD_C_1
	Function /Game/BP/MyHUD.MyHUD_C:ExecuteUbergraph_MyHUD:013C
[2016.06.01-06.28.53:176][517]PIE:Error: 오류 블루프린트 런타임 오류: Accessed None 이 GameMode 프로퍼티를 읽으려 합니다. 다음 함수에서: 'ExecuteUbergraph_MyHUD' 노드: Draw Text 그래프: EventGraph 오브젝트: MyHUD
[2016.06.01-06.28.53:176][517]LogScript:Warning: Accessed None 이 GameMode 프로퍼티를 읽으려 합니다.
	MyHUD_C /Game/UEDPIE_0_Start.Start:PersistentLevel.MyHUD_C_1
	Function /Game/BP/MyHUD.MyHUD_C:ExecuteUbergraph_MyHUD:0058
[2016.06.01-06.28.53:176][517]PIE:Error: 오류 블루프린트 런타임 오류: Accessed None 이 GameMode 프로퍼티를 읽으려 합니다. 다음 함수에서: 'ExecuteUbergraph_MyHUD' 노드: Draw Text 그래프: EventGraph 오브젝트: MyHUD
[2016.06.01-06.28.53:660][517]LogSelection:Warning: PIE object was selected: "Actor /Game/UEDPIE_0_Stage_2.Stage_2:PersistentLevel.QuestionCenter"
[2016.06.01-06.28.53:660][517]LogSelection:Warning: PIE object was selected: "MiniMap_Camera_C /Game/UEDPIE_0_Stage_2.Stage_2:PersistentLevel.MiniMap_Camera"
[2016.06.01-06.28.53:660][517]LogSelection:Warning: PIE object was selected: "Question_C /Game/UEDPIE_0_Stage_2.Stage_2:PersistentLevel.Question"
[2016.06.01-06.28.53:660][517]LogSelection:Warning: PIE object was selected: "Question_C /Game/UEDPIE_0_Stage_2.Stage_2:PersistentLevel.Question1"
[2016.06.01-06.28.53:660][517]LogSelection:Warning: PIE object was selected: "Question_C /Game/UEDPIE_0_Stage_2.Stage_2:PersistentLevel.Question2"
[2016.06.01-06.28.53:660][517]LogSelection:Warning: PIE object was selected: "Question_C /Game/UEDPIE_0_Stage_2.Stage_2:PersistentLevel.Question3"
[2016.06.01-06.28.55:782][725]LogBlueprintUserMessages: Early EndPlayMap Detection: Level '/Game/Stage_1.Stage_1:PersistentLevel' has LevelScriptBlueprint '/Game/Stage_1.Stage_1:PersistentLevel.Stage_1' with GeneratedClass '/Game/Stage_1.Stage_1_C' with ClassGeneratedBy '/Game/Stage_1.Stage_1:PersistentLevel.Stage_1'
[2016.06.01-06.28.55:823][725]LogBlueprintUserMessages: Late EndPlayMap Detection: Level '/Game/Stage_1.Stage_1:PersistentLevel' has LevelScriptBlueprint '/Game/Stage_1.Stage_1:PersistentLevel.Stage_1' with GeneratedClass '/Game/Stage_1.Stage_1_C' with ClassGeneratedBy '/Game/Stage_1.Stage_1:PersistentLevel.Stage_1'
[2016.06.01-06.29.17:109][486]LogRenderTargetPool:Warning: r.RenderTargetPoolMin exceeded 403/400 MB (ok in editor, bad on fixed memory platform)
[2016.06.01-06.29.40:927][527]LogEditorViewport: Clicking on Actor (LMB): Question_C (Question2)
[2016.06.01-06.29.41:401][564]LogEditorViewport: Clicking on Actor (LMB): Question_C (Question2)
[2016.06.01-06.29.43:567][745]LogEditorViewport: Clicking on Actor (LMB): Question_C (Question3)
[2016.06.01-06.29.49:139][215]LogEditorViewport: Clicking on Actor (LMB): MiniMap_Camera_C (MiniMap_Camera)
[2016.06.01-06.30.08:264][803]LogEditorViewport: Clicking on Actor (LMB): Question_C (Question2)
[2016.06.01-06.30.11:107][ 48]LogEditorViewport: Clicking on Actor (LMB): Question_C (Question3)
[2016.06.01-06.30.11:511][ 81]LogEditorViewport: Clicking on Actor (LMB): Question_C (Question3)
[2016.06.01-06.30.33:625][998]LogBlueprintUserMessages: Early PlayInEditor Detection: Level '/Game/Stage_1.Stage_1:PersistentLevel' has LevelScriptBlueprint '/Game/Stage_1.Stage_1:PersistentLevel.Stage_1' with GeneratedClass '/Game/Stage_1.Stage_1_C' with ClassGeneratedBy '/Game/Stage_1.Stage_1:PersistentLevel.Stage_1'
[2016.06.01-06.30.33:625][998]LogPlayLevel: PlayLevel: No blueprints needed recompiling
[2016.06.01-06.30.33:625][998]PIE: New page: PIE 세션: Stage_1 (2016. 6. 2. 오전 12:30:33)
[2016.06.01-06.30.33:625][998]LogPlayLevel: Creating play world package: /Game/UEDPIE_0_Stage_1
[2016.06.01-06.30.33:921][998]LogPlayLevel: PIE: StaticDuplicateObject took: (0.296157s)
[2016.06.01-06.30.33:922][998]LogAIModule: Creating AISystem for world Stage_1
[2016.06.01-06.30.33:922][998]LogPlayLevel: PIE: World Init took: (0.001072s)
[2016.06.01-06.30.33:922][998]LogPlayLevel: PIE: Created PIE world by copying editor world from /Game/Stage_1.Stage_1 to /Game/UEDPIE_0_Stage_1.Stage_1 (0.297442s)
[2016.06.01-06.30.33:960][998]LogInit: XAudio2 using '스피커(Realtek High Definition Audio)' : 2 channels at 48 kHz using 32 bits per sample (channel mask 0x3)
[2016.06.01-06.30.33:977][998]LogInit: FAudioDevice initialized.
[2016.06.01-06.30.34:009][998]LogWorld: Game class is 'MyGameMode_C'
[2016.06.01-06.30.34:012][998]LogWorld: Bringing World /Game/UEDPIE_0_Stage_1.Stage_1 up for play (max tick rate 0) at 2016.06.01-15.30.34
[2016.06.01-06.30.34:013][998]LogWorld: Bringing up level for play took: 0.002565
[2016.06.01-06.30.34:014][998]LogStreaming:Warning: Failed to read file '../../../../../../Programming/unreal/Cube/Cube/Saved//SaveGames/Cube.sav' error.
[2016.06.01-06.30.34:015][998]PIE: 정보 /Game/UEDPIE_0_Stage_1 에 대한 에디터에서 플레이 시작 시간: 0.879
[2016.06.01-06.30.34:015][998]LogBlueprintUserMessages: Late PlayInEditor Detection: Level '/Game/Stage_1.Stage_1:PersistentLevel' has LevelScriptBlueprint '/Game/Stage_1.Stage_1:PersistentLevel.Stage_1' with GeneratedClass '/Game/Stage_1.Stage_1_C' with ClassGeneratedBy '/Game/Stage_1.Stage_1:PersistentLevel.Stage_1'
[2016.06.01-06.30.35:049][102]LogBlueprintUserMessages: [Question1] 1
[2016.06.01-06.30.35:049][102]LogBlueprintUserMessages: [Stage_1_C_0] Fail
[2016.06.01-06.30.35:061][103]LogNet: Browse: /Game/Start
[2016.06.01-06.30.35:061][103]LogLoad: LoadMap: /Game/Start
[2016.06.01-06.30.35:080][103]Cmd: MEM
[2016.06.01-06.30.35:095][103]LogMemory: Platform Memory Stats for Windows
[2016.06.01-06.30.35:095][103]LogMemory: Process Physical Memory: 1309.43 MB used, 1473.64 MB peak
[2016.06.01-06.30.35:095][103]LogMemory: Process Virtual Memory: 2890.48 MB used, 4131.25 MB peak
[2016.06.01-06.30.35:095][103]LogMemory: Physical Memory: 4199.33 MB used, 16312.00 MB total
[2016.06.01-06.30.35:095][103]LogMemory: Virtual Memory: 3626.96 MB used, 134217728.00 MB total
[2016.06.01-06.30.35:095][103]LogMemory: 
[2016.06.01-06.30.35:095][103]Allocator Stats for TBB: (not implemented)
[2016.06.01-06.30.35:112][103]LogAIModule: Creating AISystem for world Start
[2016.06.01-06.30.35:113][103]LogWorld: Game class is 'StartGameMode_C'
[2016.06.01-06.30.35:114][103]LogWorld: Bringing World /Game/UEDPIE_0_Start.Start up for play (max tick rate 0) at 2016.06.01-15.30.35
[2016.06.01-06.30.35:115][103]LogWorld: Bringing up level for play took: 0.001222
[2016.06.01-06.30.35:115][103]LogGameMode: Warning - PATHS NOT DEFINED or NO PLAYERSTART with positive rating
[2016.06.01-06.30.35:408][103]LogWorld: PIE: Copying PIE streaming level from /Game/Stage_1.Stage_1 to /Game/UEDPIE_0_Stage_1.Stage_1. OwningWorld: /Game/UEDPIE_0_Start.Start
[2016.06.01-06.30.35:411][103]LogSelection:Warning: PIE object was selected: "Actor /Game/UEDPIE_0_Stage_1.Stage_1:PersistentLevel.QuestionCenter"
[2016.06.01-06.30.35:439][103]LogScript:Warning: Accessed None 이 GameMode 프로퍼티를 읽으려 합니다.
	MyHUD_C /Game/UEDPIE_0_Start.Start:PersistentLevel.MyHUD_C_2
	Function /Game/BP/MyHUD.MyHUD_C:ExecuteUbergraph_MyHUD:013C
[2016.06.01-06.30.35:439][103]PIE:Error: 오류 블루프린트 런타임 오류: Accessed None 이 GameMode 프로퍼티를 읽으려 합니다. 다음 함수에서: 'ExecuteUbergraph_MyHUD' 노드: Draw Text 그래프: EventGraph 오브젝트: MyHUD
[2016.06.01-06.30.35:439][103]LogScript:Warning: Accessed None 이 GameMode 프로퍼티를 읽으려 합니다.
	MyHUD_C /Game/UEDPIE_0_Start.Start:PersistentLevel.MyHUD_C_2
	Function /Game/BP/MyHUD.MyHUD_C:ExecuteUbergraph_MyHUD:0058
[2016.06.01-06.30.35:439][103]PIE:Error: 오류 블루프린트 런타임 오류: Accessed None 이 GameMode 프로퍼티를 읽으려 합니다. 다음 함수에서: 'ExecuteUbergraph_MyHUD' 노드: Draw Text 그래프: EventGraph 오브젝트: MyHUD
[2016.06.01-06.30.35:911][103]LogSelection:Warning: PIE object was selected: "Actor /Game/UEDPIE_0_Stage_2.Stage_2:PersistentLevel.QuestionCenter"
[2016.06.01-06.30.36:607][170]LogBlueprintUserMessages: Early EndPlayMap Detection: Level '/Game/Stage_1.Stage_1:PersistentLevel' has LevelScriptBlueprint '/Game/Stage_1.Stage_1:PersistentLevel.Stage_1' with GeneratedClass '/Game/Stage_1.Stage_1_C' with ClassGeneratedBy '/Game/Stage_1.Stage_1:PersistentLevel.Stage_1'
[2016.06.01-06.30.36:645][170]LogBlueprintUserMessages: Late EndPlayMap Detection: Level '/Game/Stage_1.Stage_1:PersistentLevel' has LevelScriptBlueprint '/Game/Stage_1.Stage_1:PersistentLevel.Stage_1' with GeneratedClass '/Game/Stage_1.Stage_1_C' with ClassGeneratedBy '/Game/Stage_1.Stage_1:PersistentLevel.Stage_1'
[2016.06.01-06.30.43:409][745]LogEditorViewport: Clicking on Actor (LMB): BP_Sky_Sphere_C (Sky Sphere)
[2016.06.01-06.30.47:668][ 66]LogEditorViewport: Clicking on Actor (LMB): Question_C (Question3)
[2016.06.01-06.30.48:634][150]LogEditorViewport: Clicking on Actor (LMB): MiniMap_Camera_C (MiniMap_Camera)
[2016.06.01-06.30.56:072][752]LogRenderTargetPool:Warning: r.RenderTargetPoolMin exceeded 405/400 MB (ok in editor, bad on fixed memory platform)
[2016.06.01-06.31.00:313][107]LogBlueprintUserMessages: Early PlayInEditor Detection: Level '/Game/Stage_1.Stage_1:PersistentLevel' has LevelScriptBlueprint '/Game/Stage_1.Stage_1:PersistentLevel.Stage_1' with GeneratedClass '/Game/Stage_1.Stage_1_C' with ClassGeneratedBy '/Game/Stage_1.Stage_1:PersistentLevel.Stage_1'
[2016.06.01-06.31.00:313][107]LogPlayLevel: PlayLevel: No blueprints needed recompiling
[2016.06.01-06.31.00:313][107]PIE: New page: PIE 세션: Stage_1 (2016. 6. 2. 오전 12:31:00)
[2016.06.01-06.31.00:313][107]LogPlayLevel: Creating play world package: /Game/UEDPIE_0_Stage_1
[2016.06.01-06.31.00:606][107]LogPlayLevel: PIE: StaticDuplicateObject took: (0.293062s)
[2016.06.01-06.31.00:606][107]LogAIModule: Creating AISystem for world Stage_1
[2016.06.01-06.31.00:606][107]LogPlayLevel: PIE: World Init took: (0.000545s)
[2016.06.01-06.31.00:606][107]LogPlayLevel: PIE: Created PIE world by copying editor world from /Game/Stage_1.Stage_1 to /Game/UEDPIE_0_Stage_1.Stage_1 (0.293776s)
[2016.06.01-06.31.00:663][107]LogInit: XAudio2 using '스피커(Realtek High Definition Audio)' : 2 channels at 48 kHz using 32 bits per sample (channel mask 0x3)
[2016.06.01-06.31.00:680][107]LogInit: FAudioDevice initialized.
[2016.06.01-06.31.00:711][107]LogWorld: Game class is 'MyGameMode_C'
[2016.06.01-06.31.00:714][107]LogWorld: Bringing World /Game/UEDPIE_0_Stage_1.Stage_1 up for play (max tick rate 0) at 2016.06.01-15.31.00
[2016.06.01-06.31.00:715][107]LogWorld: Bringing up level for play took: 0.002485
[2016.06.01-06.31.00:716][107]LogStreaming:Warning: Failed to read file '../../../../../../Programming/unreal/Cube/Cube/Saved//SaveGames/Cube.sav' error.
[2016.06.01-06.31.00:717][107]PIE: 정보 /Game/UEDPIE_0_Stage_1 에 대한 에디터에서 플레이 시작 시간: -0.419
[2016.06.01-06.31.00:717][107]LogBlueprintUserMessages: Late PlayInEditor Detection: Level '/Game/Stage_1.Stage_1:PersistentLevel' has LevelScriptBlueprint '/Game/Stage_1.Stage_1:PersistentLevel.Stage_1' with GeneratedClass '/Game/Stage_1.Stage_1_C' with ClassGeneratedBy '/Game/Stage_1.Stage_1:PersistentLevel.Stage_1'
[2016.06.01-06.31.02:748][314]LogBlueprintUserMessages: Early EndPlayMap Detection: Level '/Game/Stage_1.Stage_1:PersistentLevel' has LevelScriptBlueprint '/Game/Stage_1.Stage_1:PersistentLevel.Stage_1' with GeneratedClass '/Game/Stage_1.Stage_1_C' with ClassGeneratedBy '/Game/Stage_1.Stage_1:PersistentLevel.Stage_1'
[2016.06.01-06.31.02:791][314]LogBlueprintUserMessages: Late EndPlayMap Detection: Level '/Game/Stage_1.Stage_1:PersistentLevel' has LevelScriptBlueprint '/Game/Stage_1.Stage_1:PersistentLevel.Stage_1' with GeneratedClass '/Game/Stage_1.Stage_1_C' with ClassGeneratedBy '/Game/Stage_1.Stage_1:PersistentLevel.Stage_1'
[2016.06.01-06.31.09:853][912]LogEditorViewport: Clicking on Actor (LMB): BP_Sky_Sphere_C (Sky Sphere)
[2016.06.01-06.31.20:269][785]LogEditorViewport: Clicking on Actor (LMB): MiniMap_Camera_C (MiniMap_Camera)
[2016.06.01-06.31.29:433][566]LogEditorViewport: Clicking on Actor (LMB): BP_Sky_Sphere_C (Sky Sphere)
[2016.06.01-06.31.46:840][ 72]LogEditorViewport: Clicking on Actor (LMB): MiniMap_Camera_C (MiniMap_Camera)
[2016.06.01-06.31.47:178][ 95]LogEditorViewport: Clicking on Actor (LMB): MiniMap_Camera_C (MiniMap_Camera)
[2016.06.01-06.32.22:357][ 49]LogEditorActor: Deleted Actor: BP_Sky_Sphere_C
[2016.06.01-06.32.22:375][ 49]LogEditorActor: Deleted 1 Actors (0.028 secs)
[2016.06.01-06.32.24:808][296]LogBlueprintUserMessages: Early PlayInEditor Detection: Level '/Game/Stage_1.Stage_1:PersistentLevel' has LevelScriptBlueprint '/Game/Stage_1.Stage_1:PersistentLevel.Stage_1' with GeneratedClass '/Game/Stage_1.Stage_1_C' with ClassGeneratedBy '/Game/Stage_1.Stage_1:PersistentLevel.Stage_1'
[2016.06.01-06.32.24:808][296]LogPlayLevel: PlayLevel: No blueprints needed recompiling
[2016.06.01-06.32.24:808][296]PIE: New page: PIE 세션: Stage_1 (2016. 6. 2. 오전 12:32:24)
[2016.06.01-06.32.24:808][296]LogPlayLevel: Creating play world package: /Game/UEDPIE_0_Stage_1
[2016.06.01-06.32.25:102][296]LogPlayLevel: PIE: StaticDuplicateObject took: (0.293223s)
[2016.06.01-06.32.25:103][296]LogAIModule: Creating AISystem for world Stage_1
[2016.06.01-06.32.25:103][296]LogPlayLevel: PIE: World Init took: (0.000682s)
[2016.06.01-06.32.25:103][296]LogPlayLevel: PIE: Created PIE world by copying editor world from /Game/Stage_1.Stage_1 to /Game/UEDPIE_0_Stage_1.Stage_1 (0.294091s)
[2016.06.01-06.32.25:132][296]LogInit: XAudio2 using '스피커(Realtek High Definition Audio)' : 2 channels at 48 kHz using 32 bits per sample (channel mask 0x3)
[2016.06.01-06.32.25:148][296]LogInit: FAudioDevice initialized.
[2016.06.01-06.32.25:181][296]LogWorld: Game class is 'MyGameMode_C'
[2016.06.01-06.32.25:185][296]LogWorld: Bringing World /Game/UEDPIE_0_Stage_1.Stage_1 up for play (max tick rate 0) at 2016.06.01-15.32.25
[2016.06.01-06.32.25:185][296]LogWorld: Bringing up level for play took: 0.002852
[2016.06.01-06.32.25:186][296]LogStreaming:Warning: Failed to read file '../../../../../../Programming/unreal/Cube/Cube/Saved//SaveGames/Cube.sav' error.
[2016.06.01-06.32.25:187][296]PIE: 정보 /Game/UEDPIE_0_Stage_1 에 대한 에디터에서 플레이 시작 시간: 0.051
[2016.06.01-06.32.25:187][296]LogBlueprintUserMessages: Late PlayInEditor Detection: Level '/Game/Stage_1.Stage_1:PersistentLevel' has LevelScriptBlueprint '/Game/Stage_1.Stage_1:PersistentLevel.Stage_1' with GeneratedClass '/Game/Stage_1.Stage_1_C' with ClassGeneratedBy '/Game/Stage_1.Stage_1:PersistentLevel.Stage_1'
[2016.06.01-06.32.28:356][606]LogBlueprintUserMessages: Early EndPlayMap Detection: Level '/Game/Stage_1.Stage_1:PersistentLevel' has LevelScriptBlueprint '/Game/Stage_1.Stage_1:PersistentLevel.Stage_1' with GeneratedClass '/Game/Stage_1.Stage_1_C' with ClassGeneratedBy '/Game/Stage_1.Stage_1:PersistentLevel.Stage_1'
[2016.06.01-06.32.28:389][606]LogBlueprintUserMessages: Late EndPlayMap Detection: Level '/Game/Stage_1.Stage_1:PersistentLevel' has LevelScriptBlueprint '/Game/Stage_1.Stage_1:PersistentLevel.Stage_1' with GeneratedClass '/Game/Stage_1.Stage_1_C' with ClassGeneratedBy '/Game/Stage_1.Stage_1:PersistentLevel.Stage_1'
[2016.06.01-06.32.34:552][230]Cmd: TRANSACTION UNDO
[2016.06.01-06.32.34:552][230]LogEditorTransaction: Undo 선택 삭제
[2016.06.01-06.32.34:983][256]Cmd: TRANSACTION UNDO
[2016.06.01-06.32.34:983][256]LogEditorTransaction: Undo 액터 클릭
[2016.06.01-06.32.35:475][292]Cmd: TRANSACTION UNDO
[2016.06.01-06.32.35:475][292]LogEditorTransaction: Undo 액터 클릭
[2016.06.01-06.32.36:126][344]Cmd: TRANSACTION UNDO
[2016.06.01-06.32.36:126][344]LogEditorTransaction: Undo 액터 클릭
[2016.06.01-06.32.36:393][364]Cmd: TRANSACTION UNDO
[2016.06.01-06.32.36:393][364]LogEditorTransaction: Undo 액터 클릭
[2016.06.01-06.32.36:612][378]Cmd: TRANSACTION UNDO
[2016.06.01-06.32.36:612][378]LogEditorTransaction: Undo 액터 위치를 설정합니다.
[2016.06.01-06.32.37:065][414]Cmd: TRANSACTION UNDO
[2016.06.01-06.32.37:065][414]LogEditorTransaction: Undo 액터 위치를 설정합니다.
[2016.06.01-06.32.37:274][431]Cmd: TRANSACTION UNDO
[2016.06.01-06.32.37:274][431]LogEditorTransaction: Undo 액터 위치를 설정합니다.
[2016.06.01-06.32.37:487][448]Cmd: TRANSACTION UNDO
[2016.06.01-06.32.37:487][448]LogEditorTransaction: Undo 액터 위치를 설정합니다.
[2016.06.01-06.32.37:724][467]Cmd: TRANSACTION UNDO
[2016.06.01-06.32.37:724][467]LogEditorTransaction: Undo 액터 위치를 설정합니다.
[2016.06.01-06.32.38:195][506]Cmd: TRANSACTION UNDO
[2016.06.01-06.32.38:195][506]LogEditorTransaction: Undo 액터 위치를 설정합니다.
[2016.06.01-06.32.38:419][524]Cmd: TRANSACTION UNDO
[2016.06.01-06.32.38:419][524]LogEditorTransaction: Undo 액터 클릭
[2016.06.01-06.32.39:491][616]Cmd: TRANSACTION UNDO
[2016.06.01-06.32.39:491][616]LogEditorTransaction: Undo 액터 클릭
[2016.06.01-06.32.40:906][742]Cmd: TRANSACTION UNDO
[2016.06.01-06.32.40:906][742]LogEditorTransaction: Undo 액터 위치를 설정합니다.
[2016.06.01-06.32.41:308][775]Cmd: TRANSACTION UNDO
[2016.06.01-06.32.41:308][775]LogEditorTransaction: Undo 액터 위치를 설정합니다.
[2016.06.01-06.32.41:675][808]Cmd: TRANSACTION UNDO
[2016.06.01-06.32.41:675][808]LogEditorTransaction: Undo 액터 위치를 설정합니다.
[2016.06.01-06.32.44:676][ 70]LogEditorActor: Deleted Actor: BP_Sky_Sphere_C
[2016.06.01-06.32.44:695][ 70]LogEditorActor: Deleted 1 Actors (0.019 secs)
[2016.06.01-06.32.45:635][157]LogBlueprintUserMessages: Early PlayInEditor Detection: Level '/Game/Stage_1.Stage_1:PersistentLevel' has LevelScriptBlueprint '/Game/Stage_1.Stage_1:PersistentLevel.Stage_1' with GeneratedClass '/Game/Stage_1.Stage_1_C' with ClassGeneratedBy '/Game/Stage_1.Stage_1:PersistentLevel.Stage_1'
[2016.06.01-06.32.45:635][157]LogPlayLevel: PlayLevel: No blueprints needed recompiling
[2016.06.01-06.32.45:636][157]PIE: New page: PIE 세션: Stage_1 (2016. 6. 2. 오전 12:32:45)
[2016.06.01-06.32.45:636][157]LogPlayLevel: Creating play world package: /Game/UEDPIE_0_Stage_1
[2016.06.01-06.32.45:933][157]LogPlayLevel: PIE: StaticDuplicateObject took: (0.297917s)
[2016.06.01-06.32.45:933][157]LogAIModule: Creating AISystem for world Stage_1
[2016.06.01-06.32.45:934][157]LogPlayLevel: PIE: World Init took: (0.000529s)
[2016.06.01-06.32.45:934][157]LogPlayLevel: PIE: Created PIE world by copying editor world from /Game/Stage_1.Stage_1 to /Game/UEDPIE_0_Stage_1.Stage_1 (0.298694s)
[2016.06.01-06.32.45:964][157]LogInit: XAudio2 using '스피커(Realtek High Definition Audio)' : 2 channels at 48 kHz using 32 bits per sample (channel mask 0x3)
[2016.06.01-06.32.45:981][157]LogInit: FAudioDevice initialized.
[2016.06.01-06.32.46:010][157]LogWorld: Game class is 'MyGameMode_C'
[2016.06.01-06.32.46:013][157]LogWorld: Bringing World /Game/UEDPIE_0_Stage_1.Stage_1 up for play (max tick rate 0) at 2016.06.01-15.32.46
[2016.06.01-06.32.46:014][157]LogWorld: Bringing up level for play took: 0.002616
[2016.06.01-06.32.46:015][157]LogStreaming:Warning: Failed to read file '../../../../../../Programming/unreal/Cube/Cube/Saved//SaveGames/Cube.sav' error.
[2016.06.01-06.32.46:016][157]PIE: 정보 /Game/UEDPIE_0_Stage_1 에 대한 에디터에서 플레이 시작 시간: 0.88
[2016.06.01-06.32.46:016][157]LogBlueprintUserMessages: Late PlayInEditor Detection: Level '/Game/Stage_1.Stage_1:PersistentLevel' has LevelScriptBlueprint '/Game/Stage_1.Stage_1:PersistentLevel.Stage_1' with GeneratedClass '/Game/Stage_1.Stage_1_C' with ClassGeneratedBy '/Game/Stage_1.Stage_1:PersistentLevel.Stage_1'
[2016.06.01-06.32.58:182][363]LogBlueprintUserMessages: [Question] 1
[2016.06.01-06.32.58:182][363]LogBlueprintUserMessages: [Question1] 2
[2016.06.01-06.32.58:182][363]LogBlueprintUserMessages: [Question2] 3
[2016.06.01-06.32.58:182][363]LogBlueprintUserMessages: [Question3] 4
[2016.06.01-06.32.58:182][363]LogBlueprintUserMessages: [Stage_1_C_0] Success
[2016.06.01-06.32.58:183][363]LogBlueprintUserMessages: [Stage_1_C_0] Fail
[2016.06.01-06.32.58:184][363]LogBlueprintUserMessages: [Stage_1_C_0] Fail
[2016.06.01-06.32.58:185][363]LogBlueprintUserMessages: [Stage_1_C_0] Fail
[2016.06.01-06.32.58:187][363]LogBlueprintUserMessages: [Stage_1_C_0] Fail
[2016.06.01-06.32.58:198][364]LogNet: Browse: /Game/Start
[2016.06.01-06.32.58:199][364]LogLoad: LoadMap: /Game/Start
[2016.06.01-06.32.58:220][364]Cmd: MEM
[2016.06.01-06.32.58:236][364]LogMemory: Platform Memory Stats for Windows
[2016.06.01-06.32.58:236][364]LogMemory: Process Physical Memory: 1154.81 MB used, 1473.64 MB peak
[2016.06.01-06.32.58:236][364]LogMemory: Process Virtual Memory: 2654.72 MB used, 4131.25 MB peak
[2016.06.01-06.32.58:236][364]LogMemory: Physical Memory: 4077.66 MB used, 16312.00 MB total
[2016.06.01-06.32.58:236][364]LogMemory: Virtual Memory: 3427.44 MB used, 134217728.00 MB total
[2016.06.01-06.32.58:236][364]LogMemory: 
[2016.06.01-06.32.58:236][364]Allocator Stats for TBB: (not implemented)
[2016.06.01-06.32.58:254][364]LogAIModule: Creating AISystem for world Start
[2016.06.01-06.32.58:254][364]LogWorld: Game class is 'StartGameMode_C'
[2016.06.01-06.32.58:255][364]LogWorld: Bringing World /Game/UEDPIE_0_Start.Start up for play (max tick rate 0) at 2016.06.01-15.32.58
[2016.06.01-06.32.58:256][364]LogWorld: Bringing up level for play took: 0.001101
[2016.06.01-06.32.58:256][364]LogGameMode: Warning - PATHS NOT DEFINED or NO PLAYERSTART with positive rating
[2016.06.01-06.32.58:548][364]LogWorld: PIE: Copying PIE streaming level from /Game/Stage_1.Stage_1 to /Game/UEDPIE_0_Stage_1.Stage_1. OwningWorld: /Game/UEDPIE_0_Start.Start
[2016.06.01-06.32.58:579][364]LogScript:Warning: Accessed None 이 GameMode 프로퍼티를 읽으려 합니다.
	MyHUD_C /Game/UEDPIE_0_Start.Start:PersistentLevel.MyHUD_C_3
	Function /Game/BP/MyHUD.MyHUD_C:ExecuteUbergraph_MyHUD:013C
[2016.06.01-06.32.58:579][364]PIE:Error: 오류 블루프린트 런타임 오류: Accessed None 이 GameMode 프로퍼티를 읽으려 합니다. 다음 함수에서: 'ExecuteUbergraph_MyHUD' 노드: Draw Text 그래프: EventGraph 오브젝트: MyHUD
[2016.06.01-06.32.58:579][364]LogScript:Warning: Accessed None 이 GameMode 프로퍼티를 읽으려 합니다.
	MyHUD_C /Game/UEDPIE_0_Start.Start:PersistentLevel.MyHUD_C_3
	Function /Game/BP/MyHUD.MyHUD_C:ExecuteUbergraph_MyHUD:0058
[2016.06.01-06.32.58:579][364]PIE:Error: 오류 블루프린트 런타임 오류: Accessed None 이 GameMode 프로퍼티를 읽으려 합니다. 다음 함수에서: 'ExecuteUbergraph_MyHUD' 노드: Draw Text 그래프: EventGraph 오브젝트: MyHUD
[2016.06.01-06.33.01:971][650]LogNet: Browse: /Game/Stage_1
[2016.06.01-06.33.01:971][650]LogLoad: LoadMap: /Game/Stage_1
[2016.06.01-06.33.02:002][650]Cmd: MEM
[2016.06.01-06.33.02:017][650]LogMemory: Platform Memory Stats for Windows
[2016.06.01-06.33.02:018][650]LogMemory: Process Physical Memory: 1152.35 MB used, 1473.64 MB peak
[2016.06.01-06.33.02:018][650]LogMemory: Process Virtual Memory: 2660.27 MB used, 4131.25 MB peak
[2016.06.01-06.33.02:018][650]LogMemory: Physical Memory: 4084.35 MB used, 16312.00 MB total
[2016.06.01-06.33.02:018][650]LogMemory: Virtual Memory: 3433.94 MB used, 134217728.00 MB total
[2016.06.01-06.33.02:018][650]LogMemory: 
[2016.06.01-06.33.02:018][650]Allocator Stats for TBB: (not implemented)
[2016.06.01-06.33.02:018][650]LogPlayLevel: Creating play world package: /Game/UEDPIE_0_Stage_1
[2016.06.01-06.33.02:310][650]LogPlayLevel: PIE: StaticDuplicateObject took: (0.292218s)
[2016.06.01-06.33.02:310][650]LogAIModule: Creating AISystem for world Stage_1
[2016.06.01-06.33.02:310][650]LogPlayLevel: PIE: World Init took: (0.000496s)
[2016.06.01-06.33.02:311][650]LogPlayLevel: PIE: Created PIE world by copying editor world from /Game/Stage_1.Stage_1 to /Game/UEDPIE_0_Stage_1.Stage_1 (0.292905s)
[2016.06.01-06.33.02:311][650]LogWorld: Game class is 'MyGameMode_C'
[2016.06.01-06.33.02:314][650]LogWorld: Bringing World /Game/UEDPIE_0_Stage_1.Stage_1 up for play (max tick rate 0) at 2016.06.01-15.33.02
[2016.06.01-06.33.02:314][650]LogWorld: Bringing up level for play took: 0.002832
[2016.06.01-06.33.02:315][650]LogGameMode: Warning - PATHS NOT DEFINED or NO PLAYERSTART with positive rating
[2016.06.01-06.33.02:316][650]LogStreaming:Warning: Failed to read file '../../../../../../Programming/unreal/Cube/Cube/Saved//SaveGames/Cube.sav' error.
[2016.06.01-06.33.12:262][643]LogBlueprintUserMessages: [Question] 1
[2016.06.01-06.33.12:262][643]LogBlueprintUserMessages: [Question1] 2
[2016.06.01-06.33.12:262][643]LogBlueprintUserMessages: [Question2] 3
[2016.06.01-06.33.12:262][643]LogBlueprintUserMessages: [Question3] 4
[2016.06.01-06.33.12:262][643]LogBlueprintUserMessages: [Stage_1_C_0] Success
[2016.06.01-06.33.12:264][643]LogBlueprintUserMessages: [Stage_1_C_0] Success
[2016.06.01-06.33.12:265][643]LogBlueprintUserMessages: [Stage_1_C_0] Success
[2016.06.01-06.33.12:266][643]LogBlueprintUserMessages: [Stage_1_C_0] Success
[2016.06.01-06.33.12:278][644]LogNet: Browse: /Game/Stage_2
[2016.06.01-06.33.12:278][644]LogLoad: LoadMap: /Game/Stage_2
[2016.06.01-06.33.12:298][644]Cmd: MEM
[2016.06.01-06.33.12:314][644]LogMemory: Platform Memory Stats for Windows
[2016.06.01-06.33.12:314][644]LogMemory: Process Physical Memory: 1149.56 MB used, 1473.64 MB peak
[2016.06.01-06.33.12:314][644]LogMemory: Process Virtual Memory: 2654.52 MB used, 4131.25 MB peak
[2016.06.01-06.33.12:314][644]LogMemory: Physical Memory: 4080.71 MB used, 16312.00 MB total
[2016.06.01-06.33.12:314][644]LogMemory: Virtual Memory: 3420.44 MB used, 134217728.00 MB total
[2016.06.01-06.33.12:314][644]LogMemory: 
[2016.06.01-06.33.12:314][644]Allocator Stats for TBB: (not implemented)
[2016.06.01-06.33.12:705][644]LogAIModule: Creating AISystem for world Stage_2
[2016.06.01-06.33.12:706][644]LogWorld: Game class is 'MyGameMode_C'
[2016.06.01-06.33.12:712][644]LogWorld: Bringing World /Game/UEDPIE_0_Stage_2.Stage_2 up for play (max tick rate 0) at 2016.06.01-15.33.12
[2016.06.01-06.33.12:713][644]LogWorld: Bringing up level for play took: 0.006103
[2016.06.01-06.33.12:713][644]LogGameMode: Warning - PATHS NOT DEFINED or NO PLAYERSTART with positive rating
[2016.06.01-06.33.12:714][644]LogStreaming:Warning: Failed to read file '../../../../../../Programming/unreal/Cube/Cube/Saved//SaveGames/Cube.sav' error.
[2016.06.01-06.33.20:010][401]LogBlueprintUserMessages: Early EndPlayMap Detection: Level '/Game/Stage_1.Stage_1:PersistentLevel' has LevelScriptBlueprint '/Game/Stage_1.Stage_1:PersistentLevel.Stage_1' with GeneratedClass '/Game/Stage_1.Stage_1_C' with ClassGeneratedBy '/Game/Stage_1.Stage_1:PersistentLevel.Stage_1'
[2016.06.01-06.33.20:040][401]LogBlueprintUserMessages: Late EndPlayMap Detection: Level '/Game/Stage_1.Stage_1:PersistentLevel' has LevelScriptBlueprint '/Game/Stage_1.Stage_1:PersistentLevel.Stage_1' with GeneratedClass '/Game/Stage_1.Stage_1_C' with ClassGeneratedBy '/Game/Stage_1.Stage_1:PersistentLevel.Stage_1'
[2016.06.01-06.33.22:250][554]LogAIModule: Creating AISystem for world Stage_2
[2016.06.01-06.33.23:388][554]Cmd: OBJ SAVEPACKAGE PACKAGE="/Game/Stage_1" FILE="../../../../../../Programming/unreal/Cube/Cube/Content/Stage_1.umap" SILENT=true AUTOSAVING=false KEEPDIRTY=false
[2016.06.01-06.33.25:501][554]LogSavePackage: Save=1978.69ms
[2016.06.01-06.33.25:501][554]LogSavePackage: Moving '../../../../../../Programming/unreal/Cube/Cube/Saved/Stage_16D9756DB43E096BB43DAFCA49C7D55C3.tmp' to '../../../../../../Programming/unreal/Cube/Cube/Content/Stage_1.umap'
[2016.06.01-06.33.25:524][554]LogSavePackage: Total save time: 2116.81ms
[2016.06.01-06.33.25:524][554]LogSavePackage:Display: Finished SavePackage ../../../../../../Programming/unreal/Cube/Cube/Content/Stage_1.umap
[2016.06.01-06.33.25:546][554]LogFileHelpers: Saving map 'Stage_1' took 2.223
[2016.06.01-06.33.25:548][554]Cmd: MAP LOAD FILE="../../../../../../Programming/unreal/Cube/Cube/Content/Stage_2.umap" TEMPLATE=0 SHOWPROGRESS=1 FEATURELEVEL=3
[2016.06.01-06.33.25:548][554]LightingResults: New page: 라이팅 빌드
[2016.06.01-06.33.25:565][554]LoadErrors: New page: 맵 로드중: Stage_2.umap
[2016.06.01-06.33.25:566][554]MapCheck: New page: 맵 체크
[2016.06.01-06.33.25:566][554]LightingResults: New page: 라이팅 빌드
[2016.06.01-06.33.25:709][554]LogEditorServer: Finished looking for orphan Actors (0.000 secs)
[2016.06.01-06.33.25:734][554]Cmd: MAP CHECKDEP NOCLEARLOG
[2016.06.01-06.33.25:777][554]MapCheck: 정보 맵 체크 완료: 오류 0 회, 경고 0 회, 소요 시간 42.954ms.
[2016.06.01-06.33.25:777][554]LogFileHelpers: Loading map 'Stage_2' took 0.231
[2016.06.01-06.33.32:577][226]LogEditorActor: Deleted Actor: BP_Sky_Sphere_C
[2016.06.01-06.33.32:595][226]LogEditorActor: Deleted 1 Actors (0.047 secs)
[2016.06.01-06.33.33:829][344]LogBlueprintUserMessages: Early PlayInEditor Detection: Level '/Game/Stage_2.Stage_2:PersistentLevel' has LevelScriptBlueprint '/Game/Stage_2.Stage_2:PersistentLevel.Stage_2' with GeneratedClass '/Game/Stage_2.Stage_2_C' with ClassGeneratedBy '/Game/Stage_2.Stage_2:PersistentLevel.Stage_2'
[2016.06.01-06.33.33:829][344]LogPlayLevel: PlayLevel: No blueprints needed recompiling
[2016.06.01-06.33.33:829][344]PIE: New page: PIE 세션: Stage_2 (2016. 6. 2. 오전 12:33:33)
[2016.06.01-06.33.33:829][344]LogPlayLevel: Creating play world package: /Game/UEDPIE_0_Stage_2
[2016.06.01-06.33.34:119][344]LogPlayLevel: PIE: StaticDuplicateObject took: (0.290249s)
[2016.06.01-06.33.34:120][344]LogAIModule: Creating AISystem for world Stage_2
[2016.06.01-06.33.34:120][344]LogPlayLevel: PIE: World Init took: (0.000696s)
[2016.06.01-06.33.34:120][344]LogPlayLevel: PIE: Created PIE world by copying editor world from /Game/Stage_2.Stage_2 to /Game/UEDPIE_0_Stage_2.Stage_2 (0.291125s)
[2016.06.01-06.33.34:149][344]LogInit: XAudio2 using '스피커(Realtek High Definition Audio)' : 2 channels at 48 kHz using 32 bits per sample (channel mask 0x3)
[2016.06.01-06.33.34:166][344]LogInit: FAudioDevice initialized.
[2016.06.01-06.33.34:195][344]LogWorld: Game class is 'MyGameMode_C'
[2016.06.01-06.33.34:198][344]LogWorld: Bringing World /Game/UEDPIE_0_Stage_2.Stage_2 up for play (max tick rate 0) at 2016.06.01-15.33.34
[2016.06.01-06.33.34:199][344]LogWorld: Bringing up level for play took: 0.002679
[2016.06.01-06.33.34:200][344]LogStreaming:Warning: Failed to read file '../../../../../../Programming/unreal/Cube/Cube/Saved//SaveGames/Cube.sav' error.
[2016.06.01-06.33.34:200][344]PIE: 정보 /Game/UEDPIE_0_Stage_2 에 대한 에디터에서 플레이 시작 시간: 1.065
[2016.06.01-06.33.34:201][344]LogBlueprintUserMessages: Late PlayInEditor Detection: Level '/Game/Stage_2.Stage_2:PersistentLevel' has LevelScriptBlueprint '/Game/Stage_2.Stage_2:PersistentLevel.Stage_2' with GeneratedClass '/Game/Stage_2.Stage_2_C' with ClassGeneratedBy '/Game/Stage_2.Stage_2:PersistentLevel.Stage_2'
[2016.06.01-06.33.35:597][481]LogBlueprintUserMessages: Early EndPlayMap Detection: Level '/Game/Stage_2.Stage_2:PersistentLevel' has LevelScriptBlueprint '/Game/Stage_2.Stage_2:PersistentLevel.Stage_2' with GeneratedClass '/Game/Stage_2.Stage_2_C' with ClassGeneratedBy '/Game/Stage_2.Stage_2:PersistentLevel.Stage_2'
[2016.06.01-06.33.35:629][481]LogBlueprintUserMessages: Late EndPlayMap Detection: Level '/Game/Stage_2.Stage_2:PersistentLevel' has LevelScriptBlueprint '/Game/Stage_2.Stage_2:PersistentLevel.Stage_2' with GeneratedClass '/Game/Stage_2.Stage_2_C' with ClassGeneratedBy '/Game/Stage_2.Stage_2:PersistentLevel.Stage_2'
[2016.06.01-06.33.38:360][749]LogAIModule: Creating AISystem for world Start
[2016.06.01-06.33.39:508][749]Cmd: OBJ SAVEPACKAGE PACKAGE="/Game/Stage_2" FILE="../../../../../../Programming/unreal/Cube/Cube/Content/Stage_2.umap" SILENT=true AUTOSAVING=false KEEPDIRTY=false
[2016.06.01-06.33.41:480][749]LogSavePackage: Save=1930.64ms
[2016.06.01-06.33.41:480][749]LogSavePackage: Moving '../../../../../../Programming/unreal/Cube/Cube/Saved/Stage_24F934C6D45B0A3F3002F40A6FE48C068.tmp' to '../../../../../../Programming/unreal/Cube/Cube/Content/Stage_2.umap'
[2016.06.01-06.33.41:483][749]LogSavePackage: Total save time: 1956.78ms
[2016.06.01-06.33.41:483][749]LogSavePackage:Display: Finished SavePackage ../../../../../../Programming/unreal/Cube/Cube/Content/Stage_2.umap
[2016.06.01-06.33.41:505][749]LogFileHelpers: Saving map 'Stage_2' took 2.059
[2016.06.01-06.33.41:506][749]Cmd: MAP LOAD FILE="../../../../../../Programming/unreal/Cube/Cube/Content/Start.umap" TEMPLATE=0 SHOWPROGRESS=1 FEATURELEVEL=3
[2016.06.01-06.33.41:506][749]LightingResults: New page: 라이팅 빌드
[2016.06.01-06.33.41:523][749]LoadErrors: New page: 맵 로드중: Start.umap
[2016.06.01-06.33.41:524][749]MapCheck: New page: 맵 체크
[2016.06.01-06.33.41:524][749]LightingResults: New page: 라이팅 빌드
[2016.06.01-06.33.41:666][749]LogEditorServer: Finished looking for orphan Actors (0.000 secs)
[2016.06.01-06.33.41:689][749]Cmd: MAP CHECKDEP NOCLEARLOG
[2016.06.01-06.33.41:732][749]MapCheck: 정보 맵 체크 완료: 오류 0 회, 경고 0 회, 소요 시간 42.76ms.
[2016.06.01-06.33.41:732][749]LogFileHelpers: Loading map 'Start' took 0.227
[2016.06.01-06.33.45:822][153]LogEditorViewport: Clicking Background
[2016.06.01-06.33.46:202][193]LogEditorViewport: Clicking Background
[2016.06.01-06.33.46:317][205]LogEditorViewport: Clicking Background
[2016.06.01-06.33.48:866][477]LogBlueprintUserMessages: Early PlayInEditor Detection: Level '/Game/Start.Start:PersistentLevel' has LevelScriptBlueprint '/Game/Start.Start:PersistentLevel.Start' with GeneratedClass '/Game/Start.Start_C' with ClassGeneratedBy '/Game/Start.Start:PersistentLevel.Start'
[2016.06.01-06.33.48:866][477]LogPlayLevel: PlayLevel: No blueprints needed recompiling
[2016.06.01-06.33.48:866][477]PIE: New page: PIE 세션: Start (2016. 6. 2. 오전 12:33:48)
[2016.06.01-06.33.48:866][477]LogPlayLevel: Creating play world package: /Game/UEDPIE_0_Start
[2016.06.01-06.33.48:868][477]LogPlayLevel: PIE: StaticDuplicateObject took: (0.001741s)
[2016.06.01-06.33.48:869][477]LogAIModule: Creating AISystem for world Start
[2016.06.01-06.33.48:869][477]LogPlayLevel: PIE: World Init took: (0.000482s)
[2016.06.01-06.33.48:869][477]LogPlayLevel: PIE: Created PIE world by copying editor world from /Game/Start.Start to /Game/UEDPIE_0_Start.Start (0.002358s)
[2016.06.01-06.33.48:897][477]LogInit: XAudio2 using '스피커(Realtek High Definition Audio)' : 2 channels at 48 kHz using 32 bits per sample (channel mask 0x3)
[2016.06.01-06.33.48:914][477]LogInit: FAudioDevice initialized.
[2016.06.01-06.33.48:948][477]LogWorld: Game class is 'StartGameMode_C'
[2016.06.01-06.33.48:950][477]LogWorld: Bringing World /Game/UEDPIE_0_Start.Start up for play (max tick rate 0) at 2016.06.01-15.33.48
[2016.06.01-06.33.48:950][477]LogWorld: Bringing up level for play took: 0.000968
[2016.06.01-06.33.48:979][477]LogScript:Warning: Accessed None 이 GameMode 프로퍼티를 읽으려 합니다.
	MyHUD_C /Game/UEDPIE_0_Start.Start:PersistentLevel.MyHUD_C_4
	Function /Game/BP/MyHUD.MyHUD_C:ExecuteUbergraph_MyHUD:013C
[2016.06.01-06.33.48:979][477]PIE:Error: 오류 블루프린트 런타임 오류: Accessed None 이 GameMode 프로퍼티를 읽으려 합니다. 다음 함수에서: 'ExecuteUbergraph_MyHUD' 노드: Draw Text 그래프: EventGraph 오브젝트: MyHUD
[2016.06.01-06.33.48:979][477]LogScript:Warning: Accessed None 이 GameMode 프로퍼티를 읽으려 합니다.
	MyHUD_C /Game/UEDPIE_0_Start.Start:PersistentLevel.MyHUD_C_4
	Function /Game/BP/MyHUD.MyHUD_C:ExecuteUbergraph_MyHUD:0058
[2016.06.01-06.33.48:979][477]PIE:Error: 오류 블루프린트 런타임 오류: Accessed None 이 GameMode 프로퍼티를 읽으려 합니다. 다음 함수에서: 'ExecuteUbergraph_MyHUD' 노드: Draw Text 그래프: EventGraph 오브젝트: MyHUD
[2016.06.01-06.33.49:877][477]PIE: 정보 /Game/UEDPIE_0_Start 에 대한 에디터에서 플레이 시작 시간: 0.742
[2016.06.01-06.33.49:877][477]LogBlueprintUserMessages: Late PlayInEditor Detection: Level '/Game/Start.Start:PersistentLevel' has LevelScriptBlueprint '/Game/Start.Start:PersistentLevel.Start' with GeneratedClass '/Game/Start.Start_C' with ClassGeneratedBy '/Game/Start.Start:PersistentLevel.Start'
[2016.06.01-06.34.14:646][706]Cmd: TRANSACTION UNDO
[2016.06.01-06.34.14:646][706]LogEditorTransaction: Undo 위젯 이동
[2016.06.01-06.34.15:549][757]Cmd: TRANSACTION UNDO
[2016.06.01-06.34.15:549][757]LogEditorTransaction: Undo 위젯 이동
[2016.06.01-06.34.29:755][709]LogBlueprintUserMessages: Early EndPlayMap Detection: Level '/Game/Start.Start:PersistentLevel' has LevelScriptBlueprint '/Game/Start.Start:PersistentLevel.Start' with GeneratedClass '/Game/Start.Start_C' with ClassGeneratedBy '/Game/Start.Start:PersistentLevel.Start'
[2016.06.01-06.34.29:786][709]LogBlueprintUserMessages: Late EndPlayMap Detection: Level '/Game/Start.Start:PersistentLevel' has LevelScriptBlueprint '/Game/Start.Start:PersistentLevel.Start' with GeneratedClass '/Game/Start.Start_C' with ClassGeneratedBy '/Game/Start.Start:PersistentLevel.Start'
[2016.06.01-06.34.32:141][870]LogBlueprintUserMessages: Early PlayInEditor Detection: Level '/Game/Start.Start:PersistentLevel' has LevelScriptBlueprint '/Game/Start.Start:PersistentLevel.Start' with GeneratedClass '/Game/Start.Start_C' with ClassGeneratedBy '/Game/Start.Start:PersistentLevel.Start'
[2016.06.01-06.34.32:141][870]BlueprintLog: New page: 플레이 전 자동 컴파일
[2016.06.01-06.34.32:178][870]LogPlayLevel: [PlayLevel] Compiling StartWG before play...
[2016.06.01-06.34.32:309][870]LogPlayLevel: PlayLevel: Blueprint regeneration took 167 ms (2 blueprints)
[2016.06.01-06.34.32:309][870]LogPlayLevel: [PlayLevel] Compiling Start before play...
[2016.06.01-06.34.32:361][870]LogPlayLevel: PlayLevel: Blueprint regeneration took 219 ms (2 blueprints)
[2016.06.01-06.34.32:378][870]PIE: New page: PIE 세션: Start (2016. 6. 2. 오전 12:34:32)
[2016.06.01-06.34.32:378][870]LogPlayLevel: Creating play world package: /Game/UEDPIE_0_Start
[2016.06.01-06.34.32:380][870]LogPlayLevel: PIE: StaticDuplicateObject took: (0.001703s)
[2016.06.01-06.34.32:381][870]LogAIModule: Creating AISystem for world Start
[2016.06.01-06.34.32:381][870]LogPlayLevel: PIE: World Init took: (0.000501s)
[2016.06.01-06.34.32:381][870]LogPlayLevel: PIE: Created PIE world by copying editor world from /Game/Start.Start to /Game/UEDPIE_0_Start.Start (0.002363s)
[2016.06.01-06.34.32:410][870]LogInit: XAudio2 using '스피커(Realtek High Definition Audio)' : 2 channels at 48 kHz using 32 bits per sample (channel mask 0x3)
[2016.06.01-06.34.32:427][870]LogInit: FAudioDevice initialized.
[2016.06.01-06.34.32:457][870]LogWorld: Game class is 'StartGameMode_C'
[2016.06.01-06.34.32:458][870]LogWorld: Bringing World /Game/UEDPIE_0_Start.Start up for play (max tick rate 0) at 2016.06.01-15.34.32
[2016.06.01-06.34.32:459][870]LogWorld: Bringing up level for play took: 0.001086
[2016.06.01-06.34.32:488][870]LogScript:Warning: Accessed None 이 GameMode 프로퍼티를 읽으려 합니다.
	MyHUD_C /Game/UEDPIE_0_Start.Start:PersistentLevel.MyHUD_C_5
	Function /Game/BP/MyHUD.MyHUD_C:ExecuteUbergraph_MyHUD:013C
[2016.06.01-06.34.32:488][870]PIE:Error: 오류 블루프린트 런타임 오류: Accessed None 이 GameMode 프로퍼티를 읽으려 합니다. 다음 함수에서: 'ExecuteUbergraph_MyHUD' 노드: Draw Text 그래프: EventGraph 오브젝트: MyHUD
[2016.06.01-06.34.32:488][870]LogScript:Warning: Accessed None 이 GameMode 프로퍼티를 읽으려 합니다.
	MyHUD_C /Game/UEDPIE_0_Start.Start:PersistentLevel.MyHUD_C_5
	Function /Game/BP/MyHUD.MyHUD_C:ExecuteUbergraph_MyHUD:0058
[2016.06.01-06.34.32:488][870]PIE:Error: 오류 블루프린트 런타임 오류: Accessed None 이 GameMode 프로퍼티를 읽으려 합니다. 다음 함수에서: 'ExecuteUbergraph_MyHUD' 노드: Draw Text 그래프: EventGraph 오브젝트: MyHUD
[2016.06.01-06.34.33:379][870]PIE: 정보 /Game/UEDPIE_0_Start 에 대한 에디터에서 플레이 시작 시간: 2.243
[2016.06.01-06.34.33:379][870]LogBlueprintUserMessages: Late PlayInEditor Detection: Level '/Game/Start.Start:PersistentLevel' has LevelScriptBlueprint '/Game/Start.Start:PersistentLevel.Start' with GeneratedClass '/Game/Start.Start_C' with ClassGeneratedBy '/Game/Start.Start:PersistentLevel.Start'
[2016.06.01-06.34.36:137][ 54]LogBlueprintUserMessages: Early EndPlayMap Detection: Level '/Game/Start.Start:PersistentLevel' has LevelScriptBlueprint '/Game/Start.Start:PersistentLevel.Start' with GeneratedClass '/Game/Start.Start_C' with ClassGeneratedBy '/Game/Start.Start:PersistentLevel.Start'
[2016.06.01-06.34.36:167][ 54]LogBlueprintUserMessages: Late EndPlayMap Detection: Level '/Game/Start.Start:PersistentLevel' has LevelScriptBlueprint '/Game/Start.Start:PersistentLevel.Start' with GeneratedClass '/Game/Start.Start_C' with ClassGeneratedBy '/Game/Start.Start:PersistentLevel.Start'
[2016.06.01-06.34.41:769][433]LogBlueprintUserMessages: Early PlayInEditor Detection: Level '/Game/Start.Start:PersistentLevel' has LevelScriptBlueprint '/Game/Start.Start:PersistentLevel.Start' with GeneratedClass '/Game/Start.Start_C' with ClassGeneratedBy '/Game/Start.Start:PersistentLevel.Start'
[2016.06.01-06.34.41:770][433]BlueprintLog: New page: 플레이 전 자동 컴파일
[2016.06.01-06.34.41:807][433]LogPlayLevel: [PlayLevel] Compiling StartWG before play...
[2016.06.01-06.34.41:899][433]LogPlayLevel: PlayLevel: Blueprint regeneration took 129 ms (2 blueprints)
[2016.06.01-06.34.41:899][433]LogPlayLevel: [PlayLevel] Compiling Start before play...
[2016.06.01-06.34.41:951][433]LogPlayLevel: PlayLevel: Blueprint regeneration took 181 ms (2 blueprints)
[2016.06.01-06.34.41:970][433]PIE: New page: PIE 세션: Start (2016. 6. 2. 오전 12:34:41)
[2016.06.01-06.34.41:970][433]LogPlayLevel: Creating play world package: /Game/UEDPIE_0_Start
[2016.06.01-06.34.41:972][433]LogPlayLevel: PIE: StaticDuplicateObject took: (0.001791s)
[2016.06.01-06.34.41:972][433]LogAIModule: Creating AISystem for world Start
[2016.06.01-06.34.41:972][433]LogPlayLevel: PIE: World Init took: (0.000473s)
[2016.06.01-06.34.41:972][433]LogPlayLevel: PIE: Created PIE world by copying editor world from /Game/Start.Start to /Game/UEDPIE_0_Start.Start (0.002435s)
[2016.06.01-06.34.42:002][433]LogInit: XAudio2 using '스피커(Realtek High Definition Audio)' : 2 channels at 48 kHz using 32 bits per sample (channel mask 0x3)
[2016.06.01-06.34.42:020][433]LogInit: FAudioDevice initialized.
[2016.06.01-06.34.42:052][433]LogWorld: Game class is 'StartGameMode_C'
[2016.06.01-06.34.42:053][433]LogWorld: Bringing World /Game/UEDPIE_0_Start.Start up for play (max tick rate 0) at 2016.06.01-15.34.42
[2016.06.01-06.34.42:054][433]LogWorld: Bringing up level for play took: 0.001101
[2016.06.01-06.34.42:081][433]LogScript:Warning: Accessed None 이 GameMode 프로퍼티를 읽으려 합니다.
	MyHUD_C /Game/UEDPIE_0_Start.Start:PersistentLevel.MyHUD_C_6
	Function /Game/BP/MyHUD.MyHUD_C:ExecuteUbergraph_MyHUD:013C
[2016.06.01-06.34.42:081][433]PIE:Error: 오류 블루프린트 런타임 오류: Accessed None 이 GameMode 프로퍼티를 읽으려 합니다. 다음 함수에서: 'ExecuteUbergraph_MyHUD' 노드: Draw Text 그래프: EventGraph 오브젝트: MyHUD
[2016.06.01-06.34.42:081][433]LogScript:Warning: Accessed None 이 GameMode 프로퍼티를 읽으려 합니다.
	MyHUD_C /Game/UEDPIE_0_Start.Start:PersistentLevel.MyHUD_C_6
	Function /Game/BP/MyHUD.MyHUD_C:ExecuteUbergraph_MyHUD:0058
[2016.06.01-06.34.42:082][433]PIE:Error: 오류 블루프린트 런타임 오류: Accessed None 이 GameMode 프로퍼티를 읽으려 합니다. 다음 함수에서: 'ExecuteUbergraph_MyHUD' 노드: Draw Text 그래프: EventGraph 오브젝트: MyHUD
[2016.06.01-06.34.42:973][433]PIE: 정보 /Game/UEDPIE_0_Start 에 대한 에디터에서 플레이 시작 시간: 1.837
[2016.06.01-06.34.42:973][433]LogBlueprintUserMessages: Late PlayInEditor Detection: Level '/Game/Start.Start:PersistentLevel' has LevelScriptBlueprint '/Game/Start.Start:PersistentLevel.Start' with GeneratedClass '/Game/Start.Start_C' with ClassGeneratedBy '/Game/Start.Start:PersistentLevel.Start'
[2016.06.01-06.34.44:444][529]LogBlueprintUserMessages: Early EndPlayMap Detection: Level '/Game/Start.Start:PersistentLevel' has LevelScriptBlueprint '/Game/Start.Start:PersistentLevel.Start' with GeneratedClass '/Game/Start.Start_C' with ClassGeneratedBy '/Game/Start.Start:PersistentLevel.Start'
[2016.06.01-06.34.44:473][529]LogBlueprintUserMessages: Late EndPlayMap Detection: Level '/Game/Start.Start:PersistentLevel' has LevelScriptBlueprint '/Game/Start.Start:PersistentLevel.Start' with GeneratedClass '/Game/Start.Start_C' with ClassGeneratedBy '/Game/Start.Start:PersistentLevel.Start'
[2016.06.01-06.34.48:128][734]LogBlueprintUserMessages: Early PlayInEditor Detection: Level '/Game/Start.Start:PersistentLevel' has LevelScriptBlueprint '/Game/Start.Start:PersistentLevel.Start' with GeneratedClass '/Game/Start.Start_C' with ClassGeneratedBy '/Game/Start.Start:PersistentLevel.Start'
[2016.06.01-06.34.48:128][734]BlueprintLog: New page: 플레이 전 자동 컴파일
[2016.06.01-06.34.48:197][734]LogPlayLevel: [PlayLevel] Compiling StartWG before play...
[2016.06.01-06.34.48:330][734]LogPlayLevel: PlayLevel: Blueprint regeneration took 201 ms (2 blueprints)
[2016.06.01-06.34.48:330][734]LogPlayLevel: [PlayLevel] Compiling Start before play...
[2016.06.01-06.34.48:384][734]LogPlayLevel: PlayLevel: Blueprint regeneration took 254 ms (2 blueprints)
[2016.06.01-06.34.48:402][734]PIE: New page: PIE 세션: Start (2016. 6. 2. 오전 12:34:48)
[2016.06.01-06.34.48:402][734]LogPlayLevel: Creating play world package: /Game/UEDPIE_0_Start
[2016.06.01-06.34.48:404][734]LogPlayLevel: PIE: StaticDuplicateObject took: (0.001700s)
[2016.06.01-06.34.48:404][734]LogAIModule: Creating AISystem for world Start
[2016.06.01-06.34.48:404][734]LogPlayLevel: PIE: World Init took: (0.000525s)
[2016.06.01-06.34.48:405][734]LogPlayLevel: PIE: Created PIE world by copying editor world from /Game/Start.Start to /Game/UEDPIE_0_Start.Start (0.002377s)
[2016.06.01-06.34.48:436][734]LogInit: XAudio2 using '스피커(Realtek High Definition Audio)' : 2 channels at 48 kHz using 32 bits per sample (channel mask 0x3)
[2016.06.01-06.34.48:453][734]LogInit: FAudioDevice initialized.
[2016.06.01-06.34.48:483][734]LogWorld: Game class is 'StartGameMode_C'
[2016.06.01-06.34.48:484][734]LogWorld: Bringing World /Game/UEDPIE_0_Start.Start up for play (max tick rate 0) at 2016.06.01-15.34.48
[2016.06.01-06.34.48:484][734]LogWorld: Bringing up level for play took: 0.000911
[2016.06.01-06.34.48:513][734]LogScript:Warning: Accessed None 이 GameMode 프로퍼티를 읽으려 합니다.
	MyHUD_C /Game/UEDPIE_0_Start.Start:PersistentLevel.MyHUD_C_7
	Function /Game/BP/MyHUD.MyHUD_C:ExecuteUbergraph_MyHUD:013C
[2016.06.01-06.34.48:513][734]PIE:Error: 오류 블루프린트 런타임 오류: Accessed None 이 GameMode 프로퍼티를 읽으려 합니다. 다음 함수에서: 'ExecuteUbergraph_MyHUD' 노드: Draw Text 그래프: EventGraph 오브젝트: MyHUD
[2016.06.01-06.34.48:513][734]LogScript:Warning: Accessed None 이 GameMode 프로퍼티를 읽으려 합니다.
	MyHUD_C /Game/UEDPIE_0_Start.Start:PersistentLevel.MyHUD_C_7
	Function /Game/BP/MyHUD.MyHUD_C:ExecuteUbergraph_MyHUD:0058
[2016.06.01-06.34.48:513][734]PIE:Error: 오류 블루프린트 런타임 오류: Accessed None 이 GameMode 프로퍼티를 읽으려 합니다. 다음 함수에서: 'ExecuteUbergraph_MyHUD' 노드: Draw Text 그래프: EventGraph 오브젝트: MyHUD
[2016.06.01-06.34.49:422][734]PIE: 정보 /Game/UEDPIE_0_Start 에 대한 에디터에서 플레이 시작 시간: 2.286
[2016.06.01-06.34.49:422][734]LogBlueprintUserMessages: Late PlayInEditor Detection: Level '/Game/Start.Start:PersistentLevel' has LevelScriptBlueprint '/Game/Start.Start:PersistentLevel.Start' with GeneratedClass '/Game/Start.Start_C' with ClassGeneratedBy '/Game/Start.Start:PersistentLevel.Start'
[2016.06.01-06.34.51:457][865]LogBlueprintUserMessages: Early EndPlayMap Detection: Level '/Game/Start.Start:PersistentLevel' has LevelScriptBlueprint '/Game/Start.Start:PersistentLevel.Start' with GeneratedClass '/Game/Start.Start_C' with ClassGeneratedBy '/Game/Start.Start:PersistentLevel.Start'
[2016.06.01-06.34.51:487][865]LogBlueprintUserMessages: Late EndPlayMap Detection: Level '/Game/Start.Start:PersistentLevel' has LevelScriptBlueprint '/Game/Start.Start:PersistentLevel.Start' with GeneratedClass '/Game/Start.Start_C' with ClassGeneratedBy '/Game/Start.Start:PersistentLevel.Start'
[2016.06.01-06.34.57:607][928]LogBlueprintUserMessages: Early PlayInEditor Detection: Level '/Game/Start.Start:PersistentLevel' has LevelScriptBlueprint '/Game/Start.Start:PersistentLevel.Start' with GeneratedClass '/Game/Start.Start_C' with ClassGeneratedBy '/Game/Start.Start:PersistentLevel.Start'
[2016.06.01-06.34.57:607][928]LogPlayLevel: PlayLevel: No blueprints needed recompiling
[2016.06.01-06.34.57:607][928]PIE: New page: PIE 세션: Start (2016. 6. 2. 오전 12:34:57)
[2016.06.01-06.34.57:607][928]LogPlayLevel: Creating play world package: /Game/UEDPIE_0_Start
[2016.06.01-06.34.57:609][928]LogPlayLevel: PIE: StaticDuplicateObject took: (0.001701s)
[2016.06.01-06.34.57:609][928]LogAIModule: Creating AISystem for world Start
[2016.06.01-06.34.57:609][928]LogPlayLevel: PIE: World Init took: (0.000475s)
[2016.06.01-06.34.57:610][928]LogPlayLevel: PIE: Created PIE world by copying editor world from /Game/Start.Start to /Game/UEDPIE_0_Start.Start (0.002320s)
[2016.06.01-06.34.57:640][928]LogInit: XAudio2 using '스피커(Realtek High Definition Audio)' : 2 channels at 48 kHz using 32 bits per sample (channel mask 0x3)
[2016.06.01-06.34.57:660][928]LogInit: FAudioDevice initialized.
[2016.06.01-06.34.57:689][928]LogWorld: Game class is 'StartGameMode_C'
[2016.06.01-06.34.57:691][928]LogWorld: Bringing World /Game/UEDPIE_0_Start.Start up for play (max tick rate 0) at 2016.06.01-15.34.57
[2016.06.01-06.34.57:691][928]LogWorld: Bringing up level for play took: 0.001140
[2016.06.01-06.34.57:720][928]LogScript:Warning: Accessed None 이 GameMode 프로퍼티를 읽으려 합니다.
	MyHUD_C /Game/UEDPIE_0_Start.Start:PersistentLevel.MyHUD_C_8
	Function /Game/BP/MyHUD.MyHUD_C:ExecuteUbergraph_MyHUD:013C
[2016.06.01-06.34.57:720][928]PIE:Error: 오류 블루프린트 런타임 오류: Accessed None 이 GameMode 프로퍼티를 읽으려 합니다. 다음 함수에서: 'ExecuteUbergraph_MyHUD' 노드: Draw Text 그래프: EventGraph 오브젝트: MyHUD
[2016.06.01-06.34.57:720][928]LogScript:Warning: Accessed None 이 GameMode 프로퍼티를 읽으려 합니다.
	MyHUD_C /Game/UEDPIE_0_Start.Start:PersistentLevel.MyHUD_C_8
	Function /Game/BP/MyHUD.MyHUD_C:ExecuteUbergraph_MyHUD:0058
[2016.06.01-06.34.57:720][928]PIE:Error: 오류 블루프린트 런타임 오류: Accessed None 이 GameMode 프로퍼티를 읽으려 합니다. 다음 함수에서: 'ExecuteUbergraph_MyHUD' 노드: Draw Text 그래프: EventGraph 오브젝트: MyHUD
[2016.06.01-06.34.58:655][928]PIE: 정보 /Game/UEDPIE_0_Start 에 대한 에디터에서 플레이 시작 시간: 1.52
[2016.06.01-06.34.58:655][928]LogBlueprintUserMessages: Late PlayInEditor Detection: Level '/Game/Start.Start:PersistentLevel' has LevelScriptBlueprint '/Game/Start.Start:PersistentLevel.Start' with GeneratedClass '/Game/Start.Start_C' with ClassGeneratedBy '/Game/Start.Start:PersistentLevel.Start'
[2016.06.01-06.35.00:207][ 34]LogNet: Browse: /Game/Stage_1
[2016.06.01-06.35.00:207][ 34]LogLoad: LoadMap: /Game/Stage_1
[2016.06.01-06.35.00:244][ 34]Cmd: MEM
[2016.06.01-06.35.00:260][ 34]LogMemory: Platform Memory Stats for Windows
[2016.06.01-06.35.00:260][ 34]LogMemory: Process Physical Memory: 1141.05 MB used, 1473.64 MB peak
[2016.06.01-06.35.00:260][ 34]LogMemory: Process Virtual Memory: 2727.25 MB used, 4131.25 MB peak
[2016.06.01-06.35.00:260][ 34]LogMemory: Physical Memory: 4617.64 MB used, 16312.00 MB total
[2016.06.01-06.35.00:260][ 34]LogMemory: Virtual Memory: 3484.69 MB used, 134217728.00 MB total
[2016.06.01-06.35.00:260][ 34]LogMemory: 
[2016.06.01-06.35.00:260][ 34]Allocator Stats for TBB: (not implemented)
[2016.06.01-06.35.00:668][ 34]LogAIModule: Creating AISystem for world Stage_1
[2016.06.01-06.35.00:668][ 34]LogWorld: Game class is 'MyGameMode_C'
[2016.06.01-06.35.00:673][ 34]LogWorld: Bringing World /Game/UEDPIE_0_Stage_1.Stage_1 up for play (max tick rate 0) at 2016.06.01-15.35.00
[2016.06.01-06.35.00:674][ 34]LogWorld: Bringing up level for play took: 0.004872
[2016.06.01-06.35.00:675][ 34]LogGameMode: Warning - PATHS NOT DEFINED or NO PLAYERSTART with positive rating
[2016.06.01-06.35.00:675][ 34]LogStreaming:Warning: Failed to read file '../../../../../../Programming/unreal/Cube/Cube/Saved//SaveGames/Cube.sav' error.
[2016.06.01-06.35.15:543][ 64]LogBlueprintUserMessages: [Question] 1
[2016.06.01-06.35.15:543][ 64]LogBlueprintUserMessages: [Question1] 2
[2016.06.01-06.35.15:543][ 64]LogBlueprintUserMessages: [Question2] 3
[2016.06.01-06.35.15:543][ 64]LogBlueprintUserMessages: [Question3] 4
[2016.06.01-06.35.15:543][ 64]LogBlueprintUserMessages: [Stage_1_C_1] Success
[2016.06.01-06.35.15:544][ 64]LogBlueprintUserMessages: [Stage_1_C_1] Success
[2016.06.01-06.35.15:544][ 64]LogBlueprintUserMessages: [Stage_1_C_1] Success
[2016.06.01-06.35.15:545][ 64]LogBlueprintUserMessages: [Stage_1_C_1] Success
[2016.06.01-06.35.15:559][ 65]LogNet: Browse: /Game/Stage_2
[2016.06.01-06.35.15:559][ 65]LogLoad: LoadMap: /Game/Stage_2
[2016.06.01-06.35.15:587][ 65]Cmd: MEM
[2016.06.01-06.35.15:603][ 65]LogMemory: Platform Memory Stats for Windows
[2016.06.01-06.35.15:603][ 65]LogMemory: Process Physical Memory: 1138.65 MB used, 1473.64 MB peak
[2016.06.01-06.35.15:603][ 65]LogMemory: Process Virtual Memory: 2724.96 MB used, 4131.25 MB peak
[2016.06.01-06.35.15:603][ 65]LogMemory: Physical Memory: 4433.73 MB used, 16312.00 MB total
[2016.06.01-06.35.15:603][ 65]LogMemory: Virtual Memory: 3502.75 MB used, 134217728.00 MB total
[2016.06.01-06.35.15:603][ 65]LogMemory: 
[2016.06.01-06.35.15:603][ 65]Allocator Stats for TBB: (not implemented)
[2016.06.01-06.35.16:031][ 65]LogAIModule: Creating AISystem for world Stage_2
[2016.06.01-06.35.16:031][ 65]LogWorld: Game class is 'MyGameMode_C'
[2016.06.01-06.35.16:037][ 65]LogWorld: Bringing World /Game/UEDPIE_0_Stage_2.Stage_2 up for play (max tick rate 0) at 2016.06.01-15.35.16
[2016.06.01-06.35.16:038][ 65]LogWorld: Bringing up level for play took: 0.005857
[2016.06.01-06.35.16:038][ 65]LogGameMode: Warning - PATHS NOT DEFINED or NO PLAYERSTART with positive rating
[2016.06.01-06.35.16:039][ 65]LogStreaming:Warning: Failed to read file '../../../../../../Programming/unreal/Cube/Cube/Saved//SaveGames/Cube.sav' error.
[2016.06.01-06.35.41:035][780]LogNet: Browse: /Game/Stage_2
[2016.06.01-06.35.41:035][780]LogLoad: LoadMap: /Game/Stage_2
[2016.06.01-06.35.41:066][780]Cmd: MEM
[2016.06.01-06.35.41:084][780]LogMemory: Platform Memory Stats for Windows
[2016.06.01-06.35.41:084][780]LogMemory: Process Physical Memory: 1146.32 MB used, 1473.64 MB peak
[2016.06.01-06.35.41:084][780]LogMemory: Process Virtual Memory: 2732.40 MB used, 4131.25 MB peak
[2016.06.01-06.35.41:084][780]LogMemory: Physical Memory: 4710.21 MB used, 16312.00 MB total
[2016.06.01-06.35.41:084][780]LogMemory: Virtual Memory: 3498.75 MB used, 134217728.00 MB total
[2016.06.01-06.35.41:084][780]LogMemory: 
[2016.06.01-06.35.41:084][780]Allocator Stats for TBB: (not implemented)
[2016.06.01-06.35.41:530][780]LogAIModule: Creating AISystem for world Stage_2
[2016.06.01-06.35.41:530][780]LogWorld: Game class is 'MyGameMode_C'
[2016.06.01-06.35.41:535][780]LogWorld: Bringing World /Game/UEDPIE_0_Stage_2.Stage_2 up for play (max tick rate 0) at 2016.06.01-15.35.41
[2016.06.01-06.35.41:536][780]LogWorld: Bringing up level for play took: 0.005631
[2016.06.01-06.35.41:537][780]LogGameMode: Warning - PATHS NOT DEFINED or NO PLAYERSTART with positive rating
[2016.06.01-06.35.41:537][780]LogStreaming:Warning: Failed to read file '../../../../../../Programming/unreal/Cube/Cube/Saved//SaveGames/Cube.sav' error.
[2016.06.01-06.36.04:329][363]LogBlueprintUserMessages: [Question3] 1
[2016.06.01-06.36.04:329][363]LogBlueprintUserMessages: [Question4] 2
[2016.06.01-06.36.04:329][363]LogBlueprintUserMessages: [Question5] 3
[2016.06.01-06.36.04:329][363]LogBlueprintUserMessages: [Stage_2_C_0] Fail
[2016.06.01-06.36.04:329][363]LogBlueprintUserMessages: [Stage_2_C_0] Fail
[2016.06.01-06.36.04:330][363]LogBlueprintUserMessages: [Question2] 4
[2016.06.01-06.36.04:330][363]LogBlueprintUserMessages: [Stage_2_C_0] Fail
[2016.06.01-06.36.04:330][363]LogBlueprintUserMessages: [Question1] 5
[2016.06.01-06.36.04:330][363]LogBlueprintUserMessages: [Question] 6
[2016.06.01-06.36.04:330][363]LogBlueprintUserMessages: [Stage_2_C_0] Success
[2016.06.01-06.36.04:331][363]LogBlueprintUserMessages: [Stage_2_C_0] Success
[2016.06.01-06.36.04:332][363]LogBlueprintUserMessages: [Stage_2_C_0] Success
[2016.06.01-06.36.04:347][364]LogNet: Browse: /Game/Start
[2016.06.01-06.36.04:347][364]LogLoad: LoadMap: /Game/Start
[2016.06.01-06.36.04:376][364]Cmd: MEM
[2016.06.01-06.36.04:391][364]LogMemory: Platform Memory Stats for Windows
[2016.06.01-06.36.04:391][364]LogMemory: Process Physical Memory: 1153.54 MB used, 1473.64 MB peak
[2016.06.01-06.36.04:391][364]LogMemory: Process Virtual Memory: 2724.79 MB used, 4131.25 MB peak
[2016.06.01-06.36.04:391][364]LogMemory: Physical Memory: 4635.20 MB used, 16312.00 MB total
[2016.06.01-06.36.04:391][364]LogMemory: Virtual Memory: 3494.75 MB used, 134217728.00 MB total
[2016.06.01-06.36.04:391][364]LogMemory: 
[2016.06.01-06.36.04:391][364]Allocator Stats for TBB: (not implemented)
[2016.06.01-06.36.04:391][364]LogPlayLevel: Creating play world package: /Game/UEDPIE_0_Start
[2016.06.01-06.36.04:393][364]LogPlayLevel: PIE: StaticDuplicateObject took: (0.001805s)
[2016.06.01-06.36.04:394][364]LogAIModule: Creating AISystem for world Start
[2016.06.01-06.36.04:394][364]LogPlayLevel: PIE: World Init took: (0.000431s)
[2016.06.01-06.36.04:394][364]LogPlayLevel: PIE: Created PIE world by copying editor world from /Game/Start.Start to /Game/UEDPIE_0_Start.Start (0.002385s)
[2016.06.01-06.36.04:394][364]LogWorld: Game class is 'StartGameMode_C'
[2016.06.01-06.36.04:395][364]LogWorld: Bringing World /Game/UEDPIE_0_Start.Start up for play (max tick rate 0) at 2016.06.01-15.36.04
[2016.06.01-06.36.04:395][364]LogWorld: Bringing up level for play took: 0.000770
[2016.06.01-06.36.04:396][364]LogGameMode: Warning - PATHS NOT DEFINED or NO PLAYERSTART with positive rating
[2016.06.01-06.36.04:424][364]LogScript:Warning: Accessed None 이 GameMode 프로퍼티를 읽으려 합니다.
	MyHUD_C /Game/UEDPIE_0_Start.Start:PersistentLevel.MyHUD_C_9
	Function /Game/BP/MyHUD.MyHUD_C:ExecuteUbergraph_MyHUD:013C
[2016.06.01-06.36.04:424][364]PIE:Error: 오류 블루프린트 런타임 오류: Accessed None 이 GameMode 프로퍼티를 읽으려 합니다. 다음 함수에서: 'ExecuteUbergraph_MyHUD' 노드: Draw Text 그래프: EventGraph 오브젝트: MyHUD
[2016.06.01-06.36.04:424][364]LogScript:Warning: Accessed None 이 GameMode 프로퍼티를 읽으려 합니다.
	MyHUD_C /Game/UEDPIE_0_Start.Start:PersistentLevel.MyHUD_C_9
	Function /Game/BP/MyHUD.MyHUD_C:ExecuteUbergraph_MyHUD:0058
[2016.06.01-06.36.04:424][364]PIE:Error: 오류 블루프린트 런타임 오류: Accessed None 이 GameMode 프로퍼티를 읽으려 합니다. 다음 함수에서: 'ExecuteUbergraph_MyHUD' 노드: Draw Text 그래프: EventGraph 오브젝트: MyHUD
[2016.06.01-06.36.10:671][736]LogNet: Browse: /Game/Stage_1
[2016.06.01-06.36.10:671][736]LogLoad: LoadMap: /Game/Stage_1
[2016.06.01-06.36.10:709][736]Cmd: MEM
[2016.06.01-06.36.10:725][736]LogMemory: Platform Memory Stats for Windows
[2016.06.01-06.36.10:725][736]LogMemory: Process Physical Memory: 1154.35 MB used, 1473.64 MB peak
[2016.06.01-06.36.10:725][736]LogMemory: Process Virtual Memory: 2731.54 MB used, 4131.25 MB peak
[2016.06.01-06.36.10:725][736]LogMemory: Physical Memory: 4642.18 MB used, 16312.00 MB total
[2016.06.01-06.36.10:725][736]LogMemory: Virtual Memory: 3518.94 MB used, 134217728.00 MB total
[2016.06.01-06.3