[2016.05.26-18.20.31:897][  0]Log file open, 05/27/16 03:20:31
[2016.05.26-18.20.31:897][  0]LogInit:Display: Running engine for game: Cube
[2016.05.26-18.20.31:897][  0]LogPlatformFile: Not using cached read wrapper
[2016.05.26-18.20.31:897][  0]LogInit:Display: RandInit(-678146696) SRandInit(-678146695).
[2016.05.26-18.20.31:897][  0]LogTaskGraph: Started task graph with 4 named threads and 7 total threads.
[2016.05.26-18.20.31:897][  0]LogStats: Stats thread started at 0.075454
[2016.05.26-18.20.31:897][  0]LogInit: Version: 4.10.4-2872498+++depot+UE4-Releases+4.10
[2016.05.26-18.20.31:897][  0]LogInit: API Version: 2758231
[2016.05.26-18.20.31:897][  0]LogInit: Compiled (64-bit): Feb 18 2016 15:47:04
[2016.05.26-18.20.31:897][  0]LogInit: Compiled with Visual C++: 19.00.23026.00
[2016.05.26-18.20.31:897][  0]LogInit: Build Configuration: Development
[2016.05.26-18.20.31:897][  0]LogInit: Branch Name: ++depot+UE4-Releases+4.10
[2016.05.26-18.20.31:897][  0]LogInit: Command line:  
[2016.05.26-18.20.31:897][  0]LogInit: Base directory: D:/unreal/Epic Games/4.10/Engine/Binaries/Win64/
[2016.05.26-18.20.31:897][  0]LogInit: Rocket: 1
[2016.05.26-18.20.31:910][  0]LogInit: Using libcurl 7.41.0
[2016.05.26-18.20.31:910][  0]LogInit:  - built for x86_64-pc-win32
[2016.05.26-18.20.31:910][  0]LogInit:  - supports SSL with WinSSL
[2016.05.26-18.20.31:910][  0]LogInit:  - other features:
[2016.05.26-18.20.31:910][  0]LogInit:      CURL_VERSION_SSL
[2016.05.26-18.20.31:910][  0]LogInit:      CURL_VERSION_IPV6
[2016.05.26-18.20.31:910][  0]LogInit:      CURL_VERSION_ASYNCHDNS
[2016.05.26-18.20.31:910][  0]LogInit:      CURL_VERSION_LARGEFILE
[2016.05.26-18.20.31:910][  0]LogInit:      CURL_VERSION_IDN
[2016.05.26-18.20.31:911][  0]LogInit:  CurlRequestOptions (configurable via config and command line):
[2016.05.26-18.20.31:911][  0]LogInit:  - bVerifyPeer = true  - Libcurl will verify peer certificate
[2016.05.26-18.20.31:911][  0]LogInit:  - bUseHttpProxy = false  - Libcurl will NOT use HTTP proxy
[2016.05.26-18.20.31:911][  0]LogInit:  - bDontReuseConnections = false  - Libcurl will reuse connections
[2016.05.26-18.20.31:911][  0]LogInit:  - CertBundlePath = nullptr  - Libcurl will use whatever was configured at build time.
[2016.05.26-18.20.31:926][  0]LogInit: Presizing for 0 objects not considered by GC, pre-allocating 0 bytes.
[2016.05.26-18.20.31:930][  0]LogInit: Object subsystem initialized
[2016.05.26-18.20.31:931][  0]LogInit: Selected Device Profile: [Windows]
[2016.05.26-18.20.31:931][  0]LogInit: Applying CVar settings loaded from the selected device profile: [Windows]
[2016.05.26-18.20.31:943][  0]LogInit: Computer: OWNER-PC
[2016.05.26-18.20.31:943][  0]LogInit: User: Owner
[2016.05.26-18.20.31:943][  0]LogInit: CPU Page size=4096, Cores=4
[2016.05.26-18.20.31:943][  0]LogInit: High frequency timer resolution =3.417977 MHz
[2016.05.26-18.20.31:943][  0]LogMemory: Memory total: Physical=15.9GB (16GB approx)
[2016.05.26-18.20.31:943][  0]LogMemory: Platform Memory Stats for Windows
[2016.05.26-18.20.31:943][  0]LogMemory: Process Physical Memory: 57.25 MB used, 57.25 MB peak
[2016.05.26-18.20.31:943][  0]LogMemory: Process Virtual Memory: 56.89 MB used, 56.89 MB peak
[2016.05.26-18.20.31:943][  0]LogMemory: Physical Memory: 3441.24 MB used, 16312.00 MB total
[2016.05.26-18.20.31:943][  0]LogMemory: Virtual Memory: 383.16 MB used, 134217728.00 MB total
[2016.05.26-18.20.31:987][  0]LogTextLocalizationManager: No specific translations for ('ko-KR') exist, so ('ko') translations will be used.
[2016.05.26-18.20.32:034][  0]LogTextLocalizationManager:Warning: Loaded localization resources contain conflicting entries for (Namespace:UObjectToolTips, Key:AnimNode_AssetPlayerBase:InternalTimeAccumulator):
Localization Resource: (D:/unreal/Epic Games/4.10/Engine/Content/Localization/EditorTutorials/ko/EditorTutorials.locres) Source String Hash: (502993589) Localized String: (이 노드에서 애셋을 레퍼런싱하는 데 사용되는 누적 시간입니다.)
Localization Resource: (D:/unreal/Epic Games/4.10/Engine/Content/Localization/Engine/ko/Engine.locres) Source String Hash: (502993589) Localized String: (이 노드에서 애셋을 레퍼런싱하는 데 사용된 누적 시간입니다.)
[2016.05.26-18.20.32:034][  0]LogTextLocalizationManager:Warning: Loaded localization resources contain conflicting entries for (Namespace:UObjectToolTips, Key:AnimNode_AssetPlayerBase:bIgnoreForRelevancyTest):
Localization Resource: (D:/unreal/Epic Games/4.10/Engine/Content/Localization/EditorTutorials/ko/EditorTutorials.locres) Source String Hash: (319969718) Localized String: (True 면, 스테이트에서 최고 가중치 애니메이션을 찾는 "Relevant anim" 노드는 이 노드를 무시합니다.
 )
Localization Resource: (D:/unreal/Epic Games/4.10/Engine/Content/Localization/Engine/ko/Engine.locres) Source String Hash: (319969718) Localized String: (True 면 스테이트 내 최고 웨이팅된 애니메이션을 찾는 "Relevant anim" 노드가 무시됩니다.
 )
[2016.05.26-18.20.32:034][  0]LogTextLocalizationManager:Warning: Loaded localization resources contain conflicting entries for (Namespace:UObjectToolTips, Key:AnimNode_AssetPlayerBase:BlendWeight):
Localization Resource: (D:/unreal/Epic Games/4.10/Engine/Content/Localization/EditorTutorials/ko/EditorTutorials.locres) Source String Hash: (-1232800293) Localized String: (이 노드에 마지막 걸린 블렌드웨이트 입니다.)
Localization Resource: (D:/unreal/Epic Games/4.10/Engine/Content/Localization/Engine/ko/Engine.locres) Source String Hash: (-1232800293) Localized String: (이 노드에 대해 마지막 접한 블렌드 웨이트)
[2016.05.26-18.20.32:190][  0]LogD3D11RHI: Found D3D11 adapter 0: NVIDIA GeForce GTX 960 (Feature Level 11_0)
[2016.05.26-18.20.32:190][  0]LogD3D11RHI: Adapter has 1969MB of dedicated video memory, 0MB of dedicated system memory, and 8155MB of shared system memory, 2 output[s]
[2016.05.26-18.20.32:192][  0]LogD3D11RHI: Found D3D11 adapter 1: Microsoft Basic Render Driver (Feature Level 11_0)
[2016.05.26-18.20.32:192][  0]LogD3D11RHI: Adapter has 0MB of dedicated video memory, 0MB of dedicated system memory, and 8155MB of shared system memory, 0 output[s]
[2016.05.26-18.20.32:192][  0]LogD3D11RHI: Chosen D3D11 Adapter Id = 0
[2016.05.26-18.20.32:196][  0]LogD3D11RHI: !Direct3DDevice
[2016.05.26-18.20.32:196][  0]LogRHI: Texture pool is 1361 MB (70% of 1945 MB)
[2016.05.26-18.20.32:208][  0]LogD3D11RHI: Async texture creation enabled
[2016.05.26-18.20.32:217][  0]LogShaderCompilers: Guid format shader working directory is 0 characters bigger than the processId version (../../../../../../Programming/unreal/Cube/Cube/Intermediate/Shaders/WorkingDirectory/5724/).
[2016.05.26-18.20.32:218][  0]LogShaderCompilers: Cleaned the shader compiler working directory 'C:/Users/Owner/AppData/Local/Temp/UnrealShaderWorkingDir/D72C35E447990EF24BF81A9C07D1E9C6/'.
[2016.05.26-18.20.32:218][  0]LogShaderCompilers:Display: Using Local Shader Compiler.
[2016.05.26-18.20.32:935][  0]LogTemp:Display: Loaded TP AllDesktopTargetPlatform
[2016.05.26-18.20.32:939][  0]LogTemp:Display: Loaded TP WindowsClientTargetPlatform
[2016.05.26-18.20.32:943][  0]LogTemp:Display: Loaded TP WindowsNoEditorTargetPlatform
[2016.05.26-18.20.32:948][  0]LogTemp:Display: Loaded TP WindowsServerTargetPlatform
[2016.05.26-18.20.32:952][  0]LogTemp:Display: Loaded TP WindowsTargetPlatform
[2016.05.26-18.20.32:955][  0]LogTemp:Display: Loaded TP AndroidTargetPlatform
[2016.05.26-18.20.32:958][  0]LogTemp:Display: Loaded TP Android_ASTCTargetPlatform
[2016.05.26-18.20.32:961][  0]LogTemp:Display: Loaded TP Android_ATCTargetPlatform
[2016.05.26-18.20.32:964][  0]LogTemp:Display: Loaded TP Android_DXTTargetPlatform
[2016.05.26-18.20.32:967][  0]LogTemp:Display: Loaded TP Android_ETC1TargetPlatform
[2016.05.26-18.20.32:970][  0]LogTemp:Display: Loaded TP Android_ETC2TargetPlatform
[2016.05.26-18.20.32:975][  0]LogTemp:Display: Loaded TP Android_MultiTargetPlatform
[2016.05.26-18.20.32:975][  0]LogTemp:Display: Loaded TP Android_PVRTCTargetPlatform
[2016.05.26-18.20.32:976][  0]LogTemp:Display: Loaded TP HTML5TargetPlatform
[2016.05.26-18.20.32:992][  0]LogTemp:Display: Loaded TP IOSTargetPlatform
[2016.05.26-18.20.32:995][  0]LogTemp:Display: Loaded TP LinuxNoEditorTargetPlatform
[2016.05.26-18.20.32:997][  0]LogTemp:Display: Loaded TP LinuxServerTargetPlatform
[2016.05.26-18.20.33:000][  0]LogTemp:Display: Loaded TP LinuxTargetPlatform
[2016.05.26-18.20.33:000][  0]LogTargetPlatformManager:Display: Building Assets For Windows
[2016.05.26-18.20.33:079][  0]LogDerivedDataCache:Display: Max Cache Size: 512 MB
[2016.05.26-18.20.33:116][  0]LogDerivedDataCache: Loaded boot cache 0.04s 41MB C:/Users/Owner/AppData/Local/UnrealEngine/4.10/DerivedDataCache/Boot.ddc.
[2016.05.26-18.20.33:116][  0]LogDerivedDataCache:Display: Loaded Boot cache: C:/Users/Owner/AppData/Local/UnrealEngine/4.10/DerivedDataCache/Boot.ddc
[2016.05.26-18.20.33:116][  0]LogDerivedDataCache: FDerivedDataBackendGraph:  Pak pak cache file ../../../../../../Programming/unreal/Cube/Cube/DerivedDataCache/DDC.ddp not found, will not use a pak cache.
[2016.05.26-18.20.33:116][  0]LogDerivedDataCache: Unable to find inner node Pak for hierarchical cache Hierarchy.
[2016.05.26-18.20.33:116][  0]LogDerivedDataCache: FDerivedDataBackendGraph:  CompressedPak pak cache file ../../../../../../Programming/unreal/Cube/Cube/DerivedDataCache/Compressed.ddp not found, will not use a pak cache.
[2016.05.26-18.20.33:116][  0]LogDerivedDataCache: Unable to find inner node CompressedPak for hierarchical cache Hierarchy.
[2016.05.26-18.20.33:165][  0]LogDerivedDataCache:Display: Pak cache opened for reading ../../../Engine/DerivedDataCache/Compressed.ddp.
[2016.05.26-18.20.33:177][  0]LogDerivedDataCache: Using Local data cache path C:/Users/Owner/AppData/Local/UnrealEngine/Common/DerivedDataCache: Writable
[2016.05.26-18.20.33:335][  0]LogInit: Selected Device Profile: [Windows]
[2016.05.26-18.20.33:337][  0]LogContentStreaming: Texture pool size is 0.000000MB
[2016.05.26-18.20.33:428][  0]LogMeshUtilities: No automatic mesh reduction module available
[2016.05.26-18.20.33:428][  0]LogMeshUtilities: No automatic mesh merging module available
[2016.05.26-18.20.33:609][  0]LogInit: WinSock: version 1.1 (2.2), MaxSocks=32767, MaxUdp=65467
[2016.05.26-18.20.34:360][  0]UdpMessaging: Initializing bridge on interface 0.0.0.0:0 to multicast group 230.0.0.1:6666.
[2016.05.26-18.20.34:467][  0]LogAssetRegistry: FAssetRegistry took 0.0109 seconds to start up
[2016.05.26-18.20.34:610][  0]SourceControl: 정보 소스 콘트롤이 꺼졌습니다.
[2016.05.26-18.20.34:671][  0]SourceControl: 정보 소스 콘트롤이 꺼졌습니다.
[2016.05.26-18.20.34:682][  0]SourceControl: 정보 소스 콘트롤이 꺼졌습니다.
[2016.05.26-18.20.34:692][  0]SourceControl: 정보 소스 콘트롤이 꺼졌습니다.
[2016.05.26-18.20.34:925][  0]LogObj: 28633 objects as part of root set at end of initial load.
[2016.05.26-18.20.34:925][  0]LogUObjectAllocator: 6099752 out of 0 bytes used by permanent object pool.
[2016.05.26-18.20.34:972][  0]LogEngine: Initializing Engine...
[2016.05.26-18.20.34:974][  0]LogHMD: Can't find Oculus library dev build: is proper Runtime installed? Version: 0.8.0.0
[2016.05.26-18.20.34:975][  0]LogHMD: SteamVR failed to initialize.  Err: 110
[2016.05.26-18.20.35:074][  0]LogAIModule: Creating AISystem for world NewWorld
[2016.05.26-18.20.35:090][  0]LogInit: XAudio2 using '스피커(Realtek High Definition Audio)' : 2 channels at 48 kHz using 32 bits per sample (channel mask 0x3)
[2016.05.26-18.20.35:114][  0]LogInit: FAudioDevice initialized.
[2016.05.26-18.20.35:134][  0]LogDerivedDataCache: Saved boot cache 0.02s 41MB C:/Users/Owner/AppData/Local/UnrealEngine/4.10/DerivedDataCache/Boot.ddc.
[2016.05.26-18.20.35:137][  0]LogInit: Texture streaming: Enabled
[2016.05.26-18.20.35:143][  0]LogAnalytics: Creating configured Analytics provider AnalyticsET
[2016.05.26-18.20.35:143][  0]LogAnalytics: [UEEditor.Rocket.Release] APIServer = http://et2.epicgames.com/ET2/. AppVersion = 4.10.4-2872498+++depot+UE4-Releases+4.10
[2016.05.26-18.20.35:143][  0]LogAnalytics: [UEEditor.Rocket.Release] SetUserId 21d340464f5a0e663c335289d3284d81|f297ec04e09247fdb6017b25a3c484a7|c92d2da9-0d10-4f3f-b7e0-0cf9e2054bd7
[2016.05.26-18.20.35:143][  0]LogAnalytics: [UEEditor.Rocket.Release] AnalyticsET::StartSession
[2016.05.26-18.20.35:153][  0]LogInit: Transaction tracking system initialized
[2016.05.26-18.20.35:177][  0]BlueprintLog: New page: 에디터 로드
[2016.05.26-18.20.35:257][  0]LocalizationService: 정보 현지화 서비스가 비활성화되었습니다.
[2016.05.26-18.20.35:329][  0]LogConsoleResponse:Display: 
[2016.05.26-18.20.35:418][  0]LogCook:Display: Done creating registry. It took  0.00s.
[2016.05.26-18.20.35:472][  0]LogFileCache: Scanning file cache for directory 'D:/Programming/unreal/Cube/Cube/Content/' took 0.01s
[2016.05.26-18.20.35:472][  0]SourceControl: 정보 소스 콘트롤이 꺼졌습니다.
[2016.05.26-18.20.35:472][  0]Cmd: MAP LOAD FILE="../../../../../../Programming/unreal/Cube/Cube/Content/cube.umap" TEMPLATE=0 SHOWPROGRESS=1 FEATURELEVEL=3
[2016.05.26-18.20.35:472][  0]LightingResults: New page: 라이팅 빌드
[2016.05.26-18.20.35:475][  0]MapCheck: New page: 맵 체크
[2016.05.26-18.20.35:475][  0]LightingResults: New page: 라이팅 빌드
[2016.05.26-18.20.35:484][  0]LogParticles: Destroying 0 GPU particle simulations for FXSystem 0x000002B6C2262AC0
[2016.05.26-18.20.36:364][  0]LogAIModule: Creating AISystem for world cube
[2016.05.26-18.20.36:373][  0]LogEditorServer: Finished looking for orphan Actors (0.000 secs)
[2016.05.26-18.20.36:373][  0]Cmd: MAP CHECKDEP NOCLEARLOG
[2016.05.26-18.20.36:429][  0]MapCheck: 정보 맵 체크 완료: 오류 0 회, 경고 0 회, 소요 시간 55.488ms.
[2016.05.26-18.20.36:429][  0]LogFileHelpers: Loading map 'cube' took 0.958
[2016.05.26-18.20.36:537][  0]LogCollectionManager: Loaded 0 collections in 0.002122 seconds
[2016.05.26-18.20.36:579][  0]LogFileCache: Scanning file cache for directory 'D:/Programming/unreal/Cube/Cube/Saved/Collections/' took 0.01s
[2016.05.26-18.20.36:579][  0]LogFileCache: Scanning file cache for directory 'D:/Programming/unreal/Cube/Cube/Content/Developers/Owner/Collections/' took 0.01s
[2016.05.26-18.20.36:579][  0]LogFileCache: Scanning file cache for directory 'D:/Programming/unreal/Cube/Cube/Content/Collections/' took 0.01s
[2016.05.26-18.20.36:579][  0]LogCollectionManager: Rebuilt the GUID cache for 0 collections in 0.000001 seconds
[2016.05.26-18.20.36:584][  0]LogContentBrowser: Native class hierarchy populated in 0.0058 seconds. Added 1893 classes and 338 folders.
[2016.05.26-18.20.36:590][  0]LogContentBrowser: Native class hierarchy updated for 'WidgetCarousel' in 0.0004 seconds. Added 0 classes and 0 folders.
[2016.05.26-18.20.36:635][  0]LogContentBrowser: Native class hierarchy updated for 'AddContentDialog' in 0.0003 seconds. Added 0 classes and 0 folders.
[2016.05.26-18.20.36:639][  0]LogContentBrowser: Native class hierarchy updated for 'SceneOutliner' in 0.0003 seconds. Added 1 classes and 2 folders.
[2016.05.26-18.20.36:678][  0]LogCrashTracker: Crashtracker disabled due to settings.
[2016.05.26-18.20.36:682][  0]LogUObjectGlobals:Warning: 'Class 없음.' 오브젝트를 찾는 데 실패했습니다.
[2016.05.26-18.20.36:704][  0]LogLoad: Full Startup: 5.21 seconds (BP compile: 0.12 seconds)
[2016.05.26-18.20.36:721][  0]LogWindowsTextInputMethodSystem:Display: IME system now activated using TSF (Microsoft 입력기).
[2016.05.26-18.20.36:725][  0]LogOcInput: Can't find Oculus library dev build: is proper Runtime installed? Version: 0.8.0.0
[2016.05.26-18.20.36:782][  0]LogContentStreaming: Texture pool size now 1000 MB
[2016.05.26-18.20.36:814][  0]LogRenderer: Reallocating scene render targets to support 256x256 (Frame:1).
[2016.05.26-18.20.36:900][  0]LogRenderer: Reallocating scene render targets to support 1116x568 (Frame:2).
[2016.05.26-18.20.37:465][  5]LogAssetRegistry: Asset discovery search completed in 3.0